<?xml version="1.0" encoding="UTF-8"?>
<testsuite name="demo.coin.CollectTest" tests="1" skipped="0" failures="0" errors="0" timestamp="2022-01-29T14:14:04" hostname="yunseyeong-ui-iMac.local" time="4.481">
  <properties/>
  <testcase name="saveCoins()" classname="demo.coin.CollectTest" time="4.481"/>
  <system-out><![CDATA[23:13:57.620 [Test worker] DEBUG org.springframework.test.context.BootstrapUtils - Instantiating CacheAwareContextLoaderDelegate from class [org.springframework.test.context.cache.DefaultCacheAwareContextLoaderDelegate]
23:13:57.628 [Test worker] DEBUG org.springframework.test.context.BootstrapUtils - Instantiating BootstrapContext using constructor [public org.springframework.test.context.support.DefaultBootstrapContext(java.lang.Class,org.springframework.test.context.CacheAwareContextLoaderDelegate)]
23:13:57.721 [Test worker] DEBUG org.springframework.test.context.BootstrapUtils - Instantiating TestContextBootstrapper for test class [demo.coin.CollectTest] from class [org.springframework.boot.test.context.SpringBootTestContextBootstrapper]
23:13:57.737 [Test worker] INFO org.springframework.boot.test.context.SpringBootTestContextBootstrapper - Neither @ContextConfiguration nor @ContextHierarchy found for test class [demo.coin.CollectTest], using SpringBootContextLoader
23:13:57.742 [Test worker] DEBUG org.springframework.test.context.support.AbstractContextLoader - Did not detect default resource location for test class [demo.coin.CollectTest]: class path resource [demo/coin/CollectTest-context.xml] does not exist
23:13:57.742 [Test worker] DEBUG org.springframework.test.context.support.AbstractContextLoader - Did not detect default resource location for test class [demo.coin.CollectTest]: class path resource [demo/coin/CollectTestContext.groovy] does not exist
23:13:57.743 [Test worker] INFO org.springframework.test.context.support.AbstractContextLoader - Could not detect default resource locations for test class [demo.coin.CollectTest]: no resource found for suffixes {-context.xml, Context.groovy}.
23:13:57.743 [Test worker] INFO org.springframework.test.context.support.AnnotationConfigContextLoaderUtils - Could not detect default configuration classes for test class [demo.coin.CollectTest]: CollectTest does not declare any static, non-private, non-final, nested classes annotated with @Configuration.
23:13:57.811 [Test worker] DEBUG org.springframework.test.context.support.ActiveProfilesUtils - Could not find an 'annotation declaring class' for annotation type [org.springframework.test.context.ActiveProfiles] and class [demo.coin.CollectTest]
23:13:57.887 [Test worker] DEBUG org.springframework.context.annotation.ClassPathScanningCandidateComponentProvider - Identified candidate component class: file [/Users/yunseyeong/Documents/workspace/intellij/Auto-Trading/Ticker-Collector/build/classes/java/main/demo/coin/CollectorAppication.class]
23:13:57.888 [Test worker] INFO org.springframework.boot.test.context.SpringBootTestContextBootstrapper - Found @SpringBootConfiguration demo.coin.CollectorAppication for test class demo.coin.CollectTest
23:13:57.982 [Test worker] DEBUG org.springframework.boot.test.context.SpringBootTestContextBootstrapper - @TestExecutionListeners is not present for class [demo.coin.CollectTest]: using defaults.
23:13:57.982 [Test worker] INFO org.springframework.boot.test.context.SpringBootTestContextBootstrapper - Loaded default TestExecutionListener class names from location [META-INF/spring.factories]: [org.springframework.boot.test.autoconfigure.restdocs.RestDocsTestExecutionListener, org.springframework.boot.test.autoconfigure.web.client.MockRestServiceServerResetTestExecutionListener, org.springframework.boot.test.autoconfigure.web.servlet.MockMvcPrintOnlyOnFailureTestExecutionListener, org.springframework.boot.test.autoconfigure.web.servlet.WebDriverTestExecutionListener, org.springframework.boot.test.autoconfigure.webservices.client.MockWebServiceServerTestExecutionListener, org.springframework.boot.test.mock.mockito.MockitoTestExecutionListener, org.springframework.boot.test.mock.mockito.ResetMocksTestExecutionListener, org.springframework.test.context.web.ServletTestExecutionListener, org.springframework.test.context.support.DirtiesContextBeforeModesTestExecutionListener, org.springframework.test.context.event.ApplicationEventsTestExecutionListener, org.springframework.test.context.support.DependencyInjectionTestExecutionListener, org.springframework.test.context.support.DirtiesContextTestExecutionListener, org.springframework.test.context.transaction.TransactionalTestExecutionListener, org.springframework.test.context.jdbc.SqlScriptsTestExecutionListener, org.springframework.test.context.event.EventPublishingTestExecutionListener]
23:13:58.031 [Test worker] DEBUG org.springframework.boot.test.context.SpringBootTestContextBootstrapper - Skipping candidate TestExecutionListener [org.springframework.test.context.web.ServletTestExecutionListener] due to a missing dependency. Specify custom listener classes or make the default listener classes and their required dependencies available. Offending class: [javax/servlet/ServletContext]
23:13:58.040 [Test worker] INFO org.springframework.boot.test.context.SpringBootTestContextBootstrapper - Using TestExecutionListeners: [org.springframework.test.context.support.DirtiesContextBeforeModesTestExecutionListener@3cf5d909, org.springframework.test.context.event.ApplicationEventsTestExecutionListener@1fb37e81, org.springframework.boot.test.mock.mockito.MockitoTestExecutionListener@f47b616, org.springframework.boot.test.autoconfigure.SpringBootDependencyInjectionTestExecutionListener@49f7fed1, org.springframework.test.context.support.DirtiesContextTestExecutionListener@5bd84b77, org.springframework.test.context.transaction.TransactionalTestExecutionListener@5f1b61fb, org.springframework.test.context.jdbc.SqlScriptsTestExecutionListener@6dde9b08, org.springframework.test.context.event.EventPublishingTestExecutionListener@1ba9e114, org.springframework.boot.test.autoconfigure.restdocs.RestDocsTestExecutionListener@23392e5, org.springframework.boot.test.autoconfigure.web.client.MockRestServiceServerResetTestExecutionListener@6a33fe1, org.springframework.boot.test.autoconfigure.web.servlet.MockMvcPrintOnlyOnFailureTestExecutionListener@1f3cf2e6, org.springframework.boot.test.autoconfigure.web.servlet.WebDriverTestExecutionListener@4bc91154, org.springframework.boot.test.autoconfigure.webservices.client.MockWebServiceServerTestExecutionListener@55f30672, org.springframework.boot.test.mock.mockito.ResetMocksTestExecutionListener@4a30771a]
23:13:58.045 [Test worker] DEBUG org.springframework.test.context.support.AbstractDirtiesContextTestExecutionListener - Before test class: context [DefaultTestContext@2fa33a92 testClass = CollectTest, testInstance = [null], testMethod = [null], testException = [null], mergedContextConfiguration = [ReactiveWebMergedContextConfiguration@79e23b65 testClass = CollectTest, locations = '{}', classes = '{class demo.coin.CollectorAppication}', contextInitializerClasses = '[]', activeProfiles = '{}', propertySourceLocations = '{}', propertySourceProperties = '{org.springframework.boot.test.context.SpringBootTestContextBootstrapper=true}', contextCustomizers = set[org.springframework.boot.test.autoconfigure.actuate.metrics.MetricsExportContextCustomizerFactory$DisableMetricExportContextCustomizer@226d9545, org.springframework.boot.test.autoconfigure.properties.PropertyMappingContextCustomizer@0, org.springframework.boot.test.autoconfigure.web.servlet.WebDriverContextCustomizerFactory$Customizer@40fd4f9f, org.springframework.boot.test.context.filter.ExcludeFilterContextCustomizer@31a047c3, org.springframework.boot.test.json.DuplicateJsonObjectContextCustomizerFactory$DuplicateJsonObjectContextCustomizer@5f1b74e1, org.springframework.boot.test.mock.mockito.MockitoContextCustomizer@0, org.springframework.boot.test.web.client.TestRestTemplateContextCustomizer@2049e713, org.springframework.boot.test.web.reactive.server.WebTestClientContextCustomizer@2664d235, org.springframework.boot.test.context.SpringBootTestArgs@1, org.springframework.boot.test.context.SpringBootTestWebEnvironment@2abda453], contextLoader = 'org.springframework.boot.test.context.SpringBootContextLoader', parent = [null]], attributes = map[[empty]]], class annotated with @DirtiesContext [false] with mode [null].
23:13:58.088 [Test worker] DEBUG org.springframework.test.context.support.DependencyInjectionTestExecutionListener - Performing dependency injection for test context [[DefaultTestContext@2fa33a92 testClass = CollectTest, testInstance = demo.coin.CollectTest@5debb561, testMethod = [null], testException = [null], mergedContextConfiguration = [ReactiveWebMergedContextConfiguration@79e23b65 testClass = CollectTest, locations = '{}', classes = '{class demo.coin.CollectorAppication}', contextInitializerClasses = '[]', activeProfiles = '{}', propertySourceLocations = '{}', propertySourceProperties = '{org.springframework.boot.test.context.SpringBootTestContextBootstrapper=true}', contextCustomizers = set[org.springframework.boot.test.autoconfigure.actuate.metrics.MetricsExportContextCustomizerFactory$DisableMetricExportContextCustomizer@226d9545, org.springframework.boot.test.autoconfigure.properties.PropertyMappingContextCustomizer@0, org.springframework.boot.test.autoconfigure.web.servlet.WebDriverContextCustomizerFactory$Customizer@40fd4f9f, org.springframework.boot.test.context.filter.ExcludeFilterContextCustomizer@31a047c3, org.springframework.boot.test.json.DuplicateJsonObjectContextCustomizerFactory$DuplicateJsonObjectContextCustomizer@5f1b74e1, org.springframework.boot.test.mock.mockito.MockitoContextCustomizer@0, org.springframework.boot.test.web.client.TestRestTemplateContextCustomizer@2049e713, org.springframework.boot.test.web.reactive.server.WebTestClientContextCustomizer@2664d235, org.springframework.boot.test.context.SpringBootTestArgs@1, org.springframework.boot.test.context.SpringBootTestWebEnvironment@2abda453], contextLoader = 'org.springframework.boot.test.context.SpringBootContextLoader', parent = [null]], attributes = map['org.springframework.test.context.event.ApplicationEventsTestExecutionListener.recordApplicationEvents' -> false]]].
23:13:58.122 [Test worker] DEBUG org.springframework.test.context.support.TestPropertySourceUtils - Adding inlined properties to environment: {spring.jmx.enabled=false, org.springframework.boot.test.context.SpringBootTestContextBootstrapper=true}

  .   ____          _            __ _ _
 /\\ / ___'_ __ _ _(_)_ __  __ _ \ \ \ \
( ( )\___ | '_ | '_| | '_ \/ _` | \ \ \ \
 \\/  ___)| |_)| | | | | || (_| |  ) ) ) )
  '  |____| .__|_| |_|_| |_\__, | / / / /
 =========|_|==============|___/=/_/_/_/
 :: Spring Boot ::                (v2.5.2)

2022-01-29 23:13:58.593  INFO 16115 --- [    Test worker] demo.coin.CollectTest                    : Starting CollectTest using Java 11.0.12 on yunseyeong-ui-iMac.local with PID 16115 (started by yunseyeong in /Users/yunseyeong/Documents/workspace/intellij/Auto-Trading/Ticker-Collector)
2022-01-29 23:13:58.600  INFO 16115 --- [    Test worker] demo.coin.CollectTest                    : No active profile set, falling back to default profiles: default
2022-01-29 23:13:59.572  INFO 16115 --- [    Test worker] .s.d.r.c.RepositoryConfigurationDelegate : Bootstrapping Spring Data JPA repositories in DEFAULT mode.
2022-01-29 23:13:59.827  INFO 16115 --- [    Test worker] .s.d.r.c.RepositoryConfigurationDelegate : Finished Spring Data repository scanning in 247 ms. Found 1 JPA repository interfaces.
2022-01-29 23:14:00.756  INFO 16115 --- [    Test worker] o.hibernate.jpa.internal.util.LogHelper  : HHH000204: Processing PersistenceUnitInfo [name: default]
2022-01-29 23:14:00.812  INFO 16115 --- [    Test worker] org.hibernate.Version                    : HHH000412: Hibernate ORM core version 5.4.32.Final
2022-01-29 23:14:00.981  INFO 16115 --- [    Test worker] o.hibernate.annotations.common.Version   : HCANN000001: Hibernate Commons Annotations {5.1.2.Final}
2022-01-29 23:14:01.089  INFO 16115 --- [    Test worker] com.zaxxer.hikari.HikariDataSource       : HikariPool-1 - Starting...
2022-01-29 23:14:01.613  INFO 16115 --- [    Test worker] com.zaxxer.hikari.HikariDataSource       : HikariPool-1 - Start completed.
2022-01-29 23:14:01.631  INFO 16115 --- [    Test worker] org.hibernate.dialect.Dialect            : HHH000400: Using dialect: org.hibernate.dialect.MySQL5InnoDBDialect
2022-01-29 23:14:02.128  WARN 16115 --- [    Test worker] org.hibernate.mapping.RootClass          : HHH000038: Composite-id class does not override equals(): demo.coin.dao.CoinHistoryKey
2022-01-29 23:14:02.130  WARN 16115 --- [    Test worker] org.hibernate.mapping.RootClass          : HHH000039: Composite-id class does not override hashCode(): demo.coin.dao.CoinHistoryKey
Hibernate: 
    
    create table coin_history (
       created_time date not null,
        name varchar(255) not null,
        acc_trade_value double precision not null,
        acc_trade_value24h double precision not null,
        fluctate24h double precision not null,
        fluctate_rate24h double precision not null,
        max_price double precision not null,
        min_price double precision not null,
        opening_price double precision not null,
        prev_closing_price double precision not null,
        units_traded double precision not null,
        units_traded24h double precision not null,
        primary key (created_time, name)
    ) engine=InnoDB
2022-01-29 23:14:02.649  INFO 16115 --- [    Test worker] o.h.e.t.j.p.i.JtaPlatformInitiator       : HHH000490: Using JtaPlatform implementation: [org.hibernate.engine.transaction.jta.platform.internal.NoJtaPlatform]
2022-01-29 23:14:02.660  INFO 16115 --- [    Test worker] j.LocalContainerEntityManagerFactoryBean : Initialized JPA EntityManagerFactory for persistence unit 'default'
2022-01-29 23:14:04.293  INFO 16115 --- [    Test worker] demo.coin.CollectTest                    : Started CollectTest in 6.16 seconds (JVM running for 7.964)
coins = {"status":"0000","data":{"BTC":{"opening_price":"45689000","closing_price":"47073000","min_price":"45513000","max_price":"47213000","units_traded":"1581.78228892","acc_trade_value":"73492324297.1736","prev_closing_price":"45687000","units_traded_24H":"1660.55808185","acc_trade_value_24H":"77091849781.6465","fluctate_24H":"1323000","fluctate_rate_24H":"2.89"},"ETH":{"opening_price":"2976000","closing_price":"3211000","min_price":"2971000","max_price":"3220000","units_traded":"23684.20546809","acc_trade_value":"73756083724.3196","prev_closing_price":"2976000","units_traded_24H":"25087.24136476","acc_trade_value_24H":"77937988359.4196","fluctate_24H":"205000","fluctate_rate_24H":"6.82"},"LTC":{"opening_price":"132400","closing_price":"137300","min_price":"131800","max_price":"137900","units_traded":"5841.76145903","acc_trade_value":"788390192.5528","prev_closing_price":"132600","units_traded_24H":"5962.23505903","acc_trade_value_24H":"804411700.5928","fluctate_24H":"3200","fluctate_rate_24H":"2.39"},"ETC":{"opening_price":"30080","closing_price":"31530","min_price":"30000","max_price":"31700","units_traded":"72691.0870818","acc_trade_value":"2253749863.9635","prev_closing_price":"30060","units_traded_24H":"75506.8573818","acc_trade_value_24H":"2338482412.6325","fluctate_24H":"1310","fluctate_rate_24H":"4.33"},"XRP":{"opening_price":"742.4","closing_price":"766.4","min_price":"740.9","max_price":"770.3","units_traded":"46337006.99533442","acc_trade_value":"35071585909.891","prev_closing_price":"742.4","units_traded_24H":"49024710.76243862","acc_trade_value_24H":"37064347591.4922","fluctate_24H":"24.9","fluctate_rate_24H":"3.36"},"BCH":{"opening_price":"354300","closing_price":"368800","min_price":"353900","max_price":"369800","units_traded":"3338.57049267","acc_trade_value":"1214792131.8786","prev_closing_price":"354400","units_traded_24H":"3467.11729267","acc_trade_value_24H":"1260459800.9186","fluctate_24H":"14100","fluctate_rate_24H":"3.98"},"QTUM":{"opening_price":"7065","closing_price":"7465","min_price":"7000","max_price":"7510","units_traded":"150795.12921005","acc_trade_value":"1094172268.2564","prev_closing_price":"7020","units_traded_24H":"153142.88781005","acc_trade_value_24H":"1110742354.1524","fluctate_24H":"395","fluctate_rate_24H":"5.59"},"BTG":{"opening_price":"36160","closing_price":"37640","min_price":"36060","max_price":"38280","units_traded":"22254.94686963","acc_trade_value":"828421451.7122","prev_closing_price":"36160","units_traded_24H":"23210.05166963","acc_trade_value_24H":"863104542.7912","fluctate_24H":"1140","fluctate_rate_24H":"3.12"},"EOS":{"opening_price":"2755","closing_price":"2898","min_price":"2750","max_price":"2907","units_traded":"1122042.80469572","acc_trade_value":"3191985440.0392","prev_closing_price":"2755","units_traded_24H":"1209125.05699572","acc_trade_value_24H":"3432041386.1171","fluctate_24H":"138","fluctate_rate_24H":"5.00"},"ICX":{"opening_price":"851","closing_price":"923.5","min_price":"848.4","max_price":"990","units_traded":"2084758.6649412","acc_trade_value":"1940723706.4159","prev_closing_price":"851.2","units_traded_24H":"2088642.36637312","acc_trade_value_24H":"1944019722.5582","fluctate_24H":"72.2","fluctate_rate_24H":"8.48"},"TRX":{"opening_price":"70.03","closing_price":"73.86","min_price":"69.89","max_price":"73.96","units_traded":"52723103.80469704","acc_trade_value":"3770497043.4371","prev_closing_price":"70.05","units_traded_24H":"54423563.79078806","acc_trade_value_24H":"3889625152.1875","fluctate_24H":"3.73","fluctate_rate_24H":"5.32"},"ELF":{"opening_price":"400.8","closing_price":"409","min_price":"398.3","max_price":"413.9","units_traded":"1353050.8211404","acc_trade_value":"550676736.0541","prev_closing_price":"400.7","units_traded_24H":"1437609.4427404","acc_trade_value_24H":"584704739.732","fluctate_24H":"7.6","fluctate_rate_24H":"1.89"},"OMG":{"opening_price":"5580","closing_price":"5925","min_price":"5460","max_price":"5955","units_traded":"141107.06193508","acc_trade_value":"817052874.4924","prev_closing_price":"5580","units_traded_24H":"171471.93618108","acc_trade_value_24H":"986181638.4054","fluctate_24H":"360","fluctate_rate_24H":"6.47"},"KNC":{"opening_price":"2110","closing_price":"2129","min_price":"2100","max_price":"2252","units_traded":"646629.54356249","acc_trade_value":"1407470369.902","prev_closing_price":"2109","units_traded_24H":"655542.93856249","acc_trade_value_24H":"1426427548.9036","fluctate_24H":"-12","fluctate_rate_24H":"-0.56"},"GLM":{"opening_price":"413.7","closing_price":"421.9","min_price":"412.7","max_price":"423.9","units_traded":"365363.59002754","acc_trade_value":"152816129.4125","prev_closing_price":"413.7","units_traded_24H":"415245.09228908","acc_trade_value_24H":"173556473.6016","fluctate_24H":"8.1","fluctate_rate_24H":"1.96"},"ZIL":{"opening_price":"54.67","closing_price":"57.22","min_price":"54.26","max_price":"57.24","units_traded":"5265626.02214138","acc_trade_value":"295209608.1","prev_closing_price":"54.67","units_traded_24H":"5339819.24434138","acc_trade_value_24H":"299249532.5953","fluctate_24H":"3","fluctate_rate_24H":"5.53"},"WAXP":{"opening_price":"374.5","closing_price":"398.5","min_price":"373","max_price":"399.6","units_traded":"2332329.15925813","acc_trade_value":"907832209.1663","prev_closing_price":"375.6","units_traded_24H":"2382113.61035777","acc_trade_value_24H":"926418619.3622","fluctate_24H":"24.1","fluctate_rate_24H":"6.44"},"POWR":{"opening_price":"671.2","closing_price":"701.9","min_price":"667.4","max_price":"707.8","units_traded":"3557666.78524518","acc_trade_value":"2445543584.9484","prev_closing_price":"671.2","units_traded_24H":"3693621.81651258","acc_trade_value_24H":"2536803359.8217","fluctate_24H":"26.9","fluctate_rate_24H":"3.99"},"LRC":{"opening_price":"1175","closing_price":"1232","min_price":"1171","max_price":"1250","units_traded":"413951.19482452","acc_trade_value":"505607673.8257","prev_closing_price":"1175","units_traded_24H":"425596.62845279","acc_trade_value_24H":"519250057.0286","fluctate_24H":"54","fluctate_rate_24H":"4.58"},"STEEM":{"opening_price":"369.5","closing_price":"399.2","min_price":"369.5","max_price":"428","units_traded":"2228728.81562873","acc_trade_value":"886276224.2804","prev_closing_price":"371.6","units_traded_24H":"2249226.97140052","acc_trade_value_24H":"893877832.4752","fluctate_24H":"26.2","fluctate_rate_24H":"7.02"},"STRAX":{"opening_price":"1185","closing_price":"1236","min_price":"1177","max_price":"1253","units_traded":"102876.26950148","acc_trade_value":"124547459.0421","prev_closing_price":"1185","units_traded_24H":"115305.60190148","acc_trade_value_24H":"139203160.5116","fluctate_24H":"45","fluctate_rate_24H":"3.78"},"ZRX":{"opening_price":"651.5","closing_price":"699.1","min_price":"650.8","max_price":"727","units_traded":"195165.80790039","acc_trade_value":"133146211.7037","prev_closing_price":"644.3","units_traded_24H":"197163.37350039","acc_trade_value_24H":"134441581.2045","fluctate_24H":"48.5","fluctate_rate_24H":"7.45"},"REP":{"opening_price":"15600","closing_price":"16100","min_price":"15510","max_price":"16210","units_traded":"13413.06130496","acc_trade_value":"213140252.6189","prev_closing_price":"15590","units_traded_24H":"13542.79100496","acc_trade_value_24H":"215162842.4129","fluctate_24H":"420","fluctate_rate_24H":"2.68"},"XEM":{"opening_price":"120.1","closing_price":"128.9","min_price":"119.4","max_price":"130.3","units_traded":"3811419.42052679","acc_trade_value":"477167607.2417","prev_closing_price":"120","units_traded_24H":"3922644.85162679","acc_trade_value_24H":"490556769.2217","fluctate_24H":"8.4","fluctate_rate_24H":"6.97"},"SNT":{"opening_price":"59.87","closing_price":"62.08","min_price":"58.72","max_price":"63.41","units_traded":"3286897.71939472","acc_trade_value":"199540053.5233","prev_closing_price":"60.2","units_traded_24H":"3740410.33016084","acc_trade_value_24H":"226941114.3545","fluctate_24H":"3.13","fluctate_rate_24H":"5.31"},"ADA":{"opening_price":"1273","closing_price":"1332","min_price":"1268","max_price":"1338","units_traded":"6721651.91956747","acc_trade_value":"8715277926.736","prev_closing_price":"1271","units_traded_24H":"7004145.46068609","acc_trade_value_24H":"9074634296.1037","fluctate_24H":"53","fluctate_rate_24H":"4.14"},"CTXC":{"opening_price":"358.2","closing_price":"371.5","min_price":"356.7","max_price":"377.1","units_traded":"2088862.81198263","acc_trade_value":"767848269.0396","prev_closing_price":"361.2","units_traded_24H":"2199294.75964513","acc_trade_value_24H":"807605716.8307","fluctate_24H":"11.5","fluctate_rate_24H":"3.19"},"BAT":{"opening_price":"1039","closing_price":"1074","min_price":"1039","max_price":"1109","units_traded":"1363408.28357949","acc_trade_value":"1472286988.7937","prev_closing_price":"1041","units_traded_24H":"1386091.32797949","acc_trade_value_24H":"1495954063.0393","fluctate_24H":"20","fluctate_rate_24H":"1.9"},"WTC":{"opening_price":"608.8","closing_price":"640","min_price":"600.2","max_price":"641.9","units_traded":"126674.48056052","acc_trade_value":"79170396.4833","prev_closing_price":"608.8","units_traded_24H":"135903.11628732","acc_trade_value_24H":"84749908.4834","fluctate_24H":"34.3","fluctate_rate_24H":"5.66"},"THETA":{"opening_price":"3545","closing_price":"3707","min_price":"3513","max_price":"3729","units_traded":"79630.00908627","acc_trade_value":"291272342.9018","prev_closing_price":"3563","units_traded_24H":"82335.4648262","acc_trade_value_24H":"300869880.6028","fluctate_24H":"144","fluctate_rate_24H":"4.04"},"LOOM":{"opening_price":"76.65","closing_price":"77.88","min_price":"73.67","max_price":"79","units_traded":"3308084.88972535","acc_trade_value":"253434679.9016","prev_closing_price":"76.67","units_traded_24H":"3656211.57852535","acc_trade_value_24H":"279814387.4117","fluctate_24H":"3.09","fluctate_rate_24H":"4.13"},"WAVES":{"opening_price":"11830","closing_price":"12360","min_price":"11830","max_price":"12800","units_traded":"146853.87371183","acc_trade_value":"1805122742.0457","prev_closing_price":"11810","units_traded_24H":"148614.88106226","acc_trade_value_24H":"1825964390.3076","fluctate_24H":"470","fluctate_rate_24H":"3.95"},"TRUE":{"opening_price":"348.6","closing_price":"311.5","min_price":"274.5","max_price":"348.6","units_traded":"37328358.78081487","acc_trade_value":"11294615762.0359","prev_closing_price":"348.7","units_traded_24H":"39071387.63320411","acc_trade_value_24H":"11893677205.1774","fluctate_24H":"-30.4","fluctate_rate_24H":"-8.89"},"LINK":{"opening_price":"18750","closing_price":"20450","min_price":"18740","max_price":"20550","units_traded":"208419.42160141","acc_trade_value":"4128073877.573","prev_closing_price":"18810","units_traded_24H":"213549.05789378","acc_trade_value_24H":"4224118660.793","fluctate_24H":"1600","fluctate_rate_24H":"8.49"},"ENJ":{"opening_price":"1983","closing_price":"2141","min_price":"1970","max_price":"2151","units_traded":"471872.14018264","acc_trade_value":"978942743.4225","prev_closing_price":"1993","units_traded_24H":"500115.18075262","acc_trade_value_24H":"1035485902.6729","fluctate_24H":"132","fluctate_rate_24H":"6.57"},"VET":{"opening_price":"64.28","closing_price":"68.19","min_price":"64.2","max_price":"68.54","units_traded":"19985825.95928023","acc_trade_value":"1334154782.887","prev_closing_price":"64.3","units_traded_24H":"20782787.06275611","acc_trade_value_24H":"1385552543.7195","fluctate_24H":"3.48","fluctate_rate_24H":"5.38"},"MTL":{"opening_price":"1756","closing_price":"1852","min_price":"1750","max_price":"1855","units_traded":"59504.32601923","acc_trade_value":"107033451.0246","prev_closing_price":"1745","units_traded_24H":"59551.10961923","acc_trade_value_24H":"107115088.4066","fluctate_24H":"107","fluctate_rate_24H":"6.13"},"IOST":{"opening_price":"28.89","closing_price":"31.62","min_price":"28.59","max_price":"31.74","units_traded":"5529167.68601102","acc_trade_value":"166865273.0194","prev_closing_price":"28.77","units_traded_24H":"5613314.40545561","acc_trade_value_24H":"169288034.2375","fluctate_24H":"2.74","fluctate_rate_24H":"9.49"},"TMTG":{"opening_price":"3.503","closing_price":"3.6","min_price":"3.431","max_price":"3.8","units_traded":"185264788.83721179","acc_trade_value":"665327653.5344","prev_closing_price":"3.53","units_traded_24H":"186768712.41791179","acc_trade_value_24H":"670615518.164","fluctate_24H":"0.114","fluctate_rate_24H":"3.27"},"QKC":{"opening_price":"18.17","closing_price":"18.77","min_price":"17.85","max_price":"18.88","units_traded":"12864066.58663987","acc_trade_value":"237927559.6191","prev_closing_price":"18.17","units_traded_24H":"13248199.25693987","acc_trade_value_24H":"244891695.1133","fluctate_24H":"0.84","fluctate_rate_24H":"4.68"},"ATOLO":{"opening_price":"48.09","closing_price":"49.24","min_price":"47.64","max_price":"49.28","units_traded":"2889888.36947333","acc_trade_value":"140951742.517","prev_closing_price":"48.27","units_traded_24H":"3119555.58337333","acc_trade_value_24H":"152036418.2896","fluctate_24H":"0.44","fluctate_rate_24H":"0.90"},"AMO":{"opening_price":"2.341","closing_price":"2.388","min_price":"2.234","max_price":"2.391","units_traded":"299268658.62797747","acc_trade_value":"690323654.4894","prev_closing_price":"2.35","units_traded_24H":"301741288.15707747","acc_trade_value_24H":"696125498.9756","fluctate_24H":"0.063","fluctate_rate_24H":"2.71"},"BSV":{"opening_price":"109400","closing_price":"114000","min_price":"108800","max_price":"114000","units_traded":"2138.52249915","acc_trade_value":"238483218.6085","prev_closing_price":"109400","units_traded_24H":"2151.35919915","acc_trade_value_24H":"239885610.3085","fluctate_24H":"3900","fluctate_rate_24H":"3.54"},"ORBS":{"opening_price":"77.96","closing_price":"80.34","min_price":"76.99","max_price":"81.46","units_traded":"3033603.41340166","acc_trade_value":"240243491.0432","prev_closing_price":"78","units_traded_24H":"4281715.77150699","acc_trade_value_24H":"337399891.2297","fluctate_24H":"3.94","fluctate_rate_24H":"5.16"},"TFUEL":{"opening_price":"210.7","closing_price":"217.7","min_price":"210.2","max_price":"224.1","units_traded":"2809731.04348","acc_trade_value":"609489333.7514","prev_closing_price":"211.5","units_traded_24H":"2998429.72458669","acc_trade_value_24H":"649664614.7269","fluctate_24H":"5.1","fluctate_rate_24H":"2.4"},"VALOR":{"opening_price":"816.6","closing_price":"1010","min_price":"809.9","max_price":"1110","units_traded":"14533432.65345607","acc_trade_value":"14621231370.6398","prev_closing_price":"823.8","units_traded_24H":"14574857.18037101","acc_trade_value_24H":"14655367786.4751","fluctate_24H":"189.4","fluctate_rate_24H":"23.08"},"CON":{"opening_price":"15.32","closing_price":"15.86","min_price":"15.15","max_price":"16.09","units_traded":"40096187.8933959","acc_trade_value":"629297073.5248","prev_closing_price":"15.43","units_traded_24H":"42170198.8390959","acc_trade_value_24H":"661134687.2475","fluctate_24H":"0.47","fluctate_rate_24H":"3.05"},"ANKR":{"opening_price":"87.05","closing_price":"89.74","min_price":"86.52","max_price":"91.28","units_traded":"3361178.17496625","acc_trade_value":"299033171.0272","prev_closing_price":"87.4","units_traded_24H":"3577714.32116625","acc_trade_value_24H":"317859426.772","fluctate_24H":"2.83","fluctate_rate_24H":"3.26"},"MIX":{"opening_price":"14.3","closing_price":"15.05","min_price":"14.04","max_price":"15.54","units_traded":"169081933.7726467","acc_trade_value":"2512381687.5629","prev_closing_price":"14.29","units_traded_24H":"179492798.2766151","acc_trade_value_24H":"2663943218.9245","fluctate_24H":"0.83","fluctate_rate_24H":"5.84"},"CRO":{"opening_price":"501","closing_price":"538.3","min_price":"500","max_price":"544.7","units_traded":"572988.81682566","acc_trade_value":"300392651.5691","prev_closing_price":"497.2","units_traded_24H":"586096.71442566","acc_trade_value_24H":"306918652.0429","fluctate_24H":"39.7","fluctate_rate_24H":"7.96"},"FX":{"opening_price":"730.5","closing_price":"757.1","min_price":"727.9","max_price":"767","units_traded":"629312.31729259","acc_trade_value":"471959479.7779","prev_closing_price":"733.4","units_traded_24H":"681225.94019259","acc_trade_value_24H":"510244013.3908","fluctate_24H":"16.6","fluctate_rate_24H":"2.24"},"CHR":{"opening_price":"619.8","closing_price":"673.1","min_price":"618.2","max_price":"680.1","units_traded":"3835008.88347654","acc_trade_value":"2506475706.4243","prev_closing_price":"619.8","units_traded_24H":"3967743.37609784","acc_trade_value_24H":"2589345662.8651","fluctate_24H":"47.3","fluctate_rate_24H":"7.56"},"MBL":{"opening_price":"6.816","closing_price":"6.99","min_price":"6.631","max_price":"7.045","units_traded":"24722874.42294901","acc_trade_value":"169627392.4146","prev_closing_price":"6.816","units_traded_24H":"40173472.7049263","acc_trade_value_24H":"276921323.1335","fluctate_24H":"0.33","fluctate_rate_24H":"4.95"},"MXC":{"opening_price":"102.5","closing_price":"106.3","min_price":"98.03","max_price":"112.5","units_traded":"13149485.06085767","acc_trade_value":"1356725599.2929","prev_closing_price":"103","units_traded_24H":"13711318.21824533","acc_trade_value_24H":"1414566946.7419","fluctate_24H":"3.4","fluctate_rate_24H":"3.30"},"FCT":{"opening_price":"125.2","closing_price":"130.1","min_price":"124.1","max_price":"132.5","units_traded":"476389.05933446","acc_trade_value":"61323463.397","prev_closing_price":"125.4","units_traded_24H":"520008.73793446","acc_trade_value_24H":"66794064.6443","fluctate_24H":"5.2","fluctate_rate_24H":"4.16"},"TRV":{"opening_price":"17.09","closing_price":"17.9","min_price":"16.64","max_price":"17.9","units_traded":"12114674.90890725","acc_trade_value":"209698687.7563","prev_closing_price":"17.31","units_traded_24H":"12968571.91870725","acc_trade_value_24H":"224370421.2424","fluctate_24H":"0.73","fluctate_rate_24H":"4.25"},"DAD":{"opening_price":"185.8","closing_price":"190.3","min_price":"181","max_price":"191","units_traded":"1007526.26242275","acc_trade_value":"186780470.9496","prev_closing_price":"185.8","units_traded_24H":"1098674.06460547","acc_trade_value_24H":"203647456.1482","fluctate_24H":"6.2","fluctate_rate_24H":"3.37"},"WOM":{"opening_price":"135.2","closing_price":"139","min_price":"131.1","max_price":"147.9","units_traded":"5783390.78332316","acc_trade_value":"805297895.5048","prev_closing_price":"135.2","units_traded_24H":"5973258.75372423","acc_trade_value_24H":"831156802.7899","fluctate_24H":"4","fluctate_rate_24H":"2.96"},"SOC":{"opening_price":"17.03","closing_price":"17.32","min_price":"16.82","max_price":"17.52","units_traded":"74638893.48949366","acc_trade_value":"1279030173.8332","prev_closing_price":"17.03","units_traded_24H":"76514814.86579366","acc_trade_value_24H":"1310935889.1842","fluctate_24H":"0.32","fluctate_rate_24H":"1.88"},"BOA":{"opening_price":"158.7","closing_price":"162","min_price":"152.8","max_price":"167.9","units_traded":"2725781.920852","acc_trade_value":"437191898.0995","prev_closing_price":"158.8","units_traded_24H":"2858359.7620548","acc_trade_value_24H":"457967957.5344","fluctate_24H":"5.5","fluctate_rate_24H":"3.51"},"FLETA":{"opening_price":"43.41","closing_price":"44.48","min_price":"42.55","max_price":"45.35","units_traded":"21657999.59853994","acc_trade_value":"957891203.2152","prev_closing_price":"43.4","units_traded_24H":"22367935.01378084","acc_trade_value_24H":"988554134.9024","fluctate_24H":"1.33","fluctate_rate_24H":"3.08"},"SXP":{"opening_price":"1604","closing_price":"1702","min_price":"1602","max_price":"1733","units_traded":"1376951.10100114","acc_trade_value":"2310297617.1524","prev_closing_price":"1602","units_traded_24H":"1409067.18795196","acc_trade_value_24H":"2361920168.4478","fluctate_24H":"88","fluctate_rate_24H":"5.45"},"COS":{"opening_price":"17.6","closing_price":"18.13","min_price":"17.09","max_price":"18.88","units_traded":"21383829.79390631","acc_trade_value":"381823774.4236","prev_closing_price":"17.6","units_traded_24H":"21438048.56400631","acc_trade_value_24H":"382776066.1727","fluctate_24H":"0.53","fluctate_rate_24H":"3.01"},"APIX":{"opening_price":"64.92","closing_price":"67.47","min_price":"63.1","max_price":"68","units_traded":"2043967.13754721","acc_trade_value":"135636352.7778","prev_closing_price":"64.91","units_traded_24H":"2119712.39300386","acc_trade_value_24H":"140527006.6066","fluctate_24H":"3.06","fluctate_rate_24H":"4.75"},"EL":{"opening_price":"9.25","closing_price":"9.494","min_price":"9.034","max_price":"10.07","units_traded":"116002932.40527463","acc_trade_value":"1088215866.5085","prev_closing_price":"9.215","units_traded_24H":"125418662.95435131","acc_trade_value_24H":"1174698379.5563","fluctate_24H":"0.25","fluctate_rate_24H":"2.70"},"BASIC":{"opening_price":"5.733","closing_price":"5.761","min_price":"5.46","max_price":"5.895","units_traded":"188771190.68149321","acc_trade_value":"1068967476.4331","prev_closing_price":"5.721","units_traded_24H":"196584583.32792556","acc_trade_value_24H":"1113912366.3864","fluctate_24H":"0.021","fluctate_rate_24H":"0.37"},"HIVE":{"opening_price":"1102","closing_price":"1201","min_price":"1101","max_price":"1211","units_traded":"755537.7333722","acc_trade_value":"874640478.4805","prev_closing_price":"1103","units_traded_24H":"785449.15445066","acc_trade_value_24H":"907653685.8587","fluctate_24H":"112","fluctate_rate_24H":"10.28"},"XPR":{"opening_price":"12.13","closing_price":"12.51","min_price":"12.01","max_price":"13.1","units_traded":"31119784.64426687","acc_trade_value":"386656419.5351","prev_closing_price":"12.14","units_traded_24H":"31465490.20903529","acc_trade_value_24H":"390854575.5702","fluctate_24H":"0.37","fluctate_rate_24H":"3.05"},"VRA":{"opening_price":"31.85","closing_price":"33.61","min_price":"31.2","max_price":"38.38","units_traded":"26843951.01298665","acc_trade_value":"915020327.9495","prev_closing_price":"31.84","units_traded_24H":"26880866.42058665","acc_trade_value_24H":"916212082.35","fluctate_24H":"1.27","fluctate_rate_24H":"3.93"},"FIT":{"opening_price":"4.713","closing_price":"4.889","min_price":"4.633","max_price":"4.945","units_traded":"914176235.11571559","acc_trade_value":"4397710434.8654","prev_closing_price":"4.714","units_traded_24H":"939269587.04554978","acc_trade_value_24H":"4515617314.5401","fluctate_24H":"0.193","fluctate_rate_24H":"4.11"},"EGG":{"opening_price":"7.085","closing_price":"7.297","min_price":"6.79","max_price":"7.585","units_traded":"159160700.49852607","acc_trade_value":"1138177444.7306","prev_closing_price":"7.085","units_traded_24H":"163494056.52127182","acc_trade_value_24H":"1168347028.5356","fluctate_24H":"0.316","fluctate_rate_24H":"4.53"},"BORA":{"opening_price":"1215","closing_price":"1288","min_price":"1215","max_price":"1309","units_traded":"14198653.83030914","acc_trade_value":"18016931841.6026","prev_closing_price":"1215","units_traded_24H":"14875657.03728309","acc_trade_value_24H":"18841826215.7807","fluctate_24H":"53","fluctate_rate_24H":"4.29"},"ARPA":{"opening_price":"76.13","closing_price":"79.89","min_price":"75.8","max_price":"80.47","units_traded":"1417690.91057311","acc_trade_value":"111190932.5163","prev_closing_price":"76.14","units_traded_24H":"1441183.25637311","acc_trade_value_24H":"112980420.7044","fluctate_24H":"3.43","fluctate_rate_24H":"4.49"},"CTC":{"opening_price":"1484","closing_price":"1581","min_price":"1473","max_price":"1590","units_traded":"402283.17561173","acc_trade_value":"615604200.4027","prev_closing_price":"1484","units_traded_24H":"408523.79431173","acc_trade_value_24H":"624898423.4597","fluctate_24H":"100","fluctate_rate_24H":"6.75"},"APM":{"opening_price":"34.56","closing_price":"34.76","min_price":"33.79","max_price":"34.96","units_traded":"3701806.54983069","acc_trade_value":"126864649.8194","prev_closing_price":"34.56","units_traded_24H":"3722026.67195165","acc_trade_value_24H":"127565714.79","fluctate_24H":"0.55","fluctate_rate_24H":"1.61"},"CKB":{"opening_price":"17.95","closing_price":"18.86","min_price":"17.76","max_price":"19.47","units_traded":"22642371.05032519","acc_trade_value":"430161581.535","prev_closing_price":"17.98","units_traded_24H":"22838117.88918826","acc_trade_value_24H":"433678531.7355","fluctate_24H":"0.84","fluctate_rate_24H":"4.66"},"AERGO":{"opening_price":"221.4","closing_price":"230.1","min_price":"217.3","max_price":"232.8","units_traded":"3491087.08630059","acc_trade_value":"791545314.4525","prev_closing_price":"220.7","units_traded_24H":"3608522.46785","acc_trade_value_24H":"817306027.6144","fluctate_24H":"11.1","fluctate_rate_24H":"5.07"},"ANW":{"opening_price":"34.2","closing_price":"35.38","min_price":"33.54","max_price":"35.47","units_traded":"73689077.06996085","acc_trade_value":"2545388437.291","prev_closing_price":"34.09","units_traded_24H":"76330763.49595432","acc_trade_value_24H":"2636071806.7545","fluctate_24H":"0.93","fluctate_rate_24H":"2.7"},"CENNZ":{"opening_price":"138.1","closing_price":"146.3","min_price":"135","max_price":"146.3","units_traded":"2068079.21401497","acc_trade_value":"290911808.3597","prev_closing_price":"139.3","units_traded_24H":"2178240.06031497","acc_trade_value_24H":"306080755.1222","fluctate_24H":"6.3","fluctate_rate_24H":"4.50"},"EVZ":{"opening_price":"69.69","closing_price":"72.12","min_price":"69.39","max_price":"73.99","units_traded":"3959072.59324678","acc_trade_value":"283795029.7052","prev_closing_price":"69.4","units_traded_24H":"4050940.97265852","acc_trade_value_24H":"290208840.4084","fluctate_24H":"2.1","fluctate_rate_24H":"3"},"CYCLUB":{"opening_price":"53.26","closing_price":"56.56","min_price":"53","max_price":"59.4","units_traded":"110325550.31376404","acc_trade_value":"6241882265.7165","prev_closing_price":"53.26","units_traded_24H":"111565528.85031408","acc_trade_value_24H":"6308107670.2567","fluctate_24H":"3.05","fluctate_rate_24H":"5.7"},"SRM":{"opening_price":"2631","closing_price":"2822","min_price":"2629","max_price":"2846","units_traded":"172690.89927062","acc_trade_value":"473523741.6541","prev_closing_price":"2637","units_traded_24H":"188910.71237062","acc_trade_value_24H":"516172596.8062","fluctate_24H":"166","fluctate_rate_24H":"6.25"},"QTCON":{"opening_price":"8.27","closing_price":"8.665","min_price":"8.24","max_price":"8.87","units_traded":"19554747.04340266","acc_trade_value":"168578532.4259","prev_closing_price":"8.27","units_traded_24H":"20034338.84040266","acc_trade_value_24H":"172542576.3112","fluctate_24H":"0.405","fluctate_rate_24H":"4.90"},"UNI":{"opening_price":"12510","closing_price":"13740","min_price":"12510","max_price":"13830","units_traded":"43587.85022741","acc_trade_value":"574899165.713","prev_closing_price":"12520","units_traded_24H":"44272.19622741","acc_trade_value_24H":"583530740.022","fluctate_24H":"1120","fluctate_rate_24H":"8.87"},"YFI":{"opening_price":"28674000","closing_price":"30114000","min_price":"28447000","max_price":"30200000","units_traded":"81.10876506","acc_trade_value":"2390762999.7422","prev_closing_price":"28674000","units_traded_24H":"83.34659353","acc_trade_value_24H":"2454623605.3422","fluctate_24H":"1470000","fluctate_rate_24H":"5.13"},"UMA":{"opening_price":"7080","closing_price":"7410","min_price":"6965","max_price":"8470","units_traded":"118191.50201443","acc_trade_value":"888443224.6425","prev_closing_price":"7070","units_traded_24H":"121354.80707188","acc_trade_value_24H":"910661392.436","fluctate_24H":"390","fluctate_rate_24H":"5.56"},"AAVE":{"opening_price":"177000","closing_price":"192800","min_price":"174200","max_price":"299400","units_traded":"16841.04731708","acc_trade_value":"3278974205.7845","prev_closing_price":"177000","units_traded_24H":"16990.68020953","acc_trade_value_24H":"3305568031.3645","fluctate_24H":"13300","fluctate_rate_24H":"7.41"},"COMP":{"opening_price":"150700","closing_price":"155500","min_price":"149800","max_price":"201800","units_traded":"3182.07733992","acc_trade_value":"503230407.652","prev_closing_price":"150000","units_traded_24H":"3189.91883992","acc_trade_value_24H":"504407322.992","fluctate_24H":"3500","fluctate_rate_24H":"2.30"},"REN":{"opening_price":"386.8","closing_price":"412.5","min_price":"386","max_price":"468.7","units_traded":"2288458.59523744","acc_trade_value":"920431256.8121","prev_closing_price":"388","units_traded_24H":"2292283.01093744","acc_trade_value_24H":"921903827.5647","fluctate_24H":"25.4","fluctate_rate_24H":"6.56"},"BAL":{"opening_price":"14180","closing_price":"15330","min_price":"14180","max_price":"15350","units_traded":"13189.38999854","acc_trade_value":"195441716.3221","prev_closing_price":"14290","units_traded_24H":"14200.79899854","acc_trade_value_24H":"210106670.3391","fluctate_24H":"830","fluctate_rate_24H":"5.72"},"RSR":{"opening_price":"22.11","closing_price":"23.59","min_price":"22.05","max_price":"23.65","units_traded":"22360074.69639822","acc_trade_value":"514924136.8036","prev_closing_price":"21.91","units_traded_24H":"22631656.60599822","acc_trade_value_24H":"520910352.8659","fluctate_24H":"1.33","fluctate_rate_24H":"5.97"},"NMR":{"opening_price":"32380","closing_price":"33530","min_price":"32360","max_price":"37700","units_traded":"149828.65574434","acc_trade_value":"5209266901.0332","prev_closing_price":"32380","units_traded_24H":"151368.40394434","acc_trade_value_24H":"5259606558.4432","fluctate_24H":"700","fluctate_rate_24H":"2.13"},"RLC":{"opening_price":"2172","closing_price":"2390","min_price":"2134","max_price":"2397","units_traded":"179991.1846212","acc_trade_value":"413478149.6652","prev_closing_price":"2171","units_traded_24H":"191025.0827212","acc_trade_value_24H":"437311409.8546","fluctate_24H":"203","fluctate_rate_24H":"9.28"},"UOS":{"opening_price":"1241","closing_price":"1310","min_price":"1202","max_price":"1348","units_traded":"84534.25626536","acc_trade_value":"106306277.8276","prev_closing_price":"1241","units_traded_24H":"84556.74446536","acc_trade_value_24H":"106334210.1527","fluctate_24H":"51","fluctate_rate_24H":"4.05"},"SAND":{"opening_price":"4154","closing_price":"4669","min_price":"4125","max_price":"4775","units_traded":"7828413.7376721","acc_trade_value":"35348105098.2639","prev_closing_price":"4152","units_traded_24H":"8068712.52542451","acc_trade_value_24H":"36351226180.651","fluctate_24H":"470","fluctate_rate_24H":"11.19"},"GOM2":{"opening_price":"42.66","closing_price":"44.02","min_price":"42.01","max_price":"44.2","units_traded":"15254376.98354335","acc_trade_value":"662289344.8108","prev_closing_price":"42.68","units_traded_24H":"16330073.19234756","acc_trade_value_24H":"707921518.9335","fluctate_24H":"1.07","fluctate_rate_24H":"2.49"},"RINGX":{"opening_price":"39.5","closing_price":"41.05","min_price":"38.26","max_price":"41.8","units_traded":"8619400.46770271","acc_trade_value":"344981363.2688","prev_closing_price":"39.3","units_traded_24H":"8709410.12495343","acc_trade_value_24H":"348505714.359","fluctate_24H":"2.1","fluctate_rate_24H":"5.39"},"BEL":{"opening_price":"1055","closing_price":"1142","min_price":"1052","max_price":"1155","units_traded":"216915.89726787","acc_trade_value":"242308580.2383","prev_closing_price":"1055","units_traded_24H":"218276.05656787","acc_trade_value_24H":"243751414.6493","fluctate_24H":"81","fluctate_rate_24H":"7.63"},"OBSR":{"opening_price":"4.584","closing_price":"4.753","min_price":"4.571","max_price":"4.766","units_traded":"19841044.80659701","acc_trade_value":"92762771.3332","prev_closing_price":"4.664","units_traded_24H":"21589211.52268407","acc_trade_value_24H":"100842141.4251","fluctate_24H":"0.093","fluctate_rate_24H":"2"},"ORC":{"opening_price":"349.7","closing_price":"363.1","min_price":"347","max_price":"364","units_traded":"2176997.11968307","acc_trade_value":"773373195.3675","prev_closing_price":"349.7","units_traded_24H":"2325598.74328307","acc_trade_value_24H":"825515132.2922","fluctate_24H":"11.4","fluctate_rate_24H":"3.24"},"POLA":{"opening_price":"106.7","closing_price":"110","min_price":"103.1","max_price":"110.4","units_traded":"1854546.84170742","acc_trade_value":"200067208.1855","prev_closing_price":"106.7","units_traded_24H":"1869832.89620742","acc_trade_value_24H":"201686760.446","fluctate_24H":"3.6","fluctate_rate_24H":"3.38"},"AWO":{"opening_price":"21.7","closing_price":"21.98","min_price":"21.04","max_price":"22.15","units_traded":"4767420.45467328","acc_trade_value":"103504282.5492","prev_closing_price":"21.7","units_traded_24H":"4988518.35770855","acc_trade_value_24H":"108249694.3484","fluctate_24H":"0.87","fluctate_rate_24H":"4.12"},"ADP":{"opening_price":"50.07","closing_price":"50.92","min_price":"49.54","max_price":"51.75","units_traded":"41543699.81081656","acc_trade_value":"2103561195.2594","prev_closing_price":"50.06","units_traded_24H":"42763293.83981656","acc_trade_value_24H":"2164795892.8374","fluctate_24H":"0.65","fluctate_rate_24H":"1.29"},"DVI":{"opening_price":"798.1","closing_price":"844.6","min_price":"766.2","max_price":"847.9","units_traded":"2310859.75542512","acc_trade_value":"1873448693.7328","prev_closing_price":"798.2","units_traded_24H":"2429588.10082512","acc_trade_value_24H":"1967441325.4137","fluctate_24H":"64.6","fluctate_rate_24H":"8.28"},"GHX":{"opening_price":"60.8","closing_price":"62.33","min_price":"59.16","max_price":"63.35","units_traded":"4938025.92902972","acc_trade_value":"303667156.5369","prev_closing_price":"61.26","units_traded_24H":"5076134.73440677","acc_trade_value_24H":"312075431.1893","fluctate_24H":"2.09","fluctate_rate_24H":"3.47"},"MIR":{"opening_price":"1410","closing_price":"1485","min_price":"1404","max_price":"1499","units_traded":"213110.86801025","acc_trade_value":"306618817.7992","prev_closing_price":"1411","units_traded_24H":"238910.36681025","acc_trade_value_24H":"342945705.4216","fluctate_24H":"64","fluctate_rate_24H":"4.50"},"MVC":{"opening_price":"24.23","closing_price":"25.29","min_price":"23.72","max_price":"25.93","units_traded":"981087544.07194307","acc_trade_value":"24453034258.5265","prev_closing_price":"24.21","units_traded_24H":"1013451338.22767014","acc_trade_value_24H":"25236526350.877","fluctate_24H":"1.07","fluctate_rate_24H":"4.42"},"BLY":{"opening_price":"25.71","closing_price":"26.24","min_price":"25.01","max_price":"28.5","units_traded":"18529950.39457934","acc_trade_value":"486020277.5609","prev_closing_price":"25.8","units_traded_24H":"18781557.95860118","acc_trade_value_24H":"492459496.3975","fluctate_24H":"0.69","fluctate_rate_24H":"2.70"},"WOZX":{"opening_price":"224.9","closing_price":"234.5","min_price":"222.4","max_price":"235.1","units_traded":"522190.0773464","acc_trade_value":"120317005.6751","prev_closing_price":"228.1","units_traded_24H":"534488.1118464","acc_trade_value_24H":"123106966.7653","fluctate_24H":"8.5","fluctate_rate_24H":"3.76"},"ANV":{"opening_price":"682.7","closing_price":"695.9","min_price":"675","max_price":"698","units_traded":"189813.40510247","acc_trade_value":"130562210.1308","prev_closing_price":"675.7","units_traded_24H":"200521.32305093","acc_trade_value_24H":"137852038.4266","fluctate_24H":"13.3","fluctate_rate_24H":"1.95"},"GRT":{"opening_price":"494.8","closing_price":"519.8","min_price":"494.8","max_price":"522","units_traded":"409775.02440835","acc_trade_value":"210091643.0846","prev_closing_price":"497.6","units_traded_24H":"435333.11980835","acc_trade_value_24H":"222873377.6311","fluctate_24H":"17.9","fluctate_rate_24H":"3.57"},"MM":{"opening_price":"520.7","closing_price":"543","min_price":"507.8","max_price":"544.5","units_traded":"548128.29161399","acc_trade_value":"290746546.2086","prev_closing_price":"520.7","units_traded_24H":"553330.16287092","acc_trade_value_24H":"293433585.941","fluctate_24H":"22.4","fluctate_rate_24H":"4.30"},"BIOT":{"opening_price":"40.88","closing_price":"42.64","min_price":"40.2","max_price":"43.98","units_traded":"107239107.01693204","acc_trade_value":"4501078411.1349","prev_closing_price":"40.91","units_traded_24H":"141795651.2356643","acc_trade_value_24H":"5911863965.8234","fluctate_24H":"1.73","fluctate_rate_24H":"4.23"},"XNO":{"opening_price":"80.03","closing_price":"83.62","min_price":"78.4","max_price":"84.9","units_traded":"382477224.04112577","acc_trade_value":"31601011393.3671","prev_closing_price":"80.48","units_traded_24H":"390813836.64295439","acc_trade_value_24H":"32271816056.5671","fluctate_24H":"4.22","fluctate_rate_24H":"5.31"},"SNX":{"opening_price":"5615","closing_price":"6125","min_price":"5530","max_price":"6165","units_traded":"90195.19470242","acc_trade_value":"531925009.8694","prev_closing_price":"5615","units_traded_24H":"92513.49703881","acc_trade_value_24H":"544924419.9974","fluctate_24H":"475","fluctate_rate_24H":"8.41"},"SOFI":{"opening_price":"292.2","closing_price":"308","min_price":"287.2","max_price":"310","units_traded":"864255.51981684","acc_trade_value":"259889977.5274","prev_closing_price":"292.3","units_traded_24H":"874682.50171684","acc_trade_value_24H":"262944768.8909","fluctate_24H":"18.3","fluctate_rate_24H":"6.32"},"COLA":{"opening_price":"178.5","closing_price":"182.7","min_price":"172.1","max_price":"200","units_traded":"3006502.96215119","acc_trade_value":"556288982.3416","prev_closing_price":"178.5","units_traded_24H":"3040114.05201173","acc_trade_value_24H":"562206233.121","fluctate_24H":"8.6","fluctate_rate_24H":"4.94"},"NU":{"opening_price":"577.6","closing_price":"638","min_price":"572.1","max_price":"745.6","units_traded":"10394308.07905249","acc_trade_value":"6761806542.3444","prev_closing_price":"577.2","units_traded_24H":"10502288.25755249","acc_trade_value_24H":"6824379019.2056","fluctate_24H":"52.8","fluctate_rate_24H":"9.02"},"OXT":{"opening_price":"292.9","closing_price":"306.9","min_price":"289.3","max_price":"314.4","units_traded":"813666.8247942","acc_trade_value":"246798885.0917","prev_closing_price":"290.5","units_traded_24H":"842233.7808942","acc_trade_value_24H":"255198811.8668","fluctate_24H":"11.7","fluctate_rate_24H":"3.96"},"LINA":{"opening_price":"28.25","closing_price":"31.15","min_price":"28","max_price":"36.35","units_traded":"114202683.88875864","acc_trade_value":"3627277346.6684","prev_closing_price":"28.19","units_traded_24H":"114297858.29635864","acc_trade_value_24H":"3629953769.6395","fluctate_24H":"2.96","fluctate_rate_24H":"10.50"},"MAP":{"opening_price":"24.54","closing_price":"25.75","min_price":"24.12","max_price":"26.62","units_traded":"8465490.44498341","acc_trade_value":"214053783.0113","prev_closing_price":"24.68","units_traded_24H":"8517568.7346375","acc_trade_value_24H":"215343503.3985","fluctate_24H":"0.91","fluctate_rate_24H":"3.66"},"AQT":{"opening_price":"3041","closing_price":"3212","min_price":"3038","max_price":"3295","units_traded":"42548.11470906","acc_trade_value":"134534123.5882","prev_closing_price":"3041","units_traded_24H":"44080.57520906","acc_trade_value_24H":"139207726.0331","fluctate_24H":"164","fluctate_rate_24H":"5.38"},"WIKEN":{"opening_price":"15.1","closing_price":"15.52","min_price":"14.77","max_price":"16.45","units_traded":"13842713.49521778","acc_trade_value":"213911516.5588","prev_closing_price":"15.1","units_traded_24H":"14702490.98428799","acc_trade_value_24H":"226812236.2832","fluctate_24H":"0.6","fluctate_rate_24H":"4.02"},"CTSI":{"opening_price":"542.6","closing_price":"574.7","min_price":"539.9","max_price":"575.3","units_traded":"401172.90918718","acc_trade_value":"224850592.1746","prev_closing_price":"544.7","units_traded_24H":"436588.93328718","acc_trade_value_24H":"244145334.3843","fluctate_24H":"29.5","fluctate_rate_24H":"5.41"},"MANA":{"opening_price":"2740","closing_price":"2942","min_price":"2730","max_price":"2993","units_traded":"1907379.90740017","acc_trade_value":"5501284314.6459","prev_closing_price":"2735","units_traded_24H":"1974833.87198291","acc_trade_value_24H":"5686603878.6262","fluctate_24H":"171","fluctate_rate_24H":"6.17"},"LPT":{"opening_price":"30730","closing_price":"33410","min_price":"30550","max_price":"33560","units_traded":"11438.96464161","acc_trade_value":"370504440.7959","prev_closing_price":"30700","units_traded_24H":"11689.09784735","acc_trade_value_24H":"378205577.0259","fluctate_24H":"2820","fluctate_rate_24H":"9.22"},"MKR":{"opening_price":"2217000","closing_price":"2378000","min_price":"2059000","max_price":"2378000","units_traded":"58.48500566","acc_trade_value":"133933449.2851","prev_closing_price":"2215000","units_traded_24H":"67.15950566","acc_trade_value_24H":"153296585.2851","fluctate_24H":"127000","fluctate_rate_24H":"5.64"},"SUSHI":{"opening_price":"5055","closing_price":"5290","min_price":"5015","max_price":"5310","units_traded":"36461.54411772","acc_trade_value":"187713466.3513","prev_closing_price":"4991","units_traded_24H":"41529.58711772","acc_trade_value_24H":"213171863.7255","fluctate_24H":"240","fluctate_rate_24H":"4.75"},"ASM":{"opening_price":"63.96","closing_price":"67.51","min_price":"62.71","max_price":"67.93","units_traded":"15765136.54989961","acc_trade_value":"1032766038.9415","prev_closing_price":"63.96","units_traded_24H":"16379407.46067567","acc_trade_value_24H":"1072170558.0204","fluctate_24H":"3.08","fluctate_rate_24H":"4.78"},"PUNDIX":{"opening_price":"902.5","closing_price":"969.7","min_price":"900.2","max_price":"1020","units_traded":"1215570.10273092","acc_trade_value":"1193967778.1837","prev_closing_price":"900","units_traded_24H":"1226577.85125547","acc_trade_value_24H":"1203891448.0265","fluctate_24H":"68.7","fluctate_rate_24H":"7.62"},"CELR":{"opening_price":"59.9","closing_price":"63.9","min_price":"59.68","max_price":"64","units_traded":"5261045.94073637","acc_trade_value":"327106979.434","prev_closing_price":"61.2","units_traded_24H":"5463687.50037969","acc_trade_value_24H":"339382533.0348","fluctate_24H":"4.03","fluctate_rate_24H":"6.73"},"LF":{"opening_price":"274.7","closing_price":"288.1","min_price":"272.8","max_price":"292","units_traded":"48867427.43552143","acc_trade_value":"13875058164.2344","prev_closing_price":"274.7","units_traded_24H":"49309740.95082143","acc_trade_value_24H":"13996598716.13","fluctate_24H":"14.6","fluctate_rate_24H":"5.34"},"ARW":{"opening_price":"2155","closing_price":"2218","min_price":"2108","max_price":"2252","units_traded":"111196.14103915","acc_trade_value":"243722453.1487","prev_closing_price":"2155","units_traded_24H":"119882.62693915","acc_trade_value_24H":"262338891.7496","fluctate_24H":"60","fluctate_rate_24H":"2.78"},"FRONT":{"opening_price":"635.1","closing_price":"643","min_price":"611","max_price":"678.6","units_traded":"42305971.13779977","acc_trade_value":"26753278873.5613","prev_closing_price":"635.1","units_traded_24H":"42504810.586942","acc_trade_value_24H":"26877567965.2614","fluctate_24H":"13","fluctate_rate_24H":"2.06"},"MSB":{"opening_price":"159","closing_price":"173.3","min_price":"157.3","max_price":"174.9","units_traded":"82615616.72290086","acc_trade_value":"13707765826.6443","prev_closing_price":"159.1","units_traded_24H":"83456177.53430086","acc_trade_value_24H":"13842107473.7627","fluctate_24H":"13.6","fluctate_rate_24H":"8.52"},"RLY":{"opening_price":"267.5","closing_price":"277.7","min_price":"265.7","max_price":"277.8","units_traded":"233653.97887383","acc_trade_value":"63795912.439","prev_closing_price":"265.6","units_traded_24H":"253936.42649288","acc_trade_value_24H":"69234434.0223","fluctate_24H":"8.8","fluctate_rate_24H":"3.27"},"OCEAN":{"opening_price":"702.8","closing_price":"736.3","min_price":"696.4","max_price":"742.5","units_traded":"1127765.87072273","acc_trade_value":"811844652.3504","prev_closing_price":"704.7","units_traded_24H":"1214954.00706052","acc_trade_value_24H":"873609270.031","fluctate_24H":"20.5","fluctate_rate_24H":"2.86"},"BFC":{"opening_price":"217.1","closing_price":"233.1","min_price":"216.8","max_price":"239.9","units_traded":"4776337.31115897","acc_trade_value":"1095827548.7138","prev_closing_price":"216.8","units_traded_24H":"4845356.33445897","acc_trade_value_24H":"1110930307.5869","fluctate_24H":"13.2","fluctate_rate_24H":"6.00"},"ALICE":{"opening_price":"8060","closing_price":"8570","min_price":"8060","max_price":"8575","units_traded":"57093.7087323","acc_trade_value":"479570662.8249","prev_closing_price":"8080","units_traded_24H":"58720.27931004","acc_trade_value_24H":"492703857.3688","fluctate_24H":"425","fluctate_rate_24H":"5.22"},"COTI":{"opening_price":"359.3","closing_price":"386.7","min_price":"356.3","max_price":"397.4","units_traded":"1323884.32196978","acc_trade_value":"509562922.0285","prev_closing_price":"358.5","units_traded_24H":"1326522.78676978","acc_trade_value_24H":"510513002.8226","fluctate_24H":"26.3","fluctate_rate_24H":"7.3"},"CAKE":{"opening_price":"8655","closing_price":"9110","min_price":"8590","max_price":"9465","units_traded":"44334.29326896","acc_trade_value":"395494438.9888","prev_closing_price":"8645","units_traded_24H":"46021.68188938","acc_trade_value_24H":"410140470.3203","fluctate_24H":"340","fluctate_rate_24H":"3.88"},"BNT":{"opening_price":"2812","closing_price":"3012","min_price":"2812","max_price":"3025","units_traded":"85145.39152004","acc_trade_value":"251146464.6432","prev_closing_price":"2849","units_traded_24H":"89317.66487281","acc_trade_value_24H":"263022933.1474","fluctate_24H":"150","fluctate_rate_24H":"5.24"},"XVS":{"opening_price":"10240","closing_price":"10560","min_price":"10170","max_price":"10680","units_traded":"43506.34445553","acc_trade_value":"453815856.9987","prev_closing_price":"10250","units_traded_24H":"47209.15052781","acc_trade_value_24H":"492053571.1707","fluctate_24H":"170","fluctate_rate_24H":"1.64"},"CHZ":{"opening_price":"216.5","closing_price":"229.5","min_price":"216.3","max_price":"230.1","units_traded":"3565083.33278785","acc_trade_value":"788497593.3457","prev_closing_price":"216.8","units_traded_24H":"3616019.78698785","acc_trade_value_24H":"799526199.8332","fluctate_24H":"11.4","fluctate_rate_24H":"5.23"},"AXS":{"opening_price":"57000","closing_price":"61300","min_price":"55750","max_price":"64850","units_traded":"46656.39844109","acc_trade_value":"2795801214.0611","prev_closing_price":"57000","units_traded_24H":"47527.14484109","acc_trade_value_24H":"2845489062.6011","fluctate_24H":"3750","fluctate_rate_24H":"6.52"},"DAO":{"opening_price":"3104","closing_price":"3162","min_price":"3077","max_price":"3384","units_traded":"146366.66112726","acc_trade_value":"462291073.9983","prev_closing_price":"3103","units_traded_24H":"148280.99812726","acc_trade_value_24H":"468246036.9309","fluctate_24H":"7","fluctate_rate_24H":"0.22"},"DAI":{"opening_price":"1239","closing_price":"1237","min_price":"1231","max_price":"1243","units_traded":"228855.7881293","acc_trade_value":"282745305.8977","prev_closing_price":"1239","units_traded_24H":"229301.47004686","acc_trade_value_24H":"283297871.8179","fluctate_24H":"-3","fluctate_rate_24H":"-0.24"},"MATIC":{"opening_price":"1982","closing_price":"2128","min_price":"1976","max_price":"2149","units_traded":"4109024.64922111","acc_trade_value":"8553950383.8707","prev_closing_price":"1979","units_traded_24H":"4300812.38291105","acc_trade_value_24H":"8936678139.8618","fluctate_24H":"113","fluctate_rate_24H":"5.61"},"WOO":{"opening_price":"684.2","closing_price":"729","min_price":"683","max_price":"864.5","units_traded":"1938402.56275899","acc_trade_value":"1446301869.3358","prev_closing_price":"684.2","units_traded_24H":"1946152.02034776","acc_trade_value_24H":"1451651213.3302","fluctate_24H":"24.5","fluctate_rate_24H":"3.48"},"BAKE":{"opening_price":"735.9","closing_price":"781.8","min_price":"735.9","max_price":"782.9","units_traded":"150746.29218799","acc_trade_value":"113905790.6178","prev_closing_price":"743.9","units_traded_24H":"185037.37148799","acc_trade_value_24H":"139491277.2538","fluctate_24H":"32.2","fluctate_rate_24H":"4.3"},"VELO":{"opening_price":"102.3","closing_price":"104","min_price":"100.4","max_price":"107","units_traded":"4288762.94545086","acc_trade_value":"441029999.9017","prev_closing_price":"103.1","units_traded_24H":"4341816.17308966","acc_trade_value_24H":"446475987.6606","fluctate_24H":"0.9","fluctate_rate_24H":"0.87"},"BCD":{"opening_price":"1082","closing_price":"1126","min_price":"1071","max_price":"1389","units_traded":"649761.20808815","acc_trade_value":"760992063.1965","prev_closing_price":"1082","units_traded_24H":"649781.56228815","acc_trade_value_24H":"761014086.4409","fluctate_24H":"44","fluctate_rate_24H":"4.07"},"XLM":{"opening_price":"241","closing_price":"251.9","min_price":"239.8","max_price":"252.5","units_traded":"5264308.12992813","acc_trade_value":"1298620854.16","prev_closing_price":"240.6","units_traded_24H":"5558799.93560172","acc_trade_value_24H":"1369626071.8569","fluctate_24H":"9.7","fluctate_rate_24H":"4.00"},"GXC":{"opening_price":"1849","closing_price":"1905","min_price":"1819","max_price":"1946","units_traded":"2397359.28629653","acc_trade_value":"4492642508.4071","prev_closing_price":"1854","units_traded_24H":"2499040.1089176","acc_trade_value_24H":"4681591490.0656","fluctate_24H":"30","fluctate_rate_24H":"1.60"},"VSYS":{"opening_price":"15.36","closing_price":"16.18","min_price":"15.2","max_price":"17.07","units_traded":"8033046.54517307","acc_trade_value":"127679600.5381","prev_closing_price":"15.36","units_traded_24H":"8374733.60187307","acc_trade_value_24H":"132923347.0694","fluctate_24H":"0.83","fluctate_rate_24H":"5.41"},"IPX":{"opening_price":"54.12","closing_price":"57.12","min_price":"53.65","max_price":"57.22","units_traded":"4340508.39945623","acc_trade_value":"241347057.3868","prev_closing_price":"54","units_traded_24H":"4540024.80285623","acc_trade_value_24H":"252130871.2488","fluctate_24H":"2.64","fluctate_rate_24H":"4.85"},"WICC":{"opening_price":"165.9","closing_price":"172.5","min_price":"161.2","max_price":"173.9","units_traded":"3926971.50694395","acc_trade_value":"659806551.0936","prev_closing_price":"164.9","units_traded_24H":"4041161.24264395","acc_trade_value_24H":"678838125.3639","fluctate_24H":"3.6","fluctate_rate_24H":"2.13"},"ONT":{"opening_price":"574.6","closing_price":"597.7","min_price":"568.4","max_price":"599.4","units_traded":"332660.71171301","acc_trade_value":"195552490.5887","prev_closing_price":"565.7","units_traded_24H":"336890.67931301","acc_trade_value_24H":"197956828.1891","fluctate_24H":"26.9","fluctate_rate_24H":"4.71"},"LUNA":{"opening_price":"60350","closing_price":"65500","min_price":"59150","max_price":"66150","units_traded":"494943.77117981","acc_trade_value":"31162749643.4347","prev_closing_price":"60350","units_traded_24H":"521828.25445582","acc_trade_value_24H":"32786062769.0036","fluctate_24H":"4400","fluctate_rate_24H":"7.20"},"AION":{"opening_price":"110.3","closing_price":"113","min_price":"104.9","max_price":"115","units_traded":"2216136.74825276","acc_trade_value":"241777762.1222","prev_closing_price":"110.8","units_traded_24H":"2628463.30139232","acc_trade_value_24H":"287167775.7324","fluctate_24H":"5.7","fluctate_rate_24H":"5.31"},"META":{"opening_price":"84.74","closing_price":"86.98","min_price":"83.75","max_price":"87.08","units_traded":"2290918.10080603","acc_trade_value":"196336641.7114","prev_closing_price":"84.84","units_traded_24H":"2778246.27367248","acc_trade_value_24H":"237687265.759","fluctate_24H":"4.33","fluctate_rate_24H":"5.24"},"KLAY":{"opening_price":"1464","closing_price":"1506","min_price":"1455","max_price":"1511","units_traded":"6782303.50432665","acc_trade_value":"10096450376.7149","prev_closing_price":"1464","units_traded_24H":"7319784.15463616","acc_trade_value_24H":"10887680043.4602","fluctate_24H":"33","fluctate_rate_24H":"2.24"},"ONG":{"opening_price":"729.1","closing_price":"761.1","min_price":"728.8","max_price":"768","units_traded":"400522.70281218","acc_trade_value":"300268295.3099","prev_closing_price":"732.2","units_traded_24H":"403762.81455337","acc_trade_value_24H":"302641858.0643","fluctate_24H":"26.4","fluctate_rate_24H":"3.59"},"ALGO":{"opening_price":"1169","closing_price":"1236","min_price":"1162","max_price":"1241","units_traded":"841177.426494","acc_trade_value":"1010133940.6921","prev_closing_price":"1172","units_traded_24H":"871769.293998","acc_trade_value_24H":"1046149382.8939","fluctate_24H":"57","fluctate_rate_24H":"4.83"},"JST":{"opening_price":"50.96","closing_price":"52.85","min_price":"50.4","max_price":"52.85","units_traded":"860272.8721511","acc_trade_value":"44423211.8488","prev_closing_price":"50.6","units_traded_24H":"965052.9650511","acc_trade_value_24H":"49741240.0393","fluctate_24H":"1.96","fluctate_rate_24H":"3.85"},"XTZ":{"opening_price":"3585","closing_price":"3854","min_price":"3584","max_price":"3866","units_traded":"191737.711015","acc_trade_value":"724381146.4512","prev_closing_price":"3597","units_traded_24H":"192896.937652","acc_trade_value_24H":"728542253.9204","fluctate_24H":"238","fluctate_rate_24H":"6.58"},"MLK":{"opening_price":"979.4","closing_price":"1051","min_price":"975","max_price":"1100","units_traded":"1769552.0990695","acc_trade_value":"1851869270.5452","prev_closing_price":"983","units_traded_24H":"1867543.8476695","acc_trade_value_24H":"1948053653.7171","fluctate_24H":"79.9","fluctate_rate_24H":"8.23"},"WEMIX":{"opening_price":"7335","closing_price":"7980","min_price":"7235","max_price":"8305","units_traded":"8609484.51789372","acc_trade_value":"67926762877.7385","prev_closing_price":"7335","units_traded_24H":"9034784.63346666","acc_trade_value_24H":"71031927466.1712","fluctate_24H":"570","fluctate_rate_24H":"7.69"},"DOT":{"opening_price":"21890","closing_price":"23250","min_price":"21860","max_price":"23360","units_traded":"102930.20990662","acc_trade_value":"2337885451.5508","prev_closing_price":"21910","units_traded_24H":"104907.18609788","acc_trade_value_24H":"2381314958.0178","fluctate_24H":"1210","fluctate_rate_24H":"5.49"},"ATOM":{"opening_price":"35450","closing_price":"37040","min_price":"34500","max_price":"37350","units_traded":"270241.94708151","acc_trade_value":"9799159809.4101","prev_closing_price":"35450","units_traded_24H":"281648.03912538","acc_trade_value_24H":"10204952049.5473","fluctate_24H":"1230","fluctate_rate_24H":"3.43"},"SSX":{"opening_price":"50.46","closing_price":"52.2","min_price":"49.78","max_price":"52.81","units_traded":"5200439.58720997","acc_trade_value":"267754411.6305","prev_closing_price":"50.3","units_traded_24H":"7151118.57006396","acc_trade_value_24H":"366625132.0797","fluctate_24H":"2.16","fluctate_rate_24H":"4.32"},"TEMCO":{"opening_price":"6.541","closing_price":"6.7","min_price":"6.42","max_price":"6.887","units_traded":"46747633.41517356","acc_trade_value":"309731048.0092","prev_closing_price":"6.532","units_traded_24H":"48534597.43312601","acc_trade_value_24H":"321324850.334","fluctate_24H":"0.193","fluctate_rate_24H":"2.97"},"HIBS":{"opening_price":"3.318","closing_price":"3.392","min_price":"3.28","max_price":"3.403","units_traded":"92384982.3771058","acc_trade_value":"309966098.2859","prev_closing_price":"3.315","units_traded_24H":"94463827.0046058","acc_trade_value_24H":"316898936.3692","fluctate_24H":"0.025","fluctate_rate_24H":"0.74"},"BURGER":{"opening_price":"1988","closing_price":"2108","min_price":"1965","max_price":"2152","units_traded":"115306.95909576","acc_trade_value":"238147516.4075","prev_closing_price":"1988","units_traded_24H":"116384.27699576","acc_trade_value_24H":"240264844.7102","fluctate_24H":"120","fluctate_rate_24H":"6.04"},"DOGE":{"opening_price":"172.6","closing_price":"177.4","min_price":"171.8","max_price":"177.7","units_traded":"37873634.73627234","acc_trade_value":"6636225703.8452","prev_closing_price":"172.4","units_traded_24H":"38732116.550319","acc_trade_value_24H":"6784483906.9082","fluctate_24H":"4.4","fluctate_rate_24H":"2.54"},"KSM":{"opening_price":"203400","closing_price":"213700","min_price":"201600","max_price":"215000","units_traded":"909.71309201","acc_trade_value":"191256805.2099","prev_closing_price":"201600","units_traded_24H":"938.31239201","acc_trade_value_24H":"197015287.3299","fluctate_24H":"10500","fluctate_rate_24H":"5.17"},"CTK":{"opening_price":"1747","closing_price":"1752","min_price":"1691","max_price":"1820","units_traded":"513399.89056576","acc_trade_value":"909072670.1721","prev_closing_price":"1747","units_traded_24H":"524659.88166576","acc_trade_value_24H":"928512623.1557","fluctate_24H":"22","fluctate_rate_24H":"1.27"},"XYM":{"opening_price":"206.4","closing_price":"221.8","min_price":"197.3","max_price":"221.8","units_traded":"1544390.80931505","acc_trade_value":"328427569.1763","prev_closing_price":"208.1","units_traded_24H":"3163058.45978402","acc_trade_value_24H":"675664157.4522","fluctate_24H":"25.2","fluctate_rate_24H":"12.82"},"BNB":{"opening_price":"471200","closing_price":"486700","min_price":"468400","max_price":"487000","units_traded":"656.92366452","acc_trade_value":"313481474.7499","prev_closing_price":"471100","units_traded_24H":"677.02036452","acc_trade_value_24H":"322980647.2199","fluctate_24H":"14100","fluctate_rate_24H":"2.98"},"NFT":{"opening_price":"0.0025","closing_price":"0.0026","min_price":"0.0024","max_price":"0.0026","units_traded":"142679695401.28153058","acc_trade_value":"355597348.4005","prev_closing_price":"0.0025","units_traded_24H":"148848613068.82233058","acc_trade_value_24H":"370847336.8989","fluctate_24H":"0.0001","fluctate_rate_24H":"4.00"},"SUN":{"opening_price":"17.1","closing_price":"17.93","min_price":"17.07","max_price":"17.94","units_traded":"14354481.90565684","acc_trade_value":"251736402.0051","prev_closing_price":"17.11","units_traded_24H":"15977468.61025684","acc_trade_value_24H":"279515025.157","fluctate_24H":"0.76","fluctate_rate_24H":"4.43"},"XEC":{"opening_price":"0.0879","closing_price":"0.0942","min_price":"0.0877","max_price":"0.098","units_traded":"34110400369.18406848","acc_trade_value":"3184454886.603","prev_closing_price":"0.088","units_traded_24H":"34295594403.89166848","acc_trade_value_24H":"3200785050.9476","fluctate_24H":"0.0058","fluctate_rate_24H":"6.56"},"PCI":{"opening_price":"875","closing_price":"918.3","min_price":"871.4","max_price":"924.7","units_traded":"1465388.07496487","acc_trade_value":"1332926873.6185","prev_closing_price":"875","units_traded_24H":"1518679.83202358","acc_trade_value_24H":"1379547564.7407","fluctate_24H":"44.2","fluctate_rate_24H":"5.06"},"SOL":{"opening_price":"110300","closing_price":"120600","min_price":"110100","max_price":"122000","units_traded":"80900.77805799","acc_trade_value":"9385347232.0106","prev_closing_price":"110300","units_traded_24H":"83474.35602982","acc_trade_value_24H":"9669674364.0001","fluctate_24H":"9300","fluctate_rate_24H":"8.36"},"C98":{"opening_price":"1919","closing_price":"2033","min_price":"1898","max_price":"2045","units_traded":"392124.00619871","acc_trade_value":"776607068.7036","prev_closing_price":"1940","units_traded_24H":"416177.64015904","acc_trade_value_24H":"823370194.8881","fluctate_24H":"108","fluctate_rate_24H":"5.61"},"MED":{"opening_price":"48.48","closing_price":"50.09","min_price":"48.01","max_price":"51.91","units_traded":"7843258.85399183","acc_trade_value":"390798637.7589","prev_closing_price":"48.15","units_traded_24H":"8079638.44189183","acc_trade_value_24H":"402143468.3387","fluctate_24H":"2.13","fluctate_rate_24H":"4.44"},"1INCH":{"opening_price":"1977","closing_price":"2127","min_price":"1969","max_price":"2157","units_traded":"195634.30838236","acc_trade_value":"409559469.7863","prev_closing_price":"1966","units_traded_24H":"197802.05188236","acc_trade_value_24H":"413847985.0949","fluctate_24H":"151","fluctate_rate_24H":"7.64"},"BOBA":{"opening_price":"1993","closing_price":"2108","min_price":"1972","max_price":"2116","units_traded":"106880.90543207","acc_trade_value":"220227317.4378","prev_closing_price":"1981","units_traded_24H":"112070.24083207","acc_trade_value_24H":"230562154.9096","fluctate_24H":"111","fluctate_rate_24H":"5.56"},"GALA":{"opening_price":"230.2","closing_price":"244.9","min_price":"229","max_price":"264.9","units_traded":"7930045.2862465","acc_trade_value":"1903983467.5633","prev_closing_price":"229.2","units_traded_24H":"8181293.14833834","acc_trade_value_24H":"1961991711.0081","fluctate_24H":"11.5","fluctate_rate_24H":"4.93"},"BTT":{"opening_price":"0.0024","closing_price":"0.0027","min_price":"0.0024","max_price":"0.0027","units_traded":"311884620460.41739544","acc_trade_value":"801227694.103","prev_closing_price":"0.0025","units_traded_24H":"335758545964.7873339","acc_trade_value_24H":"860793102.3065","fluctate_24H":"0.0003","fluctate_rate_24H":"12.50"},"date":"1643465644590"}}
coinMap = {BTC={opening_price=45689000, closing_price=47073000, min_price=45513000, max_price=47213000, units_traded=1581.78228892, acc_trade_value=73492324297.1736, prev_closing_price=45687000, units_traded_24H=1660.55808185, acc_trade_value_24H=77091849781.6465, fluctate_24H=1323000, fluctate_rate_24H=2.89}, ETH={opening_price=2976000, closing_price=3211000, min_price=2971000, max_price=3220000, units_traded=23684.20546809, acc_trade_value=73756083724.3196, prev_closing_price=2976000, units_traded_24H=25087.24136476, acc_trade_value_24H=77937988359.4196, fluctate_24H=205000, fluctate_rate_24H=6.82}, LTC={opening_price=132400, closing_price=137300, min_price=131800, max_price=137900, units_traded=5841.76145903, acc_trade_value=788390192.5528, prev_closing_price=132600, units_traded_24H=5962.23505903, acc_trade_value_24H=804411700.5928, fluctate_24H=3200, fluctate_rate_24H=2.39}, ETC={opening_price=30080, closing_price=31530, min_price=30000, max_price=31700, units_traded=72691.0870818, acc_trade_value=2253749863.9635, prev_closing_price=30060, units_traded_24H=75506.8573818, acc_trade_value_24H=2338482412.6325, fluctate_24H=1310, fluctate_rate_24H=4.33}, XRP={opening_price=742.4, closing_price=766.4, min_price=740.9, max_price=770.3, units_traded=46337006.99533442, acc_trade_value=35071585909.891, prev_closing_price=742.4, units_traded_24H=49024710.76243862, acc_trade_value_24H=37064347591.4922, fluctate_24H=24.9, fluctate_rate_24H=3.36}, BCH={opening_price=354300, closing_price=368800, min_price=353900, max_price=369800, units_traded=3338.57049267, acc_trade_value=1214792131.8786, prev_closing_price=354400, units_traded_24H=3467.11729267, acc_trade_value_24H=1260459800.9186, fluctate_24H=14100, fluctate_rate_24H=3.98}, QTUM={opening_price=7065, closing_price=7465, min_price=7000, max_price=7510, units_traded=150795.12921005, acc_trade_value=1094172268.2564, prev_closing_price=7020, units_traded_24H=153142.88781005, acc_trade_value_24H=1110742354.1524, fluctate_24H=395, fluctate_rate_24H=5.59}, BTG={opening_price=36160, closing_price=37640, min_price=36060, max_price=38280, units_traded=22254.94686963, acc_trade_value=828421451.7122, prev_closing_price=36160, units_traded_24H=23210.05166963, acc_trade_value_24H=863104542.7912, fluctate_24H=1140, fluctate_rate_24H=3.12}, EOS={opening_price=2755, closing_price=2898, min_price=2750, max_price=2907, units_traded=1122042.80469572, acc_trade_value=3191985440.0392, prev_closing_price=2755, units_traded_24H=1209125.05699572, acc_trade_value_24H=3432041386.1171, fluctate_24H=138, fluctate_rate_24H=5.00}, ICX={opening_price=851, closing_price=923.5, min_price=848.4, max_price=990, units_traded=2084758.6649412, acc_trade_value=1940723706.4159, prev_closing_price=851.2, units_traded_24H=2088642.36637312, acc_trade_value_24H=1944019722.5582, fluctate_24H=72.2, fluctate_rate_24H=8.48}, TRX={opening_price=70.03, closing_price=73.86, min_price=69.89, max_price=73.96, units_traded=52723103.80469704, acc_trade_value=3770497043.4371, prev_closing_price=70.05, units_traded_24H=54423563.79078806, acc_trade_value_24H=3889625152.1875, fluctate_24H=3.73, fluctate_rate_24H=5.32}, ELF={opening_price=400.8, closing_price=409, min_price=398.3, max_price=413.9, units_traded=1353050.8211404, acc_trade_value=550676736.0541, prev_closing_price=400.7, units_traded_24H=1437609.4427404, acc_trade_value_24H=584704739.732, fluctate_24H=7.6, fluctate_rate_24H=1.89}, OMG={opening_price=5580, closing_price=5925, min_price=5460, max_price=5955, units_traded=141107.06193508, acc_trade_value=817052874.4924, prev_closing_price=5580, units_traded_24H=171471.93618108, acc_trade_value_24H=986181638.4054, fluctate_24H=360, fluctate_rate_24H=6.47}, KNC={opening_price=2110, closing_price=2129, min_price=2100, max_price=2252, units_traded=646629.54356249, acc_trade_value=1407470369.902, prev_closing_price=2109, units_traded_24H=655542.93856249, acc_trade_value_24H=1426427548.9036, fluctate_24H=-12, fluctate_rate_24H=-0.56}, GLM={opening_price=413.7, closing_price=421.9, min_price=412.7, max_price=423.9, units_traded=365363.59002754, acc_trade_value=152816129.4125, prev_closing_price=413.7, units_traded_24H=415245.09228908, acc_trade_value_24H=173556473.6016, fluctate_24H=8.1, fluctate_rate_24H=1.96}, ZIL={opening_price=54.67, closing_price=57.22, min_price=54.26, max_price=57.24, units_traded=5265626.02214138, acc_trade_value=295209608.1, prev_closing_price=54.67, units_traded_24H=5339819.24434138, acc_trade_value_24H=299249532.5953, fluctate_24H=3, fluctate_rate_24H=5.53}, WAXP={opening_price=374.5, closing_price=398.5, min_price=373, max_price=399.6, units_traded=2332329.15925813, acc_trade_value=907832209.1663, prev_closing_price=375.6, units_traded_24H=2382113.61035777, acc_trade_value_24H=926418619.3622, fluctate_24H=24.1, fluctate_rate_24H=6.44}, POWR={opening_price=671.2, closing_price=701.9, min_price=667.4, max_price=707.8, units_traded=3557666.78524518, acc_trade_value=2445543584.9484, prev_closing_price=671.2, units_traded_24H=3693621.81651258, acc_trade_value_24H=2536803359.8217, fluctate_24H=26.9, fluctate_rate_24H=3.99}, LRC={opening_price=1175, closing_price=1232, min_price=1171, max_price=1250, units_traded=413951.19482452, acc_trade_value=505607673.8257, prev_closing_price=1175, units_traded_24H=425596.62845279, acc_trade_value_24H=519250057.0286, fluctate_24H=54, fluctate_rate_24H=4.58}, STEEM={opening_price=369.5, closing_price=399.2, min_price=369.5, max_price=428, units_traded=2228728.81562873, acc_trade_value=886276224.2804, prev_closing_price=371.6, units_traded_24H=2249226.97140052, acc_trade_value_24H=893877832.4752, fluctate_24H=26.2, fluctate_rate_24H=7.02}, STRAX={opening_price=1185, closing_price=1236, min_price=1177, max_price=1253, units_traded=102876.26950148, acc_trade_value=124547459.0421, prev_closing_price=1185, units_traded_24H=115305.60190148, acc_trade_value_24H=139203160.5116, fluctate_24H=45, fluctate_rate_24H=3.78}, ZRX={opening_price=651.5, closing_price=699.1, min_price=650.8, max_price=727, units_traded=195165.80790039, acc_trade_value=133146211.7037, prev_closing_price=644.3, units_traded_24H=197163.37350039, acc_trade_value_24H=134441581.2045, fluctate_24H=48.5, fluctate_rate_24H=7.45}, REP={opening_price=15600, closing_price=16100, min_price=15510, max_price=16210, units_traded=13413.06130496, acc_trade_value=213140252.6189, prev_closing_price=15590, units_traded_24H=13542.79100496, acc_trade_value_24H=215162842.4129, fluctate_24H=420, fluctate_rate_24H=2.68}, XEM={opening_price=120.1, closing_price=128.9, min_price=119.4, max_price=130.3, units_traded=3811419.42052679, acc_trade_value=477167607.2417, prev_closing_price=120, units_traded_24H=3922644.85162679, acc_trade_value_24H=490556769.2217, fluctate_24H=8.4, fluctate_rate_24H=6.97}, SNT={opening_price=59.87, closing_price=62.08, min_price=58.72, max_price=63.41, units_traded=3286897.71939472, acc_trade_value=199540053.5233, prev_closing_price=60.2, units_traded_24H=3740410.33016084, acc_trade_value_24H=226941114.3545, fluctate_24H=3.13, fluctate_rate_24H=5.31}, ADA={opening_price=1273, closing_price=1332, min_price=1268, max_price=1338, units_traded=6721651.91956747, acc_trade_value=8715277926.736, prev_closing_price=1271, units_traded_24H=7004145.46068609, acc_trade_value_24H=9074634296.1037, fluctate_24H=53, fluctate_rate_24H=4.14}, CTXC={opening_price=358.2, closing_price=371.5, min_price=356.7, max_price=377.1, units_traded=2088862.81198263, acc_trade_value=767848269.0396, prev_closing_price=361.2, units_traded_24H=2199294.75964513, acc_trade_value_24H=807605716.8307, fluctate_24H=11.5, fluctate_rate_24H=3.19}, BAT={opening_price=1039, closing_price=1074, min_price=1039, max_price=1109, units_traded=1363408.28357949, acc_trade_value=1472286988.7937, prev_closing_price=1041, units_traded_24H=1386091.32797949, acc_trade_value_24H=1495954063.0393, fluctate_24H=20, fluctate_rate_24H=1.9}, WTC={opening_price=608.8, closing_price=640, min_price=600.2, max_price=641.9, units_traded=126674.48056052, acc_trade_value=79170396.4833, prev_closing_price=608.8, units_traded_24H=135903.11628732, acc_trade_value_24H=84749908.4834, fluctate_24H=34.3, fluctate_rate_24H=5.66}, THETA={opening_price=3545, closing_price=3707, min_price=3513, max_price=3729, units_traded=79630.00908627, acc_trade_value=291272342.9018, prev_closing_price=3563, units_traded_24H=82335.4648262, acc_trade_value_24H=300869880.6028, fluctate_24H=144, fluctate_rate_24H=4.04}, LOOM={opening_price=76.65, closing_price=77.88, min_price=73.67, max_price=79, units_traded=3308084.88972535, acc_trade_value=253434679.9016, prev_closing_price=76.67, units_traded_24H=3656211.57852535, acc_trade_value_24H=279814387.4117, fluctate_24H=3.09, fluctate_rate_24H=4.13}, WAVES={opening_price=11830, closing_price=12360, min_price=11830, max_price=12800, units_traded=146853.87371183, acc_trade_value=1805122742.0457, prev_closing_price=11810, units_traded_24H=148614.88106226, acc_trade_value_24H=1825964390.3076, fluctate_24H=470, fluctate_rate_24H=3.95}, TRUE={opening_price=348.6, closing_price=311.5, min_price=274.5, max_price=348.6, units_traded=37328358.78081487, acc_trade_value=11294615762.0359, prev_closing_price=348.7, units_traded_24H=39071387.63320411, acc_trade_value_24H=11893677205.1774, fluctate_24H=-30.4, fluctate_rate_24H=-8.89}, LINK={opening_price=18750, closing_price=20450, min_price=18740, max_price=20550, units_traded=208419.42160141, acc_trade_value=4128073877.573, prev_closing_price=18810, units_traded_24H=213549.05789378, acc_trade_value_24H=4224118660.793, fluctate_24H=1600, fluctate_rate_24H=8.49}, ENJ={opening_price=1983, closing_price=2141, min_price=1970, max_price=2151, units_traded=471872.14018264, acc_trade_value=978942743.4225, prev_closing_price=1993, units_traded_24H=500115.18075262, acc_trade_value_24H=1035485902.6729, fluctate_24H=132, fluctate_rate_24H=6.57}, VET={opening_price=64.28, closing_price=68.19, min_price=64.2, max_price=68.54, units_traded=19985825.95928023, acc_trade_value=1334154782.887, prev_closing_price=64.3, units_traded_24H=20782787.06275611, acc_trade_value_24H=1385552543.7195, fluctate_24H=3.48, fluctate_rate_24H=5.38}, MTL={opening_price=1756, closing_price=1852, min_price=1750, max_price=1855, units_traded=59504.32601923, acc_trade_value=107033451.0246, prev_closing_price=1745, units_traded_24H=59551.10961923, acc_trade_value_24H=107115088.4066, fluctate_24H=107, fluctate_rate_24H=6.13}, IOST={opening_price=28.89, closing_price=31.62, min_price=28.59, max_price=31.74, units_traded=5529167.68601102, acc_trade_value=166865273.0194, prev_closing_price=28.77, units_traded_24H=5613314.40545561, acc_trade_value_24H=169288034.2375, fluctate_24H=2.74, fluctate_rate_24H=9.49}, TMTG={opening_price=3.503, closing_price=3.6, min_price=3.431, max_price=3.8, units_traded=185264788.83721179, acc_trade_value=665327653.5344, prev_closing_price=3.53, units_traded_24H=186768712.41791179, acc_trade_value_24H=670615518.164, fluctate_24H=0.114, fluctate_rate_24H=3.27}, QKC={opening_price=18.17, closing_price=18.77, min_price=17.85, max_price=18.88, units_traded=12864066.58663987, acc_trade_value=237927559.6191, prev_closing_price=18.17, units_traded_24H=13248199.25693987, acc_trade_value_24H=244891695.1133, fluctate_24H=0.84, fluctate_rate_24H=4.68}, ATOLO={opening_price=48.09, closing_price=49.24, min_price=47.64, max_price=49.28, units_traded=2889888.36947333, acc_trade_value=140951742.517, prev_closing_price=48.27, units_traded_24H=3119555.58337333, acc_trade_value_24H=152036418.2896, fluctate_24H=0.44, fluctate_rate_24H=0.90}, AMO={opening_price=2.341, closing_price=2.388, min_price=2.234, max_price=2.391, units_traded=299268658.62797747, acc_trade_value=690323654.4894, prev_closing_price=2.35, units_traded_24H=301741288.15707747, acc_trade_value_24H=696125498.9756, fluctate_24H=0.063, fluctate_rate_24H=2.71}, BSV={opening_price=109400, closing_price=114000, min_price=108800, max_price=114000, units_traded=2138.52249915, acc_trade_value=238483218.6085, prev_closing_price=109400, units_traded_24H=2151.35919915, acc_trade_value_24H=239885610.3085, fluctate_24H=3900, fluctate_rate_24H=3.54}, ORBS={opening_price=77.96, closing_price=80.34, min_price=76.99, max_price=81.46, units_traded=3033603.41340166, acc_trade_value=240243491.0432, prev_closing_price=78, units_traded_24H=4281715.77150699, acc_trade_value_24H=337399891.2297, fluctate_24H=3.94, fluctate_rate_24H=5.16}, TFUEL={opening_price=210.7, closing_price=217.7, min_price=210.2, max_price=224.1, units_traded=2809731.04348, acc_trade_value=609489333.7514, prev_closing_price=211.5, units_traded_24H=2998429.72458669, acc_trade_value_24H=649664614.7269, fluctate_24H=5.1, fluctate_rate_24H=2.4}, VALOR={opening_price=816.6, closing_price=1010, min_price=809.9, max_price=1110, units_traded=14533432.65345607, acc_trade_value=14621231370.6398, prev_closing_price=823.8, units_traded_24H=14574857.18037101, acc_trade_value_24H=14655367786.4751, fluctate_24H=189.4, fluctate_rate_24H=23.08}, CON={opening_price=15.32, closing_price=15.86, min_price=15.15, max_price=16.09, units_traded=40096187.8933959, acc_trade_value=629297073.5248, prev_closing_price=15.43, units_traded_24H=42170198.8390959, acc_trade_value_24H=661134687.2475, fluctate_24H=0.47, fluctate_rate_24H=3.05}, ANKR={opening_price=87.05, closing_price=89.74, min_price=86.52, max_price=91.28, units_traded=3361178.17496625, acc_trade_value=299033171.0272, prev_closing_price=87.4, units_traded_24H=3577714.32116625, acc_trade_value_24H=317859426.772, fluctate_24H=2.83, fluctate_rate_24H=3.26}, MIX={opening_price=14.3, closing_price=15.05, min_price=14.04, max_price=15.54, units_traded=169081933.7726467, acc_trade_value=2512381687.5629, prev_closing_price=14.29, units_traded_24H=179492798.2766151, acc_trade_value_24H=2663943218.9245, fluctate_24H=0.83, fluctate_rate_24H=5.84}, CRO={opening_price=501, closing_price=538.3, min_price=500, max_price=544.7, units_traded=572988.81682566, acc_trade_value=300392651.5691, prev_closing_price=497.2, units_traded_24H=586096.71442566, acc_trade_value_24H=306918652.0429, fluctate_24H=39.7, fluctate_rate_24H=7.96}, FX={opening_price=730.5, closing_price=757.1, min_price=727.9, max_price=767, units_traded=629312.31729259, acc_trade_value=471959479.7779, prev_closing_price=733.4, units_traded_24H=681225.94019259, acc_trade_value_24H=510244013.3908, fluctate_24H=16.6, fluctate_rate_24H=2.24}, CHR={opening_price=619.8, closing_price=673.1, min_price=618.2, max_price=680.1, units_traded=3835008.88347654, acc_trade_value=2506475706.4243, prev_closing_price=619.8, units_traded_24H=3967743.37609784, acc_trade_value_24H=2589345662.8651, fluctate_24H=47.3, fluctate_rate_24H=7.56}, MBL={opening_price=6.816, closing_price=6.99, min_price=6.631, max_price=7.045, units_traded=24722874.42294901, acc_trade_value=169627392.4146, prev_closing_price=6.816, units_traded_24H=40173472.7049263, acc_trade_value_24H=276921323.1335, fluctate_24H=0.33, fluctate_rate_24H=4.95}, MXC={opening_price=102.5, closing_price=106.3, min_price=98.03, max_price=112.5, units_traded=13149485.06085767, acc_trade_value=1356725599.2929, prev_closing_price=103, units_traded_24H=13711318.21824533, acc_trade_value_24H=1414566946.7419, fluctate_24H=3.4, fluctate_rate_24H=3.30}, FCT={opening_price=125.2, closing_price=130.1, min_price=124.1, max_price=132.5, units_traded=476389.05933446, acc_trade_value=61323463.397, prev_closing_price=125.4, units_traded_24H=520008.73793446, acc_trade_value_24H=66794064.6443, fluctate_24H=5.2, fluctate_rate_24H=4.16}, TRV={opening_price=17.09, closing_price=17.9, min_price=16.64, max_price=17.9, units_traded=12114674.90890725, acc_trade_value=209698687.7563, prev_closing_price=17.31, units_traded_24H=12968571.91870725, acc_trade_value_24H=224370421.2424, fluctate_24H=0.73, fluctate_rate_24H=4.25}, DAD={opening_price=185.8, closing_price=190.3, min_price=181, max_price=191, units_traded=1007526.26242275, acc_trade_value=186780470.9496, prev_closing_price=185.8, units_traded_24H=1098674.06460547, acc_trade_value_24H=203647456.1482, fluctate_24H=6.2, fluctate_rate_24H=3.37}, WOM={opening_price=135.2, closing_price=139, min_price=131.1, max_price=147.9, units_traded=5783390.78332316, acc_trade_value=805297895.5048, prev_closing_price=135.2, units_traded_24H=5973258.75372423, acc_trade_value_24H=831156802.7899, fluctate_24H=4, fluctate_rate_24H=2.96}, SOC={opening_price=17.03, closing_price=17.32, min_price=16.82, max_price=17.52, units_traded=74638893.48949366, acc_trade_value=1279030173.8332, prev_closing_price=17.03, units_traded_24H=76514814.86579366, acc_trade_value_24H=1310935889.1842, fluctate_24H=0.32, fluctate_rate_24H=1.88}, BOA={opening_price=158.7, closing_price=162, min_price=152.8, max_price=167.9, units_traded=2725781.920852, acc_trade_value=437191898.0995, prev_closing_price=158.8, units_traded_24H=2858359.7620548, acc_trade_value_24H=457967957.5344, fluctate_24H=5.5, fluctate_rate_24H=3.51}, FLETA={opening_price=43.41, closing_price=44.48, min_price=42.55, max_price=45.35, units_traded=21657999.59853994, acc_trade_value=957891203.2152, prev_closing_price=43.4, units_traded_24H=22367935.01378084, acc_trade_value_24H=988554134.9024, fluctate_24H=1.33, fluctate_rate_24H=3.08}, SXP={opening_price=1604, closing_price=1702, min_price=1602, max_price=1733, units_traded=1376951.10100114, acc_trade_value=2310297617.1524, prev_closing_price=1602, units_traded_24H=1409067.18795196, acc_trade_value_24H=2361920168.4478, fluctate_24H=88, fluctate_rate_24H=5.45}, COS={opening_price=17.6, closing_price=18.13, min_price=17.09, max_price=18.88, units_traded=21383829.79390631, acc_trade_value=381823774.4236, prev_closing_price=17.6, units_traded_24H=21438048.56400631, acc_trade_value_24H=382776066.1727, fluctate_24H=0.53, fluctate_rate_24H=3.01}, APIX={opening_price=64.92, closing_price=67.47, min_price=63.1, max_price=68, units_traded=2043967.13754721, acc_trade_value=135636352.7778, prev_closing_price=64.91, units_traded_24H=2119712.39300386, acc_trade_value_24H=140527006.6066, fluctate_24H=3.06, fluctate_rate_24H=4.75}, EL={opening_price=9.25, closing_price=9.494, min_price=9.034, max_price=10.07, units_traded=116002932.40527463, acc_trade_value=1088215866.5085, prev_closing_price=9.215, units_traded_24H=125418662.95435131, acc_trade_value_24H=1174698379.5563, fluctate_24H=0.25, fluctate_rate_24H=2.70}, BASIC={opening_price=5.733, closing_price=5.761, min_price=5.46, max_price=5.895, units_traded=188771190.68149321, acc_trade_value=1068967476.4331, prev_closing_price=5.721, units_traded_24H=196584583.32792556, acc_trade_value_24H=1113912366.3864, fluctate_24H=0.021, fluctate_rate_24H=0.37}, HIVE={opening_price=1102, closing_price=1201, min_price=1101, max_price=1211, units_traded=755537.7333722, acc_trade_value=874640478.4805, prev_closing_price=1103, units_traded_24H=785449.15445066, acc_trade_value_24H=907653685.8587, fluctate_24H=112, fluctate_rate_24H=10.28}, XPR={opening_price=12.13, closing_price=12.51, min_price=12.01, max_price=13.1, units_traded=31119784.64426687, acc_trade_value=386656419.5351, prev_closing_price=12.14, units_traded_24H=31465490.20903529, acc_trade_value_24H=390854575.5702, fluctate_24H=0.37, fluctate_rate_24H=3.05}, VRA={opening_price=31.85, closing_price=33.61, min_price=31.2, max_price=38.38, units_traded=26843951.01298665, acc_trade_value=915020327.9495, prev_closing_price=31.84, units_traded_24H=26880866.42058665, acc_trade_value_24H=916212082.35, fluctate_24H=1.27, fluctate_rate_24H=3.93}, FIT={opening_price=4.713, closing_price=4.889, min_price=4.633, max_price=4.945, units_traded=914176235.11571559, acc_trade_value=4397710434.8654, prev_closing_price=4.714, units_traded_24H=939269587.04554978, acc_trade_value_24H=4515617314.5401, fluctate_24H=0.193, fluctate_rate_24H=4.11}, EGG={opening_price=7.085, closing_price=7.297, min_price=6.79, max_price=7.585, units_traded=159160700.49852607, acc_trade_value=1138177444.7306, prev_closing_price=7.085, units_traded_24H=163494056.52127182, acc_trade_value_24H=1168347028.5356, fluctate_24H=0.316, fluctate_rate_24H=4.53}, BORA={opening_price=1215, closing_price=1288, min_price=1215, max_price=1309, units_traded=14198653.83030914, acc_trade_value=18016931841.6026, prev_closing_price=1215, units_traded_24H=14875657.03728309, acc_trade_value_24H=18841826215.7807, fluctate_24H=53, fluctate_rate_24H=4.29}, ARPA={opening_price=76.13, closing_price=79.89, min_price=75.8, max_price=80.47, units_traded=1417690.91057311, acc_trade_value=111190932.5163, prev_closing_price=76.14, units_traded_24H=1441183.25637311, acc_trade_value_24H=112980420.7044, fluctate_24H=3.43, fluctate_rate_24H=4.49}, CTC={opening_price=1484, closing_price=1581, min_price=1473, max_price=1590, units_traded=402283.17561173, acc_trade_value=615604200.4027, prev_closing_price=1484, units_traded_24H=408523.79431173, acc_trade_value_24H=624898423.4597, fluctate_24H=100, fluctate_rate_24H=6.75}, APM={opening_price=34.56, closing_price=34.76, min_price=33.79, max_price=34.96, units_traded=3701806.54983069, acc_trade_value=126864649.8194, prev_closing_price=34.56, units_traded_24H=3722026.67195165, acc_trade_value_24H=127565714.79, fluctate_24H=0.55, fluctate_rate_24H=1.61}, CKB={opening_price=17.95, closing_price=18.86, min_price=17.76, max_price=19.47, units_traded=22642371.05032519, acc_trade_value=430161581.535, prev_closing_price=17.98, units_traded_24H=22838117.88918826, acc_trade_value_24H=433678531.7355, fluctate_24H=0.84, fluctate_rate_24H=4.66}, AERGO={opening_price=221.4, closing_price=230.1, min_price=217.3, max_price=232.8, units_traded=3491087.08630059, acc_trade_value=791545314.4525, prev_closing_price=220.7, units_traded_24H=3608522.46785, acc_trade_value_24H=817306027.6144, fluctate_24H=11.1, fluctate_rate_24H=5.07}, ANW={opening_price=34.2, closing_price=35.38, min_price=33.54, max_price=35.47, units_traded=73689077.06996085, acc_trade_value=2545388437.291, prev_closing_price=34.09, units_traded_24H=76330763.49595432, acc_trade_value_24H=2636071806.7545, fluctate_24H=0.93, fluctate_rate_24H=2.7}, CENNZ={opening_price=138.1, closing_price=146.3, min_price=135, max_price=146.3, units_traded=2068079.21401497, acc_trade_value=290911808.3597, prev_closing_price=139.3, units_traded_24H=2178240.06031497, acc_trade_value_24H=306080755.1222, fluctate_24H=6.3, fluctate_rate_24H=4.50}, EVZ={opening_price=69.69, closing_price=72.12, min_price=69.39, max_price=73.99, units_traded=3959072.59324678, acc_trade_value=283795029.7052, prev_closing_price=69.4, units_traded_24H=4050940.97265852, acc_trade_value_24H=290208840.4084, fluctate_24H=2.1, fluctate_rate_24H=3}, CYCLUB={opening_price=53.26, closing_price=56.56, min_price=53, max_price=59.4, units_traded=110325550.31376404, acc_trade_value=6241882265.7165, prev_closing_price=53.26, units_traded_24H=111565528.85031408, acc_trade_value_24H=6308107670.2567, fluctate_24H=3.05, fluctate_rate_24H=5.7}, SRM={opening_price=2631, closing_price=2822, min_price=2629, max_price=2846, units_traded=172690.89927062, acc_trade_value=473523741.6541, prev_closing_price=2637, units_traded_24H=188910.71237062, acc_trade_value_24H=516172596.8062, fluctate_24H=166, fluctate_rate_24H=6.25}, QTCON={opening_price=8.27, closing_price=8.665, min_price=8.24, max_price=8.87, units_traded=19554747.04340266, acc_trade_value=168578532.4259, prev_closing_price=8.27, units_traded_24H=20034338.84040266, acc_trade_value_24H=172542576.3112, fluctate_24H=0.405, fluctate_rate_24H=4.90}, UNI={opening_price=12510, closing_price=13740, min_price=12510, max_price=13830, units_traded=43587.85022741, acc_trade_value=574899165.713, prev_closing_price=12520, units_traded_24H=44272.19622741, acc_trade_value_24H=583530740.022, fluctate_24H=1120, fluctate_rate_24H=8.87}, YFI={opening_price=28674000, closing_price=30114000, min_price=28447000, max_price=30200000, units_traded=81.10876506, acc_trade_value=2390762999.7422, prev_closing_price=28674000, units_traded_24H=83.34659353, acc_trade_value_24H=2454623605.3422, fluctate_24H=1470000, fluctate_rate_24H=5.13}, UMA={opening_price=7080, closing_price=7410, min_price=6965, max_price=8470, units_traded=118191.50201443, acc_trade_value=888443224.6425, prev_closing_price=7070, units_traded_24H=121354.80707188, acc_trade_value_24H=910661392.436, fluctate_24H=390, fluctate_rate_24H=5.56}, AAVE={opening_price=177000, closing_price=192800, min_price=174200, max_price=299400, units_traded=16841.04731708, acc_trade_value=3278974205.7845, prev_closing_price=177000, units_traded_24H=16990.68020953, acc_trade_value_24H=3305568031.3645, fluctate_24H=13300, fluctate_rate_24H=7.41}, COMP={opening_price=150700, closing_price=155500, min_price=149800, max_price=201800, units_traded=3182.07733992, acc_trade_value=503230407.652, prev_closing_price=150000, units_traded_24H=3189.91883992, acc_trade_value_24H=504407322.992, fluctate_24H=3500, fluctate_rate_24H=2.30}, REN={opening_price=386.8, closing_price=412.5, min_price=386, max_price=468.7, units_traded=2288458.59523744, acc_trade_value=920431256.8121, prev_closing_price=388, units_traded_24H=2292283.01093744, acc_trade_value_24H=921903827.5647, fluctate_24H=25.4, fluctate_rate_24H=6.56}, BAL={opening_price=14180, closing_price=15330, min_price=14180, max_price=15350, units_traded=13189.38999854, acc_trade_value=195441716.3221, prev_closing_price=14290, units_traded_24H=14200.79899854, acc_trade_value_24H=210106670.3391, fluctate_24H=830, fluctate_rate_24H=5.72}, RSR={opening_price=22.11, closing_price=23.59, min_price=22.05, max_price=23.65, units_traded=22360074.69639822, acc_trade_value=514924136.8036, prev_closing_price=21.91, units_traded_24H=22631656.60599822, acc_trade_value_24H=520910352.8659, fluctate_24H=1.33, fluctate_rate_24H=5.97}, NMR={opening_price=32380, closing_price=33530, min_price=32360, max_price=37700, units_traded=149828.65574434, acc_trade_value=5209266901.0332, prev_closing_price=32380, units_traded_24H=151368.40394434, acc_trade_value_24H=5259606558.4432, fluctate_24H=700, fluctate_rate_24H=2.13}, RLC={opening_price=2172, closing_price=2390, min_price=2134, max_price=2397, units_traded=179991.1846212, acc_trade_value=413478149.6652, prev_closing_price=2171, units_traded_24H=191025.0827212, acc_trade_value_24H=437311409.8546, fluctate_24H=203, fluctate_rate_24H=9.28}, UOS={opening_price=1241, closing_price=1310, min_price=1202, max_price=1348, units_traded=84534.25626536, acc_trade_value=106306277.8276, prev_closing_price=1241, units_traded_24H=84556.74446536, acc_trade_value_24H=106334210.1527, fluctate_24H=51, fluctate_rate_24H=4.05}, SAND={opening_price=4154, closing_price=4669, min_price=4125, max_price=4775, units_traded=7828413.7376721, acc_trade_value=35348105098.2639, prev_closing_price=4152, units_traded_24H=8068712.52542451, acc_trade_value_24H=36351226180.651, fluctate_24H=470, fluctate_rate_24H=11.19}, GOM2={opening_price=42.66, closing_price=44.02, min_price=42.01, max_price=44.2, units_traded=15254376.98354335, acc_trade_value=662289344.8108, prev_closing_price=42.68, units_traded_24H=16330073.19234756, acc_trade_value_24H=707921518.9335, fluctate_24H=1.07, fluctate_rate_24H=2.49}, RINGX={opening_price=39.5, closing_price=41.05, min_price=38.26, max_price=41.8, units_traded=8619400.46770271, acc_trade_value=344981363.2688, prev_closing_price=39.3, units_traded_24H=8709410.12495343, acc_trade_value_24H=348505714.359, fluctate_24H=2.1, fluctate_rate_24H=5.39}, BEL={opening_price=1055, closing_price=1142, min_price=1052, max_price=1155, units_traded=216915.89726787, acc_trade_value=242308580.2383, prev_closing_price=1055, units_traded_24H=218276.05656787, acc_trade_value_24H=243751414.6493, fluctate_24H=81, fluctate_rate_24H=7.63}, OBSR={opening_price=4.584, closing_price=4.753, min_price=4.571, max_price=4.766, units_traded=19841044.80659701, acc_trade_value=92762771.3332, prev_closing_price=4.664, units_traded_24H=21589211.52268407, acc_trade_value_24H=100842141.4251, fluctate_24H=0.093, fluctate_rate_24H=2}, ORC={opening_price=349.7, closing_price=363.1, min_price=347, max_price=364, units_traded=2176997.11968307, acc_trade_value=773373195.3675, prev_closing_price=349.7, units_traded_24H=2325598.74328307, acc_trade_value_24H=825515132.2922, fluctate_24H=11.4, fluctate_rate_24H=3.24}, POLA={opening_price=106.7, closing_price=110, min_price=103.1, max_price=110.4, units_traded=1854546.84170742, acc_trade_value=200067208.1855, prev_closing_price=106.7, units_traded_24H=1869832.89620742, acc_trade_value_24H=201686760.446, fluctate_24H=3.6, fluctate_rate_24H=3.38}, AWO={opening_price=21.7, closing_price=21.98, min_price=21.04, max_price=22.15, units_traded=4767420.45467328, acc_trade_value=103504282.5492, prev_closing_price=21.7, units_traded_24H=4988518.35770855, acc_trade_value_24H=108249694.3484, fluctate_24H=0.87, fluctate_rate_24H=4.12}, ADP={opening_price=50.07, closing_price=50.92, min_price=49.54, max_price=51.75, units_traded=41543699.81081656, acc_trade_value=2103561195.2594, prev_closing_price=50.06, units_traded_24H=42763293.83981656, acc_trade_value_24H=2164795892.8374, fluctate_24H=0.65, fluctate_rate_24H=1.29}, DVI={opening_price=798.1, closing_price=844.6, min_price=766.2, max_price=847.9, units_traded=2310859.75542512, acc_trade_value=1873448693.7328, prev_closing_price=798.2, units_traded_24H=2429588.10082512, acc_trade_value_24H=1967441325.4137, fluctate_24H=64.6, fluctate_rate_24H=8.28}, GHX={opening_price=60.8, closing_price=62.33, min_price=59.16, max_price=63.35, units_traded=4938025.92902972, acc_trade_value=303667156.5369, prev_closing_price=61.26, units_traded_24H=5076134.73440677, acc_trade_value_24H=312075431.1893, fluctate_24H=2.09, fluctate_rate_24H=3.47}, MIR={opening_price=1410, closing_price=1485, min_price=1404, max_price=1499, units_traded=213110.86801025, acc_trade_value=306618817.7992, prev_closing_price=1411, units_traded_24H=238910.36681025, acc_trade_value_24H=342945705.4216, fluctate_24H=64, fluctate_rate_24H=4.50}, MVC={opening_price=24.23, closing_price=25.29, min_price=23.72, max_price=25.93, units_traded=981087544.07194307, acc_trade_value=24453034258.5265, prev_closing_price=24.21, units_traded_24H=1013451338.22767014, acc_trade_value_24H=25236526350.877, fluctate_24H=1.07, fluctate_rate_24H=4.42}, BLY={opening_price=25.71, closing_price=26.24, min_price=25.01, max_price=28.5, units_traded=18529950.39457934, acc_trade_value=486020277.5609, prev_closing_price=25.8, units_traded_24H=18781557.95860118, acc_trade_value_24H=492459496.3975, fluctate_24H=0.69, fluctate_rate_24H=2.70}, WOZX={opening_price=224.9, closing_price=234.5, min_price=222.4, max_price=235.1, units_traded=522190.0773464, acc_trade_value=120317005.6751, prev_closing_price=228.1, units_traded_24H=534488.1118464, acc_trade_value_24H=123106966.7653, fluctate_24H=8.5, fluctate_rate_24H=3.76}, ANV={opening_price=682.7, closing_price=695.9, min_price=675, max_price=698, units_traded=189813.40510247, acc_trade_value=130562210.1308, prev_closing_price=675.7, units_traded_24H=200521.32305093, acc_trade_value_24H=137852038.4266, fluctate_24H=13.3, fluctate_rate_24H=1.95}, GRT={opening_price=494.8, closing_price=519.8, min_price=494.8, max_price=522, units_traded=409775.02440835, acc_trade_value=210091643.0846, prev_closing_price=497.6, units_traded_24H=435333.11980835, acc_trade_value_24H=222873377.6311, fluctate_24H=17.9, fluctate_rate_24H=3.57}, MM={opening_price=520.7, closing_price=543, min_price=507.8, max_price=544.5, units_traded=548128.29161399, acc_trade_value=290746546.2086, prev_closing_price=520.7, units_traded_24H=553330.16287092, acc_trade_value_24H=293433585.941, fluctate_24H=22.4, fluctate_rate_24H=4.30}, BIOT={opening_price=40.88, closing_price=42.64, min_price=40.2, max_price=43.98, units_traded=107239107.01693204, acc_trade_value=4501078411.1349, prev_closing_price=40.91, units_traded_24H=141795651.2356643, acc_trade_value_24H=5911863965.8234, fluctate_24H=1.73, fluctate_rate_24H=4.23}, XNO={opening_price=80.03, closing_price=83.62, min_price=78.4, max_price=84.9, units_traded=382477224.04112577, acc_trade_value=31601011393.3671, prev_closing_price=80.48, units_traded_24H=390813836.64295439, acc_trade_value_24H=32271816056.5671, fluctate_24H=4.22, fluctate_rate_24H=5.31}, SNX={opening_price=5615, closing_price=6125, min_price=5530, max_price=6165, units_traded=90195.19470242, acc_trade_value=531925009.8694, prev_closing_price=5615, units_traded_24H=92513.49703881, acc_trade_value_24H=544924419.9974, fluctate_24H=475, fluctate_rate_24H=8.41}, SOFI={opening_price=292.2, closing_price=308, min_price=287.2, max_price=310, units_traded=864255.51981684, acc_trade_value=259889977.5274, prev_closing_price=292.3, units_traded_24H=874682.50171684, acc_trade_value_24H=262944768.8909, fluctate_24H=18.3, fluctate_rate_24H=6.32}, COLA={opening_price=178.5, closing_price=182.7, min_price=172.1, max_price=200, units_traded=3006502.96215119, acc_trade_value=556288982.3416, prev_closing_price=178.5, units_traded_24H=3040114.05201173, acc_trade_value_24H=562206233.121, fluctate_24H=8.6, fluctate_rate_24H=4.94}, NU={opening_price=577.6, closing_price=638, min_price=572.1, max_price=745.6, units_traded=10394308.07905249, acc_trade_value=6761806542.3444, prev_closing_price=577.2, units_traded_24H=10502288.25755249, acc_trade_value_24H=6824379019.2056, fluctate_24H=52.8, fluctate_rate_24H=9.02}, OXT={opening_price=292.9, closing_price=306.9, min_price=289.3, max_price=314.4, units_traded=813666.8247942, acc_trade_value=246798885.0917, prev_closing_price=290.5, units_traded_24H=842233.7808942, acc_trade_value_24H=255198811.8668, fluctate_24H=11.7, fluctate_rate_24H=3.96}, LINA={opening_price=28.25, closing_price=31.15, min_price=28, max_price=36.35, units_traded=114202683.88875864, acc_trade_value=3627277346.6684, prev_closing_price=28.19, units_traded_24H=114297858.29635864, acc_trade_value_24H=3629953769.6395, fluctate_24H=2.96, fluctate_rate_24H=10.50}, MAP={opening_price=24.54, closing_price=25.75, min_price=24.12, max_price=26.62, units_traded=8465490.44498341, acc_trade_value=214053783.0113, prev_closing_price=24.68, units_traded_24H=8517568.7346375, acc_trade_value_24H=215343503.3985, fluctate_24H=0.91, fluctate_rate_24H=3.66}, AQT={opening_price=3041, closing_price=3212, min_price=3038, max_price=3295, units_traded=42548.11470906, acc_trade_value=134534123.5882, prev_closing_price=3041, units_traded_24H=44080.57520906, acc_trade_value_24H=139207726.0331, fluctate_24H=164, fluctate_rate_24H=5.38}, WIKEN={opening_price=15.1, closing_price=15.52, min_price=14.77, max_price=16.45, units_traded=13842713.49521778, acc_trade_value=213911516.5588, prev_closing_price=15.1, units_traded_24H=14702490.98428799, acc_trade_value_24H=226812236.2832, fluctate_24H=0.6, fluctate_rate_24H=4.02}, CTSI={opening_price=542.6, closing_price=574.7, min_price=539.9, max_price=575.3, units_traded=401172.90918718, acc_trade_value=224850592.1746, prev_closing_price=544.7, units_traded_24H=436588.93328718, acc_trade_value_24H=244145334.3843, fluctate_24H=29.5, fluctate_rate_24H=5.41}, MANA={opening_price=2740, closing_price=2942, min_price=2730, max_price=2993, units_traded=1907379.90740017, acc_trade_value=5501284314.6459, prev_closing_price=2735, units_traded_24H=1974833.87198291, acc_trade_value_24H=5686603878.6262, fluctate_24H=171, fluctate_rate_24H=6.17}, LPT={opening_price=30730, closing_price=33410, min_price=30550, max_price=33560, units_traded=11438.96464161, acc_trade_value=370504440.7959, prev_closing_price=30700, units_traded_24H=11689.09784735, acc_trade_value_24H=378205577.0259, fluctate_24H=2820, fluctate_rate_24H=9.22}, MKR={opening_price=2217000, closing_price=2378000, min_price=2059000, max_price=2378000, units_traded=58.48500566, acc_trade_value=133933449.2851, prev_closing_price=2215000, units_traded_24H=67.15950566, acc_trade_value_24H=153296585.2851, fluctate_24H=127000, fluctate_rate_24H=5.64}, SUSHI={opening_price=5055, closing_price=5290, min_price=5015, max_price=5310, units_traded=36461.54411772, acc_trade_value=187713466.3513, prev_closing_price=4991, units_traded_24H=41529.58711772, acc_trade_value_24H=213171863.7255, fluctate_24H=240, fluctate_rate_24H=4.75}, ASM={opening_price=63.96, closing_price=67.51, min_price=62.71, max_price=67.93, units_traded=15765136.54989961, acc_trade_value=1032766038.9415, prev_closing_price=63.96, units_traded_24H=16379407.46067567, acc_trade_value_24H=1072170558.0204, fluctate_24H=3.08, fluctate_rate_24H=4.78}, PUNDIX={opening_price=902.5, closing_price=969.7, min_price=900.2, max_price=1020, units_traded=1215570.10273092, acc_trade_value=1193967778.1837, prev_closing_price=900, units_traded_24H=1226577.85125547, acc_trade_value_24H=1203891448.0265, fluctate_24H=68.7, fluctate_rate_24H=7.62}, CELR={opening_price=59.9, closing_price=63.9, min_price=59.68, max_price=64, units_traded=5261045.94073637, acc_trade_value=327106979.434, prev_closing_price=61.2, units_traded_24H=5463687.50037969, acc_trade_value_24H=339382533.0348, fluctate_24H=4.03, fluctate_rate_24H=6.73}, LF={opening_price=274.7, closing_price=288.1, min_price=272.8, max_price=292, units_traded=48867427.43552143, acc_trade_value=13875058164.2344, prev_closing_price=274.7, units_traded_24H=49309740.95082143, acc_trade_value_24H=13996598716.13, fluctate_24H=14.6, fluctate_rate_24H=5.34}, ARW={opening_price=2155, closing_price=2218, min_price=2108, max_price=2252, units_traded=111196.14103915, acc_trade_value=243722453.1487, prev_closing_price=2155, units_traded_24H=119882.62693915, acc_trade_value_24H=262338891.7496, fluctate_24H=60, fluctate_rate_24H=2.78}, FRONT={opening_price=635.1, closing_price=643, min_price=611, max_price=678.6, units_traded=42305971.13779977, acc_trade_value=26753278873.5613, prev_closing_price=635.1, units_traded_24H=42504810.586942, acc_trade_value_24H=26877567965.2614, fluctate_24H=13, fluctate_rate_24H=2.06}, MSB={opening_price=159, closing_price=173.3, min_price=157.3, max_price=174.9, units_traded=82615616.72290086, acc_trade_value=13707765826.6443, prev_closing_price=159.1, units_traded_24H=83456177.53430086, acc_trade_value_24H=13842107473.7627, fluctate_24H=13.6, fluctate_rate_24H=8.52}, RLY={opening_price=267.5, closing_price=277.7, min_price=265.7, max_price=277.8, units_traded=233653.97887383, acc_trade_value=63795912.439, prev_closing_price=265.6, units_traded_24H=253936.42649288, acc_trade_value_24H=69234434.0223, fluctate_24H=8.8, fluctate_rate_24H=3.27}, OCEAN={opening_price=702.8, closing_price=736.3, min_price=696.4, max_price=742.5, units_traded=1127765.87072273, acc_trade_value=811844652.3504, prev_closing_price=704.7, units_traded_24H=1214954.00706052, acc_trade_value_24H=873609270.031, fluctate_24H=20.5, fluctate_rate_24H=2.86}, BFC={opening_price=217.1, closing_price=233.1, min_price=216.8, max_price=239.9, units_traded=4776337.31115897, acc_trade_value=1095827548.7138, prev_closing_price=216.8, units_traded_24H=4845356.33445897, acc_trade_value_24H=1110930307.5869, fluctate_24H=13.2, fluctate_rate_24H=6.00}, ALICE={opening_price=8060, closing_price=8570, min_price=8060, max_price=8575, units_traded=57093.7087323, acc_trade_value=479570662.8249, prev_closing_price=8080, units_traded_24H=58720.27931004, acc_trade_value_24H=492703857.3688, fluctate_24H=425, fluctate_rate_24H=5.22}, COTI={opening_price=359.3, closing_price=386.7, min_price=356.3, max_price=397.4, units_traded=1323884.32196978, acc_trade_value=509562922.0285, prev_closing_price=358.5, units_traded_24H=1326522.78676978, acc_trade_value_24H=510513002.8226, fluctate_24H=26.3, fluctate_rate_24H=7.3}, CAKE={opening_price=8655, closing_price=9110, min_price=8590, max_price=9465, units_traded=44334.29326896, acc_trade_value=395494438.9888, prev_closing_price=8645, units_traded_24H=46021.68188938, acc_trade_value_24H=410140470.3203, fluctate_24H=340, fluctate_rate_24H=3.88}, BNT={opening_price=2812, closing_price=3012, min_price=2812, max_price=3025, units_traded=85145.39152004, acc_trade_value=251146464.6432, prev_closing_price=2849, units_traded_24H=89317.66487281, acc_trade_value_24H=263022933.1474, fluctate_24H=150, fluctate_rate_24H=5.24}, XVS={opening_price=10240, closing_price=10560, min_price=10170, max_price=10680, units_traded=43506.34445553, acc_trade_value=453815856.9987, prev_closing_price=10250, units_traded_24H=47209.15052781, acc_trade_value_24H=492053571.1707, fluctate_24H=170, fluctate_rate_24H=1.64}, CHZ={opening_price=216.5, closing_price=229.5, min_price=216.3, max_price=230.1, units_traded=3565083.33278785, acc_trade_value=788497593.3457, prev_closing_price=216.8, units_traded_24H=3616019.78698785, acc_trade_value_24H=799526199.8332, fluctate_24H=11.4, fluctate_rate_24H=5.23}, AXS={opening_price=57000, closing_price=61300, min_price=55750, max_price=64850, units_traded=46656.39844109, acc_trade_value=2795801214.0611, prev_closing_price=57000, units_traded_24H=47527.14484109, acc_trade_value_24H=2845489062.6011, fluctate_24H=3750, fluctate_rate_24H=6.52}, DAO={opening_price=3104, closing_price=3162, min_price=3077, max_price=3384, units_traded=146366.66112726, acc_trade_value=462291073.9983, prev_closing_price=3103, units_traded_24H=148280.99812726, acc_trade_value_24H=468246036.9309, fluctate_24H=7, fluctate_rate_24H=0.22}, DAI={opening_price=1239, closing_price=1237, min_price=1231, max_price=1243, units_traded=228855.7881293, acc_trade_value=282745305.8977, prev_closing_price=1239, units_traded_24H=229301.47004686, acc_trade_value_24H=283297871.8179, fluctate_24H=-3, fluctate_rate_24H=-0.24}, MATIC={opening_price=1982, closing_price=2128, min_price=1976, max_price=2149, units_traded=4109024.64922111, acc_trade_value=8553950383.8707, prev_closing_price=1979, units_traded_24H=4300812.38291105, acc_trade_value_24H=8936678139.8618, fluctate_24H=113, fluctate_rate_24H=5.61}, WOO={opening_price=684.2, closing_price=729, min_price=683, max_price=864.5, units_traded=1938402.56275899, acc_trade_value=1446301869.3358, prev_closing_price=684.2, units_traded_24H=1946152.02034776, acc_trade_value_24H=1451651213.3302, fluctate_24H=24.5, fluctate_rate_24H=3.48}, BAKE={opening_price=735.9, closing_price=781.8, min_price=735.9, max_price=782.9, units_traded=150746.29218799, acc_trade_value=113905790.6178, prev_closing_price=743.9, units_traded_24H=185037.37148799, acc_trade_value_24H=139491277.2538, fluctate_24H=32.2, fluctate_rate_24H=4.3}, VELO={opening_price=102.3, closing_price=104, min_price=100.4, max_price=107, units_traded=4288762.94545086, acc_trade_value=441029999.9017, prev_closing_price=103.1, units_traded_24H=4341816.17308966, acc_trade_value_24H=446475987.6606, fluctate_24H=0.9, fluctate_rate_24H=0.87}, BCD={opening_price=1082, closing_price=1126, min_price=1071, max_price=1389, units_traded=649761.20808815, acc_trade_value=760992063.1965, prev_closing_price=1082, units_traded_24H=649781.56228815, acc_trade_value_24H=761014086.4409, fluctate_24H=44, fluctate_rate_24H=4.07}, XLM={opening_price=241, closing_price=251.9, min_price=239.8, max_price=252.5, units_traded=5264308.12992813, acc_trade_value=1298620854.16, prev_closing_price=240.6, units_traded_24H=5558799.93560172, acc_trade_value_24H=1369626071.8569, fluctate_24H=9.7, fluctate_rate_24H=4.00}, GXC={opening_price=1849, closing_price=1905, min_price=1819, max_price=1946, units_traded=2397359.28629653, acc_trade_value=4492642508.4071, prev_closing_price=1854, units_traded_24H=2499040.1089176, acc_trade_value_24H=4681591490.0656, fluctate_24H=30, fluctate_rate_24H=1.60}, VSYS={opening_price=15.36, closing_price=16.18, min_price=15.2, max_price=17.07, units_traded=8033046.54517307, acc_trade_value=127679600.5381, prev_closing_price=15.36, units_traded_24H=8374733.60187307, acc_trade_value_24H=132923347.0694, fluctate_24H=0.83, fluctate_rate_24H=5.41}, IPX={opening_price=54.12, closing_price=57.12, min_price=53.65, max_price=57.22, units_traded=4340508.39945623, acc_trade_value=241347057.3868, prev_closing_price=54, units_traded_24H=4540024.80285623, acc_trade_value_24H=252130871.2488, fluctate_24H=2.64, fluctate_rate_24H=4.85}, WICC={opening_price=165.9, closing_price=172.5, min_price=161.2, max_price=173.9, units_traded=3926971.50694395, acc_trade_value=659806551.0936, prev_closing_price=164.9, units_traded_24H=4041161.24264395, acc_trade_value_24H=678838125.3639, fluctate_24H=3.6, fluctate_rate_24H=2.13}, ONT={opening_price=574.6, closing_price=597.7, min_price=568.4, max_price=599.4, units_traded=332660.71171301, acc_trade_value=195552490.5887, prev_closing_price=565.7, units_traded_24H=336890.67931301, acc_trade_value_24H=197956828.1891, fluctate_24H=26.9, fluctate_rate_24H=4.71}, LUNA={opening_price=60350, closing_price=65500, min_price=59150, max_price=66150, units_traded=494943.77117981, acc_trade_value=31162749643.4347, prev_closing_price=60350, units_traded_24H=521828.25445582, acc_trade_value_24H=32786062769.0036, fluctate_24H=4400, fluctate_rate_24H=7.20}, AION={opening_price=110.3, closing_price=113, min_price=104.9, max_price=115, units_traded=2216136.74825276, acc_trade_value=241777762.1222, prev_closing_price=110.8, units_traded_24H=2628463.30139232, acc_trade_value_24H=287167775.7324, fluctate_24H=5.7, fluctate_rate_24H=5.31}, META={opening_price=84.74, closing_price=86.98, min_price=83.75, max_price=87.08, units_traded=2290918.10080603, acc_trade_value=196336641.7114, prev_closing_price=84.84, units_traded_24H=2778246.27367248, acc_trade_value_24H=237687265.759, fluctate_24H=4.33, fluctate_rate_24H=5.24}, KLAY={opening_price=1464, closing_price=1506, min_price=1455, max_price=1511, units_traded=6782303.50432665, acc_trade_value=10096450376.7149, prev_closing_price=1464, units_traded_24H=7319784.15463616, acc_trade_value_24H=10887680043.4602, fluctate_24H=33, fluctate_rate_24H=2.24}, ONG={opening_price=729.1, closing_price=761.1, min_price=728.8, max_price=768, units_traded=400522.70281218, acc_trade_value=300268295.3099, prev_closing_price=732.2, units_traded_24H=403762.81455337, acc_trade_value_24H=302641858.0643, fluctate_24H=26.4, fluctate_rate_24H=3.59}, ALGO={opening_price=1169, closing_price=1236, min_price=1162, max_price=1241, units_traded=841177.426494, acc_trade_value=1010133940.6921, prev_closing_price=1172, units_traded_24H=871769.293998, acc_trade_value_24H=1046149382.8939, fluctate_24H=57, fluctate_rate_24H=4.83}, JST={opening_price=50.96, closing_price=52.85, min_price=50.4, max_price=52.85, units_traded=860272.8721511, acc_trade_value=44423211.8488, prev_closing_price=50.6, units_traded_24H=965052.9650511, acc_trade_value_24H=49741240.0393, fluctate_24H=1.96, fluctate_rate_24H=3.85}, XTZ={opening_price=3585, closing_price=3854, min_price=3584, max_price=3866, units_traded=191737.711015, acc_trade_value=724381146.4512, prev_closing_price=3597, units_traded_24H=192896.937652, acc_trade_value_24H=728542253.9204, fluctate_24H=238, fluctate_rate_24H=6.58}, MLK={opening_price=979.4, closing_price=1051, min_price=975, max_price=1100, units_traded=1769552.0990695, acc_trade_value=1851869270.5452, prev_closing_price=983, units_traded_24H=1867543.8476695, acc_trade_value_24H=1948053653.7171, fluctate_24H=79.9, fluctate_rate_24H=8.23}, WEMIX={opening_price=7335, closing_price=7980, min_price=7235, max_price=8305, units_traded=8609484.51789372, acc_trade_value=67926762877.7385, prev_closing_price=7335, units_traded_24H=9034784.63346666, acc_trade_value_24H=71031927466.1712, fluctate_24H=570, fluctate_rate_24H=7.69}, DOT={opening_price=21890, closing_price=23250, min_price=21860, max_price=23360, units_traded=102930.20990662, acc_trade_value=2337885451.5508, prev_closing_price=21910, units_traded_24H=104907.18609788, acc_trade_value_24H=2381314958.0178, fluctate_24H=1210, fluctate_rate_24H=5.49}, ATOM={opening_price=35450, closing_price=37040, min_price=34500, max_price=37350, units_traded=270241.94708151, acc_trade_value=9799159809.4101, prev_closing_price=35450, units_traded_24H=281648.03912538, acc_trade_value_24H=10204952049.5473, fluctate_24H=1230, fluctate_rate_24H=3.43}, SSX={opening_price=50.46, closing_price=52.2, min_price=49.78, max_price=52.81, units_traded=5200439.58720997, acc_trade_value=267754411.6305, prev_closing_price=50.3, units_traded_24H=7151118.57006396, acc_trade_value_24H=366625132.0797, fluctate_24H=2.16, fluctate_rate_24H=4.32}, TEMCO={opening_price=6.541, closing_price=6.7, min_price=6.42, max_price=6.887, units_traded=46747633.41517356, acc_trade_value=309731048.0092, prev_closing_price=6.532, units_traded_24H=48534597.43312601, acc_trade_value_24H=321324850.334, fluctate_24H=0.193, fluctate_rate_24H=2.97}, HIBS={opening_price=3.318, closing_price=3.392, min_price=3.28, max_price=3.403, units_traded=92384982.3771058, acc_trade_value=309966098.2859, prev_closing_price=3.315, units_traded_24H=94463827.0046058, acc_trade_value_24H=316898936.3692, fluctate_24H=0.025, fluctate_rate_24H=0.74}, BURGER={opening_price=1988, closing_price=2108, min_price=1965, max_price=2152, units_traded=115306.95909576, acc_trade_value=238147516.4075, prev_closing_price=1988, units_traded_24H=116384.27699576, acc_trade_value_24H=240264844.7102, fluctate_24H=120, fluctate_rate_24H=6.04}, DOGE={opening_price=172.6, closing_price=177.4, min_price=171.8, max_price=177.7, units_traded=37873634.73627234, acc_trade_value=6636225703.8452, prev_closing_price=172.4, units_traded_24H=38732116.550319, acc_trade_value_24H=6784483906.9082, fluctate_24H=4.4, fluctate_rate_24H=2.54}, KSM={opening_price=203400, closing_price=213700, min_price=201600, max_price=215000, units_traded=909.71309201, acc_trade_value=191256805.2099, prev_closing_price=201600, units_traded_24H=938.31239201, acc_trade_value_24H=197015287.3299, fluctate_24H=10500, fluctate_rate_24H=5.17}, CTK={opening_price=1747, closing_price=1752, min_price=1691, max_price=1820, units_traded=513399.89056576, acc_trade_value=909072670.1721, prev_closing_price=1747, units_traded_24H=524659.88166576, acc_trade_value_24H=928512623.1557, fluctate_24H=22, fluctate_rate_24H=1.27}, XYM={opening_price=206.4, closing_price=221.8, min_price=197.3, max_price=221.8, units_traded=1544390.80931505, acc_trade_value=328427569.1763, prev_closing_price=208.1, units_traded_24H=3163058.45978402, acc_trade_value_24H=675664157.4522, fluctate_24H=25.2, fluctate_rate_24H=12.82}, BNB={opening_price=471200, closing_price=486700, min_price=468400, max_price=487000, units_traded=656.92366452, acc_trade_value=313481474.7499, prev_closing_price=471100, units_traded_24H=677.02036452, acc_trade_value_24H=322980647.2199, fluctate_24H=14100, fluctate_rate_24H=2.98}, NFT={opening_price=0.0025, closing_price=0.0026, min_price=0.0024, max_price=0.0026, units_traded=142679695401.28153058, acc_trade_value=355597348.4005, prev_closing_price=0.0025, units_traded_24H=148848613068.82233058, acc_trade_value_24H=370847336.8989, fluctate_24H=0.0001, fluctate_rate_24H=4.00}, SUN={opening_price=17.1, closing_price=17.93, min_price=17.07, max_price=17.94, units_traded=14354481.90565684, acc_trade_value=251736402.0051, prev_closing_price=17.11, units_traded_24H=15977468.61025684, acc_trade_value_24H=279515025.157, fluctate_24H=0.76, fluctate_rate_24H=4.43}, XEC={opening_price=0.0879, closing_price=0.0942, min_price=0.0877, max_price=0.098, units_traded=34110400369.18406848, acc_trade_value=3184454886.603, prev_closing_price=0.088, units_traded_24H=34295594403.89166848, acc_trade_value_24H=3200785050.9476, fluctate_24H=0.0058, fluctate_rate_24H=6.56}, PCI={opening_price=875, closing_price=918.3, min_price=871.4, max_price=924.7, units_traded=1465388.07496487, acc_trade_value=1332926873.6185, prev_closing_price=875, units_traded_24H=1518679.83202358, acc_trade_value_24H=1379547564.7407, fluctate_24H=44.2, fluctate_rate_24H=5.06}, SOL={opening_price=110300, closing_price=120600, min_price=110100, max_price=122000, units_traded=80900.77805799, acc_trade_value=9385347232.0106, prev_closing_price=110300, units_traded_24H=83474.35602982, acc_trade_value_24H=9669674364.0001, fluctate_24H=9300, fluctate_rate_24H=8.36}, C98={opening_price=1919, closing_price=2033, min_price=1898, max_price=2045, units_traded=392124.00619871, acc_trade_value=776607068.7036, prev_closing_price=1940, units_traded_24H=416177.64015904, acc_trade_value_24H=823370194.8881, fluctate_24H=108, fluctate_rate_24H=5.61}, MED={opening_price=48.48, closing_price=50.09, min_price=48.01, max_price=51.91, units_traded=7843258.85399183, acc_trade_value=390798637.7589, prev_closing_price=48.15, units_traded_24H=8079638.44189183, acc_trade_value_24H=402143468.3387, fluctate_24H=2.13, fluctate_rate_24H=4.44}, 1INCH={opening_price=1977, closing_price=2127, min_price=1969, max_price=2157, units_traded=195634.30838236, acc_trade_value=409559469.7863, prev_closing_price=1966, units_traded_24H=197802.05188236, acc_trade_value_24H=413847985.0949, fluctate_24H=151, fluctate_rate_24H=7.64}, BOBA={opening_price=1993, closing_price=2108, min_price=1972, max_price=2116, units_traded=106880.90543207, acc_trade_value=220227317.4378, prev_closing_price=1981, units_traded_24H=112070.24083207, acc_trade_value_24H=230562154.9096, fluctate_24H=111, fluctate_rate_24H=5.56}, GALA={opening_price=230.2, closing_price=244.9, min_price=229, max_price=264.9, units_traded=7930045.2862465, acc_trade_value=1903983467.5633, prev_closing_price=229.2, units_traded_24H=8181293.14833834, acc_trade_value_24H=1961991711.0081, fluctate_24H=11.5, fluctate_rate_24H=4.93}, BTT={opening_price=0.0024, closing_price=0.0027, min_price=0.0024, max_price=0.0027, units_traded=311884620460.41739544, acc_trade_value=801227694.103, prev_closing_price=0.0025, units_traded_24H=335758545964.7873339, acc_trade_value_24H=860793102.3065, fluctate_24H=0.0003, fluctate_rate_24H=12.50}, date=1643465644590}
coinMap.get("BTC"): {opening_price=45689000, closing_price=47073000, min_price=45513000, max_price=47213000, units_traded=1581.78228892, acc_trade_value=73492324297.1736, prev_closing_price=45687000, units_traded_24H=1660.55808185, acc_trade_value_24H=77091849781.6465, fluctate_24H=1323000, fluctate_rate_24H=2.89}
coinMap.get("BTC"): 45689000
name = BTC
coinMap: {opening_price=45689000, closing_price=47073000, min_price=45513000, max_price=47213000, units_traded=1581.78228892, acc_trade_value=73492324297.1736, prev_closing_price=45687000, units_traded_24H=1660.55808185, acc_trade_value_24H=77091849781.6465, fluctate_24H=1323000, fluctate_rate_24H=2.89}
coinHistory = CoinHistory(createdTime=2022-01-29, name=BTC, openingPrice=4.5689E7, minPrice=4.5513E7, maxPrice=4.7213E7, unitsTraded=1581.78228892, accTradeValue=7.34923242971736E10, prevClosingPrice=4.5687E7, unitsTraded24H=1660.55808185, accTradeValue24H=7.70918497816465E10, fluctate24H=1323000.0, fluctateRate24H=2.89)
Hibernate: 
    select
        coinhistor0_.created_time as created_1_0_0_,
        coinhistor0_.name as name2_0_0_,
        coinhistor0_.acc_trade_value as acc_trad3_0_0_,
        coinhistor0_.acc_trade_value24h as acc_trad4_0_0_,
        coinhistor0_.fluctate24h as fluctate5_0_0_,
        coinhistor0_.fluctate_rate24h as fluctate6_0_0_,
        coinhistor0_.max_price as max_pric7_0_0_,
        coinhistor0_.min_price as min_pric8_0_0_,
        coinhistor0_.opening_price as opening_9_0_0_,
        coinhistor0_.prev_closing_price as prev_cl10_0_0_,
        coinhistor0_.units_traded as units_t11_0_0_,
        coinhistor0_.units_traded24h as units_t12_0_0_ 
    from
        coin_history coinhistor0_ 
    where
        coinhistor0_.created_time=? 
        and coinhistor0_.name=?
Hibernate: 
    insert 
    into
        coin_history
        (acc_trade_value, acc_trade_value24h, fluctate24h, fluctate_rate24h, max_price, min_price, opening_price, prev_closing_price, units_traded, units_traded24h, created_time, name) 
    values
        (?, ?, ?, ?, ?, ?, ?, ?, ?, ?, ?, ?)
name = ETH
coinMap: {opening_price=2976000, closing_price=3211000, min_price=2971000, max_price=3220000, units_traded=23684.20546809, acc_trade_value=73756083724.3196, prev_closing_price=2976000, units_traded_24H=25087.24136476, acc_trade_value_24H=77937988359.4196, fluctate_24H=205000, fluctate_rate_24H=6.82}
coinHistory = CoinHistory(createdTime=2022-01-29, name=ETH, openingPrice=2976000.0, minPrice=2971000.0, maxPrice=3220000.0, unitsTraded=23684.20546809, accTradeValue=7.37560837243196E10, prevClosingPrice=2976000.0, unitsTraded24H=25087.24136476, accTradeValue24H=7.79379883594196E10, fluctate24H=205000.0, fluctateRate24H=6.82)
Hibernate: 
    select
        coinhistor0_.created_time as created_1_0_0_,
        coinhistor0_.name as name2_0_0_,
        coinhistor0_.acc_trade_value as acc_trad3_0_0_,
        coinhistor0_.acc_trade_value24h as acc_trad4_0_0_,
        coinhistor0_.fluctate24h as fluctate5_0_0_,
        coinhistor0_.fluctate_rate24h as fluctate6_0_0_,
        coinhistor0_.max_price as max_pric7_0_0_,
        coinhistor0_.min_price as min_pric8_0_0_,
        coinhistor0_.opening_price as opening_9_0_0_,
        coinhistor0_.prev_closing_price as prev_cl10_0_0_,
        coinhistor0_.units_traded as units_t11_0_0_,
        coinhistor0_.units_traded24h as units_t12_0_0_ 
    from
        coin_history coinhistor0_ 
    where
        coinhistor0_.created_time=? 
        and coinhistor0_.name=?
Hibernate: 
    insert 
    into
        coin_history
        (acc_trade_value, acc_trade_value24h, fluctate24h, fluctate_rate24h, max_price, min_price, opening_price, prev_closing_price, units_traded, units_traded24h, created_time, name) 
    values
        (?, ?, ?, ?, ?, ?, ?, ?, ?, ?, ?, ?)
name = LTC
coinMap: {opening_price=132400, closing_price=137300, min_price=131800, max_price=137900, units_traded=5841.76145903, acc_trade_value=788390192.5528, prev_closing_price=132600, units_traded_24H=5962.23505903, acc_trade_value_24H=804411700.5928, fluctate_24H=3200, fluctate_rate_24H=2.39}
coinHistory = CoinHistory(createdTime=2022-01-29, name=LTC, openingPrice=132400.0, minPrice=131800.0, maxPrice=137900.0, unitsTraded=5841.76145903, accTradeValue=7.883901925528E8, prevClosingPrice=132600.0, unitsTraded24H=5962.23505903, accTradeValue24H=8.044117005928E8, fluctate24H=3200.0, fluctateRate24H=2.39)
Hibernate: 
    select
        coinhistor0_.created_time as created_1_0_0_,
        coinhistor0_.name as name2_0_0_,
        coinhistor0_.acc_trade_value as acc_trad3_0_0_,
        coinhistor0_.acc_trade_value24h as acc_trad4_0_0_,
        coinhistor0_.fluctate24h as fluctate5_0_0_,
        coinhistor0_.fluctate_rate24h as fluctate6_0_0_,
        coinhistor0_.max_price as max_pric7_0_0_,
        coinhistor0_.min_price as min_pric8_0_0_,
        coinhistor0_.opening_price as opening_9_0_0_,
        coinhistor0_.prev_closing_price as prev_cl10_0_0_,
        coinhistor0_.units_traded as units_t11_0_0_,
        coinhistor0_.units_traded24h as units_t12_0_0_ 
    from
        coin_history coinhistor0_ 
    where
        coinhistor0_.created_time=? 
        and coinhistor0_.name=?
Hibernate: 
    insert 
    into
        coin_history
        (acc_trade_value, acc_trade_value24h, fluctate24h, fluctate_rate24h, max_price, min_price, opening_price, prev_closing_price, units_traded, units_traded24h, created_time, name) 
    values
        (?, ?, ?, ?, ?, ?, ?, ?, ?, ?, ?, ?)
name = ETC
coinMap: {opening_price=30080, closing_price=31530, min_price=30000, max_price=31700, units_traded=72691.0870818, acc_trade_value=2253749863.9635, prev_closing_price=30060, units_traded_24H=75506.8573818, acc_trade_value_24H=2338482412.6325, fluctate_24H=1310, fluctate_rate_24H=4.33}
coinHistory = CoinHistory(createdTime=2022-01-29, name=ETC, openingPrice=30080.0, minPrice=30000.0, maxPrice=31700.0, unitsTraded=72691.0870818, accTradeValue=2.2537498639635E9, prevClosingPrice=30060.0, unitsTraded24H=75506.8573818, accTradeValue24H=2.3384824126325E9, fluctate24H=1310.0, fluctateRate24H=4.33)
Hibernate: 
    select
        coinhistor0_.created_time as created_1_0_0_,
        coinhistor0_.name as name2_0_0_,
        coinhistor0_.acc_trade_value as acc_trad3_0_0_,
        coinhistor0_.acc_trade_value24h as acc_trad4_0_0_,
        coinhistor0_.fluctate24h as fluctate5_0_0_,
        coinhistor0_.fluctate_rate24h as fluctate6_0_0_,
        coinhistor0_.max_price as max_pric7_0_0_,
        coinhistor0_.min_price as min_pric8_0_0_,
        coinhistor0_.opening_price as opening_9_0_0_,
        coinhistor0_.prev_closing_price as prev_cl10_0_0_,
        coinhistor0_.units_traded as units_t11_0_0_,
        coinhistor0_.units_traded24h as units_t12_0_0_ 
    from
        coin_history coinhistor0_ 
    where
        coinhistor0_.created_time=? 
        and coinhistor0_.name=?
Hibernate: 
    insert 
    into
        coin_history
        (acc_trade_value, acc_trade_value24h, fluctate24h, fluctate_rate24h, max_price, min_price, opening_price, prev_closing_price, units_traded, units_traded24h, created_time, name) 
    values
        (?, ?, ?, ?, ?, ?, ?, ?, ?, ?, ?, ?)
name = XRP
coinMap: {opening_price=742.4, closing_price=766.4, min_price=740.9, max_price=770.3, units_traded=46337006.99533442, acc_trade_value=35071585909.891, prev_closing_price=742.4, units_traded_24H=49024710.76243862, acc_trade_value_24H=37064347591.4922, fluctate_24H=24.9, fluctate_rate_24H=3.36}
coinHistory = CoinHistory(createdTime=2022-01-29, name=XRP, openingPrice=742.4, minPrice=740.9, maxPrice=770.3, unitsTraded=4.633700699533442E7, accTradeValue=3.5071585909891E10, prevClosingPrice=742.4, unitsTraded24H=4.902471076243862E7, accTradeValue24H=3.70643475914922E10, fluctate24H=24.9, fluctateRate24H=3.36)
Hibernate: 
    select
        coinhistor0_.created_time as created_1_0_0_,
        coinhistor0_.name as name2_0_0_,
        coinhistor0_.acc_trade_value as acc_trad3_0_0_,
        coinhistor0_.acc_trade_value24h as acc_trad4_0_0_,
        coinhistor0_.fluctate24h as fluctate5_0_0_,
        coinhistor0_.fluctate_rate24h as fluctate6_0_0_,
        coinhistor0_.max_price as max_pric7_0_0_,
        coinhistor0_.min_price as min_pric8_0_0_,
        coinhistor0_.opening_price as opening_9_0_0_,
        coinhistor0_.prev_closing_price as prev_cl10_0_0_,
        coinhistor0_.units_traded as units_t11_0_0_,
        coinhistor0_.units_traded24h as units_t12_0_0_ 
    from
        coin_history coinhistor0_ 
    where
        coinhistor0_.created_time=? 
        and coinhistor0_.name=?
Hibernate: 
    insert 
    into
        coin_history
        (acc_trade_value, acc_trade_value24h, fluctate24h, fluctate_rate24h, max_price, min_price, opening_price, prev_closing_price, units_traded, units_traded24h, created_time, name) 
    values
        (?, ?, ?, ?, ?, ?, ?, ?, ?, ?, ?, ?)
name = BCH
coinMap: {opening_price=354300, closing_price=368800, min_price=353900, max_price=369800, units_traded=3338.57049267, acc_trade_value=1214792131.8786, prev_closing_price=354400, units_traded_24H=3467.11729267, acc_trade_value_24H=1260459800.9186, fluctate_24H=14100, fluctate_rate_24H=3.98}
coinHistory = CoinHistory(createdTime=2022-01-29, name=BCH, openingPrice=354300.0, minPrice=353900.0, maxPrice=369800.0, unitsTraded=3338.57049267, accTradeValue=1.2147921318786E9, prevClosingPrice=354400.0, unitsTraded24H=3467.11729267, accTradeValue24H=1.2604598009186E9, fluctate24H=14100.0, fluctateRate24H=3.98)
Hibernate: 
    select
        coinhistor0_.created_time as created_1_0_0_,
        coinhistor0_.name as name2_0_0_,
        coinhistor0_.acc_trade_value as acc_trad3_0_0_,
        coinhistor0_.acc_trade_value24h as acc_trad4_0_0_,
        coinhistor0_.fluctate24h as fluctate5_0_0_,
        coinhistor0_.fluctate_rate24h as fluctate6_0_0_,
        coinhistor0_.max_price as max_pric7_0_0_,
        coinhistor0_.min_price as min_pric8_0_0_,
        coinhistor0_.opening_price as opening_9_0_0_,
        coinhistor0_.prev_closing_price as prev_cl10_0_0_,
        coinhistor0_.units_traded as units_t11_0_0_,
        coinhistor0_.units_traded24h as units_t12_0_0_ 
    from
        coin_history coinhistor0_ 
    where
        coinhistor0_.created_time=? 
        and coinhistor0_.name=?
Hibernate: 
    insert 
    into
        coin_history
        (acc_trade_value, acc_trade_value24h, fluctate24h, fluctate_rate24h, max_price, min_price, opening_price, prev_closing_price, units_traded, units_traded24h, created_time, name) 
    values
        (?, ?, ?, ?, ?, ?, ?, ?, ?, ?, ?, ?)
name = QTUM
coinMap: {opening_price=7065, closing_price=7465, min_price=7000, max_price=7510, units_traded=150795.12921005, acc_trade_value=1094172268.2564, prev_closing_price=7020, units_traded_24H=153142.88781005, acc_trade_value_24H=1110742354.1524, fluctate_24H=395, fluctate_rate_24H=5.59}
coinHistory = CoinHistory(createdTime=2022-01-29, name=QTUM, openingPrice=7065.0, minPrice=7000.0, maxPrice=7510.0, unitsTraded=150795.12921005, accTradeValue=1.0941722682564E9, prevClosingPrice=7020.0, unitsTraded24H=153142.88781005, accTradeValue24H=1.1107423541524E9, fluctate24H=395.0, fluctateRate24H=5.59)
Hibernate: 
    select
        coinhistor0_.created_time as created_1_0_0_,
        coinhistor0_.name as name2_0_0_,
        coinhistor0_.acc_trade_value as acc_trad3_0_0_,
        coinhistor0_.acc_trade_value24h as acc_trad4_0_0_,
        coinhistor0_.fluctate24h as fluctate5_0_0_,
        coinhistor0_.fluctate_rate24h as fluctate6_0_0_,
        coinhistor0_.max_price as max_pric7_0_0_,
        coinhistor0_.min_price as min_pric8_0_0_,
        coinhistor0_.opening_price as opening_9_0_0_,
        coinhistor0_.prev_closing_price as prev_cl10_0_0_,
        coinhistor0_.units_traded as units_t11_0_0_,
        coinhistor0_.units_traded24h as units_t12_0_0_ 
    from
        coin_history coinhistor0_ 
    where
        coinhistor0_.created_time=? 
        and coinhistor0_.name=?
Hibernate: 
    insert 
    into
        coin_history
        (acc_trade_value, acc_trade_value24h, fluctate24h, fluctate_rate24h, max_price, min_price, opening_price, prev_closing_price, units_traded, units_traded24h, created_time, name) 
    values
        (?, ?, ?, ?, ?, ?, ?, ?, ?, ?, ?, ?)
name = BTG
coinMap: {opening_price=36160, closing_price=37640, min_price=36060, max_price=38280, units_traded=22254.94686963, acc_trade_value=828421451.7122, prev_closing_price=36160, units_traded_24H=23210.05166963, acc_trade_value_24H=863104542.7912, fluctate_24H=1140, fluctate_rate_24H=3.12}
coinHistory = CoinHistory(createdTime=2022-01-29, name=BTG, openingPrice=36160.0, minPrice=36060.0, maxPrice=38280.0, unitsTraded=22254.94686963, accTradeValue=8.284214517122E8, prevClosingPrice=36160.0, unitsTraded24H=23210.05166963, accTradeValue24H=8.631045427912E8, fluctate24H=1140.0, fluctateRate24H=3.12)
Hibernate: 
    select
        coinhistor0_.created_time as created_1_0_0_,
        coinhistor0_.name as name2_0_0_,
        coinhistor0_.acc_trade_value as acc_trad3_0_0_,
        coinhistor0_.acc_trade_value24h as acc_trad4_0_0_,
        coinhistor0_.fluctate24h as fluctate5_0_0_,
        coinhistor0_.fluctate_rate24h as fluctate6_0_0_,
        coinhistor0_.max_price as max_pric7_0_0_,
        coinhistor0_.min_price as min_pric8_0_0_,
        coinhistor0_.opening_price as opening_9_0_0_,
        coinhistor0_.prev_closing_price as prev_cl10_0_0_,
        coinhistor0_.units_traded as units_t11_0_0_,
        coinhistor0_.units_traded24h as units_t12_0_0_ 
    from
        coin_history coinhistor0_ 
    where
        coinhistor0_.created_time=? 
        and coinhistor0_.name=?
Hibernate: 
    insert 
    into
        coin_history
        (acc_trade_value, acc_trade_value24h, fluctate24h, fluctate_rate24h, max_price, min_price, opening_price, prev_closing_price, units_traded, units_traded24h, created_time, name) 
    values
        (?, ?, ?, ?, ?, ?, ?, ?, ?, ?, ?, ?)
name = EOS
coinMap: {opening_price=2755, closing_price=2898, min_price=2750, max_price=2907, units_traded=1122042.80469572, acc_trade_value=3191985440.0392, prev_closing_price=2755, units_traded_24H=1209125.05699572, acc_trade_value_24H=3432041386.1171, fluctate_24H=138, fluctate_rate_24H=5.00}
coinHistory = CoinHistory(createdTime=2022-01-29, name=EOS, openingPrice=2755.0, minPrice=2750.0, maxPrice=2907.0, unitsTraded=1122042.80469572, accTradeValue=3.1919854400392E9, prevClosingPrice=2755.0, unitsTraded24H=1209125.05699572, accTradeValue24H=3.4320413861171E9, fluctate24H=138.0, fluctateRate24H=5.0)
Hibernate: 
    select
        coinhistor0_.created_time as created_1_0_0_,
        coinhistor0_.name as name2_0_0_,
        coinhistor0_.acc_trade_value as acc_trad3_0_0_,
        coinhistor0_.acc_trade_value24h as acc_trad4_0_0_,
        coinhistor0_.fluctate24h as fluctate5_0_0_,
        coinhistor0_.fluctate_rate24h as fluctate6_0_0_,
        coinhistor0_.max_price as max_pric7_0_0_,
        coinhistor0_.min_price as min_pric8_0_0_,
        coinhistor0_.opening_price as opening_9_0_0_,
        coinhistor0_.prev_closing_price as prev_cl10_0_0_,
        coinhistor0_.units_traded as units_t11_0_0_,
        coinhistor0_.units_traded24h as units_t12_0_0_ 
    from
        coin_history coinhistor0_ 
    where
        coinhistor0_.created_time=? 
        and coinhistor0_.name=?
Hibernate: 
    insert 
    into
        coin_history
        (acc_trade_value, acc_trade_value24h, fluctate24h, fluctate_rate24h, max_price, min_price, opening_price, prev_closing_price, units_traded, units_traded24h, created_time, name) 
    values
        (?, ?, ?, ?, ?, ?, ?, ?, ?, ?, ?, ?)
name = ICX
coinMap: {opening_price=851, closing_price=923.5, min_price=848.4, max_price=990, units_traded=2084758.6649412, acc_trade_value=1940723706.4159, prev_closing_price=851.2, units_traded_24H=2088642.36637312, acc_trade_value_24H=1944019722.5582, fluctate_24H=72.2, fluctate_rate_24H=8.48}
coinHistory = CoinHistory(createdTime=2022-01-29, name=ICX, openingPrice=851.0, minPrice=848.4, maxPrice=990.0, unitsTraded=2084758.6649412, accTradeValue=1.9407237064159E9, prevClosingPrice=851.2, unitsTraded24H=2088642.36637312, accTradeValue24H=1.9440197225582E9, fluctate24H=72.2, fluctateRate24H=8.48)
Hibernate: 
    select
        coinhistor0_.created_time as created_1_0_0_,
        coinhistor0_.name as name2_0_0_,
        coinhistor0_.acc_trade_value as acc_trad3_0_0_,
        coinhistor0_.acc_trade_value24h as acc_trad4_0_0_,
        coinhistor0_.fluctate24h as fluctate5_0_0_,
        coinhistor0_.fluctate_rate24h as fluctate6_0_0_,
        coinhistor0_.max_price as max_pric7_0_0_,
        coinhistor0_.min_price as min_pric8_0_0_,
        coinhistor0_.opening_price as opening_9_0_0_,
        coinhistor0_.prev_closing_price as prev_cl10_0_0_,
        coinhistor0_.units_traded as units_t11_0_0_,
        coinhistor0_.units_traded24h as units_t12_0_0_ 
    from
        coin_history coinhistor0_ 
    where
        coinhistor0_.created_time=? 
        and coinhistor0_.name=?
Hibernate: 
    insert 
    into
        coin_history
        (acc_trade_value, acc_trade_value24h, fluctate24h, fluctate_rate24h, max_price, min_price, opening_price, prev_closing_price, units_traded, units_traded24h, created_time, name) 
    values
        (?, ?, ?, ?, ?, ?, ?, ?, ?, ?, ?, ?)
name = TRX
coinMap: {opening_price=70.03, closing_price=73.86, min_price=69.89, max_price=73.96, units_traded=52723103.80469704, acc_trade_value=3770497043.4371, prev_closing_price=70.05, units_traded_24H=54423563.79078806, acc_trade_value_24H=3889625152.1875, fluctate_24H=3.73, fluctate_rate_24H=5.32}
coinHistory = CoinHistory(createdTime=2022-01-29, name=TRX, openingPrice=70.03, minPrice=69.89, maxPrice=73.96, unitsTraded=5.272310380469704E7, accTradeValue=3.7704970434371E9, prevClosingPrice=70.05, unitsTraded24H=5.442356379078806E7, accTradeValue24H=3.8896251521875E9, fluctate24H=3.73, fluctateRate24H=5.32)
Hibernate: 
    select
        coinhistor0_.created_time as created_1_0_0_,
        coinhistor0_.name as name2_0_0_,
        coinhistor0_.acc_trade_value as acc_trad3_0_0_,
        coinhistor0_.acc_trade_value24h as acc_trad4_0_0_,
        coinhistor0_.fluctate24h as fluctate5_0_0_,
        coinhistor0_.fluctate_rate24h as fluctate6_0_0_,
        coinhistor0_.max_price as max_pric7_0_0_,
        coinhistor0_.min_price as min_pric8_0_0_,
        coinhistor0_.opening_price as opening_9_0_0_,
        coinhistor0_.prev_closing_price as prev_cl10_0_0_,
        coinhistor0_.units_traded as units_t11_0_0_,
        coinhistor0_.units_traded24h as units_t12_0_0_ 
    from
        coin_history coinhistor0_ 
    where
        coinhistor0_.created_time=? 
        and coinhistor0_.name=?
Hibernate: 
    insert 
    into
        coin_history
        (acc_trade_value, acc_trade_value24h, fluctate24h, fluctate_rate24h, max_price, min_price, opening_price, prev_closing_price, units_traded, units_traded24h, created_time, name) 
    values
        (?, ?, ?, ?, ?, ?, ?, ?, ?, ?, ?, ?)
name = ELF
coinMap: {opening_price=400.8, closing_price=409, min_price=398.3, max_price=413.9, units_traded=1353050.8211404, acc_trade_value=550676736.0541, prev_closing_price=400.7, units_traded_24H=1437609.4427404, acc_trade_value_24H=584704739.732, fluctate_24H=7.6, fluctate_rate_24H=1.89}
coinHistory = CoinHistory(createdTime=2022-01-29, name=ELF, openingPrice=400.8, minPrice=398.3, maxPrice=413.9, unitsTraded=1353050.8211404, accTradeValue=5.506767360541E8, prevClosingPrice=400.7, unitsTraded24H=1437609.4427404, accTradeValue24H=5.84704739732E8, fluctate24H=7.6, fluctateRate24H=1.89)
Hibernate: 
    select
        coinhistor0_.created_time as created_1_0_0_,
        coinhistor0_.name as name2_0_0_,
        coinhistor0_.acc_trade_value as acc_trad3_0_0_,
        coinhistor0_.acc_trade_value24h as acc_trad4_0_0_,
        coinhistor0_.fluctate24h as fluctate5_0_0_,
        coinhistor0_.fluctate_rate24h as fluctate6_0_0_,
        coinhistor0_.max_price as max_pric7_0_0_,
        coinhistor0_.min_price as min_pric8_0_0_,
        coinhistor0_.opening_price as opening_9_0_0_,
        coinhistor0_.prev_closing_price as prev_cl10_0_0_,
        coinhistor0_.units_traded as units_t11_0_0_,
        coinhistor0_.units_traded24h as units_t12_0_0_ 
    from
        coin_history coinhistor0_ 
    where
        coinhistor0_.created_time=? 
        and coinhistor0_.name=?
Hibernate: 
    insert 
    into
        coin_history
        (acc_trade_value, acc_trade_value24h, fluctate24h, fluctate_rate24h, max_price, min_price, opening_price, prev_closing_price, units_traded, units_traded24h, created_time, name) 
    values
        (?, ?, ?, ?, ?, ?, ?, ?, ?, ?, ?, ?)
name = OMG
coinMap: {opening_price=5580, closing_price=5925, min_price=5460, max_price=5955, units_traded=141107.06193508, acc_trade_value=817052874.4924, prev_closing_price=5580, units_traded_24H=171471.93618108, acc_trade_value_24H=986181638.4054, fluctate_24H=360, fluctate_rate_24H=6.47}
coinHistory = CoinHistory(createdTime=2022-01-29, name=OMG, openingPrice=5580.0, minPrice=5460.0, maxPrice=5955.0, unitsTraded=141107.06193508, accTradeValue=8.170528744924E8, prevClosingPrice=5580.0, unitsTraded24H=171471.93618108, accTradeValue24H=9.861816384054E8, fluctate24H=360.0, fluctateRate24H=6.47)
Hibernate: 
    select
        coinhistor0_.created_time as created_1_0_0_,
        coinhistor0_.name as name2_0_0_,
        coinhistor0_.acc_trade_value as acc_trad3_0_0_,
        coinhistor0_.acc_trade_value24h as acc_trad4_0_0_,
        coinhistor0_.fluctate24h as fluctate5_0_0_,
        coinhistor0_.fluctate_rate24h as fluctate6_0_0_,
        coinhistor0_.max_price as max_pric7_0_0_,
        coinhistor0_.min_price as min_pric8_0_0_,
        coinhistor0_.opening_price as opening_9_0_0_,
        coinhistor0_.prev_closing_price as prev_cl10_0_0_,
        coinhistor0_.units_traded as units_t11_0_0_,
        coinhistor0_.units_traded24h as units_t12_0_0_ 
    from
        coin_history coinhistor0_ 
    where
        coinhistor0_.created_time=? 
        and coinhistor0_.name=?
Hibernate: 
    insert 
    into
        coin_history
        (acc_trade_value, acc_trade_value24h, fluctate24h, fluctate_rate24h, max_price, min_price, opening_price, prev_closing_price, units_traded, units_traded24h, created_time, name) 
    values
        (?, ?, ?, ?, ?, ?, ?, ?, ?, ?, ?, ?)
name = KNC
coinMap: {opening_price=2110, closing_price=2129, min_price=2100, max_price=2252, units_traded=646629.54356249, acc_trade_value=1407470369.902, prev_closing_price=2109, units_traded_24H=655542.93856249, acc_trade_value_24H=1426427548.9036, fluctate_24H=-12, fluctate_rate_24H=-0.56}
coinHistory = CoinHistory(createdTime=2022-01-29, name=KNC, openingPrice=2110.0, minPrice=2100.0, maxPrice=2252.0, unitsTraded=646629.54356249, accTradeValue=1.407470369902E9, prevClosingPrice=2109.0, unitsTraded24H=655542.93856249, accTradeValue24H=1.4264275489036E9, fluctate24H=-12.0, fluctateRate24H=-0.56)
Hibernate: 
    select
        coinhistor0_.created_time as created_1_0_0_,
        coinhistor0_.name as name2_0_0_,
        coinhistor0_.acc_trade_value as acc_trad3_0_0_,
        coinhistor0_.acc_trade_value24h as acc_trad4_0_0_,
        coinhistor0_.fluctate24h as fluctate5_0_0_,
        coinhistor0_.fluctate_rate24h as fluctate6_0_0_,
        coinhistor0_.max_price as max_pric7_0_0_,
        coinhistor0_.min_price as min_pric8_0_0_,
        coinhistor0_.opening_price as opening_9_0_0_,
        coinhistor0_.prev_closing_price as prev_cl10_0_0_,
        coinhistor0_.units_traded as units_t11_0_0_,
        coinhistor0_.units_traded24h as units_t12_0_0_ 
    from
        coin_history coinhistor0_ 
    where
        coinhistor0_.created_time=? 
        and coinhistor0_.name=?
Hibernate: 
    insert 
    into
        coin_history
        (acc_trade_value, acc_trade_value24h, fluctate24h, fluctate_rate24h, max_price, min_price, opening_price, prev_closing_price, units_traded, units_traded24h, created_time, name) 
    values
        (?, ?, ?, ?, ?, ?, ?, ?, ?, ?, ?, ?)
name = GLM
coinMap: {opening_price=413.7, closing_price=421.9, min_price=412.7, max_price=423.9, units_traded=365363.59002754, acc_trade_value=152816129.4125, prev_closing_price=413.7, units_traded_24H=415245.09228908, acc_trade_value_24H=173556473.6016, fluctate_24H=8.1, fluctate_rate_24H=1.96}
coinHistory = CoinHistory(createdTime=2022-01-29, name=GLM, openingPrice=413.7, minPrice=412.7, maxPrice=423.9, unitsTraded=365363.59002754, accTradeValue=1.528161294125E8, prevClosingPrice=413.7, unitsTraded24H=415245.09228908, accTradeValue24H=1.735564736016E8, fluctate24H=8.1, fluctateRate24H=1.96)
Hibernate: 
    select
        coinhistor0_.created_time as created_1_0_0_,
        coinhistor0_.name as name2_0_0_,
        coinhistor0_.acc_trade_value as acc_trad3_0_0_,
        coinhistor0_.acc_trade_value24h as acc_trad4_0_0_,
        coinhistor0_.fluctate24h as fluctate5_0_0_,
        coinhistor0_.fluctate_rate24h as fluctate6_0_0_,
        coinhistor0_.max_price as max_pric7_0_0_,
        coinhistor0_.min_price as min_pric8_0_0_,
        coinhistor0_.opening_price as opening_9_0_0_,
        coinhistor0_.prev_closing_price as prev_cl10_0_0_,
        coinhistor0_.units_traded as units_t11_0_0_,
        coinhistor0_.units_traded24h as units_t12_0_0_ 
    from
        coin_history coinhistor0_ 
    where
        coinhistor0_.created_time=? 
        and coinhistor0_.name=?
Hibernate: 
    insert 
    into
        coin_history
        (acc_trade_value, acc_trade_value24h, fluctate24h, fluctate_rate24h, max_price, min_price, opening_price, prev_closing_price, units_traded, units_traded24h, created_time, name) 
    values
        (?, ?, ?, ?, ?, ?, ?, ?, ?, ?, ?, ?)
name = ZIL
coinMap: {opening_price=54.67, closing_price=57.22, min_price=54.26, max_price=57.24, units_traded=5265626.02214138, acc_trade_value=295209608.1, prev_closing_price=54.67, units_traded_24H=5339819.24434138, acc_trade_value_24H=299249532.5953, fluctate_24H=3, fluctate_rate_24H=5.53}
coinHistory = CoinHistory(createdTime=2022-01-29, name=ZIL, openingPrice=54.67, minPrice=54.26, maxPrice=57.24, unitsTraded=5265626.02214138, accTradeValue=2.952096081E8, prevClosingPrice=54.67, unitsTraded24H=5339819.24434138, accTradeValue24H=2.992495325953E8, fluctate24H=3.0, fluctateRate24H=5.53)
Hibernate: 
    select
        coinhistor0_.created_time as created_1_0_0_,
        coinhistor0_.name as name2_0_0_,
        coinhistor0_.acc_trade_value as acc_trad3_0_0_,
        coinhistor0_.acc_trade_value24h as acc_trad4_0_0_,
        coinhistor0_.fluctate24h as fluctate5_0_0_,
        coinhistor0_.fluctate_rate24h as fluctate6_0_0_,
        coinhistor0_.max_price as max_pric7_0_0_,
        coinhistor0_.min_price as min_pric8_0_0_,
        coinhistor0_.opening_price as opening_9_0_0_,
        coinhistor0_.prev_closing_price as prev_cl10_0_0_,
        coinhistor0_.units_traded as units_t11_0_0_,
        coinhistor0_.units_traded24h as units_t12_0_0_ 
    from
        coin_history coinhistor0_ 
    where
        coinhistor0_.created_time=? 
        and coinhistor0_.name=?
Hibernate: 
    insert 
    into
        coin_history
        (acc_trade_value, acc_trade_value24h, fluctate24h, fluctate_rate24h, max_price, min_price, opening_price, prev_closing_price, units_traded, units_traded24h, created_time, name) 
    values
        (?, ?, ?, ?, ?, ?, ?, ?, ?, ?, ?, ?)
name = WAXP
coinMap: {opening_price=374.5, closing_price=398.5, min_price=373, max_price=399.6, units_traded=2332329.15925813, acc_trade_value=907832209.1663, prev_closing_price=375.6, units_traded_24H=2382113.61035777, acc_trade_value_24H=926418619.3622, fluctate_24H=24.1, fluctate_rate_24H=6.44}
coinHistory = CoinHistory(createdTime=2022-01-29, name=WAXP, openingPrice=374.5, minPrice=373.0, maxPrice=399.6, unitsTraded=2332329.15925813, accTradeValue=9.078322091663E8, prevClosingPrice=375.6, unitsTraded24H=2382113.61035777, accTradeValue24H=9.264186193622E8, fluctate24H=24.1, fluctateRate24H=6.44)
Hibernate: 
    select
        coinhistor0_.created_time as created_1_0_0_,
        coinhistor0_.name as name2_0_0_,
        coinhistor0_.acc_trade_value as acc_trad3_0_0_,
        coinhistor0_.acc_trade_value24h as acc_trad4_0_0_,
        coinhistor0_.fluctate24h as fluctate5_0_0_,
        coinhistor0_.fluctate_rate24h as fluctate6_0_0_,
        coinhistor0_.max_price as max_pric7_0_0_,
        coinhistor0_.min_price as min_pric8_0_0_,
        coinhistor0_.opening_price as opening_9_0_0_,
        coinhistor0_.prev_closing_price as prev_cl10_0_0_,
        coinhistor0_.units_traded as units_t11_0_0_,
        coinhistor0_.units_traded24h as units_t12_0_0_ 
    from
        coin_history coinhistor0_ 
    where
        coinhistor0_.created_time=? 
        and coinhistor0_.name=?
Hibernate: 
    insert 
    into
        coin_history
        (acc_trade_value, acc_trade_value24h, fluctate24h, fluctate_rate24h, max_price, min_price, opening_price, prev_closing_price, units_traded, units_traded24h, created_time, name) 
    values
        (?, ?, ?, ?, ?, ?, ?, ?, ?, ?, ?, ?)
name = POWR
coinMap: {opening_price=671.2, closing_price=701.9, min_price=667.4, max_price=707.8, units_traded=3557666.78524518, acc_trade_value=2445543584.9484, prev_closing_price=671.2, units_traded_24H=3693621.81651258, acc_trade_value_24H=2536803359.8217, fluctate_24H=26.9, fluctate_rate_24H=3.99}
coinHistory = CoinHistory(createdTime=2022-01-29, name=POWR, openingPrice=671.2, minPrice=667.4, maxPrice=707.8, unitsTraded=3557666.78524518, accTradeValue=2.4455435849484E9, prevClosingPrice=671.2, unitsTraded24H=3693621.81651258, accTradeValue24H=2.5368033598217E9, fluctate24H=26.9, fluctateRate24H=3.99)
Hibernate: 
    select
        coinhistor0_.created_time as created_1_0_0_,
        coinhistor0_.name as name2_0_0_,
        coinhistor0_.acc_trade_value as acc_trad3_0_0_,
        coinhistor0_.acc_trade_value24h as acc_trad4_0_0_,
        coinhistor0_.fluctate24h as fluctate5_0_0_,
        coinhistor0_.fluctate_rate24h as fluctate6_0_0_,
        coinhistor0_.max_price as max_pric7_0_0_,
        coinhistor0_.min_price as min_pric8_0_0_,
        coinhistor0_.opening_price as opening_9_0_0_,
        coinhistor0_.prev_closing_price as prev_cl10_0_0_,
        coinhistor0_.units_traded as units_t11_0_0_,
        coinhistor0_.units_traded24h as units_t12_0_0_ 
    from
        coin_history coinhistor0_ 
    where
        coinhistor0_.created_time=? 
        and coinhistor0_.name=?
Hibernate: 
    insert 
    into
        coin_history
        (acc_trade_value, acc_trade_value24h, fluctate24h, fluctate_rate24h, max_price, min_price, opening_price, prev_closing_price, units_traded, units_traded24h, created_time, name) 
    values
        (?, ?, ?, ?, ?, ?, ?, ?, ?, ?, ?, ?)
name = LRC
coinMap: {opening_price=1175, closing_price=1232, min_price=1171, max_price=1250, units_traded=413951.19482452, acc_trade_value=505607673.8257, prev_closing_price=1175, units_traded_24H=425596.62845279, acc_trade_value_24H=519250057.0286, fluctate_24H=54, fluctate_rate_24H=4.58}
coinHistory = CoinHistory(createdTime=2022-01-29, name=LRC, openingPrice=1175.0, minPrice=1171.0, maxPrice=1250.0, unitsTraded=413951.19482452, accTradeValue=5.056076738257E8, prevClosingPrice=1175.0, unitsTraded24H=425596.62845279, accTradeValue24H=5.192500570286E8, fluctate24H=54.0, fluctateRate24H=4.58)
Hibernate: 
    select
        coinhistor0_.created_time as created_1_0_0_,
        coinhistor0_.name as name2_0_0_,
        coinhistor0_.acc_trade_value as acc_trad3_0_0_,
        coinhistor0_.acc_trade_value24h as acc_trad4_0_0_,
        coinhistor0_.fluctate24h as fluctate5_0_0_,
        coinhistor0_.fluctate_rate24h as fluctate6_0_0_,
        coinhistor0_.max_price as max_pric7_0_0_,
        coinhistor0_.min_price as min_pric8_0_0_,
        coinhistor0_.opening_price as opening_9_0_0_,
        coinhistor0_.prev_closing_price as prev_cl10_0_0_,
        coinhistor0_.units_traded as units_t11_0_0_,
        coinhistor0_.units_traded24h as units_t12_0_0_ 
    from
        coin_history coinhistor0_ 
    where
        coinhistor0_.created_time=? 
        and coinhistor0_.name=?
Hibernate: 
    insert 
    into
        coin_history
        (acc_trade_value, acc_trade_value24h, fluctate24h, fluctate_rate24h, max_price, min_price, opening_price, prev_closing_price, units_traded, units_traded24h, created_time, name) 
    values
        (?, ?, ?, ?, ?, ?, ?, ?, ?, ?, ?, ?)
name = STEEM
coinMap: {opening_price=369.5, closing_price=399.2, min_price=369.5, max_price=428, units_traded=2228728.81562873, acc_trade_value=886276224.2804, prev_closing_price=371.6, units_traded_24H=2249226.97140052, acc_trade_value_24H=893877832.4752, fluctate_24H=26.2, fluctate_rate_24H=7.02}
coinHistory = CoinHistory(createdTime=2022-01-29, name=STEEM, openingPrice=369.5, minPrice=369.5, maxPrice=428.0, unitsTraded=2228728.81562873, accTradeValue=8.862762242804E8, prevClosingPrice=371.6, unitsTraded24H=2249226.97140052, accTradeValue24H=8.938778324752E8, fluctate24H=26.2, fluctateRate24H=7.02)
Hibernate: 
    select
        coinhistor0_.created_time as created_1_0_0_,
        coinhistor0_.name as name2_0_0_,
        coinhistor0_.acc_trade_value as acc_trad3_0_0_,
        coinhistor0_.acc_trade_value24h as acc_trad4_0_0_,
        coinhistor0_.fluctate24h as fluctate5_0_0_,
        coinhistor0_.fluctate_rate24h as fluctate6_0_0_,
        coinhistor0_.max_price as max_pric7_0_0_,
        coinhistor0_.min_price as min_pric8_0_0_,
        coinhistor0_.opening_price as opening_9_0_0_,
        coinhistor0_.prev_closing_price as prev_cl10_0_0_,
        coinhistor0_.units_traded as units_t11_0_0_,
        coinhistor0_.units_traded24h as units_t12_0_0_ 
    from
        coin_history coinhistor0_ 
    where
        coinhistor0_.created_time=? 
        and coinhistor0_.name=?
Hibernate: 
    insert 
    into
        coin_history
        (acc_trade_value, acc_trade_value24h, fluctate24h, fluctate_rate24h, max_price, min_price, opening_price, prev_closing_price, units_traded, units_traded24h, created_time, name) 
    values
        (?, ?, ?, ?, ?, ?, ?, ?, ?, ?, ?, ?)
name = STRAX
coinMap: {opening_price=1185, closing_price=1236, min_price=1177, max_price=1253, units_traded=102876.26950148, acc_trade_value=124547459.0421, prev_closing_price=1185, units_traded_24H=115305.60190148, acc_trade_value_24H=139203160.5116, fluctate_24H=45, fluctate_rate_24H=3.78}
coinHistory = CoinHistory(createdTime=2022-01-29, name=STRAX, openingPrice=1185.0, minPrice=1177.0, maxPrice=1253.0, unitsTraded=102876.26950148, accTradeValue=1.245474590421E8, prevClosingPrice=1185.0, unitsTraded24H=115305.60190148, accTradeValue24H=1.392031605116E8, fluctate24H=45.0, fluctateRate24H=3.78)
Hibernate: 
    select
        coinhistor0_.created_time as created_1_0_0_,
        coinhistor0_.name as name2_0_0_,
        coinhistor0_.acc_trade_value as acc_trad3_0_0_,
        coinhistor0_.acc_trade_value24h as acc_trad4_0_0_,
        coinhistor0_.fluctate24h as fluctate5_0_0_,
        coinhistor0_.fluctate_rate24h as fluctate6_0_0_,
        coinhistor0_.max_price as max_pric7_0_0_,
        coinhistor0_.min_price as min_pric8_0_0_,
        coinhistor0_.opening_price as opening_9_0_0_,
        coinhistor0_.prev_closing_price as prev_cl10_0_0_,
        coinhistor0_.units_traded as units_t11_0_0_,
        coinhistor0_.units_traded24h as units_t12_0_0_ 
    from
        coin_history coinhistor0_ 
    where
        coinhistor0_.created_time=? 
        and coinhistor0_.name=?
Hibernate: 
    insert 
    into
        coin_history
        (acc_trade_value, acc_trade_value24h, fluctate24h, fluctate_rate24h, max_price, min_price, opening_price, prev_closing_price, units_traded, units_traded24h, created_time, name) 
    values
        (?, ?, ?, ?, ?, ?, ?, ?, ?, ?, ?, ?)
name = ZRX
coinMap: {opening_price=651.5, closing_price=699.1, min_price=650.8, max_price=727, units_traded=195165.80790039, acc_trade_value=133146211.7037, prev_closing_price=644.3, units_traded_24H=197163.37350039, acc_trade_value_24H=134441581.2045, fluctate_24H=48.5, fluctate_rate_24H=7.45}
coinHistory = CoinHistory(createdTime=2022-01-29, name=ZRX, openingPrice=651.5, minPrice=650.8, maxPrice=727.0, unitsTraded=195165.80790039, accTradeValue=1.331462117037E8, prevClosingPrice=644.3, unitsTraded24H=197163.37350039, accTradeValue24H=1.344415812045E8, fluctate24H=48.5, fluctateRate24H=7.45)
Hibernate: 
    select
        coinhistor0_.created_time as created_1_0_0_,
        coinhistor0_.name as name2_0_0_,
        coinhistor0_.acc_trade_value as acc_trad3_0_0_,
        coinhistor0_.acc_trade_value24h as acc_trad4_0_0_,
        coinhistor0_.fluctate24h as fluctate5_0_0_,
        coinhistor0_.fluctate_rate24h as fluctate6_0_0_,
        coinhistor0_.max_price as max_pric7_0_0_,
        coinhistor0_.min_price as min_pric8_0_0_,
        coinhistor0_.opening_price as opening_9_0_0_,
        coinhistor0_.prev_closing_price as prev_cl10_0_0_,
        coinhistor0_.units_traded as units_t11_0_0_,
        coinhistor0_.units_traded24h as units_t12_0_0_ 
    from
        coin_history coinhistor0_ 
    where
        coinhistor0_.created_time=? 
        and coinhistor0_.name=?
Hibernate: 
    insert 
    into
        coin_history
        (acc_trade_value, acc_trade_value24h, fluctate24h, fluctate_rate24h, max_price, min_price, opening_price, prev_closing_price, units_traded, units_traded24h, created_time, name) 
    values
        (?, ?, ?, ?, ?, ?, ?, ?, ?, ?, ?, ?)
name = REP
coinMap: {opening_price=15600, closing_price=16100, min_price=15510, max_price=16210, units_traded=13413.06130496, acc_trade_value=213140252.6189, prev_closing_price=15590, units_traded_24H=13542.79100496, acc_trade_value_24H=215162842.4129, fluctate_24H=420, fluctate_rate_24H=2.68}
coinHistory = CoinHistory(createdTime=2022-01-29, name=REP, openingPrice=15600.0, minPrice=15510.0, maxPrice=16210.0, unitsTraded=13413.06130496, accTradeValue=2.131402526189E8, prevClosingPrice=15590.0, unitsTraded24H=13542.79100496, accTradeValue24H=2.151628424129E8, fluctate24H=420.0, fluctateRate24H=2.68)
Hibernate: 
    select
        coinhistor0_.created_time as created_1_0_0_,
        coinhistor0_.name as name2_0_0_,
        coinhistor0_.acc_trade_value as acc_trad3_0_0_,
        coinhistor0_.acc_trade_value24h as acc_trad4_0_0_,
        coinhistor0_.fluctate24h as fluctate5_0_0_,
        coinhistor0_.fluctate_rate24h as fluctate6_0_0_,
        coinhistor0_.max_price as max_pric7_0_0_,
        coinhistor0_.min_price as min_pric8_0_0_,
        coinhistor0_.opening_price as opening_9_0_0_,
        coinhistor0_.prev_closing_price as prev_cl10_0_0_,
        coinhistor0_.units_traded as units_t11_0_0_,
        coinhistor0_.units_traded24h as units_t12_0_0_ 
    from
        coin_history coinhistor0_ 
    where
        coinhistor0_.created_time=? 
        and coinhistor0_.name=?
Hibernate: 
    insert 
    into
        coin_history
        (acc_trade_value, acc_trade_value24h, fluctate24h, fluctate_rate24h, max_price, min_price, opening_price, prev_closing_price, units_traded, units_traded24h, created_time, name) 
    values
        (?, ?, ?, ?, ?, ?, ?, ?, ?, ?, ?, ?)
name = XEM
coinMap: {opening_price=120.1, closing_price=128.9, min_price=119.4, max_price=130.3, units_traded=3811419.42052679, acc_trade_value=477167607.2417, prev_closing_price=120, units_traded_24H=3922644.85162679, acc_trade_value_24H=490556769.2217, fluctate_24H=8.4, fluctate_rate_24H=6.97}
coinHistory = CoinHistory(createdTime=2022-01-29, name=XEM, openingPrice=120.1, minPrice=119.4, maxPrice=130.3, unitsTraded=3811419.42052679, accTradeValue=4.771676072417E8, prevClosingPrice=120.0, unitsTraded24H=3922644.85162679, accTradeValue24H=4.905567692217E8, fluctate24H=8.4, fluctateRate24H=6.97)
Hibernate: 
    select
        coinhistor0_.created_time as created_1_0_0_,
        coinhistor0_.name as name2_0_0_,
        coinhistor0_.acc_trade_value as acc_trad3_0_0_,
        coinhistor0_.acc_trade_value24h as acc_trad4_0_0_,
        coinhistor0_.fluctate24h as fluctate5_0_0_,
        coinhistor0_.fluctate_rate24h as fluctate6_0_0_,
        coinhistor0_.max_price as max_pric7_0_0_,
        coinhistor0_.min_price as min_pric8_0_0_,
        coinhistor0_.opening_price as opening_9_0_0_,
        coinhistor0_.prev_closing_price as prev_cl10_0_0_,
        coinhistor0_.units_traded as units_t11_0_0_,
        coinhistor0_.units_traded24h as units_t12_0_0_ 
    from
        coin_history coinhistor0_ 
    where
        coinhistor0_.created_time=? 
        and coinhistor0_.name=?
Hibernate: 
    insert 
    into
        coin_history
        (acc_trade_value, acc_trade_value24h, fluctate24h, fluctate_rate24h, max_price, min_price, opening_price, prev_closing_price, units_traded, units_traded24h, created_time, name) 
    values
        (?, ?, ?, ?, ?, ?, ?, ?, ?, ?, ?, ?)
name = SNT
coinMap: {opening_price=59.87, closing_price=62.08, min_price=58.72, max_price=63.41, units_traded=3286897.71939472, acc_trade_value=199540053.5233, prev_closing_price=60.2, units_traded_24H=3740410.33016084, acc_trade_value_24H=226941114.3545, fluctate_24H=3.13, fluctate_rate_24H=5.31}
coinHistory = CoinHistory(createdTime=2022-01-29, name=SNT, openingPrice=59.87, minPrice=58.72, maxPrice=63.41, unitsTraded=3286897.71939472, accTradeValue=1.995400535233E8, prevClosingPrice=60.2, unitsTraded24H=3740410.33016084, accTradeValue24H=2.269411143545E8, fluctate24H=3.13, fluctateRate24H=5.31)
Hibernate: 
    select
        coinhistor0_.created_time as created_1_0_0_,
        coinhistor0_.name as name2_0_0_,
        coinhistor0_.acc_trade_value as acc_trad3_0_0_,
        coinhistor0_.acc_trade_value24h as acc_trad4_0_0_,
        coinhistor0_.fluctate24h as fluctate5_0_0_,
        coinhistor0_.fluctate_rate24h as fluctate6_0_0_,
        coinhistor0_.max_price as max_pric7_0_0_,
        coinhistor0_.min_price as min_pric8_0_0_,
        coinhistor0_.opening_price as opening_9_0_0_,
        coinhistor0_.prev_closing_price as prev_cl10_0_0_,
        coinhistor0_.units_traded as units_t11_0_0_,
        coinhistor0_.units_traded24h as units_t12_0_0_ 
    from
        coin_history coinhistor0_ 
    where
        coinhistor0_.created_time=? 
        and coinhistor0_.name=?
Hibernate: 
    insert 
    into
        coin_history
        (acc_trade_value, acc_trade_value24h, fluctate24h, fluctate_rate24h, max_price, min_price, opening_price, prev_closing_price, units_traded, units_traded24h, created_time, name) 
    values
        (?, ?, ?, ?, ?, ?, ?, ?, ?, ?, ?, ?)
name = ADA
coinMap: {opening_price=1273, closing_price=1332, min_price=1268, max_price=1338, units_traded=6721651.91956747, acc_trade_value=8715277926.736, prev_closing_price=1271, units_traded_24H=7004145.46068609, acc_trade_value_24H=9074634296.1037, fluctate_24H=53, fluctate_rate_24H=4.14}
coinHistory = CoinHistory(createdTime=2022-01-29, name=ADA, openingPrice=1273.0, minPrice=1268.0, maxPrice=1338.0, unitsTraded=6721651.91956747, accTradeValue=8.715277926736E9, prevClosingPrice=1271.0, unitsTraded24H=7004145.46068609, accTradeValue24H=9.0746342961037E9, fluctate24H=53.0, fluctateRate24H=4.14)
Hibernate: 
    select
        coinhistor0_.created_time as created_1_0_0_,
        coinhistor0_.name as name2_0_0_,
        coinhistor0_.acc_trade_value as acc_trad3_0_0_,
        coinhistor0_.acc_trade_value24h as acc_trad4_0_0_,
        coinhistor0_.fluctate24h as fluctate5_0_0_,
        coinhistor0_.fluctate_rate24h as fluctate6_0_0_,
        coinhistor0_.max_price as max_pric7_0_0_,
        coinhistor0_.min_price as min_pric8_0_0_,
        coinhistor0_.opening_price as opening_9_0_0_,
        coinhistor0_.prev_closing_price as prev_cl10_0_0_,
        coinhistor0_.units_traded as units_t11_0_0_,
        coinhistor0_.units_traded24h as units_t12_0_0_ 
    from
        coin_history coinhistor0_ 
    where
        coinhistor0_.created_time=? 
        and coinhistor0_.name=?
Hibernate: 
    insert 
    into
        coin_history
        (acc_trade_value, acc_trade_value24h, fluctate24h, fluctate_rate24h, max_price, min_price, opening_price, prev_closing_price, units_traded, units_traded24h, created_time, name) 
    values
        (?, ?, ?, ?, ?, ?, ?, ?, ?, ?, ?, ?)
name = CTXC
coinMap: {opening_price=358.2, closing_price=371.5, min_price=356.7, max_price=377.1, units_traded=2088862.81198263, acc_trade_value=767848269.0396, prev_closing_price=361.2, units_traded_24H=2199294.75964513, acc_trade_value_24H=807605716.8307, fluctate_24H=11.5, fluctate_rate_24H=3.19}
coinHistory = CoinHistory(createdTime=2022-01-29, name=CTXC, openingPrice=358.2, minPrice=356.7, maxPrice=377.1, unitsTraded=2088862.81198263, accTradeValue=7.678482690396E8, prevClosingPrice=361.2, unitsTraded24H=2199294.75964513, accTradeValue24H=8.076057168307E8, fluctate24H=11.5, fluctateRate24H=3.19)
Hibernate: 
    select
        coinhistor0_.created_time as created_1_0_0_,
        coinhistor0_.name as name2_0_0_,
        coinhistor0_.acc_trade_value as acc_trad3_0_0_,
        coinhistor0_.acc_trade_value24h as acc_trad4_0_0_,
        coinhistor0_.fluctate24h as fluctate5_0_0_,
        coinhistor0_.fluctate_rate24h as fluctate6_0_0_,
        coinhistor0_.max_price as max_pric7_0_0_,
        coinhistor0_.min_price as min_pric8_0_0_,
        coinhistor0_.opening_price as opening_9_0_0_,
        coinhistor0_.prev_closing_price as prev_cl10_0_0_,
        coinhistor0_.units_traded as units_t11_0_0_,
        coinhistor0_.units_traded24h as units_t12_0_0_ 
    from
        coin_history coinhistor0_ 
    where
        coinhistor0_.created_time=? 
        and coinhistor0_.name=?
Hibernate: 
    insert 
    into
        coin_history
        (acc_trade_value, acc_trade_value24h, fluctate24h, fluctate_rate24h, max_price, min_price, opening_price, prev_closing_price, units_traded, units_traded24h, created_time, name) 
    values
        (?, ?, ?, ?, ?, ?, ?, ?, ?, ?, ?, ?)
name = BAT
coinMap: {opening_price=1039, closing_price=1074, min_price=1039, max_price=1109, units_traded=1363408.28357949, acc_trade_value=1472286988.7937, prev_closing_price=1041, units_traded_24H=1386091.32797949, acc_trade_value_24H=1495954063.0393, fluctate_24H=20, fluctate_rate_24H=1.9}
coinHistory = CoinHistory(createdTime=2022-01-29, name=BAT, openingPrice=1039.0, minPrice=1039.0, maxPrice=1109.0, unitsTraded=1363408.28357949, accTradeValue=1.4722869887937E9, prevClosingPrice=1041.0, unitsTraded24H=1386091.32797949, accTradeValue24H=1.4959540630393E9, fluctate24H=20.0, fluctateRate24H=1.9)
Hibernate: 
    select
        coinhistor0_.created_time as created_1_0_0_,
        coinhistor0_.name as name2_0_0_,
        coinhistor0_.acc_trade_value as acc_trad3_0_0_,
        coinhistor0_.acc_trade_value24h as acc_trad4_0_0_,
        coinhistor0_.fluctate24h as fluctate5_0_0_,
        coinhistor0_.fluctate_rate24h as fluctate6_0_0_,
        coinhistor0_.max_price as max_pric7_0_0_,
        coinhistor0_.min_price as min_pric8_0_0_,
        coinhistor0_.opening_price as opening_9_0_0_,
        coinhistor0_.prev_closing_price as prev_cl10_0_0_,
        coinhistor0_.units_traded as units_t11_0_0_,
        coinhistor0_.units_traded24h as units_t12_0_0_ 
    from
        coin_history coinhistor0_ 
    where
        coinhistor0_.created_time=? 
        and coinhistor0_.name=?
Hibernate: 
    insert 
    into
        coin_history
        (acc_trade_value, acc_trade_value24h, fluctate24h, fluctate_rate24h, max_price, min_price, opening_price, prev_closing_price, units_traded, units_traded24h, created_time, name) 
    values
        (?, ?, ?, ?, ?, ?, ?, ?, ?, ?, ?, ?)
name = WTC
coinMap: {opening_price=608.8, closing_price=640, min_price=600.2, max_price=641.9, units_traded=126674.48056052, acc_trade_value=79170396.4833, prev_closing_price=608.8, units_traded_24H=135903.11628732, acc_trade_value_24H=84749908.4834, fluctate_24H=34.3, fluctate_rate_24H=5.66}
coinHistory = CoinHistory(createdTime=2022-01-29, name=WTC, openingPrice=608.8, minPrice=600.2, maxPrice=641.9, unitsTraded=126674.48056052, accTradeValue=7.91703964833E7, prevClosingPrice=608.8, unitsTraded24H=135903.11628732, accTradeValue24H=8.47499084834E7, fluctate24H=34.3, fluctateRate24H=5.66)
Hibernate: 
    select
        coinhistor0_.created_time as created_1_0_0_,
        coinhistor0_.name as name2_0_0_,
        coinhistor0_.acc_trade_value as acc_trad3_0_0_,
        coinhistor0_.acc_trade_value24h as acc_trad4_0_0_,
        coinhistor0_.fluctate24h as fluctate5_0_0_,
        coinhistor0_.fluctate_rate24h as fluctate6_0_0_,
        coinhistor0_.max_price as max_pric7_0_0_,
        coinhistor0_.min_price as min_pric8_0_0_,
        coinhistor0_.opening_price as opening_9_0_0_,
        coinhistor0_.prev_closing_price as prev_cl10_0_0_,
        coinhistor0_.units_traded as units_t11_0_0_,
        coinhistor0_.units_traded24h as units_t12_0_0_ 
    from
        coin_history coinhistor0_ 
    where
        coinhistor0_.created_time=? 
        and coinhistor0_.name=?
Hibernate: 
    insert 
    into
        coin_history
        (acc_trade_value, acc_trade_value24h, fluctate24h, fluctate_rate24h, max_price, min_price, opening_price, prev_closing_price, units_traded, units_traded24h, created_time, name) 
    values
        (?, ?, ?, ?, ?, ?, ?, ?, ?, ?, ?, ?)
name = THETA
coinMap: {opening_price=3545, closing_price=3707, min_price=3513, max_price=3729, units_traded=79630.00908627, acc_trade_value=291272342.9018, prev_closing_price=3563, units_traded_24H=82335.4648262, acc_trade_value_24H=300869880.6028, fluctate_24H=144, fluctate_rate_24H=4.04}
coinHistory = CoinHistory(createdTime=2022-01-29, name=THETA, openingPrice=3545.0, minPrice=3513.0, maxPrice=3729.0, unitsTraded=79630.00908627, accTradeValue=2.912723429018E8, prevClosingPrice=3563.0, unitsTraded24H=82335.4648262, accTradeValue24H=3.008698806028E8, fluctate24H=144.0, fluctateRate24H=4.04)
Hibernate: 
    select
        coinhistor0_.created_time as created_1_0_0_,
        coinhistor0_.name as name2_0_0_,
        coinhistor0_.acc_trade_value as acc_trad3_0_0_,
        coinhistor0_.acc_trade_value24h as acc_trad4_0_0_,
        coinhistor0_.fluctate24h as fluctate5_0_0_,
        coinhistor0_.fluctate_rate24h as fluctate6_0_0_,
        coinhistor0_.max_price as max_pric7_0_0_,
        coinhistor0_.min_price as min_pric8_0_0_,
        coinhistor0_.opening_price as opening_9_0_0_,
        coinhistor0_.prev_closing_price as prev_cl10_0_0_,
        coinhistor0_.units_traded as units_t11_0_0_,
        coinhistor0_.units_traded24h as units_t12_0_0_ 
    from
        coin_history coinhistor0_ 
    where
        coinhistor0_.created_time=? 
        and coinhistor0_.name=?
Hibernate: 
    insert 
    into
        coin_history
        (acc_trade_value, acc_trade_value24h, fluctate24h, fluctate_rate24h, max_price, min_price, opening_price, prev_closing_price, units_traded, units_traded24h, created_time, name) 
    values
        (?, ?, ?, ?, ?, ?, ?, ?, ?, ?, ?, ?)
name = LOOM
coinMap: {opening_price=76.65, closing_price=77.88, min_price=73.67, max_price=79, units_traded=3308084.88972535, acc_trade_value=253434679.9016, prev_closing_price=76.67, units_traded_24H=3656211.57852535, acc_trade_value_24H=279814387.4117, fluctate_24H=3.09, fluctate_rate_24H=4.13}
coinHistory = CoinHistory(createdTime=2022-01-29, name=LOOM, openingPrice=76.65, minPrice=73.67, maxPrice=79.0, unitsTraded=3308084.88972535, accTradeValue=2.534346799016E8, prevClosingPrice=76.67, unitsTraded24H=3656211.57852535, accTradeValue24H=2.798143874117E8, fluctate24H=3.09, fluctateRate24H=4.13)
Hibernate: 
    select
        coinhistor0_.created_time as created_1_0_0_,
        coinhistor0_.name as name2_0_0_,
        coinhistor0_.acc_trade_value as acc_trad3_0_0_,
        coinhistor0_.acc_trade_value24h as acc_trad4_0_0_,
        coinhistor0_.fluctate24h as fluctate5_0_0_,
        coinhistor0_.fluctate_rate24h as fluctate6_0_0_,
        coinhistor0_.max_price as max_pric7_0_0_,
        coinhistor0_.min_price as min_pric8_0_0_,
        coinhistor0_.opening_price as opening_9_0_0_,
        coinhistor0_.prev_closing_price as prev_cl10_0_0_,
        coinhistor0_.units_traded as units_t11_0_0_,
        coinhistor0_.units_traded24h as units_t12_0_0_ 
    from
        coin_history coinhistor0_ 
    where
        coinhistor0_.created_time=? 
        and coinhistor0_.name=?
Hibernate: 
    insert 
    into
        coin_history
        (acc_trade_value, acc_trade_value24h, fluctate24h, fluctate_rate24h, max_price, min_price, opening_price, prev_closing_price, units_traded, units_traded24h, created_time, name) 
    values
        (?, ?, ?, ?, ?, ?, ?, ?, ?, ?, ?, ?)
name = WAVES
coinMap: {opening_price=11830, closing_price=12360, min_price=11830, max_price=12800, units_traded=146853.87371183, acc_trade_value=1805122742.0457, prev_closing_price=11810, units_traded_24H=148614.88106226, acc_trade_value_24H=1825964390.3076, fluctate_24H=470, fluctate_rate_24H=3.95}
coinHistory = CoinHistory(createdTime=2022-01-29, name=WAVES, openingPrice=11830.0, minPrice=11830.0, maxPrice=12800.0, unitsTraded=146853.87371183, accTradeValue=1.8051227420457E9, prevClosingPrice=11810.0, unitsTraded24H=148614.88106226, accTradeValue24H=1.8259643903076E9, fluctate24H=470.0, fluctateRate24H=3.95)
Hibernate: 
    select
        coinhistor0_.created_time as created_1_0_0_,
        coinhistor0_.name as name2_0_0_,
        coinhistor0_.acc_trade_value as acc_trad3_0_0_,
        coinhistor0_.acc_trade_value24h as acc_trad4_0_0_,
        coinhistor0_.fluctate24h as fluctate5_0_0_,
        coinhistor0_.fluctate_rate24h as fluctate6_0_0_,
        coinhistor0_.max_price as max_pric7_0_0_,
        coinhistor0_.min_price as min_pric8_0_0_,
        coinhistor0_.opening_price as opening_9_0_0_,
        coinhistor0_.prev_closing_price as prev_cl10_0_0_,
        coinhistor0_.units_traded as units_t11_0_0_,
        coinhistor0_.units_traded24h as units_t12_0_0_ 
    from
        coin_history coinhistor0_ 
    where
        coinhistor0_.created_time=? 
        and coinhistor0_.name=?
Hibernate: 
    insert 
    into
        coin_history
        (acc_trade_value, acc_trade_value24h, fluctate24h, fluctate_rate24h, max_price, min_price, opening_price, prev_closing_price, units_traded, units_traded24h, created_time, name) 
    values
        (?, ?, ?, ?, ?, ?, ?, ?, ?, ?, ?, ?)
name = TRUE
coinMap: {opening_price=348.6, closing_price=311.5, min_price=274.5, max_price=348.6, units_traded=37328358.78081487, acc_trade_value=11294615762.0359, prev_closing_price=348.7, units_traded_24H=39071387.63320411, acc_trade_value_24H=11893677205.1774, fluctate_24H=-30.4, fluctate_rate_24H=-8.89}
coinHistory = CoinHistory(createdTime=2022-01-29, name=TRUE, openingPrice=348.6, minPrice=274.5, maxPrice=348.6, unitsTraded=3.732835878081487E7, accTradeValue=1.12946157620359E10, prevClosingPrice=348.7, unitsTraded24H=3.907138763320411E7, accTradeValue24H=1.18936772051774E10, fluctate24H=-30.4, fluctateRate24H=-8.89)
Hibernate: 
    select
        coinhistor0_.created_time as created_1_0_0_,
        coinhistor0_.name as name2_0_0_,
        coinhistor0_.acc_trade_value as acc_trad3_0_0_,
        coinhistor0_.acc_trade_value24h as acc_trad4_0_0_,
        coinhistor0_.fluctate24h as fluctate5_0_0_,
        coinhistor0_.fluctate_rate24h as fluctate6_0_0_,
        coinhistor0_.max_price as max_pric7_0_0_,
        coinhistor0_.min_price as min_pric8_0_0_,
        coinhistor0_.opening_price as opening_9_0_0_,
        coinhistor0_.prev_closing_price as prev_cl10_0_0_,
        coinhistor0_.units_traded as units_t11_0_0_,
        coinhistor0_.units_traded24h as units_t12_0_0_ 
    from
        coin_history coinhistor0_ 
    where
        coinhistor0_.created_time=? 
        and coinhistor0_.name=?
Hibernate: 
    insert 
    into
        coin_history
        (acc_trade_value, acc_trade_value24h, fluctate24h, fluctate_rate24h, max_price, min_price, opening_price, prev_closing_price, units_traded, units_traded24h, created_time, name) 
    values
        (?, ?, ?, ?, ?, ?, ?, ?, ?, ?, ?, ?)
name = LINK
coinMap: {opening_price=18750, closing_price=20450, min_price=18740, max_price=20550, units_traded=208419.42160141, acc_trade_value=4128073877.573, prev_closing_price=18810, units_traded_24H=213549.05789378, acc_trade_value_24H=4224118660.793, fluctate_24H=1600, fluctate_rate_24H=8.49}
coinHistory = CoinHistory(createdTime=2022-01-29, name=LINK, openingPrice=18750.0, minPrice=18740.0, maxPrice=20550.0, unitsTraded=208419.42160141, accTradeValue=4.128073877573E9, prevClosingPrice=18810.0, unitsTraded24H=213549.05789378, accTradeValue24H=4.224118660793E9, fluctate24H=1600.0, fluctateRate24H=8.49)
Hibernate: 
    select
        coinhistor0_.created_time as created_1_0_0_,
        coinhistor0_.name as name2_0_0_,
        coinhistor0_.acc_trade_value as acc_trad3_0_0_,
        coinhistor0_.acc_trade_value24h as acc_trad4_0_0_,
        coinhistor0_.fluctate24h as fluctate5_0_0_,
        coinhistor0_.fluctate_rate24h as fluctate6_0_0_,
        coinhistor0_.max_price as max_pric7_0_0_,
        coinhistor0_.min_price as min_pric8_0_0_,
        coinhistor0_.opening_price as opening_9_0_0_,
        coinhistor0_.prev_closing_price as prev_cl10_0_0_,
        coinhistor0_.units_traded as units_t11_0_0_,
        coinhistor0_.units_traded24h as units_t12_0_0_ 
    from
        coin_history coinhistor0_ 
    where
        coinhistor0_.created_time=? 
        and coinhistor0_.name=?
Hibernate: 
    insert 
    into
        coin_history
        (acc_trade_value, acc_trade_value24h, fluctate24h, fluctate_rate24h, max_price, min_price, opening_price, prev_closing_price, units_traded, units_traded24h, created_time, name) 
    values
        (?, ?, ?, ?, ?, ?, ?, ?, ?, ?, ?, ?)
name = ENJ
coinMap: {opening_price=1983, closing_price=2141, min_price=1970, max_price=2151, units_traded=471872.14018264, acc_trade_value=978942743.4225, prev_closing_price=1993, units_traded_24H=500115.18075262, acc_trade_value_24H=1035485902.6729, fluctate_24H=132, fluctate_rate_24H=6.57}
coinHistory = CoinHistory(createdTime=2022-01-29, name=ENJ, openingPrice=1983.0, minPrice=1970.0, maxPrice=2151.0, unitsTraded=471872.14018264, accTradeValue=9.789427434225E8, prevClosingPrice=1993.0, unitsTraded24H=500115.18075262, accTradeValue24H=1.0354859026729E9, fluctate24H=132.0, fluctateRate24H=6.57)
Hibernate: 
    select
        coinhistor0_.created_time as created_1_0_0_,
        coinhistor0_.name as name2_0_0_,
        coinhistor0_.acc_trade_value as acc_trad3_0_0_,
        coinhistor0_.acc_trade_value24h as acc_trad4_0_0_,
        coinhistor0_.fluctate24h as fluctate5_0_0_,
        coinhistor0_.fluctate_rate24h as fluctate6_0_0_,
        coinhistor0_.max_price as max_pric7_0_0_,
        coinhistor0_.min_price as min_pric8_0_0_,
        coinhistor0_.opening_price as opening_9_0_0_,
        coinhistor0_.prev_closing_price as prev_cl10_0_0_,
        coinhistor0_.units_traded as units_t11_0_0_,
        coinhistor0_.units_traded24h as units_t12_0_0_ 
    from
        coin_history coinhistor0_ 
    where
        coinhistor0_.created_time=? 
        and coinhistor0_.name=?
Hibernate: 
    insert 
    into
        coin_history
        (acc_trade_value, acc_trade_value24h, fluctate24h, fluctate_rate24h, max_price, min_price, opening_price, prev_closing_price, units_traded, units_traded24h, created_time, name) 
    values
        (?, ?, ?, ?, ?, ?, ?, ?, ?, ?, ?, ?)
name = VET
coinMap: {opening_price=64.28, closing_price=68.19, min_price=64.2, max_price=68.54, units_traded=19985825.95928023, acc_trade_value=1334154782.887, prev_closing_price=64.3, units_traded_24H=20782787.06275611, acc_trade_value_24H=1385552543.7195, fluctate_24H=3.48, fluctate_rate_24H=5.38}
coinHistory = CoinHistory(createdTime=2022-01-29, name=VET, openingPrice=64.28, minPrice=64.2, maxPrice=68.54, unitsTraded=1.998582595928023E7, accTradeValue=1.334154782887E9, prevClosingPrice=64.3, unitsTraded24H=2.078278706275611E7, accTradeValue24H=1.3855525437195E9, fluctate24H=3.48, fluctateRate24H=5.38)
Hibernate: 
    select
        coinhistor0_.created_time as created_1_0_0_,
        coinhistor0_.name as name2_0_0_,
        coinhistor0_.acc_trade_value as acc_trad3_0_0_,
        coinhistor0_.acc_trade_value24h as acc_trad4_0_0_,
        coinhistor0_.fluctate24h as fluctate5_0_0_,
        coinhistor0_.fluctate_rate24h as fluctate6_0_0_,
        coinhistor0_.max_price as max_pric7_0_0_,
        coinhistor0_.min_price as min_pric8_0_0_,
        coinhistor0_.opening_price as opening_9_0_0_,
        coinhistor0_.prev_closing_price as prev_cl10_0_0_,
        coinhistor0_.units_traded as units_t11_0_0_,
        coinhistor0_.units_traded24h as units_t12_0_0_ 
    from
        coin_history coinhistor0_ 
    where
        coinhistor0_.created_time=? 
        and coinhistor0_.name=?
Hibernate: 
    insert 
    into
        coin_history
        (acc_trade_value, acc_trade_value24h, fluctate24h, fluctate_rate24h, max_price, min_price, opening_price, prev_closing_price, units_traded, units_traded24h, created_time, name) 
    values
        (?, ?, ?, ?, ?, ?, ?, ?, ?, ?, ?, ?)
name = MTL
coinMap: {opening_price=1756, closing_price=1852, min_price=1750, max_price=1855, units_traded=59504.32601923, acc_trade_value=107033451.0246, prev_closing_price=1745, units_traded_24H=59551.10961923, acc_trade_value_24H=107115088.4066, fluctate_24H=107, fluctate_rate_24H=6.13}
coinHistory = CoinHistory(createdTime=2022-01-29, name=MTL, openingPrice=1756.0, minPrice=1750.0, maxPrice=1855.0, unitsTraded=59504.32601923, accTradeValue=1.070334510246E8, prevClosingPrice=1745.0, unitsTraded24H=59551.10961923, accTradeValue24H=1.071150884066E8, fluctate24H=107.0, fluctateRate24H=6.13)
Hibernate: 
    select
        coinhistor0_.created_time as created_1_0_0_,
        coinhistor0_.name as name2_0_0_,
        coinhistor0_.acc_trade_value as acc_trad3_0_0_,
        coinhistor0_.acc_trade_value24h as acc_trad4_0_0_,
        coinhistor0_.fluctate24h as fluctate5_0_0_,
        coinhistor0_.fluctate_rate24h as fluctate6_0_0_,
        coinhistor0_.max_price as max_pric7_0_0_,
        coinhistor0_.min_price as min_pric8_0_0_,
        coinhistor0_.opening_price as opening_9_0_0_,
        coinhistor0_.prev_closing_price as prev_cl10_0_0_,
        coinhistor0_.units_traded as units_t11_0_0_,
        coinhistor0_.units_traded24h as units_t12_0_0_ 
    from
        coin_history coinhistor0_ 
    where
        coinhistor0_.created_time=? 
        and coinhistor0_.name=?
Hibernate: 
    insert 
    into
        coin_history
        (acc_trade_value, acc_trade_value24h, fluctate24h, fluctate_rate24h, max_price, min_price, opening_price, prev_closing_price, units_traded, units_traded24h, created_time, name) 
    values
        (?, ?, ?, ?, ?, ?, ?, ?, ?, ?, ?, ?)
name = IOST
coinMap: {opening_price=28.89, closing_price=31.62, min_price=28.59, max_price=31.74, units_traded=5529167.68601102, acc_trade_value=166865273.0194, prev_closing_price=28.77, units_traded_24H=5613314.40545561, acc_trade_value_24H=169288034.2375, fluctate_24H=2.74, fluctate_rate_24H=9.49}
coinHistory = CoinHistory(createdTime=2022-01-29, name=IOST, openingPrice=28.89, minPrice=28.59, maxPrice=31.74, unitsTraded=5529167.68601102, accTradeValue=1.668652730194E8, prevClosingPrice=28.77, unitsTraded24H=5613314.40545561, accTradeValue24H=1.692880342375E8, fluctate24H=2.74, fluctateRate24H=9.49)
Hibernate: 
    select
        coinhistor0_.created_time as created_1_0_0_,
        coinhistor0_.name as name2_0_0_,
        coinhistor0_.acc_trade_value as acc_trad3_0_0_,
        coinhistor0_.acc_trade_value24h as acc_trad4_0_0_,
        coinhistor0_.fluctate24h as fluctate5_0_0_,
        coinhistor0_.fluctate_rate24h as fluctate6_0_0_,
        coinhistor0_.max_price as max_pric7_0_0_,
        coinhistor0_.min_price as min_pric8_0_0_,
        coinhistor0_.opening_price as opening_9_0_0_,
        coinhistor0_.prev_closing_price as prev_cl10_0_0_,
        coinhistor0_.units_traded as units_t11_0_0_,
        coinhistor0_.units_traded24h as units_t12_0_0_ 
    from
        coin_history coinhistor0_ 
    where
        coinhistor0_.created_time=? 
        and coinhistor0_.name=?
Hibernate: 
    insert 
    into
        coin_history
        (acc_trade_value, acc_trade_value24h, fluctate24h, fluctate_rate24h, max_price, min_price, opening_price, prev_closing_price, units_traded, units_traded24h, created_time, name) 
    values
        (?, ?, ?, ?, ?, ?, ?, ?, ?, ?, ?, ?)
name = TMTG
coinMap: {opening_price=3.503, closing_price=3.6, min_price=3.431, max_price=3.8, units_traded=185264788.83721179, acc_trade_value=665327653.5344, prev_closing_price=3.53, units_traded_24H=186768712.41791179, acc_trade_value_24H=670615518.164, fluctate_24H=0.114, fluctate_rate_24H=3.27}
coinHistory = CoinHistory(createdTime=2022-01-29, name=TMTG, openingPrice=3.503, minPrice=3.431, maxPrice=3.8, unitsTraded=1.852647888372118E8, accTradeValue=6.653276535344E8, prevClosingPrice=3.53, unitsTraded24H=1.867687124179118E8, accTradeValue24H=6.70615518164E8, fluctate24H=0.114, fluctateRate24H=3.27)
Hibernate: 
    select
        coinhistor0_.created_time as created_1_0_0_,
        coinhistor0_.name as name2_0_0_,
        coinhistor0_.acc_trade_value as acc_trad3_0_0_,
        coinhistor0_.acc_trade_value24h as acc_trad4_0_0_,
        coinhistor0_.fluctate24h as fluctate5_0_0_,
        coinhistor0_.fluctate_rate24h as fluctate6_0_0_,
        coinhistor0_.max_price as max_pric7_0_0_,
        coinhistor0_.min_price as min_pric8_0_0_,
        coinhistor0_.opening_price as opening_9_0_0_,
        coinhistor0_.prev_closing_price as prev_cl10_0_0_,
        coinhistor0_.units_traded as units_t11_0_0_,
        coinhistor0_.units_traded24h as units_t12_0_0_ 
    from
        coin_history coinhistor0_ 
    where
        coinhistor0_.created_time=? 
        and coinhistor0_.name=?
Hibernate: 
    insert 
    into
        coin_history
        (acc_trade_value, acc_trade_value24h, fluctate24h, fluctate_rate24h, max_price, min_price, opening_price, prev_closing_price, units_traded, units_traded24h, created_time, name) 
    values
        (?, ?, ?, ?, ?, ?, ?, ?, ?, ?, ?, ?)
name = QKC
coinMap: {opening_price=18.17, closing_price=18.77, min_price=17.85, max_price=18.88, units_traded=12864066.58663987, acc_trade_value=237927559.6191, prev_closing_price=18.17, units_traded_24H=13248199.25693987, acc_trade_value_24H=244891695.1133, fluctate_24H=0.84, fluctate_rate_24H=4.68}
coinHistory = CoinHistory(createdTime=2022-01-29, name=QKC, openingPrice=18.17, minPrice=17.85, maxPrice=18.88, unitsTraded=1.286406658663987E7, accTradeValue=2.379275596191E8, prevClosingPrice=18.17, unitsTraded24H=1.324819925693987E7, accTradeValue24H=2.448916951133E8, fluctate24H=0.84, fluctateRate24H=4.68)
Hibernate: 
    select
        coinhistor0_.created_time as created_1_0_0_,
        coinhistor0_.name as name2_0_0_,
        coinhistor0_.acc_trade_value as acc_trad3_0_0_,
        coinhistor0_.acc_trade_value24h as acc_trad4_0_0_,
        coinhistor0_.fluctate24h as fluctate5_0_0_,
        coinhistor0_.fluctate_rate24h as fluctate6_0_0_,
        coinhistor0_.max_price as max_pric7_0_0_,
        coinhistor0_.min_price as min_pric8_0_0_,
        coinhistor0_.opening_price as opening_9_0_0_,
        coinhistor0_.prev_closing_price as prev_cl10_0_0_,
        coinhistor0_.units_traded as units_t11_0_0_,
        coinhistor0_.units_traded24h as units_t12_0_0_ 
    from
        coin_history coinhistor0_ 
    where
        coinhistor0_.created_time=? 
        and coinhistor0_.name=?
Hibernate: 
    insert 
    into
        coin_history
        (acc_trade_value, acc_trade_value24h, fluctate24h, fluctate_rate24h, max_price, min_price, opening_price, prev_closing_price, units_traded, units_traded24h, created_time, name) 
    values
        (?, ?, ?, ?, ?, ?, ?, ?, ?, ?, ?, ?)
name = ATOLO
coinMap: {opening_price=48.09, closing_price=49.24, min_price=47.64, max_price=49.28, units_traded=2889888.36947333, acc_trade_value=140951742.517, prev_closing_price=48.27, units_traded_24H=3119555.58337333, acc_trade_value_24H=152036418.2896, fluctate_24H=0.44, fluctate_rate_24H=0.90}
coinHistory = CoinHistory(createdTime=2022-01-29, name=ATOLO, openingPrice=48.09, minPrice=47.64, maxPrice=49.28, unitsTraded=2889888.36947333, accTradeValue=1.40951742517E8, prevClosingPrice=48.27, unitsTraded24H=3119555.58337333, accTradeValue24H=1.520364182896E8, fluctate24H=0.44, fluctateRate24H=0.9)
Hibernate: 
    select
        coinhistor0_.created_time as created_1_0_0_,
        coinhistor0_.name as name2_0_0_,
        coinhistor0_.acc_trade_value as acc_trad3_0_0_,
        coinhistor0_.acc_trade_value24h as acc_trad4_0_0_,
        coinhistor0_.fluctate24h as fluctate5_0_0_,
        coinhistor0_.fluctate_rate24h as fluctate6_0_0_,
        coinhistor0_.max_price as max_pric7_0_0_,
        coinhistor0_.min_price as min_pric8_0_0_,
        coinhistor0_.opening_price as opening_9_0_0_,
        coinhistor0_.prev_closing_price as prev_cl10_0_0_,
        coinhistor0_.units_traded as units_t11_0_0_,
        coinhistor0_.units_traded24h as units_t12_0_0_ 
    from
        coin_history coinhistor0_ 
    where
        coinhistor0_.created_time=? 
        and coinhistor0_.name=?
Hibernate: 
    insert 
    into
        coin_history
        (acc_trade_value, acc_trade_value24h, fluctate24h, fluctate_rate24h, max_price, min_price, opening_price, prev_closing_price, units_traded, units_traded24h, created_time, name) 
    values
        (?, ?, ?, ?, ?, ?, ?, ?, ?, ?, ?, ?)
name = AMO
coinMap: {opening_price=2.341, closing_price=2.388, min_price=2.234, max_price=2.391, units_traded=299268658.62797747, acc_trade_value=690323654.4894, prev_closing_price=2.35, units_traded_24H=301741288.15707747, acc_trade_value_24H=696125498.9756, fluctate_24H=0.063, fluctate_rate_24H=2.71}
coinHistory = CoinHistory(createdTime=2022-01-29, name=AMO, openingPrice=2.341, minPrice=2.234, maxPrice=2.391, unitsTraded=2.992686586279775E8, accTradeValue=6.903236544894E8, prevClosingPrice=2.35, unitsTraded24H=3.017412881570775E8, accTradeValue24H=6.961254989756E8, fluctate24H=0.063, fluctateRate24H=2.71)
Hibernate: 
    select
        coinhistor0_.created_time as created_1_0_0_,
        coinhistor0_.name as name2_0_0_,
        coinhistor0_.acc_trade_value as acc_trad3_0_0_,
        coinhistor0_.acc_trade_value24h as acc_trad4_0_0_,
        coinhistor0_.fluctate24h as fluctate5_0_0_,
        coinhistor0_.fluctate_rate24h as fluctate6_0_0_,
        coinhistor0_.max_price as max_pric7_0_0_,
        coinhistor0_.min_price as min_pric8_0_0_,
        coinhistor0_.opening_price as opening_9_0_0_,
        coinhistor0_.prev_closing_price as prev_cl10_0_0_,
        coinhistor0_.units_traded as units_t11_0_0_,
        coinhistor0_.units_traded24h as units_t12_0_0_ 
    from
        coin_history coinhistor0_ 
    where
        coinhistor0_.created_time=? 
        and coinhistor0_.name=?
Hibernate: 
    insert 
    into
        coin_history
        (acc_trade_value, acc_trade_value24h, fluctate24h, fluctate_rate24h, max_price, min_price, opening_price, prev_closing_price, units_traded, units_traded24h, created_time, name) 
    values
        (?, ?, ?, ?, ?, ?, ?, ?, ?, ?, ?, ?)
name = BSV
coinMap: {opening_price=109400, closing_price=114000, min_price=108800, max_price=114000, units_traded=2138.52249915, acc_trade_value=238483218.6085, prev_closing_price=109400, units_traded_24H=2151.35919915, acc_trade_value_24H=239885610.3085, fluctate_24H=3900, fluctate_rate_24H=3.54}
coinHistory = CoinHistory(createdTime=2022-01-29, name=BSV, openingPrice=109400.0, minPrice=108800.0, maxPrice=114000.0, unitsTraded=2138.52249915, accTradeValue=2.384832186085E8, prevClosingPrice=109400.0, unitsTraded24H=2151.35919915, accTradeValue24H=2.398856103085E8, fluctate24H=3900.0, fluctateRate24H=3.54)
Hibernate: 
    select
        coinhistor0_.created_time as created_1_0_0_,
        coinhistor0_.name as name2_0_0_,
        coinhistor0_.acc_trade_value as acc_trad3_0_0_,
        coinhistor0_.acc_trade_value24h as acc_trad4_0_0_,
        coinhistor0_.fluctate24h as fluctate5_0_0_,
        coinhistor0_.fluctate_rate24h as fluctate6_0_0_,
        coinhistor0_.max_price as max_pric7_0_0_,
        coinhistor0_.min_price as min_pric8_0_0_,
        coinhistor0_.opening_price as opening_9_0_0_,
        coinhistor0_.prev_closing_price as prev_cl10_0_0_,
        coinhistor0_.units_traded as units_t11_0_0_,
        coinhistor0_.units_traded24h as units_t12_0_0_ 
    from
        coin_history coinhistor0_ 
    where
        coinhistor0_.created_time=? 
        and coinhistor0_.name=?
Hibernate: 
    insert 
    into
        coin_history
        (acc_trade_value, acc_trade_value24h, fluctate24h, fluctate_rate24h, max_price, min_price, opening_price, prev_closing_price, units_traded, units_traded24h, created_time, name) 
    values
        (?, ?, ?, ?, ?, ?, ?, ?, ?, ?, ?, ?)
name = ORBS
coinMap: {opening_price=77.96, closing_price=80.34, min_price=76.99, max_price=81.46, units_traded=3033603.41340166, acc_trade_value=240243491.0432, prev_closing_price=78, units_traded_24H=4281715.77150699, acc_trade_value_24H=337399891.2297, fluctate_24H=3.94, fluctate_rate_24H=5.16}
coinHistory = CoinHistory(createdTime=2022-01-29, name=ORBS, openingPrice=77.96, minPrice=76.99, maxPrice=81.46, unitsTraded=3033603.41340166, accTradeValue=2.402434910432E8, prevClosingPrice=78.0, unitsTraded24H=4281715.77150699, accTradeValue24H=3.373998912297E8, fluctate24H=3.94, fluctateRate24H=5.16)
Hibernate: 
    select
        coinhistor0_.created_time as created_1_0_0_,
        coinhistor0_.name as name2_0_0_,
        coinhistor0_.acc_trade_value as acc_trad3_0_0_,
        coinhistor0_.acc_trade_value24h as acc_trad4_0_0_,
        coinhistor0_.fluctate24h as fluctate5_0_0_,
        coinhistor0_.fluctate_rate24h as fluctate6_0_0_,
        coinhistor0_.max_price as max_pric7_0_0_,
        coinhistor0_.min_price as min_pric8_0_0_,
        coinhistor0_.opening_price as opening_9_0_0_,
        coinhistor0_.prev_closing_price as prev_cl10_0_0_,
        coinhistor0_.units_traded as units_t11_0_0_,
        coinhistor0_.units_traded24h as units_t12_0_0_ 
    from
        coin_history coinhistor0_ 
    where
        coinhistor0_.created_time=? 
        and coinhistor0_.name=?
Hibernate: 
    insert 
    into
        coin_history
        (acc_trade_value, acc_trade_value24h, fluctate24h, fluctate_rate24h, max_price, min_price, opening_price, prev_closing_price, units_traded, units_traded24h, created_time, name) 
    values
        (?, ?, ?, ?, ?, ?, ?, ?, ?, ?, ?, ?)
name = TFUEL
coinMap: {opening_price=210.7, closing_price=217.7, min_price=210.2, max_price=224.1, units_traded=2809731.04348, acc_trade_value=609489333.7514, prev_closing_price=211.5, units_traded_24H=2998429.72458669, acc_trade_value_24H=649664614.7269, fluctate_24H=5.1, fluctate_rate_24H=2.4}
coinHistory = CoinHistory(createdTime=2022-01-29, name=TFUEL, openingPrice=210.7, minPrice=210.2, maxPrice=224.1, unitsTraded=2809731.04348, accTradeValue=6.094893337514E8, prevClosingPrice=211.5, unitsTraded24H=2998429.72458669, accTradeValue24H=6.496646147269E8, fluctate24H=5.1, fluctateRate24H=2.4)
Hibernate: 
    select
        coinhistor0_.created_time as created_1_0_0_,
        coinhistor0_.name as name2_0_0_,
        coinhistor0_.acc_trade_value as acc_trad3_0_0_,
        coinhistor0_.acc_trade_value24h as acc_trad4_0_0_,
        coinhistor0_.fluctate24h as fluctate5_0_0_,
        coinhistor0_.fluctate_rate24h as fluctate6_0_0_,
        coinhistor0_.max_price as max_pric7_0_0_,
        coinhistor0_.min_price as min_pric8_0_0_,
        coinhistor0_.opening_price as opening_9_0_0_,
        coinhistor0_.prev_closing_price as prev_cl10_0_0_,
        coinhistor0_.units_traded as units_t11_0_0_,
        coinhistor0_.units_traded24h as units_t12_0_0_ 
    from
        coin_history coinhistor0_ 
    where
        coinhistor0_.created_time=? 
        and coinhistor0_.name=?
Hibernate: 
    insert 
    into
        coin_history
        (acc_trade_value, acc_trade_value24h, fluctate24h, fluctate_rate24h, max_price, min_price, opening_price, prev_closing_price, units_traded, units_traded24h, created_time, name) 
    values
        (?, ?, ?, ?, ?, ?, ?, ?, ?, ?, ?, ?)
name = VALOR
coinMap: {opening_price=816.6, closing_price=1010, min_price=809.9, max_price=1110, units_traded=14533432.65345607, acc_trade_value=14621231370.6398, prev_closing_price=823.8, units_traded_24H=14574857.18037101, acc_trade_value_24H=14655367786.4751, fluctate_24H=189.4, fluctate_rate_24H=23.08}
coinHistory = CoinHistory(createdTime=2022-01-29, name=VALOR, openingPrice=816.6, minPrice=809.9, maxPrice=1110.0, unitsTraded=1.453343265345607E7, accTradeValue=1.46212313706398E10, prevClosingPrice=823.8, unitsTraded24H=1.457485718037101E7, accTradeValue24H=1.46553677864751E10, fluctate24H=189.4, fluctateRate24H=23.08)
Hibernate: 
    select
        coinhistor0_.created_time as created_1_0_0_,
        coinhistor0_.name as name2_0_0_,
        coinhistor0_.acc_trade_value as acc_trad3_0_0_,
        coinhistor0_.acc_trade_value24h as acc_trad4_0_0_,
        coinhistor0_.fluctate24h as fluctate5_0_0_,
        coinhistor0_.fluctate_rate24h as fluctate6_0_0_,
        coinhistor0_.max_price as max_pric7_0_0_,
        coinhistor0_.min_price as min_pric8_0_0_,
        coinhistor0_.opening_price as opening_9_0_0_,
        coinhistor0_.prev_closing_price as prev_cl10_0_0_,
        coinhistor0_.units_traded as units_t11_0_0_,
        coinhistor0_.units_traded24h as units_t12_0_0_ 
    from
        coin_history coinhistor0_ 
    where
        coinhistor0_.created_time=? 
        and coinhistor0_.name=?
Hibernate: 
    insert 
    into
        coin_history
        (acc_trade_value, acc_trade_value24h, fluctate24h, fluctate_rate24h, max_price, min_price, opening_price, prev_closing_price, units_traded, units_traded24h, created_time, name) 
    values
        (?, ?, ?, ?, ?, ?, ?, ?, ?, ?, ?, ?)
name = CON
coinMap: {opening_price=15.32, closing_price=15.86, min_price=15.15, max_price=16.09, units_traded=40096187.8933959, acc_trade_value=629297073.5248, prev_closing_price=15.43, units_traded_24H=42170198.8390959, acc_trade_value_24H=661134687.2475, fluctate_24H=0.47, fluctate_rate_24H=3.05}
coinHistory = CoinHistory(createdTime=2022-01-29, name=CON, openingPrice=15.32, minPrice=15.15, maxPrice=16.09, unitsTraded=4.00961878933959E7, accTradeValue=6.292970735248E8, prevClosingPrice=15.43, unitsTraded24H=4.21701988390959E7, accTradeValue24H=6.611346872475E8, fluctate24H=0.47, fluctateRate24H=3.05)
Hibernate: 
    select
        coinhistor0_.created_time as created_1_0_0_,
        coinhistor0_.name as name2_0_0_,
        coinhistor0_.acc_trade_value as acc_trad3_0_0_,
        coinhistor0_.acc_trade_value24h as acc_trad4_0_0_,
        coinhistor0_.fluctate24h as fluctate5_0_0_,
        coinhistor0_.fluctate_rate24h as fluctate6_0_0_,
        coinhistor0_.max_price as max_pric7_0_0_,
        coinhistor0_.min_price as min_pric8_0_0_,
        coinhistor0_.opening_price as opening_9_0_0_,
        coinhistor0_.prev_closing_price as prev_cl10_0_0_,
        coinhistor0_.units_traded as units_t11_0_0_,
        coinhistor0_.units_traded24h as units_t12_0_0_ 
    from
        coin_history coinhistor0_ 
    where
        coinhistor0_.created_time=? 
        and coinhistor0_.name=?
Hibernate: 
    insert 
    into
        coin_history
        (acc_trade_value, acc_trade_value24h, fluctate24h, fluctate_rate24h, max_price, min_price, opening_price, prev_closing_price, units_traded, units_traded24h, created_time, name) 
    values
        (?, ?, ?, ?, ?, ?, ?, ?, ?, ?, ?, ?)
name = ANKR
coinMap: {opening_price=87.05, closing_price=89.74, min_price=86.52, max_price=91.28, units_traded=3361178.17496625, acc_trade_value=299033171.0272, prev_closing_price=87.4, units_traded_24H=3577714.32116625, acc_trade_value_24H=317859426.772, fluctate_24H=2.83, fluctate_rate_24H=3.26}
coinHistory = CoinHistory(createdTime=2022-01-29, name=ANKR, openingPrice=87.05, minPrice=86.52, maxPrice=91.28, unitsTraded=3361178.17496625, accTradeValue=2.990331710272E8, prevClosingPrice=87.4, unitsTraded24H=3577714.32116625, accTradeValue24H=3.17859426772E8, fluctate24H=2.83, fluctateRate24H=3.26)
Hibernate: 
    select
        coinhistor0_.created_time as created_1_0_0_,
        coinhistor0_.name as name2_0_0_,
        coinhistor0_.acc_trade_value as acc_trad3_0_0_,
        coinhistor0_.acc_trade_value24h as acc_trad4_0_0_,
        coinhistor0_.fluctate24h as fluctate5_0_0_,
        coinhistor0_.fluctate_rate24h as fluctate6_0_0_,
        coinhistor0_.max_price as max_pric7_0_0_,
        coinhistor0_.min_price as min_pric8_0_0_,
        coinhistor0_.opening_price as opening_9_0_0_,
        coinhistor0_.prev_closing_price as prev_cl10_0_0_,
        coinhistor0_.units_traded as units_t11_0_0_,
        coinhistor0_.units_traded24h as units_t12_0_0_ 
    from
        coin_history coinhistor0_ 
    where
        coinhistor0_.created_time=? 
        and coinhistor0_.name=?
Hibernate: 
    insert 
    into
        coin_history
        (acc_trade_value, acc_trade_value24h, fluctate24h, fluctate_rate24h, max_price, min_price, opening_price, prev_closing_price, units_traded, units_traded24h, created_time, name) 
    values
        (?, ?, ?, ?, ?, ?, ?, ?, ?, ?, ?, ?)
name = MIX
coinMap: {opening_price=14.3, closing_price=15.05, min_price=14.04, max_price=15.54, units_traded=169081933.7726467, acc_trade_value=2512381687.5629, prev_closing_price=14.29, units_traded_24H=179492798.2766151, acc_trade_value_24H=2663943218.9245, fluctate_24H=0.83, fluctate_rate_24H=5.84}
coinHistory = CoinHistory(createdTime=2022-01-29, name=MIX, openingPrice=14.3, minPrice=14.04, maxPrice=15.54, unitsTraded=1.690819337726467E8, accTradeValue=2.5123816875629E9, prevClosingPrice=14.29, unitsTraded24H=1.794927982766151E8, accTradeValue24H=2.6639432189245E9, fluctate24H=0.83, fluctateRate24H=5.84)
Hibernate: 
    select
        coinhistor0_.created_time as created_1_0_0_,
        coinhistor0_.name as name2_0_0_,
        coinhistor0_.acc_trade_value as acc_trad3_0_0_,
        coinhistor0_.acc_trade_value24h as acc_trad4_0_0_,
        coinhistor0_.fluctate24h as fluctate5_0_0_,
        coinhistor0_.fluctate_rate24h as fluctate6_0_0_,
        coinhistor0_.max_price as max_pric7_0_0_,
        coinhistor0_.min_price as min_pric8_0_0_,
        coinhistor0_.opening_price as opening_9_0_0_,
        coinhistor0_.prev_closing_price as prev_cl10_0_0_,
        coinhistor0_.units_traded as units_t11_0_0_,
        coinhistor0_.units_traded24h as units_t12_0_0_ 
    from
        coin_history coinhistor0_ 
    where
        coinhistor0_.created_time=? 
        and coinhistor0_.name=?
Hibernate: 
    insert 
    into
        coin_history
        (acc_trade_value, acc_trade_value24h, fluctate24h, fluctate_rate24h, max_price, min_price, opening_price, prev_closing_price, units_traded, units_traded24h, created_time, name) 
    values
        (?, ?, ?, ?, ?, ?, ?, ?, ?, ?, ?, ?)
name = CRO
coinMap: {opening_price=501, closing_price=538.3, min_price=500, max_price=544.7, units_traded=572988.81682566, acc_trade_value=300392651.5691, prev_closing_price=497.2, units_traded_24H=586096.71442566, acc_trade_value_24H=306918652.0429, fluctate_24H=39.7, fluctate_rate_24H=7.96}
coinHistory = CoinHistory(createdTime=2022-01-29, name=CRO, openingPrice=501.0, minPrice=500.0, maxPrice=544.7, unitsTraded=572988.81682566, accTradeValue=3.003926515691E8, prevClosingPrice=497.2, unitsTraded24H=586096.71442566, accTradeValue24H=3.069186520429E8, fluctate24H=39.7, fluctateRate24H=7.96)
Hibernate: 
    select
        coinhistor0_.created_time as created_1_0_0_,
        coinhistor0_.name as name2_0_0_,
        coinhistor0_.acc_trade_value as acc_trad3_0_0_,
        coinhistor0_.acc_trade_value24h as acc_trad4_0_0_,
        coinhistor0_.fluctate24h as fluctate5_0_0_,
        coinhistor0_.fluctate_rate24h as fluctate6_0_0_,
        coinhistor0_.max_price as max_pric7_0_0_,
        coinhistor0_.min_price as min_pric8_0_0_,
        coinhistor0_.opening_price as opening_9_0_0_,
        coinhistor0_.prev_closing_price as prev_cl10_0_0_,
        coinhistor0_.units_traded as units_t11_0_0_,
        coinhistor0_.units_traded24h as units_t12_0_0_ 
    from
        coin_history coinhistor0_ 
    where
        coinhistor0_.created_time=? 
        and coinhistor0_.name=?
Hibernate: 
    insert 
    into
        coin_history
        (acc_trade_value, acc_trade_value24h, fluctate24h, fluctate_rate24h, max_price, min_price, opening_price, prev_closing_price, units_traded, units_traded24h, created_time, name) 
    values
        (?, ?, ?, ?, ?, ?, ?, ?, ?, ?, ?, ?)
name = FX
coinMap: {opening_price=730.5, closing_price=757.1, min_price=727.9, max_price=767, units_traded=629312.31729259, acc_trade_value=471959479.7779, prev_closing_price=733.4, units_traded_24H=681225.94019259, acc_trade_value_24H=510244013.3908, fluctate_24H=16.6, fluctate_rate_24H=2.24}
coinHistory = CoinHistory(createdTime=2022-01-29, name=FX, openingPrice=730.5, minPrice=727.9, maxPrice=767.0, unitsTraded=629312.31729259, accTradeValue=4.719594797779E8, prevClosingPrice=733.4, unitsTraded24H=681225.94019259, accTradeValue24H=5.102440133908E8, fluctate24H=16.6, fluctateRate24H=2.24)
Hibernate: 
    select
        coinhistor0_.created_time as created_1_0_0_,
        coinhistor0_.name as name2_0_0_,
        coinhistor0_.acc_trade_value as acc_trad3_0_0_,
        coinhistor0_.acc_trade_value24h as acc_trad4_0_0_,
        coinhistor0_.fluctate24h as fluctate5_0_0_,
        coinhistor0_.fluctate_rate24h as fluctate6_0_0_,
        coinhistor0_.max_price as max_pric7_0_0_,
        coinhistor0_.min_price as min_pric8_0_0_,
        coinhistor0_.opening_price as opening_9_0_0_,
        coinhistor0_.prev_closing_price as prev_cl10_0_0_,
        coinhistor0_.units_traded as units_t11_0_0_,
        coinhistor0_.units_traded24h as units_t12_0_0_ 
    from
        coin_history coinhistor0_ 
    where
        coinhistor0_.created_time=? 
        and coinhistor0_.name=?
Hibernate: 
    insert 
    into
        coin_history
        (acc_trade_value, acc_trade_value24h, fluctate24h, fluctate_rate24h, max_price, min_price, opening_price, prev_closing_price, units_traded, units_traded24h, created_time, name) 
    values
        (?, ?, ?, ?, ?, ?, ?, ?, ?, ?, ?, ?)
name = CHR
coinMap: {opening_price=619.8, closing_price=673.1, min_price=618.2, max_price=680.1, units_traded=3835008.88347654, acc_trade_value=2506475706.4243, prev_closing_price=619.8, units_traded_24H=3967743.37609784, acc_trade_value_24H=2589345662.8651, fluctate_24H=47.3, fluctate_rate_24H=7.56}
coinHistory = CoinHistory(createdTime=2022-01-29, name=CHR, openingPrice=619.8, minPrice=618.2, maxPrice=680.1, unitsTraded=3835008.88347654, accTradeValue=2.5064757064243E9, prevClosingPrice=619.8, unitsTraded24H=3967743.37609784, accTradeValue24H=2.5893456628651E9, fluctate24H=47.3, fluctateRate24H=7.56)
Hibernate: 
    select
        coinhistor0_.created_time as created_1_0_0_,
        coinhistor0_.name as name2_0_0_,
        coinhistor0_.acc_trade_value as acc_trad3_0_0_,
        coinhistor0_.acc_trade_value24h as acc_trad4_0_0_,
        coinhistor0_.fluctate24h as fluctate5_0_0_,
        coinhistor0_.fluctate_rate24h as fluctate6_0_0_,
        coinhistor0_.max_price as max_pric7_0_0_,
        coinhistor0_.min_price as min_pric8_0_0_,
        coinhistor0_.opening_price as opening_9_0_0_,
        coinhistor0_.prev_closing_price as prev_cl10_0_0_,
        coinhistor0_.units_traded as units_t11_0_0_,
        coinhistor0_.units_traded24h as units_t12_0_0_ 
    from
        coin_history coinhistor0_ 
    where
        coinhistor0_.created_time=? 
        and coinhistor0_.name=?
Hibernate: 
    insert 
    into
        coin_history
        (acc_trade_value, acc_trade_value24h, fluctate24h, fluctate_rate24h, max_price, min_price, opening_price, prev_closing_price, units_traded, units_traded24h, created_time, name) 
    values
        (?, ?, ?, ?, ?, ?, ?, ?, ?, ?, ?, ?)
name = MBL
coinMap: {opening_price=6.816, closing_price=6.99, min_price=6.631, max_price=7.045, units_traded=24722874.42294901, acc_trade_value=169627392.4146, prev_closing_price=6.816, units_traded_24H=40173472.7049263, acc_trade_value_24H=276921323.1335, fluctate_24H=0.33, fluctate_rate_24H=4.95}
coinHistory = CoinHistory(createdTime=2022-01-29, name=MBL, openingPrice=6.816, minPrice=6.631, maxPrice=7.045, unitsTraded=2.472287442294901E7, accTradeValue=1.696273924146E8, prevClosingPrice=6.816, unitsTraded24H=4.01734727049263E7, accTradeValue24H=2.769213231335E8, fluctate24H=0.33, fluctateRate24H=4.95)
Hibernate: 
    select
        coinhistor0_.created_time as created_1_0_0_,
        coinhistor0_.name as name2_0_0_,
        coinhistor0_.acc_trade_value as acc_trad3_0_0_,
        coinhistor0_.acc_trade_value24h as acc_trad4_0_0_,
        coinhistor0_.fluctate24h as fluctate5_0_0_,
        coinhistor0_.fluctate_rate24h as fluctate6_0_0_,
        coinhistor0_.max_price as max_pric7_0_0_,
        coinhistor0_.min_price as min_pric8_0_0_,
        coinhistor0_.opening_price as opening_9_0_0_,
        coinhistor0_.prev_closing_price as prev_cl10_0_0_,
        coinhistor0_.units_traded as units_t11_0_0_,
        coinhistor0_.units_traded24h as units_t12_0_0_ 
    from
        coin_history coinhistor0_ 
    where
        coinhistor0_.created_time=? 
        and coinhistor0_.name=?
Hibernate: 
    insert 
    into
        coin_history
        (acc_trade_value, acc_trade_value24h, fluctate24h, fluctate_rate24h, max_price, min_price, opening_price, prev_closing_price, units_traded, units_traded24h, created_time, name) 
    values
        (?, ?, ?, ?, ?, ?, ?, ?, ?, ?, ?, ?)
name = MXC
coinMap: {opening_price=102.5, closing_price=106.3, min_price=98.03, max_price=112.5, units_traded=13149485.06085767, acc_trade_value=1356725599.2929, prev_closing_price=103, units_traded_24H=13711318.21824533, acc_trade_value_24H=1414566946.7419, fluctate_24H=3.4, fluctate_rate_24H=3.30}
coinHistory = CoinHistory(createdTime=2022-01-29, name=MXC, openingPrice=102.5, minPrice=98.03, maxPrice=112.5, unitsTraded=1.314948506085767E7, accTradeValue=1.3567255992929E9, prevClosingPrice=103.0, unitsTraded24H=1.371131821824533E7, accTradeValue24H=1.4145669467419E9, fluctate24H=3.4, fluctateRate24H=3.3)
Hibernate: 
    select
        coinhistor0_.created_time as created_1_0_0_,
        coinhistor0_.name as name2_0_0_,
        coinhistor0_.acc_trade_value as acc_trad3_0_0_,
        coinhistor0_.acc_trade_value24h as acc_trad4_0_0_,
        coinhistor0_.fluctate24h as fluctate5_0_0_,
        coinhistor0_.fluctate_rate24h as fluctate6_0_0_,
        coinhistor0_.max_price as max_pric7_0_0_,
        coinhistor0_.min_price as min_pric8_0_0_,
        coinhistor0_.opening_price as opening_9_0_0_,
        coinhistor0_.prev_closing_price as prev_cl10_0_0_,
        coinhistor0_.units_traded as units_t11_0_0_,
        coinhistor0_.units_traded24h as units_t12_0_0_ 
    from
        coin_history coinhistor0_ 
    where
        coinhistor0_.created_time=? 
        and coinhistor0_.name=?
Hibernate: 
    insert 
    into
        coin_history
        (acc_trade_value, acc_trade_value24h, fluctate24h, fluctate_rate24h, max_price, min_price, opening_price, prev_closing_price, units_traded, units_traded24h, created_time, name) 
    values
        (?, ?, ?, ?, ?, ?, ?, ?, ?, ?, ?, ?)
name = FCT
coinMap: {opening_price=125.2, closing_price=130.1, min_price=124.1, max_price=132.5, units_traded=476389.05933446, acc_trade_value=61323463.397, prev_closing_price=125.4, units_traded_24H=520008.73793446, acc_trade_value_24H=66794064.6443, fluctate_24H=5.2, fluctate_rate_24H=4.16}
coinHistory = CoinHistory(createdTime=2022-01-29, name=FCT, openingPrice=125.2, minPrice=124.1, maxPrice=132.5, unitsTraded=476389.05933446, accTradeValue=6.1323463397E7, prevClosingPrice=125.4, unitsTraded24H=520008.73793446, accTradeValue24H=6.67940646443E7, fluctate24H=5.2, fluctateRate24H=4.16)
Hibernate: 
    select
        coinhistor0_.created_time as created_1_0_0_,
        coinhistor0_.name as name2_0_0_,
        coinhistor0_.acc_trade_value as acc_trad3_0_0_,
        coinhistor0_.acc_trade_value24h as acc_trad4_0_0_,
        coinhistor0_.fluctate24h as fluctate5_0_0_,
        coinhistor0_.fluctate_rate24h as fluctate6_0_0_,
        coinhistor0_.max_price as max_pric7_0_0_,
        coinhistor0_.min_price as min_pric8_0_0_,
        coinhistor0_.opening_price as opening_9_0_0_,
        coinhistor0_.prev_closing_price as prev_cl10_0_0_,
        coinhistor0_.units_traded as units_t11_0_0_,
        coinhistor0_.units_traded24h as units_t12_0_0_ 
    from
        coin_history coinhistor0_ 
    where
        coinhistor0_.created_time=? 
        and coinhistor0_.name=?
Hibernate: 
    insert 
    into
        coin_history
        (acc_trade_value, acc_trade_value24h, fluctate24h, fluctate_rate24h, max_price, min_price, opening_price, prev_closing_price, units_traded, units_traded24h, created_time, name) 
    values
        (?, ?, ?, ?, ?, ?, ?, ?, ?, ?, ?, ?)
name = TRV
coinMap: {opening_price=17.09, closing_price=17.9, min_price=16.64, max_price=17.9, units_traded=12114674.90890725, acc_trade_value=209698687.7563, prev_closing_price=17.31, units_traded_24H=12968571.91870725, acc_trade_value_24H=224370421.2424, fluctate_24H=0.73, fluctate_rate_24H=4.25}
coinHistory = CoinHistory(createdTime=2022-01-29, name=TRV, openingPrice=17.09, minPrice=16.64, maxPrice=17.9, unitsTraded=1.211467490890725E7, accTradeValue=2.096986877563E8, prevClosingPrice=17.31, unitsTraded24H=1.296857191870725E7, accTradeValue24H=2.243704212424E8, fluctate24H=0.73, fluctateRate24H=4.25)
Hibernate: 
    select
        coinhistor0_.created_time as created_1_0_0_,
        coinhistor0_.name as name2_0_0_,
        coinhistor0_.acc_trade_value as acc_trad3_0_0_,
        coinhistor0_.acc_trade_value24h as acc_trad4_0_0_,
        coinhistor0_.fluctate24h as fluctate5_0_0_,
        coinhistor0_.fluctate_rate24h as fluctate6_0_0_,
        coinhistor0_.max_price as max_pric7_0_0_,
        coinhistor0_.min_price as min_pric8_0_0_,
        coinhistor0_.opening_price as opening_9_0_0_,
        coinhistor0_.prev_closing_price as prev_cl10_0_0_,
        coinhistor0_.units_traded as units_t11_0_0_,
        coinhistor0_.units_traded24h as units_t12_0_0_ 
    from
        coin_history coinhistor0_ 
    where
        coinhistor0_.created_time=? 
        and coinhistor0_.name=?
Hibernate: 
    insert 
    into
        coin_history
        (acc_trade_value, acc_trade_value24h, fluctate24h, fluctate_rate24h, max_price, min_price, opening_price, prev_closing_price, units_traded, units_traded24h, created_time, name) 
    values
        (?, ?, ?, ?, ?, ?, ?, ?, ?, ?, ?, ?)
name = DAD
coinMap: {opening_price=185.8, closing_price=190.3, min_price=181, max_price=191, units_traded=1007526.26242275, acc_trade_value=186780470.9496, prev_closing_price=185.8, units_traded_24H=1098674.06460547, acc_trade_value_24H=203647456.1482, fluctate_24H=6.2, fluctate_rate_24H=3.37}
coinHistory = CoinHistory(createdTime=2022-01-29, name=DAD, openingPrice=185.8, minPrice=181.0, maxPrice=191.0, unitsTraded=1007526.26242275, accTradeValue=1.867804709496E8, prevClosingPrice=185.8, unitsTraded24H=1098674.06460547, accTradeValue24H=2.036474561482E8, fluctate24H=6.2, fluctateRate24H=3.37)
Hibernate: 
    select
        coinhistor0_.created_time as created_1_0_0_,
        coinhistor0_.name as name2_0_0_,
        coinhistor0_.acc_trade_value as acc_trad3_0_0_,
        coinhistor0_.acc_trade_value24h as acc_trad4_0_0_,
        coinhistor0_.fluctate24h as fluctate5_0_0_,
        coinhistor0_.fluctate_rate24h as fluctate6_0_0_,
        coinhistor0_.max_price as max_pric7_0_0_,
        coinhistor0_.min_price as min_pric8_0_0_,
        coinhistor0_.opening_price as opening_9_0_0_,
        coinhistor0_.prev_closing_price as prev_cl10_0_0_,
        coinhistor0_.units_traded as units_t11_0_0_,
        coinhistor0_.units_traded24h as units_t12_0_0_ 
    from
        coin_history coinhistor0_ 
    where
        coinhistor0_.created_time=? 
        and coinhistor0_.name=?
Hibernate: 
    insert 
    into
        coin_history
        (acc_trade_value, acc_trade_value24h, fluctate24h, fluctate_rate24h, max_price, min_price, opening_price, prev_closing_price, units_traded, units_traded24h, created_time, name) 
    values
        (?, ?, ?, ?, ?, ?, ?, ?, ?, ?, ?, ?)
name = WOM
coinMap: {opening_price=135.2, closing_price=139, min_price=131.1, max_price=147.9, units_traded=5783390.78332316, acc_trade_value=805297895.5048, prev_closing_price=135.2, units_traded_24H=5973258.75372423, acc_trade_value_24H=831156802.7899, fluctate_24H=4, fluctate_rate_24H=2.96}
coinHistory = CoinHistory(createdTime=2022-01-29, name=WOM, openingPrice=135.2, minPrice=131.1, maxPrice=147.9, unitsTraded=5783390.78332316, accTradeValue=8.052978955048E8, prevClosingPrice=135.2, unitsTraded24H=5973258.75372423, accTradeValue24H=8.311568027899E8, fluctate24H=4.0, fluctateRate24H=2.96)
Hibernate: 
    select
        coinhistor0_.created_time as created_1_0_0_,
        coinhistor0_.name as name2_0_0_,
        coinhistor0_.acc_trade_value as acc_trad3_0_0_,
        coinhistor0_.acc_trade_value24h as acc_trad4_0_0_,
        coinhistor0_.fluctate24h as fluctate5_0_0_,
        coinhistor0_.fluctate_rate24h as fluctate6_0_0_,
        coinhistor0_.max_price as max_pric7_0_0_,
        coinhistor0_.min_price as min_pric8_0_0_,
        coinhistor0_.opening_price as opening_9_0_0_,
        coinhistor0_.prev_closing_price as prev_cl10_0_0_,
        coinhistor0_.units_traded as units_t11_0_0_,
        coinhistor0_.units_traded24h as units_t12_0_0_ 
    from
        coin_history coinhistor0_ 
    where
        coinhistor0_.created_time=? 
        and coinhistor0_.name=?
Hibernate: 
    insert 
    into
        coin_history
        (acc_trade_value, acc_trade_value24h, fluctate24h, fluctate_rate24h, max_price, min_price, opening_price, prev_closing_price, units_traded, units_traded24h, created_time, name) 
    values
        (?, ?, ?, ?, ?, ?, ?, ?, ?, ?, ?, ?)
name = SOC
coinMap: {opening_price=17.03, closing_price=17.32, min_price=16.82, max_price=17.52, units_traded=74638893.48949366, acc_trade_value=1279030173.8332, prev_closing_price=17.03, units_traded_24H=76514814.86579366, acc_trade_value_24H=1310935889.1842, fluctate_24H=0.32, fluctate_rate_24H=1.88}
coinHistory = CoinHistory(createdTime=2022-01-29, name=SOC, openingPrice=17.03, minPrice=16.82, maxPrice=17.52, unitsTraded=7.463889348949365E7, accTradeValue=1.2790301738332E9, prevClosingPrice=17.03, unitsTraded24H=7.651481486579366E7, accTradeValue24H=1.3109358891842E9, fluctate24H=0.32, fluctateRate24H=1.88)
Hibernate: 
    select
        coinhistor0_.created_time as created_1_0_0_,
        coinhistor0_.name as name2_0_0_,
        coinhistor0_.acc_trade_value as acc_trad3_0_0_,
        coinhistor0_.acc_trade_value24h as acc_trad4_0_0_,
        coinhistor0_.fluctate24h as fluctate5_0_0_,
        coinhistor0_.fluctate_rate24h as fluctate6_0_0_,
        coinhistor0_.max_price as max_pric7_0_0_,
        coinhistor0_.min_price as min_pric8_0_0_,
        coinhistor0_.opening_price as opening_9_0_0_,
        coinhistor0_.prev_closing_price as prev_cl10_0_0_,
        coinhistor0_.units_traded as units_t11_0_0_,
        coinhistor0_.units_traded24h as units_t12_0_0_ 
    from
        coin_history coinhistor0_ 
    where
        coinhistor0_.created_time=? 
        and coinhistor0_.name=?
Hibernate: 
    insert 
    into
        coin_history
        (acc_trade_value, acc_trade_value24h, fluctate24h, fluctate_rate24h, max_price, min_price, opening_price, prev_closing_price, units_traded, units_traded24h, created_time, name) 
    values
        (?, ?, ?, ?, ?, ?, ?, ?, ?, ?, ?, ?)
name = BOA
coinMap: {opening_price=158.7, closing_price=162, min_price=152.8, max_price=167.9, units_traded=2725781.920852, acc_trade_value=437191898.0995, prev_closing_price=158.8, units_traded_24H=2858359.7620548, acc_trade_value_24H=457967957.5344, fluctate_24H=5.5, fluctate_rate_24H=3.51}
coinHistory = CoinHistory(createdTime=2022-01-29, name=BOA, openingPrice=158.7, minPrice=152.8, maxPrice=167.9, unitsTraded=2725781.920852, accTradeValue=4.371918980995E8, prevClosingPrice=158.8, unitsTraded24H=2858359.7620548, accTradeValue24H=4.579679575344E8, fluctate24H=5.5, fluctateRate24H=3.51)
Hibernate: 
    select
        coinhistor0_.created_time as created_1_0_0_,
        coinhistor0_.name as name2_0_0_,
        coinhistor0_.acc_trade_value as acc_trad3_0_0_,
        coinhistor0_.acc_trade_value24h as acc_trad4_0_0_,
        coinhistor0_.fluctate24h as fluctate5_0_0_,
        coinhistor0_.fluctate_rate24h as fluctate6_0_0_,
        coinhistor0_.max_price as max_pric7_0_0_,
        coinhistor0_.min_price as min_pric8_0_0_,
        coinhistor0_.opening_price as opening_9_0_0_,
        coinhistor0_.prev_closing_price as prev_cl10_0_0_,
        coinhistor0_.units_traded as units_t11_0_0_,
        coinhistor0_.units_traded24h as units_t12_0_0_ 
    from
        coin_history coinhistor0_ 
    where
        coinhistor0_.created_time=? 
        and coinhistor0_.name=?
Hibernate: 
    insert 
    into
        coin_history
        (acc_trade_value, acc_trade_value24h, fluctate24h, fluctate_rate24h, max_price, min_price, opening_price, prev_closing_price, units_traded, units_traded24h, created_time, name) 
    values
        (?, ?, ?, ?, ?, ?, ?, ?, ?, ?, ?, ?)
name = FLETA
coinMap: {opening_price=43.41, closing_price=44.48, min_price=42.55, max_price=45.35, units_traded=21657999.59853994, acc_trade_value=957891203.2152, prev_closing_price=43.4, units_traded_24H=22367935.01378084, acc_trade_value_24H=988554134.9024, fluctate_24H=1.33, fluctate_rate_24H=3.08}
coinHistory = CoinHistory(createdTime=2022-01-29, name=FLETA, openingPrice=43.41, minPrice=42.55, maxPrice=45.35, unitsTraded=2.165799959853994E7, accTradeValue=9.578912032152E8, prevClosingPrice=43.4, unitsTraded24H=2.236793501378084E7, accTradeValue24H=9.885541349024E8, fluctate24H=1.33, fluctateRate24H=3.08)
Hibernate: 
    select
        coinhistor0_.created_time as created_1_0_0_,
        coinhistor0_.name as name2_0_0_,
        coinhistor0_.acc_trade_value as acc_trad3_0_0_,
        coinhistor0_.acc_trade_value24h as acc_trad4_0_0_,
        coinhistor0_.fluctate24h as fluctate5_0_0_,
        coinhistor0_.fluctate_rate24h as fluctate6_0_0_,
        coinhistor0_.max_price as max_pric7_0_0_,
        coinhistor0_.min_price as min_pric8_0_0_,
        coinhistor0_.opening_price as opening_9_0_0_,
        coinhistor0_.prev_closing_price as prev_cl10_0_0_,
        coinhistor0_.units_traded as units_t11_0_0_,
        coinhistor0_.units_traded24h as units_t12_0_0_ 
    from
        coin_history coinhistor0_ 
    where
        coinhistor0_.created_time=? 
        and coinhistor0_.name=?
Hibernate: 
    insert 
    into
        coin_history
        (acc_trade_value, acc_trade_value24h, fluctate24h, fluctate_rate24h, max_price, min_price, opening_price, prev_closing_price, units_traded, units_traded24h, created_time, name) 
    values
        (?, ?, ?, ?, ?, ?, ?, ?, ?, ?, ?, ?)
name = SXP
coinMap: {opening_price=1604, closing_price=1702, min_price=1602, max_price=1733, units_traded=1376951.10100114, acc_trade_value=2310297617.1524, prev_closing_price=1602, units_traded_24H=1409067.18795196, acc_trade_value_24H=2361920168.4478, fluctate_24H=88, fluctate_rate_24H=5.45}
coinHistory = CoinHistory(createdTime=2022-01-29, name=SXP, openingPrice=1604.0, minPrice=1602.0, maxPrice=1733.0, unitsTraded=1376951.10100114, accTradeValue=2.3102976171524E9, prevClosingPrice=1602.0, unitsTraded24H=1409067.18795196, accTradeValue24H=2.3619201684478E9, fluctate24H=88.0, fluctateRate24H=5.45)
Hibernate: 
    select
        coinhistor0_.created_time as created_1_0_0_,
        coinhistor0_.name as name2_0_0_,
        coinhistor0_.acc_trade_value as acc_trad3_0_0_,
        coinhistor0_.acc_trade_value24h as acc_trad4_0_0_,
        coinhistor0_.fluctate24h as fluctate5_0_0_,
        coinhistor0_.fluctate_rate24h as fluctate6_0_0_,
        coinhistor0_.max_price as max_pric7_0_0_,
        coinhistor0_.min_price as min_pric8_0_0_,
        coinhistor0_.opening_price as opening_9_0_0_,
        coinhistor0_.prev_closing_price as prev_cl10_0_0_,
        coinhistor0_.units_traded as units_t11_0_0_,
        coinhistor0_.units_traded24h as units_t12_0_0_ 
    from
        coin_history coinhistor0_ 
    where
        coinhistor0_.created_time=? 
        and coinhistor0_.name=?
Hibernate: 
    insert 
    into
        coin_history
        (acc_trade_value, acc_trade_value24h, fluctate24h, fluctate_rate24h, max_price, min_price, opening_price, prev_closing_price, units_traded, units_traded24h, created_time, name) 
    values
        (?, ?, ?, ?, ?, ?, ?, ?, ?, ?, ?, ?)
name = COS
coinMap: {opening_price=17.6, closing_price=18.13, min_price=17.09, max_price=18.88, units_traded=21383829.79390631, acc_trade_value=381823774.4236, prev_closing_price=17.6, units_traded_24H=21438048.56400631, acc_trade_value_24H=382776066.1727, fluctate_24H=0.53, fluctate_rate_24H=3.01}
coinHistory = CoinHistory(createdTime=2022-01-29, name=COS, openingPrice=17.6, minPrice=17.09, maxPrice=18.88, unitsTraded=2.138382979390631E7, accTradeValue=3.818237744236E8, prevClosingPrice=17.6, unitsTraded24H=2.143804856400631E7, accTradeValue24H=3.827760661727E8, fluctate24H=0.53, fluctateRate24H=3.01)
Hibernate: 
    select
        coinhistor0_.created_time as created_1_0_0_,
        coinhistor0_.name as name2_0_0_,
        coinhistor0_.acc_trade_value as acc_trad3_0_0_,
        coinhistor0_.acc_trade_value24h as acc_trad4_0_0_,
        coinhistor0_.fluctate24h as fluctate5_0_0_,
        coinhistor0_.fluctate_rate24h as fluctate6_0_0_,
        coinhistor0_.max_price as max_pric7_0_0_,
        coinhistor0_.min_price as min_pric8_0_0_,
        coinhistor0_.opening_price as opening_9_0_0_,
        coinhistor0_.prev_closing_price as prev_cl10_0_0_,
        coinhistor0_.units_traded as units_t11_0_0_,
        coinhistor0_.units_traded24h as units_t12_0_0_ 
    from
        coin_history coinhistor0_ 
    where
        coinhistor0_.created_time=? 
        and coinhistor0_.name=?
Hibernate: 
    insert 
    into
        coin_history
        (acc_trade_value, acc_trade_value24h, fluctate24h, fluctate_rate24h, max_price, min_price, opening_price, prev_closing_price, units_traded, units_traded24h, created_time, name) 
    values
        (?, ?, ?, ?, ?, ?, ?, ?, ?, ?, ?, ?)
name = APIX
coinMap: {opening_price=64.92, closing_price=67.47, min_price=63.1, max_price=68, units_traded=2043967.13754721, acc_trade_value=135636352.7778, prev_closing_price=64.91, units_traded_24H=2119712.39300386, acc_trade_value_24H=140527006.6066, fluctate_24H=3.06, fluctate_rate_24H=4.75}
coinHistory = CoinHistory(createdTime=2022-01-29, name=APIX, openingPrice=64.92, minPrice=63.1, maxPrice=68.0, unitsTraded=2043967.13754721, accTradeValue=1.356363527778E8, prevClosingPrice=64.91, unitsTraded24H=2119712.39300386, accTradeValue24H=1.405270066066E8, fluctate24H=3.06, fluctateRate24H=4.75)
Hibernate: 
    select
        coinhistor0_.created_time as created_1_0_0_,
        coinhistor0_.name as name2_0_0_,
        coinhistor0_.acc_trade_value as acc_trad3_0_0_,
        coinhistor0_.acc_trade_value24h as acc_trad4_0_0_,
        coinhistor0_.fluctate24h as fluctate5_0_0_,
        coinhistor0_.fluctate_rate24h as fluctate6_0_0_,
        coinhistor0_.max_price as max_pric7_0_0_,
        coinhistor0_.min_price as min_pric8_0_0_,
        coinhistor0_.opening_price as opening_9_0_0_,
        coinhistor0_.prev_closing_price as prev_cl10_0_0_,
        coinhistor0_.units_traded as units_t11_0_0_,
        coinhistor0_.units_traded24h as units_t12_0_0_ 
    from
        coin_history coinhistor0_ 
    where
        coinhistor0_.created_time=? 
        and coinhistor0_.name=?
Hibernate: 
    insert 
    into
        coin_history
        (acc_trade_value, acc_trade_value24h, fluctate24h, fluctate_rate24h, max_price, min_price, opening_price, prev_closing_price, units_traded, units_traded24h, created_time, name) 
    values
        (?, ?, ?, ?, ?, ?, ?, ?, ?, ?, ?, ?)
name = EL
coinMap: {opening_price=9.25, closing_price=9.494, min_price=9.034, max_price=10.07, units_traded=116002932.40527463, acc_trade_value=1088215866.5085, prev_closing_price=9.215, units_traded_24H=125418662.95435131, acc_trade_value_24H=1174698379.5563, fluctate_24H=0.25, fluctate_rate_24H=2.70}
coinHistory = CoinHistory(createdTime=2022-01-29, name=EL, openingPrice=9.25, minPrice=9.034, maxPrice=10.07, unitsTraded=1.1600293240527463E8, accTradeValue=1.0882158665085E9, prevClosingPrice=9.215, unitsTraded24H=1.254186629543513E8, accTradeValue24H=1.1746983795563E9, fluctate24H=0.25, fluctateRate24H=2.7)
Hibernate: 
    select
        coinhistor0_.created_time as created_1_0_0_,
        coinhistor0_.name as name2_0_0_,
        coinhistor0_.acc_trade_value as acc_trad3_0_0_,
        coinhistor0_.acc_trade_value24h as acc_trad4_0_0_,
        coinhistor0_.fluctate24h as fluctate5_0_0_,
        coinhistor0_.fluctate_rate24h as fluctate6_0_0_,
        coinhistor0_.max_price as max_pric7_0_0_,
        coinhistor0_.min_price as min_pric8_0_0_,
        coinhistor0_.opening_price as opening_9_0_0_,
        coinhistor0_.prev_closing_price as prev_cl10_0_0_,
        coinhistor0_.units_traded as units_t11_0_0_,
        coinhistor0_.units_traded24h as units_t12_0_0_ 
    from
        coin_history coinhistor0_ 
    where
        coinhistor0_.created_time=? 
        and coinhistor0_.name=?
Hibernate: 
    insert 
    into
        coin_history
        (acc_trade_value, acc_trade_value24h, fluctate24h, fluctate_rate24h, max_price, min_price, opening_price, prev_closing_price, units_traded, units_traded24h, created_time, name) 
    values
        (?, ?, ?, ?, ?, ?, ?, ?, ?, ?, ?, ?)
name = BASIC
coinMap: {opening_price=5.733, closing_price=5.761, min_price=5.46, max_price=5.895, units_traded=188771190.68149321, acc_trade_value=1068967476.4331, prev_closing_price=5.721, units_traded_24H=196584583.32792556, acc_trade_value_24H=1113912366.3864, fluctate_24H=0.021, fluctate_rate_24H=0.37}
coinHistory = CoinHistory(createdTime=2022-01-29, name=BASIC, openingPrice=5.733, minPrice=5.46, maxPrice=5.895, unitsTraded=1.8877119068149322E8, accTradeValue=1.0689674764331E9, prevClosingPrice=5.721, unitsTraded24H=1.9658458332792556E8, accTradeValue24H=1.1139123663864E9, fluctate24H=0.021, fluctateRate24H=0.37)
Hibernate: 
    select
        coinhistor0_.created_time as created_1_0_0_,
        coinhistor0_.name as name2_0_0_,
        coinhistor0_.acc_trade_value as acc_trad3_0_0_,
        coinhistor0_.acc_trade_value24h as acc_trad4_0_0_,
        coinhistor0_.fluctate24h as fluctate5_0_0_,
        coinhistor0_.fluctate_rate24h as fluctate6_0_0_,
        coinhistor0_.max_price as max_pric7_0_0_,
        coinhistor0_.min_price as min_pric8_0_0_,
        coinhistor0_.opening_price as opening_9_0_0_,
        coinhistor0_.prev_closing_price as prev_cl10_0_0_,
        coinhistor0_.units_traded as units_t11_0_0_,
        coinhistor0_.units_traded24h as units_t12_0_0_ 
    from
        coin_history coinhistor0_ 
    where
        coinhistor0_.created_time=? 
        and coinhistor0_.name=?
Hibernate: 
    insert 
    into
        coin_history
        (acc_trade_value, acc_trade_value24h, fluctate24h, fluctate_rate24h, max_price, min_price, opening_price, prev_closing_price, units_traded, units_traded24h, created_time, name) 
    values
        (?, ?, ?, ?, ?, ?, ?, ?, ?, ?, ?, ?)
name = HIVE
coinMap: {opening_price=1102, closing_price=1201, min_price=1101, max_price=1211, units_traded=755537.7333722, acc_trade_value=874640478.4805, prev_closing_price=1103, units_traded_24H=785449.15445066, acc_trade_value_24H=907653685.8587, fluctate_24H=112, fluctate_rate_24H=10.28}
coinHistory = CoinHistory(createdTime=2022-01-29, name=HIVE, openingPrice=1102.0, minPrice=1101.0, maxPrice=1211.0, unitsTraded=755537.7333722, accTradeValue=8.746404784805E8, prevClosingPrice=1103.0, unitsTraded24H=785449.15445066, accTradeValue24H=9.076536858587E8, fluctate24H=112.0, fluctateRate24H=10.28)
Hibernate: 
    select
        coinhistor0_.created_time as created_1_0_0_,
        coinhistor0_.name as name2_0_0_,
        coinhistor0_.acc_trade_value as acc_trad3_0_0_,
        coinhistor0_.acc_trade_value24h as acc_trad4_0_0_,
        coinhistor0_.fluctate24h as fluctate5_0_0_,
        coinhistor0_.fluctate_rate24h as fluctate6_0_0_,
        coinhistor0_.max_price as max_pric7_0_0_,
        coinhistor0_.min_price as min_pric8_0_0_,
        coinhistor0_.opening_price as opening_9_0_0_,
        coinhistor0_.prev_closing_price as prev_cl10_0_0_,
        coinhistor0_.units_traded as units_t11_0_0_,
        coinhistor0_.units_traded24h as units_t12_0_0_ 
    from
        coin_history coinhistor0_ 
    where
        coinhistor0_.created_time=? 
        and coinhistor0_.name=?
Hibernate: 
    insert 
    into
        coin_history
        (acc_trade_value, acc_trade_value24h, fluctate24h, fluctate_rate24h, max_price, min_price, opening_price, prev_closing_price, units_traded, units_traded24h, created_time, name) 
    values
        (?, ?, ?, ?, ?, ?, ?, ?, ?, ?, ?, ?)
name = XPR
coinMap: {opening_price=12.13, closing_price=12.51, min_price=12.01, max_price=13.1, units_traded=31119784.64426687, acc_trade_value=386656419.5351, prev_closing_price=12.14, units_traded_24H=31465490.20903529, acc_trade_value_24H=390854575.5702, fluctate_24H=0.37, fluctate_rate_24H=3.05}
coinHistory = CoinHistory(createdTime=2022-01-29, name=XPR, openingPrice=12.13, minPrice=12.01, maxPrice=13.1, unitsTraded=3.111978464426687E7, accTradeValue=3.866564195351E8, prevClosingPrice=12.14, unitsTraded24H=3.146549020903529E7, accTradeValue24H=3.908545755702E8, fluctate24H=0.37, fluctateRate24H=3.05)
Hibernate: 
    select
        coinhistor0_.created_time as created_1_0_0_,
        coinhistor0_.name as name2_0_0_,
        coinhistor0_.acc_trade_value as acc_trad3_0_0_,
        coinhistor0_.acc_trade_value24h as acc_trad4_0_0_,
        coinhistor0_.fluctate24h as fluctate5_0_0_,
        coinhistor0_.fluctate_rate24h as fluctate6_0_0_,
        coinhistor0_.max_price as max_pric7_0_0_,
        coinhistor0_.min_price as min_pric8_0_0_,
        coinhistor0_.opening_price as opening_9_0_0_,
        coinhistor0_.prev_closing_price as prev_cl10_0_0_,
        coinhistor0_.units_traded as units_t11_0_0_,
        coinhistor0_.units_traded24h as units_t12_0_0_ 
    from
        coin_history coinhistor0_ 
    where
        coinhistor0_.created_time=? 
        and coinhistor0_.name=?
Hibernate: 
    insert 
    into
        coin_history
        (acc_trade_value, acc_trade_value24h, fluctate24h, fluctate_rate24h, max_price, min_price, opening_price, prev_closing_price, units_traded, units_traded24h, created_time, name) 
    values
        (?, ?, ?, ?, ?, ?, ?, ?, ?, ?, ?, ?)
name = VRA
coinMap: {opening_price=31.85, closing_price=33.61, min_price=31.2, max_price=38.38, units_traded=26843951.01298665, acc_trade_value=915020327.9495, prev_closing_price=31.84, units_traded_24H=26880866.42058665, acc_trade_value_24H=916212082.35, fluctate_24H=1.27, fluctate_rate_24H=3.93}
coinHistory = CoinHistory(createdTime=2022-01-29, name=VRA, openingPrice=31.85, minPrice=31.2, maxPrice=38.38, unitsTraded=2.684395101298665E7, accTradeValue=9.150203279495E8, prevClosingPrice=31.84, unitsTraded24H=2.688086642058665E7, accTradeValue24H=9.1621208235E8, fluctate24H=1.27, fluctateRate24H=3.93)
Hibernate: 
    select
        coinhistor0_.created_time as created_1_0_0_,
        coinhistor0_.name as name2_0_0_,
        coinhistor0_.acc_trade_value as acc_trad3_0_0_,
        coinhistor0_.acc_trade_value24h as acc_trad4_0_0_,
        coinhistor0_.fluctate24h as fluctate5_0_0_,
        coinhistor0_.fluctate_rate24h as fluctate6_0_0_,
        coinhistor0_.max_price as max_pric7_0_0_,
        coinhistor0_.min_price as min_pric8_0_0_,
        coinhistor0_.opening_price as opening_9_0_0_,
        coinhistor0_.prev_closing_price as prev_cl10_0_0_,
        coinhistor0_.units_traded as units_t11_0_0_,
        coinhistor0_.units_traded24h as units_t12_0_0_ 
    from
        coin_history coinhistor0_ 
    where
        coinhistor0_.created_time=? 
        and coinhistor0_.name=?
Hibernate: 
    insert 
    into
        coin_history
        (acc_trade_value, acc_trade_value24h, fluctate24h, fluctate_rate24h, max_price, min_price, opening_price, prev_closing_price, units_traded, units_traded24h, created_time, name) 
    values
        (?, ?, ?, ?, ?, ?, ?, ?, ?, ?, ?, ?)
name = FIT
coinMap: {opening_price=4.713, closing_price=4.889, min_price=4.633, max_price=4.945, units_traded=914176235.11571559, acc_trade_value=4397710434.8654, prev_closing_price=4.714, units_traded_24H=939269587.04554978, acc_trade_value_24H=4515617314.5401, fluctate_24H=0.193, fluctate_rate_24H=4.11}
coinHistory = CoinHistory(createdTime=2022-01-29, name=FIT, openingPrice=4.713, minPrice=4.633, maxPrice=4.945, unitsTraded=9.141762351157156E8, accTradeValue=4.3977104348654E9, prevClosingPrice=4.714, unitsTraded24H=9.392695870455498E8, accTradeValue24H=4.5156173145401E9, fluctate24H=0.193, fluctateRate24H=4.11)
Hibernate: 
    select
        coinhistor0_.created_time as created_1_0_0_,
        coinhistor0_.name as name2_0_0_,
        coinhistor0_.acc_trade_value as acc_trad3_0_0_,
        coinhistor0_.acc_trade_value24h as acc_trad4_0_0_,
        coinhistor0_.fluctate24h as fluctate5_0_0_,
        coinhistor0_.fluctate_rate24h as fluctate6_0_0_,
        coinhistor0_.max_price as max_pric7_0_0_,
        coinhistor0_.min_price as min_pric8_0_0_,
        coinhistor0_.opening_price as opening_9_0_0_,
        coinhistor0_.prev_closing_price as prev_cl10_0_0_,
        coinhistor0_.units_traded as units_t11_0_0_,
        coinhistor0_.units_traded24h as units_t12_0_0_ 
    from
        coin_history coinhistor0_ 
    where
        coinhistor0_.created_time=? 
        and coinhistor0_.name=?
Hibernate: 
    insert 
    into
        coin_history
        (acc_trade_value, acc_trade_value24h, fluctate24h, fluctate_rate24h, max_price, min_price, opening_price, prev_closing_price, units_traded, units_traded24h, created_time, name) 
    values
        (?, ?, ?, ?, ?, ?, ?, ?, ?, ?, ?, ?)
name = EGG
coinMap: {opening_price=7.085, closing_price=7.297, min_price=6.79, max_price=7.585, units_traded=159160700.49852607, acc_trade_value=1138177444.7306, prev_closing_price=7.085, units_traded_24H=163494056.52127182, acc_trade_value_24H=1168347028.5356, fluctate_24H=0.316, fluctate_rate_24H=4.53}
coinHistory = CoinHistory(createdTime=2022-01-29, name=EGG, openingPrice=7.085, minPrice=6.79, maxPrice=7.585, unitsTraded=1.5916070049852607E8, accTradeValue=1.1381774447306E9, prevClosingPrice=7.085, unitsTraded24H=1.6349405652127182E8, accTradeValue24H=1.1683470285356E9, fluctate24H=0.316, fluctateRate24H=4.53)
Hibernate: 
    select
        coinhistor0_.created_time as created_1_0_0_,
        coinhistor0_.name as name2_0_0_,
        coinhistor0_.acc_trade_value as acc_trad3_0_0_,
        coinhistor0_.acc_trade_value24h as acc_trad4_0_0_,
        coinhistor0_.fluctate24h as fluctate5_0_0_,
        coinhistor0_.fluctate_rate24h as fluctate6_0_0_,
        coinhistor0_.max_price as max_pric7_0_0_,
        coinhistor0_.min_price as min_pric8_0_0_,
        coinhistor0_.opening_price as opening_9_0_0_,
        coinhistor0_.prev_closing_price as prev_cl10_0_0_,
        coinhistor0_.units_traded as units_t11_0_0_,
        coinhistor0_.units_traded24h as units_t12_0_0_ 
    from
        coin_history coinhistor0_ 
    where
        coinhistor0_.created_time=? 
        and coinhistor0_.name=?
Hibernate: 
    insert 
    into
        coin_history
        (acc_trade_value, acc_trade_value24h, fluctate24h, fluctate_rate24h, max_price, min_price, opening_price, prev_closing_price, units_traded, units_traded24h, created_time, name) 
    values
        (?, ?, ?, ?, ?, ?, ?, ?, ?, ?, ?, ?)
name = BORA
coinMap: {opening_price=1215, closing_price=1288, min_price=1215, max_price=1309, units_traded=14198653.83030914, acc_trade_value=18016931841.6026, prev_closing_price=1215, units_traded_24H=14875657.03728309, acc_trade_value_24H=18841826215.7807, fluctate_24H=53, fluctate_rate_24H=4.29}
coinHistory = CoinHistory(createdTime=2022-01-29, name=BORA, openingPrice=1215.0, minPrice=1215.0, maxPrice=1309.0, unitsTraded=1.419865383030914E7, accTradeValue=1.80169318416026E10, prevClosingPrice=1215.0, unitsTraded24H=1.487565703728309E7, accTradeValue24H=1.88418262157807E10, fluctate24H=53.0, fluctateRate24H=4.29)
Hibernate: 
    select
        coinhistor0_.created_time as created_1_0_0_,
        coinhistor0_.name as name2_0_0_,
        coinhistor0_.acc_trade_value as acc_trad3_0_0_,
        coinhistor0_.acc_trade_value24h as acc_trad4_0_0_,
        coinhistor0_.fluctate24h as fluctate5_0_0_,
        coinhistor0_.fluctate_rate24h as fluctate6_0_0_,
        coinhistor0_.max_price as max_pric7_0_0_,
        coinhistor0_.min_price as min_pric8_0_0_,
        coinhistor0_.opening_price as opening_9_0_0_,
        coinhistor0_.prev_closing_price as prev_cl10_0_0_,
        coinhistor0_.units_traded as units_t11_0_0_,
        coinhistor0_.units_traded24h as units_t12_0_0_ 
    from
        coin_history coinhistor0_ 
    where
        coinhistor0_.created_time=? 
        and coinhistor0_.name=?
Hibernate: 
    insert 
    into
        coin_history
        (acc_trade_value, acc_trade_value24h, fluctate24h, fluctate_rate24h, max_price, min_price, opening_price, prev_closing_price, units_traded, units_traded24h, created_time, name) 
    values
        (?, ?, ?, ?, ?, ?, ?, ?, ?, ?, ?, ?)
name = ARPA
coinMap: {opening_price=76.13, closing_price=79.89, min_price=75.8, max_price=80.47, units_traded=1417690.91057311, acc_trade_value=111190932.5163, prev_closing_price=76.14, units_traded_24H=1441183.25637311, acc_trade_value_24H=112980420.7044, fluctate_24H=3.43, fluctate_rate_24H=4.49}
coinHistory = CoinHistory(createdTime=2022-01-29, name=ARPA, openingPrice=76.13, minPrice=75.8, maxPrice=80.47, unitsTraded=1417690.91057311, accTradeValue=1.111909325163E8, prevClosingPrice=76.14, unitsTraded24H=1441183.25637311, accTradeValue24H=1.129804207044E8, fluctate24H=3.43, fluctateRate24H=4.49)
Hibernate: 
    select
        coinhistor0_.created_time as created_1_0_0_,
        coinhistor0_.name as name2_0_0_,
        coinhistor0_.acc_trade_value as acc_trad3_0_0_,
        coinhistor0_.acc_trade_value24h as acc_trad4_0_0_,
        coinhistor0_.fluctate24h as fluctate5_0_0_,
        coinhistor0_.fluctate_rate24h as fluctate6_0_0_,
        coinhistor0_.max_price as max_pric7_0_0_,
        coinhistor0_.min_price as min_pric8_0_0_,
        coinhistor0_.opening_price as opening_9_0_0_,
        coinhistor0_.prev_closing_price as prev_cl10_0_0_,
        coinhistor0_.units_traded as units_t11_0_0_,
        coinhistor0_.units_traded24h as units_t12_0_0_ 
    from
        coin_history coinhistor0_ 
    where
        coinhistor0_.created_time=? 
        and coinhistor0_.name=?
Hibernate: 
    insert 
    into
        coin_history
        (acc_trade_value, acc_trade_value24h, fluctate24h, fluctate_rate24h, max_price, min_price, opening_price, prev_closing_price, units_traded, units_traded24h, created_time, name) 
    values
        (?, ?, ?, ?, ?, ?, ?, ?, ?, ?, ?, ?)
name = CTC
coinMap: {opening_price=1484, closing_price=1581, min_price=1473, max_price=1590, units_traded=402283.17561173, acc_trade_value=615604200.4027, prev_closing_price=1484, units_traded_24H=408523.79431173, acc_trade_value_24H=624898423.4597, fluctate_24H=100, fluctate_rate_24H=6.75}
coinHistory = CoinHistory(createdTime=2022-01-29, name=CTC, openingPrice=1484.0, minPrice=1473.0, maxPrice=1590.0, unitsTraded=402283.17561173, accTradeValue=6.156042004027E8, prevClosingPrice=1484.0, unitsTraded24H=408523.79431173, accTradeValue24H=6.248984234597E8, fluctate24H=100.0, fluctateRate24H=6.75)
Hibernate: 
    select
        coinhistor0_.created_time as created_1_0_0_,
        coinhistor0_.name as name2_0_0_,
        coinhistor0_.acc_trade_value as acc_trad3_0_0_,
        coinhistor0_.acc_trade_value24h as acc_trad4_0_0_,
        coinhistor0_.fluctate24h as fluctate5_0_0_,
        coinhistor0_.fluctate_rate24h as fluctate6_0_0_,
        coinhistor0_.max_price as max_pric7_0_0_,
        coinhistor0_.min_price as min_pric8_0_0_,
        coinhistor0_.opening_price as opening_9_0_0_,
        coinhistor0_.prev_closing_price as prev_cl10_0_0_,
        coinhistor0_.units_traded as units_t11_0_0_,
        coinhistor0_.units_traded24h as units_t12_0_0_ 
    from
        coin_history coinhistor0_ 
    where
        coinhistor0_.created_time=? 
        and coinhistor0_.name=?
Hibernate: 
    insert 
    into
        coin_history
        (acc_trade_value, acc_trade_value24h, fluctate24h, fluctate_rate24h, max_price, min_price, opening_price, prev_closing_price, units_traded, units_traded24h, created_time, name) 
    values
        (?, ?, ?, ?, ?, ?, ?, ?, ?, ?, ?, ?)
name = APM
coinMap: {opening_price=34.56, closing_price=34.76, min_price=33.79, max_price=34.96, units_traded=3701806.54983069, acc_trade_value=126864649.8194, prev_closing_price=34.56, units_traded_24H=3722026.67195165, acc_trade_value_24H=127565714.79, fluctate_24H=0.55, fluctate_rate_24H=1.61}
coinHistory = CoinHistory(createdTime=2022-01-29, name=APM, openingPrice=34.56, minPrice=33.79, maxPrice=34.96, unitsTraded=3701806.54983069, accTradeValue=1.268646498194E8, prevClosingPrice=34.56, unitsTraded24H=3722026.67195165, accTradeValue24H=1.2756571479E8, fluctate24H=0.55, fluctateRate24H=1.61)
Hibernate: 
    select
        coinhistor0_.created_time as created_1_0_0_,
        coinhistor0_.name as name2_0_0_,
        coinhistor0_.acc_trade_value as acc_trad3_0_0_,
        coinhistor0_.acc_trade_value24h as acc_trad4_0_0_,
        coinhistor0_.fluctate24h as fluctate5_0_0_,
        coinhistor0_.fluctate_rate24h as fluctate6_0_0_,
        coinhistor0_.max_price as max_pric7_0_0_,
        coinhistor0_.min_price as min_pric8_0_0_,
        coinhistor0_.opening_price as opening_9_0_0_,
        coinhistor0_.prev_closing_price as prev_cl10_0_0_,
        coinhistor0_.units_traded as units_t11_0_0_,
        coinhistor0_.units_traded24h as units_t12_0_0_ 
    from
        coin_history coinhistor0_ 
    where
        coinhistor0_.created_time=? 
        and coinhistor0_.name=?
Hibernate: 
    insert 
    into
        coin_history
        (acc_trade_value, acc_trade_value24h, fluctate24h, fluctate_rate24h, max_price, min_price, opening_price, prev_closing_price, units_traded, units_traded24h, created_time, name) 
    values
        (?, ?, ?, ?, ?, ?, ?, ?, ?, ?, ?, ?)
name = CKB
coinMap: {opening_price=17.95, closing_price=18.86, min_price=17.76, max_price=19.47, units_traded=22642371.05032519, acc_trade_value=430161581.535, prev_closing_price=17.98, units_traded_24H=22838117.88918826, acc_trade_value_24H=433678531.7355, fluctate_24H=0.84, fluctate_rate_24H=4.66}
coinHistory = CoinHistory(createdTime=2022-01-29, name=CKB, openingPrice=17.95, minPrice=17.76, maxPrice=19.47, unitsTraded=2.264237105032519E7, accTradeValue=4.30161581535E8, prevClosingPrice=17.98, unitsTraded24H=2.283811788918826E7, accTradeValue24H=4.336785317355E8, fluctate24H=0.84, fluctateRate24H=4.66)
Hibernate: 
    select
        coinhistor0_.created_time as created_1_0_0_,
        coinhistor0_.name as name2_0_0_,
        coinhistor0_.acc_trade_value as acc_trad3_0_0_,
        coinhistor0_.acc_trade_value24h as acc_trad4_0_0_,
        coinhistor0_.fluctate24h as fluctate5_0_0_,
        coinhistor0_.fluctate_rate24h as fluctate6_0_0_,
        coinhistor0_.max_price as max_pric7_0_0_,
        coinhistor0_.min_price as min_pric8_0_0_,
        coinhistor0_.opening_price as opening_9_0_0_,
        coinhistor0_.prev_closing_price as prev_cl10_0_0_,
        coinhistor0_.units_traded as units_t11_0_0_,
        coinhistor0_.units_traded24h as units_t12_0_0_ 
    from
        coin_history coinhistor0_ 
    where
        coinhistor0_.created_time=? 
        and coinhistor0_.name=?
Hibernate: 
    insert 
    into
        coin_history
        (acc_trade_value, acc_trade_value24h, fluctate24h, fluctate_rate24h, max_price, min_price, opening_price, prev_closing_price, units_traded, units_traded24h, created_time, name) 
    values
        (?, ?, ?, ?, ?, ?, ?, ?, ?, ?, ?, ?)
name = AERGO
coinMap: {opening_price=221.4, closing_price=230.1, min_price=217.3, max_price=232.8, units_traded=3491087.08630059, acc_trade_value=791545314.4525, prev_closing_price=220.7, units_traded_24H=3608522.46785, acc_trade_value_24H=817306027.6144, fluctate_24H=11.1, fluctate_rate_24H=5.07}
coinHistory = CoinHistory(createdTime=2022-01-29, name=AERGO, openingPrice=221.4, minPrice=217.3, maxPrice=232.8, unitsTraded=3491087.08630059, accTradeValue=7.915453144525E8, prevClosingPrice=220.7, unitsTraded24H=3608522.46785, accTradeValue24H=8.173060276144E8, fluctate24H=11.1, fluctateRate24H=5.07)
Hibernate: 
    select
        coinhistor0_.created_time as created_1_0_0_,
        coinhistor0_.name as name2_0_0_,
        coinhistor0_.acc_trade_value as acc_trad3_0_0_,
        coinhistor0_.acc_trade_value24h as acc_trad4_0_0_,
        coinhistor0_.fluctate24h as fluctate5_0_0_,
        coinhistor0_.fluctate_rate24h as fluctate6_0_0_,
        coinhistor0_.max_price as max_pric7_0_0_,
        coinhistor0_.min_price as min_pric8_0_0_,
        coinhistor0_.opening_price as opening_9_0_0_,
        coinhistor0_.prev_closing_price as prev_cl10_0_0_,
        coinhistor0_.units_traded as units_t11_0_0_,
        coinhistor0_.units_traded24h as units_t12_0_0_ 
    from
        coin_history coinhistor0_ 
    where
        coinhistor0_.created_time=? 
        and coinhistor0_.name=?
Hibernate: 
    insert 
    into
        coin_history
        (acc_trade_value, acc_trade_value24h, fluctate24h, fluctate_rate24h, max_price, min_price, opening_price, prev_closing_price, units_traded, units_traded24h, created_time, name) 
    values
        (?, ?, ?, ?, ?, ?, ?, ?, ?, ?, ?, ?)
name = ANW
coinMap: {opening_price=34.2, closing_price=35.38, min_price=33.54, max_price=35.47, units_traded=73689077.06996085, acc_trade_value=2545388437.291, prev_closing_price=34.09, units_traded_24H=76330763.49595432, acc_trade_value_24H=2636071806.7545, fluctate_24H=0.93, fluctate_rate_24H=2.7}
coinHistory = CoinHistory(createdTime=2022-01-29, name=ANW, openingPrice=34.2, minPrice=33.54, maxPrice=35.47, unitsTraded=7.368907706996085E7, accTradeValue=2.545388437291E9, prevClosingPrice=34.09, unitsTraded24H=7.633076349595432E7, accTradeValue24H=2.6360718067545E9, fluctate24H=0.93, fluctateRate24H=2.7)
Hibernate: 
    select
        coinhistor0_.created_time as created_1_0_0_,
        coinhistor0_.name as name2_0_0_,
        coinhistor0_.acc_trade_value as acc_trad3_0_0_,
        coinhistor0_.acc_trade_value24h as acc_trad4_0_0_,
        coinhistor0_.fluctate24h as fluctate5_0_0_,
        coinhistor0_.fluctate_rate24h as fluctate6_0_0_,
        coinhistor0_.max_price as max_pric7_0_0_,
        coinhistor0_.min_price as min_pric8_0_0_,
        coinhistor0_.opening_price as opening_9_0_0_,
        coinhistor0_.prev_closing_price as prev_cl10_0_0_,
        coinhistor0_.units_traded as units_t11_0_0_,
        coinhistor0_.units_traded24h as units_t12_0_0_ 
    from
        coin_history coinhistor0_ 
    where
        coinhistor0_.created_time=? 
        and coinhistor0_.name=?
Hibernate: 
    insert 
    into
        coin_history
        (acc_trade_value, acc_trade_value24h, fluctate24h, fluctate_rate24h, max_price, min_price, opening_price, prev_closing_price, units_traded, units_traded24h, created_time, name) 
    values
        (?, ?, ?, ?, ?, ?, ?, ?, ?, ?, ?, ?)
name = CENNZ
coinMap: {opening_price=138.1, closing_price=146.3, min_price=135, max_price=146.3, units_traded=2068079.21401497, acc_trade_value=290911808.3597, prev_closing_price=139.3, units_traded_24H=2178240.06031497, acc_trade_value_24H=306080755.1222, fluctate_24H=6.3, fluctate_rate_24H=4.50}
coinHistory = CoinHistory(createdTime=2022-01-29, name=CENNZ, openingPrice=138.1, minPrice=135.0, maxPrice=146.3, unitsTraded=2068079.21401497, accTradeValue=2.909118083597E8, prevClosingPrice=139.3, unitsTraded24H=2178240.06031497, accTradeValue24H=3.060807551222E8, fluctate24H=6.3, fluctateRate24H=4.5)
Hibernate: 
    select
        coinhistor0_.created_time as created_1_0_0_,
        coinhistor0_.name as name2_0_0_,
        coinhistor0_.acc_trade_value as acc_trad3_0_0_,
        coinhistor0_.acc_trade_value24h as acc_trad4_0_0_,
        coinhistor0_.fluctate24h as fluctate5_0_0_,
        coinhistor0_.fluctate_rate24h as fluctate6_0_0_,
        coinhistor0_.max_price as max_pric7_0_0_,
        coinhistor0_.min_price as min_pric8_0_0_,
        coinhistor0_.opening_price as opening_9_0_0_,
        coinhistor0_.prev_closing_price as prev_cl10_0_0_,
        coinhistor0_.units_traded as units_t11_0_0_,
        coinhistor0_.units_traded24h as units_t12_0_0_ 
    from
        coin_history coinhistor0_ 
    where
        coinhistor0_.created_time=? 
        and coinhistor0_.name=?
Hibernate: 
    insert 
    into
        coin_history
        (acc_trade_value, acc_trade_value24h, fluctate24h, fluctate_rate24h, max_price, min_price, opening_price, prev_closing_price, units_traded, units_traded24h, created_time, name) 
    values
        (?, ?, ?, ?, ?, ?, ?, ?, ?, ?, ?, ?)
name = EVZ
coinMap: {opening_price=69.69, closing_price=72.12, min_price=69.39, max_price=73.99, units_traded=3959072.59324678, acc_trade_value=283795029.7052, prev_closing_price=69.4, units_traded_24H=4050940.97265852, acc_trade_value_24H=290208840.4084, fluctate_24H=2.1, fluctate_rate_24H=3}
coinHistory = CoinHistory(createdTime=2022-01-29, name=EVZ, openingPrice=69.69, minPrice=69.39, maxPrice=73.99, unitsTraded=3959072.59324678, accTradeValue=2.837950297052E8, prevClosingPrice=69.4, unitsTraded24H=4050940.97265852, accTradeValue24H=2.902088404084E8, fluctate24H=2.1, fluctateRate24H=3.0)
Hibernate: 
    select
        coinhistor0_.created_time as created_1_0_0_,
        coinhistor0_.name as name2_0_0_,
        coinhistor0_.acc_trade_value as acc_trad3_0_0_,
        coinhistor0_.acc_trade_value24h as acc_trad4_0_0_,
        coinhistor0_.fluctate24h as fluctate5_0_0_,
        coinhistor0_.fluctate_rate24h as fluctate6_0_0_,
        coinhistor0_.max_price as max_pric7_0_0_,
        coinhistor0_.min_price as min_pric8_0_0_,
        coinhistor0_.opening_price as opening_9_0_0_,
        coinhistor0_.prev_closing_price as prev_cl10_0_0_,
        coinhistor0_.units_traded as units_t11_0_0_,
        coinhistor0_.units_traded24h as units_t12_0_0_ 
    from
        coin_history coinhistor0_ 
    where
        coinhistor0_.created_time=? 
        and coinhistor0_.name=?
Hibernate: 
    insert 
    into
        coin_history
        (acc_trade_value, acc_trade_value24h, fluctate24h, fluctate_rate24h, max_price, min_price, opening_price, prev_closing_price, units_traded, units_traded24h, created_time, name) 
    values
        (?, ?, ?, ?, ?, ?, ?, ?, ?, ?, ?, ?)
name = CYCLUB
coinMap: {opening_price=53.26, closing_price=56.56, min_price=53, max_price=59.4, units_traded=110325550.31376404, acc_trade_value=6241882265.7165, prev_closing_price=53.26, units_traded_24H=111565528.85031408, acc_trade_value_24H=6308107670.2567, fluctate_24H=3.05, fluctate_rate_24H=5.7}
coinHistory = CoinHistory(createdTime=2022-01-29, name=CYCLUB, openingPrice=53.26, minPrice=53.0, maxPrice=59.4, unitsTraded=1.1032555031376404E8, accTradeValue=6.2418822657165E9, prevClosingPrice=53.26, unitsTraded24H=1.1156552885031408E8, accTradeValue24H=6.3081076702567E9, fluctate24H=3.05, fluctateRate24H=5.7)
Hibernate: 
    select
        coinhistor0_.created_time as created_1_0_0_,
        coinhistor0_.name as name2_0_0_,
        coinhistor0_.acc_trade_value as acc_trad3_0_0_,
        coinhistor0_.acc_trade_value24h as acc_trad4_0_0_,
        coinhistor0_.fluctate24h as fluctate5_0_0_,
        coinhistor0_.fluctate_rate24h as fluctate6_0_0_,
        coinhistor0_.max_price as max_pric7_0_0_,
        coinhistor0_.min_price as min_pric8_0_0_,
        coinhistor0_.opening_price as opening_9_0_0_,
        coinhistor0_.prev_closing_price as prev_cl10_0_0_,
        coinhistor0_.units_traded as units_t11_0_0_,
        coinhistor0_.units_traded24h as units_t12_0_0_ 
    from
        coin_history coinhistor0_ 
    where
        coinhistor0_.created_time=? 
        and coinhistor0_.name=?
Hibernate: 
    insert 
    into
        coin_history
        (acc_trade_value, acc_trade_value24h, fluctate24h, fluctate_rate24h, max_price, min_price, opening_price, prev_closing_price, units_traded, units_traded24h, created_time, name) 
    values
        (?, ?, ?, ?, ?, ?, ?, ?, ?, ?, ?, ?)
name = SRM
coinMap: {opening_price=2631, closing_price=2822, min_price=2629, max_price=2846, units_traded=172690.89927062, acc_trade_value=473523741.6541, prev_closing_price=2637, units_traded_24H=188910.71237062, acc_trade_value_24H=516172596.8062, fluctate_24H=166, fluctate_rate_24H=6.25}
coinHistory = CoinHistory(createdTime=2022-01-29, name=SRM, openingPrice=2631.0, minPrice=2629.0, maxPrice=2846.0, unitsTraded=172690.89927062, accTradeValue=4.735237416541E8, prevClosingPrice=2637.0, unitsTraded24H=188910.71237062, accTradeValue24H=5.161725968062E8, fluctate24H=166.0, fluctateRate24H=6.25)
Hibernate: 
    select
        coinhistor0_.created_time as created_1_0_0_,
        coinhistor0_.name as name2_0_0_,
        coinhistor0_.acc_trade_value as acc_trad3_0_0_,
        coinhistor0_.acc_trade_value24h as acc_trad4_0_0_,
        coinhistor0_.fluctate24h as fluctate5_0_0_,
        coinhistor0_.fluctate_rate24h as fluctate6_0_0_,
        coinhistor0_.max_price as max_pric7_0_0_,
        coinhistor0_.min_price as min_pric8_0_0_,
        coinhistor0_.opening_price as opening_9_0_0_,
        coinhistor0_.prev_closing_price as prev_cl10_0_0_,
        coinhistor0_.units_traded as units_t11_0_0_,
        coinhistor0_.units_traded24h as units_t12_0_0_ 
    from
        coin_history coinhistor0_ 
    where
        coinhistor0_.created_time=? 
        and coinhistor0_.name=?
Hibernate: 
    insert 
    into
        coin_history
        (acc_trade_value, acc_trade_value24h, fluctate24h, fluctate_rate24h, max_price, min_price, opening_price, prev_closing_price, units_traded, units_traded24h, created_time, name) 
    values
        (?, ?, ?, ?, ?, ?, ?, ?, ?, ?, ?, ?)
name = QTCON
coinMap: {opening_price=8.27, closing_price=8.665, min_price=8.24, max_price=8.87, units_traded=19554747.04340266, acc_trade_value=168578532.4259, prev_closing_price=8.27, units_traded_24H=20034338.84040266, acc_trade_value_24H=172542576.3112, fluctate_24H=0.405, fluctate_rate_24H=4.90}
coinHistory = CoinHistory(createdTime=2022-01-29, name=QTCON, openingPrice=8.27, minPrice=8.24, maxPrice=8.87, unitsTraded=1.955474704340266E7, accTradeValue=1.685785324259E8, prevClosingPrice=8.27, unitsTraded24H=2.003433884040266E7, accTradeValue24H=1.725425763112E8, fluctate24H=0.405, fluctateRate24H=4.9)
Hibernate: 
    select
        coinhistor0_.created_time as created_1_0_0_,
        coinhistor0_.name as name2_0_0_,
        coinhistor0_.acc_trade_value as acc_trad3_0_0_,
        coinhistor0_.acc_trade_value24h as acc_trad4_0_0_,
        coinhistor0_.fluctate24h as fluctate5_0_0_,
        coinhistor0_.fluctate_rate24h as fluctate6_0_0_,
        coinhistor0_.max_price as max_pric7_0_0_,
        coinhistor0_.min_price as min_pric8_0_0_,
        coinhistor0_.opening_price as opening_9_0_0_,
        coinhistor0_.prev_closing_price as prev_cl10_0_0_,
        coinhistor0_.units_traded as units_t11_0_0_,
        coinhistor0_.units_traded24h as units_t12_0_0_ 
    from
        coin_history coinhistor0_ 
    where
        coinhistor0_.created_time=? 
        and coinhistor0_.name=?
Hibernate: 
    insert 
    into
        coin_history
        (acc_trade_value, acc_trade_value24h, fluctate24h, fluctate_rate24h, max_price, min_price, opening_price, prev_closing_price, units_traded, units_traded24h, created_time, name) 
    values
        (?, ?, ?, ?, ?, ?, ?, ?, ?, ?, ?, ?)
name = UNI
coinMap: {opening_price=12510, closing_price=13740, min_price=12510, max_price=13830, units_traded=43587.85022741, acc_trade_value=574899165.713, prev_closing_price=12520, units_traded_24H=44272.19622741, acc_trade_value_24H=583530740.022, fluctate_24H=1120, fluctate_rate_24H=8.87}
coinHistory = CoinHistory(createdTime=2022-01-29, name=UNI, openingPrice=12510.0, minPrice=12510.0, maxPrice=13830.0, unitsTraded=43587.85022741, accTradeValue=5.74899165713E8, prevClosingPrice=12520.0, unitsTraded24H=44272.19622741, accTradeValue24H=5.83530740022E8, fluctate24H=1120.0, fluctateRate24H=8.87)
Hibernate: 
    select
        coinhistor0_.created_time as created_1_0_0_,
        coinhistor0_.name as name2_0_0_,
        coinhistor0_.acc_trade_value as acc_trad3_0_0_,
        coinhistor0_.acc_trade_value24h as acc_trad4_0_0_,
        coinhistor0_.fluctate24h as fluctate5_0_0_,
        coinhistor0_.fluctate_rate24h as fluctate6_0_0_,
        coinhistor0_.max_price as max_pric7_0_0_,
        coinhistor0_.min_price as min_pric8_0_0_,
        coinhistor0_.opening_price as opening_9_0_0_,
        coinhistor0_.prev_closing_price as prev_cl10_0_0_,
        coinhistor0_.units_traded as units_t11_0_0_,
        coinhistor0_.units_traded24h as units_t12_0_0_ 
    from
        coin_history coinhistor0_ 
    where
        coinhistor0_.created_time=? 
        and coinhistor0_.name=?
Hibernate: 
    insert 
    into
        coin_history
        (acc_trade_value, acc_trade_value24h, fluctate24h, fluctate_rate24h, max_price, min_price, opening_price, prev_closing_price, units_traded, units_traded24h, created_time, name) 
    values
        (?, ?, ?, ?, ?, ?, ?, ?, ?, ?, ?, ?)
name = YFI
coinMap: {opening_price=28674000, closing_price=30114000, min_price=28447000, max_price=30200000, units_traded=81.10876506, acc_trade_value=2390762999.7422, prev_closing_price=28674000, units_traded_24H=83.34659353, acc_trade_value_24H=2454623605.3422, fluctate_24H=1470000, fluctate_rate_24H=5.13}
coinHistory = CoinHistory(createdTime=2022-01-29, name=YFI, openingPrice=2.8674E7, minPrice=2.8447E7, maxPrice=3.02E7, unitsTraded=81.10876506, accTradeValue=2.3907629997422E9, prevClosingPrice=2.8674E7, unitsTraded24H=83.34659353, accTradeValue24H=2.4546236053422E9, fluctate24H=1470000.0, fluctateRate24H=5.13)
Hibernate: 
    select
        coinhistor0_.created_time as created_1_0_0_,
        coinhistor0_.name as name2_0_0_,
        coinhistor0_.acc_trade_value as acc_trad3_0_0_,
        coinhistor0_.acc_trade_value24h as acc_trad4_0_0_,
        coinhistor0_.fluctate24h as fluctate5_0_0_,
        coinhistor0_.fluctate_rate24h as fluctate6_0_0_,
        coinhistor0_.max_price as max_pric7_0_0_,
        coinhistor0_.min_price as min_pric8_0_0_,
        coinhistor0_.opening_price as opening_9_0_0_,
        coinhistor0_.prev_closing_price as prev_cl10_0_0_,
        coinhistor0_.units_traded as units_t11_0_0_,
        coinhistor0_.units_traded24h as units_t12_0_0_ 
    from
        coin_history coinhistor0_ 
    where
        coinhistor0_.created_time=? 
        and coinhistor0_.name=?
Hibernate: 
    insert 
    into
        coin_history
        (acc_trade_value, acc_trade_value24h, fluctate24h, fluctate_rate24h, max_price, min_price, opening_price, prev_closing_price, units_traded, units_traded24h, created_time, name) 
    values
        (?, ?, ?, ?, ?, ?, ?, ?, ?, ?, ?, ?)
name = UMA
coinMap: {opening_price=7080, closing_price=7410, min_price=6965, max_price=8470, units_traded=118191.50201443, acc_trade_value=888443224.6425, prev_closing_price=7070, units_traded_24H=121354.80707188, acc_trade_value_24H=910661392.436, fluctate_24H=390, fluctate_rate_24H=5.56}
coinHistory = CoinHistory(createdTime=2022-01-29, name=UMA, openingPrice=7080.0, minPrice=6965.0, maxPrice=8470.0, unitsTraded=118191.50201443, accTradeValue=8.884432246425E8, prevClosingPrice=7070.0, unitsTraded24H=121354.80707188, accTradeValue24H=9.10661392436E8, fluctate24H=390.0, fluctateRate24H=5.56)
Hibernate: 
    select
        coinhistor0_.created_time as created_1_0_0_,
        coinhistor0_.name as name2_0_0_,
        coinhistor0_.acc_trade_value as acc_trad3_0_0_,
        coinhistor0_.acc_trade_value24h as acc_trad4_0_0_,
        coinhistor0_.fluctate24h as fluctate5_0_0_,
        coinhistor0_.fluctate_rate24h as fluctate6_0_0_,
        coinhistor0_.max_price as max_pric7_0_0_,
        coinhistor0_.min_price as min_pric8_0_0_,
        coinhistor0_.opening_price as opening_9_0_0_,
        coinhistor0_.prev_closing_price as prev_cl10_0_0_,
        coinhistor0_.units_traded as units_t11_0_0_,
        coinhistor0_.units_traded24h as units_t12_0_0_ 
    from
        coin_history coinhistor0_ 
    where
        coinhistor0_.created_time=? 
        and coinhistor0_.name=?
Hibernate: 
    insert 
    into
        coin_history
        (acc_trade_value, acc_trade_value24h, fluctate24h, fluctate_rate24h, max_price, min_price, opening_price, prev_closing_price, units_traded, units_traded24h, created_time, name) 
    values
        (?, ?, ?, ?, ?, ?, ?, ?, ?, ?, ?, ?)
name = AAVE
coinMap: {opening_price=177000, closing_price=192800, min_price=174200, max_price=299400, units_traded=16841.04731708, acc_trade_value=3278974205.7845, prev_closing_price=177000, units_traded_24H=16990.68020953, acc_trade_value_24H=3305568031.3645, fluctate_24H=13300, fluctate_rate_24H=7.41}
coinHistory = CoinHistory(createdTime=2022-01-29, name=AAVE, openingPrice=177000.0, minPrice=174200.0, maxPrice=299400.0, unitsTraded=16841.04731708, accTradeValue=3.2789742057845E9, prevClosingPrice=177000.0, unitsTraded24H=16990.68020953, accTradeValue24H=3.3055680313645E9, fluctate24H=13300.0, fluctateRate24H=7.41)
Hibernate: 
    select
        coinhistor0_.created_time as created_1_0_0_,
        coinhistor0_.name as name2_0_0_,
        coinhistor0_.acc_trade_value as acc_trad3_0_0_,
        coinhistor0_.acc_trade_value24h as acc_trad4_0_0_,
        coinhistor0_.fluctate24h as fluctate5_0_0_,
        coinhistor0_.fluctate_rate24h as fluctate6_0_0_,
        coinhistor0_.max_price as max_pric7_0_0_,
        coinhistor0_.min_price as min_pric8_0_0_,
        coinhistor0_.opening_price as opening_9_0_0_,
        coinhistor0_.prev_closing_price as prev_cl10_0_0_,
        coinhistor0_.units_traded as units_t11_0_0_,
        coinhistor0_.units_traded24h as units_t12_0_0_ 
    from
        coin_history coinhistor0_ 
    where
        coinhistor0_.created_time=? 
        and coinhistor0_.name=?
Hibernate: 
    insert 
    into
        coin_history
        (acc_trade_value, acc_trade_value24h, fluctate24h, fluctate_rate24h, max_price, min_price, opening_price, prev_closing_price, units_traded, units_traded24h, created_time, name) 
    values
        (?, ?, ?, ?, ?, ?, ?, ?, ?, ?, ?, ?)
name = COMP
coinMap: {opening_price=150700, closing_price=155500, min_price=149800, max_price=201800, units_traded=3182.07733992, acc_trade_value=503230407.652, prev_closing_price=150000, units_traded_24H=3189.91883992, acc_trade_value_24H=504407322.992, fluctate_24H=3500, fluctate_rate_24H=2.30}
coinHistory = CoinHistory(createdTime=2022-01-29, name=COMP, openingPrice=150700.0, minPrice=149800.0, maxPrice=201800.0, unitsTraded=3182.07733992, accTradeValue=5.03230407652E8, prevClosingPrice=150000.0, unitsTraded24H=3189.91883992, accTradeValue24H=5.04407322992E8, fluctate24H=3500.0, fluctateRate24H=2.3)
Hibernate: 
    select
        coinhistor0_.created_time as created_1_0_0_,
        coinhistor0_.name as name2_0_0_,
        coinhistor0_.acc_trade_value as acc_trad3_0_0_,
        coinhistor0_.acc_trade_value24h as acc_trad4_0_0_,
        coinhistor0_.fluctate24h as fluctate5_0_0_,
        coinhistor0_.fluctate_rate24h as fluctate6_0_0_,
        coinhistor0_.max_price as max_pric7_0_0_,
        coinhistor0_.min_price as min_pric8_0_0_,
        coinhistor0_.opening_price as opening_9_0_0_,
        coinhistor0_.prev_closing_price as prev_cl10_0_0_,
        coinhistor0_.units_traded as units_t11_0_0_,
        coinhistor0_.units_traded24h as units_t12_0_0_ 
    from
        coin_history coinhistor0_ 
    where
        coinhistor0_.created_time=? 
        and coinhistor0_.name=?
Hibernate: 
    insert 
    into
        coin_history
        (acc_trade_value, acc_trade_value24h, fluctate24h, fluctate_rate24h, max_price, min_price, opening_price, prev_closing_price, units_traded, units_traded24h, created_time, name) 
    values
        (?, ?, ?, ?, ?, ?, ?, ?, ?, ?, ?, ?)
name = REN
coinMap: {opening_price=386.8, closing_price=412.5, min_price=386, max_price=468.7, units_traded=2288458.59523744, acc_trade_value=920431256.8121, prev_closing_price=388, units_traded_24H=2292283.01093744, acc_trade_value_24H=921903827.5647, fluctate_24H=25.4, fluctate_rate_24H=6.56}
coinHistory = CoinHistory(createdTime=2022-01-29, name=REN, openingPrice=386.8, minPrice=386.0, maxPrice=468.7, unitsTraded=2288458.59523744, accTradeValue=9.204312568121E8, prevClosingPrice=388.0, unitsTraded24H=2292283.01093744, accTradeValue24H=9.219038275647E8, fluctate24H=25.4, fluctateRate24H=6.56)
Hibernate: 
    select
        coinhistor0_.created_time as created_1_0_0_,
        coinhistor0_.name as name2_0_0_,
        coinhistor0_.acc_trade_value as acc_trad3_0_0_,
        coinhistor0_.acc_trade_value24h as acc_trad4_0_0_,
        coinhistor0_.fluctate24h as fluctate5_0_0_,
        coinhistor0_.fluctate_rate24h as fluctate6_0_0_,
        coinhistor0_.max_price as max_pric7_0_0_,
        coinhistor0_.min_price as min_pric8_0_0_,
        coinhistor0_.opening_price as opening_9_0_0_,
        coinhistor0_.prev_closing_price as prev_cl10_0_0_,
        coinhistor0_.units_traded as units_t11_0_0_,
        coinhistor0_.units_traded24h as units_t12_0_0_ 
    from
        coin_history coinhistor0_ 
    where
        coinhistor0_.created_time=? 
        and coinhistor0_.name=?
Hibernate: 
    insert 
    into
        coin_history
        (acc_trade_value, acc_trade_value24h, fluctate24h, fluctate_rate24h, max_price, min_price, opening_price, prev_closing_price, units_traded, units_traded24h, created_time, name) 
    values
        (?, ?, ?, ?, ?, ?, ?, ?, ?, ?, ?, ?)
name = BAL
coinMap: {opening_price=14180, closing_price=15330, min_price=14180, max_price=15350, units_traded=13189.38999854, acc_trade_value=195441716.3221, prev_closing_price=14290, units_traded_24H=14200.79899854, acc_trade_value_24H=210106670.3391, fluctate_24H=830, fluctate_rate_24H=5.72}
coinHistory = CoinHistory(createdTime=2022-01-29, name=BAL, openingPrice=14180.0, minPrice=14180.0, maxPrice=15350.0, unitsTraded=13189.38999854, accTradeValue=1.954417163221E8, prevClosingPrice=14290.0, unitsTraded24H=14200.79899854, accTradeValue24H=2.101066703391E8, fluctate24H=830.0, fluctateRate24H=5.72)
Hibernate: 
    select
        coinhistor0_.created_time as created_1_0_0_,
        coinhistor0_.name as name2_0_0_,
        coinhistor0_.acc_trade_value as acc_trad3_0_0_,
        coinhistor0_.acc_trade_value24h as acc_trad4_0_0_,
        coinhistor0_.fluctate24h as fluctate5_0_0_,
        coinhistor0_.fluctate_rate24h as fluctate6_0_0_,
        coinhistor0_.max_price as max_pric7_0_0_,
        coinhistor0_.min_price as min_pric8_0_0_,
        coinhistor0_.opening_price as opening_9_0_0_,
        coinhistor0_.prev_closing_price as prev_cl10_0_0_,
        coinhistor0_.units_traded as units_t11_0_0_,
        coinhistor0_.units_traded24h as units_t12_0_0_ 
    from
        coin_history coinhistor0_ 
    where
        coinhistor0_.created_time=? 
        and coinhistor0_.name=?
Hibernate: 
    insert 
    into
        coin_history
        (acc_trade_value, acc_trade_value24h, fluctate24h, fluctate_rate24h, max_price, min_price, opening_price, prev_closing_price, units_traded, units_traded24h, created_time, name) 
    values
        (?, ?, ?, ?, ?, ?, ?, ?, ?, ?, ?, ?)
name = RSR
coinMap: {opening_price=22.11, closing_price=23.59, min_price=22.05, max_price=23.65, units_traded=22360074.69639822, acc_trade_value=514924136.8036, prev_closing_price=21.91, units_traded_24H=22631656.60599822, acc_trade_value_24H=520910352.8659, fluctate_24H=1.33, fluctate_rate_24H=5.97}
coinHistory = CoinHistory(createdTime=2022-01-29, name=RSR, openingPrice=22.11, minPrice=22.05, maxPrice=23.65, unitsTraded=2.236007469639822E7, accTradeValue=5.149241368036E8, prevClosingPrice=21.91, unitsTraded24H=2.263165660599822E7, accTradeValue24H=5.209103528659E8, fluctate24H=1.33, fluctateRate24H=5.97)
Hibernate: 
    select
        coinhistor0_.created_time as created_1_0_0_,
        coinhistor0_.name as name2_0_0_,
        coinhistor0_.acc_trade_value as acc_trad3_0_0_,
        coinhistor0_.acc_trade_value24h as acc_trad4_0_0_,
        coinhistor0_.fluctate24h as fluctate5_0_0_,
        coinhistor0_.fluctate_rate24h as fluctate6_0_0_,
        coinhistor0_.max_price as max_pric7_0_0_,
        coinhistor0_.min_price as min_pric8_0_0_,
        coinhistor0_.opening_price as opening_9_0_0_,
        coinhistor0_.prev_closing_price as prev_cl10_0_0_,
        coinhistor0_.units_traded as units_t11_0_0_,
        coinhistor0_.units_traded24h as units_t12_0_0_ 
    from
        coin_history coinhistor0_ 
    where
        coinhistor0_.created_time=? 
        and coinhistor0_.name=?
Hibernate: 
    insert 
    into
        coin_history
        (acc_trade_value, acc_trade_value24h, fluctate24h, fluctate_rate24h, max_price, min_price, opening_price, prev_closing_price, units_traded, units_traded24h, created_time, name) 
    values
        (?, ?, ?, ?, ?, ?, ?, ?, ?, ?, ?, ?)
name = NMR
coinMap: {opening_price=32380, closing_price=33530, min_price=32360, max_price=37700, units_traded=149828.65574434, acc_trade_value=5209266901.0332, prev_closing_price=32380, units_traded_24H=151368.40394434, acc_trade_value_24H=5259606558.4432, fluctate_24H=700, fluctate_rate_24H=2.13}
coinHistory = CoinHistory(createdTime=2022-01-29, name=NMR, openingPrice=32380.0, minPrice=32360.0, maxPrice=37700.0, unitsTraded=149828.65574434, accTradeValue=5.2092669010332E9, prevClosingPrice=32380.0, unitsTraded24H=151368.40394434, accTradeValue24H=5.2596065584432E9, fluctate24H=700.0, fluctateRate24H=2.13)
Hibernate: 
    select
        coinhistor0_.created_time as created_1_0_0_,
        coinhistor0_.name as name2_0_0_,
        coinhistor0_.acc_trade_value as acc_trad3_0_0_,
        coinhistor0_.acc_trade_value24h as acc_trad4_0_0_,
        coinhistor0_.fluctate24h as fluctate5_0_0_,
        coinhistor0_.fluctate_rate24h as fluctate6_0_0_,
        coinhistor0_.max_price as max_pric7_0_0_,
        coinhistor0_.min_price as min_pric8_0_0_,
        coinhistor0_.opening_price as opening_9_0_0_,
        coinhistor0_.prev_closing_price as prev_cl10_0_0_,
        coinhistor0_.units_traded as units_t11_0_0_,
        coinhistor0_.units_traded24h as units_t12_0_0_ 
    from
        coin_history coinhistor0_ 
    where
        coinhistor0_.created_time=? 
        and coinhistor0_.name=?
Hibernate: 
    insert 
    into
        coin_history
        (acc_trade_value, acc_trade_value24h, fluctate24h, fluctate_rate24h, max_price, min_price, opening_price, prev_closing_price, units_traded, units_traded24h, created_time, name) 
    values
        (?, ?, ?, ?, ?, ?, ?, ?, ?, ?, ?, ?)
name = RLC
coinMap: {opening_price=2172, closing_price=2390, min_price=2134, max_price=2397, units_traded=179991.1846212, acc_trade_value=413478149.6652, prev_closing_price=2171, units_traded_24H=191025.0827212, acc_trade_value_24H=437311409.8546, fluctate_24H=203, fluctate_rate_24H=9.28}
coinHistory = CoinHistory(createdTime=2022-01-29, name=RLC, openingPrice=2172.0, minPrice=2134.0, maxPrice=2397.0, unitsTraded=179991.1846212, accTradeValue=4.134781496652E8, prevClosingPrice=2171.0, unitsTraded24H=191025.0827212, accTradeValue24H=4.373114098546E8, fluctate24H=203.0, fluctateRate24H=9.28)
Hibernate: 
    select
        coinhistor0_.created_time as created_1_0_0_,
        coinhistor0_.name as name2_0_0_,
        coinhistor0_.acc_trade_value as acc_trad3_0_0_,
        coinhistor0_.acc_trade_value24h as acc_trad4_0_0_,
        coinhistor0_.fluctate24h as fluctate5_0_0_,
        coinhistor0_.fluctate_rate24h as fluctate6_0_0_,
        coinhistor0_.max_price as max_pric7_0_0_,
        coinhistor0_.min_price as min_pric8_0_0_,
        coinhistor0_.opening_price as opening_9_0_0_,
        coinhistor0_.prev_closing_price as prev_cl10_0_0_,
        coinhistor0_.units_traded as units_t11_0_0_,
        coinhistor0_.units_traded24h as units_t12_0_0_ 
    from
        coin_history coinhistor0_ 
    where
        coinhistor0_.created_time=? 
        and coinhistor0_.name=?
Hibernate: 
    insert 
    into
        coin_history
        (acc_trade_value, acc_trade_value24h, fluctate24h, fluctate_rate24h, max_price, min_price, opening_price, prev_closing_price, units_traded, units_traded24h, created_time, name) 
    values
        (?, ?, ?, ?, ?, ?, ?, ?, ?, ?, ?, ?)
name = UOS
coinMap: {opening_price=1241, closing_price=1310, min_price=1202, max_price=1348, units_traded=84534.25626536, acc_trade_value=106306277.8276, prev_closing_price=1241, units_traded_24H=84556.74446536, acc_trade_value_24H=106334210.1527, fluctate_24H=51, fluctate_rate_24H=4.05}
coinHistory = CoinHistory(createdTime=2022-01-29, name=UOS, openingPrice=1241.0, minPrice=1202.0, maxPrice=1348.0, unitsTraded=84534.25626536, accTradeValue=1.063062778276E8, prevClosingPrice=1241.0, unitsTraded24H=84556.74446536, accTradeValue24H=1.063342101527E8, fluctate24H=51.0, fluctateRate24H=4.05)
Hibernate: 
    select
        coinhistor0_.created_time as created_1_0_0_,
        coinhistor0_.name as name2_0_0_,
        coinhistor0_.acc_trade_value as acc_trad3_0_0_,
        coinhistor0_.acc_trade_value24h as acc_trad4_0_0_,
        coinhistor0_.fluctate24h as fluctate5_0_0_,
        coinhistor0_.fluctate_rate24h as fluctate6_0_0_,
        coinhistor0_.max_price as max_pric7_0_0_,
        coinhistor0_.min_price as min_pric8_0_0_,
        coinhistor0_.opening_price as opening_9_0_0_,
        coinhistor0_.prev_closing_price as prev_cl10_0_0_,
        coinhistor0_.units_traded as units_t11_0_0_,
        coinhistor0_.units_traded24h as units_t12_0_0_ 
    from
        coin_history coinhistor0_ 
    where
        coinhistor0_.created_time=? 
        and coinhistor0_.name=?
Hibernate: 
    insert 
    into
        coin_history
        (acc_trade_value, acc_trade_value24h, fluctate24h, fluctate_rate24h, max_price, min_price, opening_price, prev_closing_price, units_traded, units_traded24h, created_time, name) 
    values
        (?, ?, ?, ?, ?, ?, ?, ?, ?, ?, ?, ?)
name = SAND
coinMap: {opening_price=4154, closing_price=4669, min_price=4125, max_price=4775, units_traded=7828413.7376721, acc_trade_value=35348105098.2639, prev_closing_price=4152, units_traded_24H=8068712.52542451, acc_trade_value_24H=36351226180.651, fluctate_24H=470, fluctate_rate_24H=11.19}
coinHistory = CoinHistory(createdTime=2022-01-29, name=SAND, openingPrice=4154.0, minPrice=4125.0, maxPrice=4775.0, unitsTraded=7828413.7376721, accTradeValue=3.53481050982639E10, prevClosingPrice=4152.0, unitsTraded24H=8068712.52542451, accTradeValue24H=3.6351226180651E10, fluctate24H=470.0, fluctateRate24H=11.19)
Hibernate: 
    select
        coinhistor0_.created_time as created_1_0_0_,
        coinhistor0_.name as name2_0_0_,
        coinhistor0_.acc_trade_value as acc_trad3_0_0_,
        coinhistor0_.acc_trade_value24h as acc_trad4_0_0_,
        coinhistor0_.fluctate24h as fluctate5_0_0_,
        coinhistor0_.fluctate_rate24h as fluctate6_0_0_,
        coinhistor0_.max_price as max_pric7_0_0_,
        coinhistor0_.min_price as min_pric8_0_0_,
        coinhistor0_.opening_price as opening_9_0_0_,
        coinhistor0_.prev_closing_price as prev_cl10_0_0_,
        coinhistor0_.units_traded as units_t11_0_0_,
        coinhistor0_.units_traded24h as units_t12_0_0_ 
    from
        coin_history coinhistor0_ 
    where
        coinhistor0_.created_time=? 
        and coinhistor0_.name=?
Hibernate: 
    insert 
    into
        coin_history
        (acc_trade_value, acc_trade_value24h, fluctate24h, fluctate_rate24h, max_price, min_price, opening_price, prev_closing_price, units_traded, units_traded24h, created_time, name) 
    values
        (?, ?, ?, ?, ?, ?, ?, ?, ?, ?, ?, ?)
name = GOM2
coinMap: {opening_price=42.66, closing_price=44.02, min_price=42.01, max_price=44.2, units_traded=15254376.98354335, acc_trade_value=662289344.8108, prev_closing_price=42.68, units_traded_24H=16330073.19234756, acc_trade_value_24H=707921518.9335, fluctate_24H=1.07, fluctate_rate_24H=2.49}
coinHistory = CoinHistory(createdTime=2022-01-29, name=GOM2, openingPrice=42.66, minPrice=42.01, maxPrice=44.2, unitsTraded=1.525437698354335E7, accTradeValue=6.622893448108E8, prevClosingPrice=42.68, unitsTraded24H=1.633007319234756E7, accTradeValue24H=7.079215189335E8, fluctate24H=1.07, fluctateRate24H=2.49)
Hibernate: 
    select
        coinhistor0_.created_time as created_1_0_0_,
        coinhistor0_.name as name2_0_0_,
        coinhistor0_.acc_trade_value as acc_trad3_0_0_,
        coinhistor0_.acc_trade_value24h as acc_trad4_0_0_,
        coinhistor0_.fluctate24h as fluctate5_0_0_,
        coinhistor0_.fluctate_rate24h as fluctate6_0_0_,
        coinhistor0_.max_price as max_pric7_0_0_,
        coinhistor0_.min_price as min_pric8_0_0_,
        coinhistor0_.opening_price as opening_9_0_0_,
        coinhistor0_.prev_closing_price as prev_cl10_0_0_,
        coinhistor0_.units_traded as units_t11_0_0_,
        coinhistor0_.units_traded24h as units_t12_0_0_ 
    from
        coin_history coinhistor0_ 
    where
        coinhistor0_.created_time=? 
        and coinhistor0_.name=?
Hibernate: 
    insert 
    into
        coin_history
        (acc_trade_value, acc_trade_value24h, fluctate24h, fluctate_rate24h, max_price, min_price, opening_price, prev_closing_price, units_traded, units_traded24h, created_time, name) 
    values
        (?, ?, ?, ?, ?, ?, ?, ?, ?, ?, ?, ?)
name = RINGX
coinMap: {opening_price=39.5, closing_price=41.05, min_price=38.26, max_price=41.8, units_traded=8619400.46770271, acc_trade_value=344981363.2688, prev_closing_price=39.3, units_traded_24H=8709410.12495343, acc_trade_value_24H=348505714.359, fluctate_24H=2.1, fluctate_rate_24H=5.39}
coinHistory = CoinHistory(createdTime=2022-01-29, name=RINGX, openingPrice=39.5, minPrice=38.26, maxPrice=41.8, unitsTraded=8619400.46770271, accTradeValue=3.449813632688E8, prevClosingPrice=39.3, unitsTraded24H=8709410.12495343, accTradeValue24H=3.48505714359E8, fluctate24H=2.1, fluctateRate24H=5.39)
Hibernate: 
    select
        coinhistor0_.created_time as created_1_0_0_,
        coinhistor0_.name as name2_0_0_,
        coinhistor0_.acc_trade_value as acc_trad3_0_0_,
        coinhistor0_.acc_trade_value24h as acc_trad4_0_0_,
        coinhistor0_.fluctate24h as fluctate5_0_0_,
        coinhistor0_.fluctate_rate24h as fluctate6_0_0_,
        coinhistor0_.max_price as max_pric7_0_0_,
        coinhistor0_.min_price as min_pric8_0_0_,
        coinhistor0_.opening_price as opening_9_0_0_,
        coinhistor0_.prev_closing_price as prev_cl10_0_0_,
        coinhistor0_.units_traded as units_t11_0_0_,
        coinhistor0_.units_traded24h as units_t12_0_0_ 
    from
        coin_history coinhistor0_ 
    where
        coinhistor0_.created_time=? 
        and coinhistor0_.name=?
Hibernate: 
    insert 
    into
        coin_history
        (acc_trade_value, acc_trade_value24h, fluctate24h, fluctate_rate24h, max_price, min_price, opening_price, prev_closing_price, units_traded, units_traded24h, created_time, name) 
    values
        (?, ?, ?, ?, ?, ?, ?, ?, ?, ?, ?, ?)
name = BEL
coinMap: {opening_price=1055, closing_price=1142, min_price=1052, max_price=1155, units_traded=216915.89726787, acc_trade_value=242308580.2383, prev_closing_price=1055, units_traded_24H=218276.05656787, acc_trade_value_24H=243751414.6493, fluctate_24H=81, fluctate_rate_24H=7.63}
coinHistory = CoinHistory(createdTime=2022-01-29, name=BEL, openingPrice=1055.0, minPrice=1052.0, maxPrice=1155.0, unitsTraded=216915.89726787, accTradeValue=2.423085802383E8, prevClosingPrice=1055.0, unitsTraded24H=218276.05656787, accTradeValue24H=2.437514146493E8, fluctate24H=81.0, fluctateRate24H=7.63)
Hibernate: 
    select
        coinhistor0_.created_time as created_1_0_0_,
        coinhistor0_.name as name2_0_0_,
        coinhistor0_.acc_trade_value as acc_trad3_0_0_,
        coinhistor0_.acc_trade_value24h as acc_trad4_0_0_,
        coinhistor0_.fluctate24h as fluctate5_0_0_,
        coinhistor0_.fluctate_rate24h as fluctate6_0_0_,
        coinhistor0_.max_price as max_pric7_0_0_,
        coinhistor0_.min_price as min_pric8_0_0_,
        coinhistor0_.opening_price as opening_9_0_0_,
        coinhistor0_.prev_closing_price as prev_cl10_0_0_,
        coinhistor0_.units_traded as units_t11_0_0_,
        coinhistor0_.units_traded24h as units_t12_0_0_ 
    from
        coin_history coinhistor0_ 
    where
        coinhistor0_.created_time=? 
        and coinhistor0_.name=?
Hibernate: 
    insert 
    into
        coin_history
        (acc_trade_value, acc_trade_value24h, fluctate24h, fluctate_rate24h, max_price, min_price, opening_price, prev_closing_price, units_traded, units_traded24h, created_time, name) 
    values
        (?, ?, ?, ?, ?, ?, ?, ?, ?, ?, ?, ?)
name = OBSR
coinMap: {opening_price=4.584, closing_price=4.753, min_price=4.571, max_price=4.766, units_traded=19841044.80659701, acc_trade_value=92762771.3332, prev_closing_price=4.664, units_traded_24H=21589211.52268407, acc_trade_value_24H=100842141.4251, fluctate_24H=0.093, fluctate_rate_24H=2}
coinHistory = CoinHistory(createdTime=2022-01-29, name=OBSR, openingPrice=4.584, minPrice=4.571, maxPrice=4.766, unitsTraded=1.984104480659701E7, accTradeValue=9.27627713332E7, prevClosingPrice=4.664, unitsTraded24H=2.158921152268407E7, accTradeValue24H=1.008421414251E8, fluctate24H=0.093, fluctateRate24H=2.0)
Hibernate: 
    select
        coinhistor0_.created_time as created_1_0_0_,
        coinhistor0_.name as name2_0_0_,
        coinhistor0_.acc_trade_value as acc_trad3_0_0_,
        coinhistor0_.acc_trade_value24h as acc_trad4_0_0_,
        coinhistor0_.fluctate24h as fluctate5_0_0_,
        coinhistor0_.fluctate_rate24h as fluctate6_0_0_,
        coinhistor0_.max_price as max_pric7_0_0_,
        coinhistor0_.min_price as min_pric8_0_0_,
        coinhistor0_.opening_price as opening_9_0_0_,
        coinhistor0_.prev_closing_price as prev_cl10_0_0_,
        coinhistor0_.units_traded as units_t11_0_0_,
        coinhistor0_.units_traded24h as units_t12_0_0_ 
    from
        coin_history coinhistor0_ 
    where
        coinhistor0_.created_time=? 
        and coinhistor0_.name=?
Hibernate: 
    insert 
    into
        coin_history
        (acc_trade_value, acc_trade_value24h, fluctate24h, fluctate_rate24h, max_price, min_price, opening_price, prev_closing_price, units_traded, units_traded24h, created_time, name) 
    values
        (?, ?, ?, ?, ?, ?, ?, ?, ?, ?, ?, ?)
name = ORC
coinMap: {opening_price=349.7, closing_price=363.1, min_price=347, max_price=364, units_traded=2176997.11968307, acc_trade_value=773373195.3675, prev_closing_price=349.7, units_traded_24H=2325598.74328307, acc_trade_value_24H=825515132.2922, fluctate_24H=11.4, fluctate_rate_24H=3.24}
coinHistory = CoinHistory(createdTime=2022-01-29, name=ORC, openingPrice=349.7, minPrice=347.0, maxPrice=364.0, unitsTraded=2176997.11968307, accTradeValue=7.733731953675E8, prevClosingPrice=349.7, unitsTraded24H=2325598.74328307, accTradeValue24H=8.255151322922E8, fluctate24H=11.4, fluctateRate24H=3.24)
Hibernate: 
    select
        coinhistor0_.created_time as created_1_0_0_,
        coinhistor0_.name as name2_0_0_,
        coinhistor0_.acc_trade_value as acc_trad3_0_0_,
        coinhistor0_.acc_trade_value24h as acc_trad4_0_0_,
        coinhistor0_.fluctate24h as fluctate5_0_0_,
        coinhistor0_.fluctate_rate24h as fluctate6_0_0_,
        coinhistor0_.max_price as max_pric7_0_0_,
        coinhistor0_.min_price as min_pric8_0_0_,
        coinhistor0_.opening_price as opening_9_0_0_,
        coinhistor0_.prev_closing_price as prev_cl10_0_0_,
        coinhistor0_.units_traded as units_t11_0_0_,
        coinhistor0_.units_traded24h as units_t12_0_0_ 
    from
        coin_history coinhistor0_ 
    where
        coinhistor0_.created_time=? 
        and coinhistor0_.name=?
Hibernate: 
    insert 
    into
        coin_history
        (acc_trade_value, acc_trade_value24h, fluctate24h, fluctate_rate24h, max_price, min_price, opening_price, prev_closing_price, units_traded, units_traded24h, created_time, name) 
    values
        (?, ?, ?, ?, ?, ?, ?, ?, ?, ?, ?, ?)
name = POLA
coinMap: {opening_price=106.7, closing_price=110, min_price=103.1, max_price=110.4, units_traded=1854546.84170742, acc_trade_value=200067208.1855, prev_closing_price=106.7, units_traded_24H=1869832.89620742, acc_trade_value_24H=201686760.446, fluctate_24H=3.6, fluctate_rate_24H=3.38}
coinHistory = CoinHistory(createdTime=2022-01-29, name=POLA, openingPrice=106.7, minPrice=103.1, maxPrice=110.4, unitsTraded=1854546.84170742, accTradeValue=2.000672081855E8, prevClosingPrice=106.7, unitsTraded24H=1869832.89620742, accTradeValue24H=2.01686760446E8, fluctate24H=3.6, fluctateRate24H=3.38)
Hibernate: 
    select
        coinhistor0_.created_time as created_1_0_0_,
        coinhistor0_.name as name2_0_0_,
        coinhistor0_.acc_trade_value as acc_trad3_0_0_,
        coinhistor0_.acc_trade_value24h as acc_trad4_0_0_,
        coinhistor0_.fluctate24h as fluctate5_0_0_,
        coinhistor0_.fluctate_rate24h as fluctate6_0_0_,
        coinhistor0_.max_price as max_pric7_0_0_,
        coinhistor0_.min_price as min_pric8_0_0_,
        coinhistor0_.opening_price as opening_9_0_0_,
        coinhistor0_.prev_closing_price as prev_cl10_0_0_,
        coinhistor0_.units_traded as units_t11_0_0_,
        coinhistor0_.units_traded24h as units_t12_0_0_ 
    from
        coin_history coinhistor0_ 
    where
        coinhistor0_.created_time=? 
        and coinhistor0_.name=?
Hibernate: 
    insert 
    into
        coin_history
        (acc_trade_value, acc_trade_value24h, fluctate24h, fluctate_rate24h, max_price, min_price, opening_price, prev_closing_price, units_traded, units_traded24h, created_time, name) 
    values
        (?, ?, ?, ?, ?, ?, ?, ?, ?, ?, ?, ?)
name = AWO
coinMap: {opening_price=21.7, closing_price=21.98, min_price=21.04, max_price=22.15, units_traded=4767420.45467328, acc_trade_value=103504282.5492, prev_closing_price=21.7, units_traded_24H=4988518.35770855, acc_trade_value_24H=108249694.3484, fluctate_24H=0.87, fluctate_rate_24H=4.12}
coinHistory = CoinHistory(createdTime=2022-01-29, name=AWO, openingPrice=21.7, minPrice=21.04, maxPrice=22.15, unitsTraded=4767420.45467328, accTradeValue=1.035042825492E8, prevClosingPrice=21.7, unitsTraded24H=4988518.35770855, accTradeValue24H=1.082496943484E8, fluctate24H=0.87, fluctateRate24H=4.12)
Hibernate: 
    select
        coinhistor0_.created_time as created_1_0_0_,
        coinhistor0_.name as name2_0_0_,
        coinhistor0_.acc_trade_value as acc_trad3_0_0_,
        coinhistor0_.acc_trade_value24h as acc_trad4_0_0_,
        coinhistor0_.fluctate24h as fluctate5_0_0_,
        coinhistor0_.fluctate_rate24h as fluctate6_0_0_,
        coinhistor0_.max_price as max_pric7_0_0_,
        coinhistor0_.min_price as min_pric8_0_0_,
        coinhistor0_.opening_price as opening_9_0_0_,
        coinhistor0_.prev_closing_price as prev_cl10_0_0_,
        coinhistor0_.units_traded as units_t11_0_0_,
        coinhistor0_.units_traded24h as units_t12_0_0_ 
    from
        coin_history coinhistor0_ 
    where
        coinhistor0_.created_time=? 
        and coinhistor0_.name=?
Hibernate: 
    insert 
    into
        coin_history
        (acc_trade_value, acc_trade_value24h, fluctate24h, fluctate_rate24h, max_price, min_price, opening_price, prev_closing_price, units_traded, units_traded24h, created_time, name) 
    values
        (?, ?, ?, ?, ?, ?, ?, ?, ?, ?, ?, ?)
name = ADP
coinMap: {opening_price=50.07, closing_price=50.92, min_price=49.54, max_price=51.75, units_traded=41543699.81081656, acc_trade_value=2103561195.2594, prev_closing_price=50.06, units_traded_24H=42763293.83981656, acc_trade_value_24H=2164795892.8374, fluctate_24H=0.65, fluctate_rate_24H=1.29}
coinHistory = CoinHistory(createdTime=2022-01-29, name=ADP, openingPrice=50.07, minPrice=49.54, maxPrice=51.75, unitsTraded=4.154369981081656E7, accTradeValue=2.1035611952594E9, prevClosingPrice=50.06, unitsTraded24H=4.276329383981656E7, accTradeValue24H=2.1647958928374E9, fluctate24H=0.65, fluctateRate24H=1.29)
Hibernate: 
    select
        coinhistor0_.created_time as created_1_0_0_,
        coinhistor0_.name as name2_0_0_,
        coinhistor0_.acc_trade_value as acc_trad3_0_0_,
        coinhistor0_.acc_trade_value24h as acc_trad4_0_0_,
        coinhistor0_.fluctate24h as fluctate5_0_0_,
        coinhistor0_.fluctate_rate24h as fluctate6_0_0_,
        coinhistor0_.max_price as max_pric7_0_0_,
        coinhistor0_.min_price as min_pric8_0_0_,
        coinhistor0_.opening_price as opening_9_0_0_,
        coinhistor0_.prev_closing_price as prev_cl10_0_0_,
        coinhistor0_.units_traded as units_t11_0_0_,
        coinhistor0_.units_traded24h as units_t12_0_0_ 
    from
        coin_history coinhistor0_ 
    where
        coinhistor0_.created_time=? 
        and coinhistor0_.name=?
Hibernate: 
    insert 
    into
        coin_history
        (acc_trade_value, acc_trade_value24h, fluctate24h, fluctate_rate24h, max_price, min_price, opening_price, prev_closing_price, units_traded, units_traded24h, created_time, name) 
    values
        (?, ?, ?, ?, ?, ?, ?, ?, ?, ?, ?, ?)
name = DVI
coinMap: {opening_price=798.1, closing_price=844.6, min_price=766.2, max_price=847.9, units_traded=2310859.75542512, acc_trade_value=1873448693.7328, prev_closing_price=798.2, units_traded_24H=2429588.10082512, acc_trade_value_24H=1967441325.4137, fluctate_24H=64.6, fluctate_rate_24H=8.28}
coinHistory = CoinHistory(createdTime=2022-01-29, name=DVI, openingPrice=798.1, minPrice=766.2, maxPrice=847.9, unitsTraded=2310859.75542512, accTradeValue=1.8734486937328E9, prevClosingPrice=798.2, unitsTraded24H=2429588.10082512, accTradeValue24H=1.9674413254137E9, fluctate24H=64.6, fluctateRate24H=8.28)
Hibernate: 
    select
        coinhistor0_.created_time as created_1_0_0_,
        coinhistor0_.name as name2_0_0_,
        coinhistor0_.acc_trade_value as acc_trad3_0_0_,
        coinhistor0_.acc_trade_value24h as acc_trad4_0_0_,
        coinhistor0_.fluctate24h as fluctate5_0_0_,
        coinhistor0_.fluctate_rate24h as fluctate6_0_0_,
        coinhistor0_.max_price as max_pric7_0_0_,
        coinhistor0_.min_price as min_pric8_0_0_,
        coinhistor0_.opening_price as opening_9_0_0_,
        coinhistor0_.prev_closing_price as prev_cl10_0_0_,
        coinhistor0_.units_traded as units_t11_0_0_,
        coinhistor0_.units_traded24h as units_t12_0_0_ 
    from
        coin_history coinhistor0_ 
    where
        coinhistor0_.created_time=? 
        and coinhistor0_.name=?
Hibernate: 
    insert 
    into
        coin_history
        (acc_trade_value, acc_trade_value24h, fluctate24h, fluctate_rate24h, max_price, min_price, opening_price, prev_closing_price, units_traded, units_traded24h, created_time, name) 
    values
        (?, ?, ?, ?, ?, ?, ?, ?, ?, ?, ?, ?)
name = GHX
coinMap: {opening_price=60.8, closing_price=62.33, min_price=59.16, max_price=63.35, units_traded=4938025.92902972, acc_trade_value=303667156.5369, prev_closing_price=61.26, units_traded_24H=5076134.73440677, acc_trade_value_24H=312075431.1893, fluctate_24H=2.09, fluctate_rate_24H=3.47}
coinHistory = CoinHistory(createdTime=2022-01-29, name=GHX, openingPrice=60.8, minPrice=59.16, maxPrice=63.35, unitsTraded=4938025.92902972, accTradeValue=3.036671565369E8, prevClosingPrice=61.26, unitsTraded24H=5076134.73440677, accTradeValue24H=3.120754311893E8, fluctate24H=2.09, fluctateRate24H=3.47)
Hibernate: 
    select
        coinhistor0_.created_time as created_1_0_0_,
        coinhistor0_.name as name2_0_0_,
        coinhistor0_.acc_trade_value as acc_trad3_0_0_,
        coinhistor0_.acc_trade_value24h as acc_trad4_0_0_,
        coinhistor0_.fluctate24h as fluctate5_0_0_,
        coinhistor0_.fluctate_rate24h as fluctate6_0_0_,
        coinhistor0_.max_price as max_pric7_0_0_,
        coinhistor0_.min_price as min_pric8_0_0_,
        coinhistor0_.opening_price as opening_9_0_0_,
        coinhistor0_.prev_closing_price as prev_cl10_0_0_,
        coinhistor0_.units_traded as units_t11_0_0_,
        coinhistor0_.units_traded24h as units_t12_0_0_ 
    from
        coin_history coinhistor0_ 
    where
        coinhistor0_.created_time=? 
        and coinhistor0_.name=?
Hibernate: 
    insert 
    into
        coin_history
        (acc_trade_value, acc_trade_value24h, fluctate24h, fluctate_rate24h, max_price, min_price, opening_price, prev_closing_price, units_traded, units_traded24h, created_time, name) 
    values
        (?, ?, ?, ?, ?, ?, ?, ?, ?, ?, ?, ?)
name = MIR
coinMap: {opening_price=1410, closing_price=1485, min_price=1404, max_price=1499, units_traded=213110.86801025, acc_trade_value=306618817.7992, prev_closing_price=1411, units_traded_24H=238910.36681025, acc_trade_value_24H=342945705.4216, fluctate_24H=64, fluctate_rate_24H=4.50}
coinHistory = CoinHistory(createdTime=2022-01-29, name=MIR, openingPrice=1410.0, minPrice=1404.0, maxPrice=1499.0, unitsTraded=213110.86801025, accTradeValue=3.066188177992E8, prevClosingPrice=1411.0, unitsTraded24H=238910.36681025, accTradeValue24H=3.429457054216E8, fluctate24H=64.0, fluctateRate24H=4.5)
Hibernate: 
    select
        coinhistor0_.created_time as created_1_0_0_,
        coinhistor0_.name as name2_0_0_,
        coinhistor0_.acc_trade_value as acc_trad3_0_0_,
        coinhistor0_.acc_trade_value24h as acc_trad4_0_0_,
        coinhistor0_.fluctate24h as fluctate5_0_0_,
        coinhistor0_.fluctate_rate24h as fluctate6_0_0_,
        coinhistor0_.max_price as max_pric7_0_0_,
        coinhistor0_.min_price as min_pric8_0_0_,
        coinhistor0_.opening_price as opening_9_0_0_,
        coinhistor0_.prev_closing_price as prev_cl10_0_0_,
        coinhistor0_.units_traded as units_t11_0_0_,
        coinhistor0_.units_traded24h as units_t12_0_0_ 
    from
        coin_history coinhistor0_ 
    where
        coinhistor0_.created_time=? 
        and coinhistor0_.name=?
Hibernate: 
    insert 
    into
        coin_history
        (acc_trade_value, acc_trade_value24h, fluctate24h, fluctate_rate24h, max_price, min_price, opening_price, prev_closing_price, units_traded, units_traded24h, created_time, name) 
    values
        (?, ?, ?, ?, ?, ?, ?, ?, ?, ?, ?, ?)
name = MVC
coinMap: {opening_price=24.23, closing_price=25.29, min_price=23.72, max_price=25.93, units_traded=981087544.07194307, acc_trade_value=24453034258.5265, prev_closing_price=24.21, units_traded_24H=1013451338.22767014, acc_trade_value_24H=25236526350.877, fluctate_24H=1.07, fluctate_rate_24H=4.42}
coinHistory = CoinHistory(createdTime=2022-01-29, name=MVC, openingPrice=24.23, minPrice=23.72, maxPrice=25.93, unitsTraded=9.81087544071943E8, accTradeValue=2.44530342585265E10, prevClosingPrice=24.21, unitsTraded24H=1.0134513382276702E9, accTradeValue24H=2.5236526350877E10, fluctate24H=1.07, fluctateRate24H=4.42)
Hibernate: 
    select
        coinhistor0_.created_time as created_1_0_0_,
        coinhistor0_.name as name2_0_0_,
        coinhistor0_.acc_trade_value as acc_trad3_0_0_,
        coinhistor0_.acc_trade_value24h as acc_trad4_0_0_,
        coinhistor0_.fluctate24h as fluctate5_0_0_,
        coinhistor0_.fluctate_rate24h as fluctate6_0_0_,
        coinhistor0_.max_price as max_pric7_0_0_,
        coinhistor0_.min_price as min_pric8_0_0_,
        coinhistor0_.opening_price as opening_9_0_0_,
        coinhistor0_.prev_closing_price as prev_cl10_0_0_,
        coinhistor0_.units_traded as units_t11_0_0_,
        coinhistor0_.units_traded24h as units_t12_0_0_ 
    from
        coin_history coinhistor0_ 
    where
        coinhistor0_.created_time=? 
        and coinhistor0_.name=?
Hibernate: 
    insert 
    into
        coin_history
        (acc_trade_value, acc_trade_value24h, fluctate24h, fluctate_rate24h, max_price, min_price, opening_price, prev_closing_price, units_traded, units_traded24h, created_time, name) 
    values
        (?, ?, ?, ?, ?, ?, ?, ?, ?, ?, ?, ?)
name = BLY
coinMap: {opening_price=25.71, closing_price=26.24, min_price=25.01, max_price=28.5, units_traded=18529950.39457934, acc_trade_value=486020277.5609, prev_closing_price=25.8, units_traded_24H=18781557.95860118, acc_trade_value_24H=492459496.3975, fluctate_24H=0.69, fluctate_rate_24H=2.70}
coinHistory = CoinHistory(createdTime=2022-01-29, name=BLY, openingPrice=25.71, minPrice=25.01, maxPrice=28.5, unitsTraded=1.852995039457934E7, accTradeValue=4.860202775609E8, prevClosingPrice=25.8, unitsTraded24H=1.878155795860118E7, accTradeValue24H=4.924594963975E8, fluctate24H=0.69, fluctateRate24H=2.7)
Hibernate: 
    select
        coinhistor0_.created_time as created_1_0_0_,
        coinhistor0_.name as name2_0_0_,
        coinhistor0_.acc_trade_value as acc_trad3_0_0_,
        coinhistor0_.acc_trade_value24h as acc_trad4_0_0_,
        coinhistor0_.fluctate24h as fluctate5_0_0_,
        coinhistor0_.fluctate_rate24h as fluctate6_0_0_,
        coinhistor0_.max_price as max_pric7_0_0_,
        coinhistor0_.min_price as min_pric8_0_0_,
        coinhistor0_.opening_price as opening_9_0_0_,
        coinhistor0_.prev_closing_price as prev_cl10_0_0_,
        coinhistor0_.units_traded as units_t11_0_0_,
        coinhistor0_.units_traded24h as units_t12_0_0_ 
    from
        coin_history coinhistor0_ 
    where
        coinhistor0_.created_time=? 
        and coinhistor0_.name=?
Hibernate: 
    insert 
    into
        coin_history
        (acc_trade_value, acc_trade_value24h, fluctate24h, fluctate_rate24h, max_price, min_price, opening_price, prev_closing_price, units_traded, units_traded24h, created_time, name) 
    values
        (?, ?, ?, ?, ?, ?, ?, ?, ?, ?, ?, ?)
name = WOZX
coinMap: {opening_price=224.9, closing_price=234.5, min_price=222.4, max_price=235.1, units_traded=522190.0773464, acc_trade_value=120317005.6751, prev_closing_price=228.1, units_traded_24H=534488.1118464, acc_trade_value_24H=123106966.7653, fluctate_24H=8.5, fluctate_rate_24H=3.76}
coinHistory = CoinHistory(createdTime=2022-01-29, name=WOZX, openingPrice=224.9, minPrice=222.4, maxPrice=235.1, unitsTraded=522190.0773464, accTradeValue=1.203170056751E8, prevClosingPrice=228.1, unitsTraded24H=534488.1118464, accTradeValue24H=1.231069667653E8, fluctate24H=8.5, fluctateRate24H=3.76)
Hibernate: 
    select
        coinhistor0_.created_time as created_1_0_0_,
        coinhistor0_.name as name2_0_0_,
        coinhistor0_.acc_trade_value as acc_trad3_0_0_,
        coinhistor0_.acc_trade_value24h as acc_trad4_0_0_,
        coinhistor0_.fluctate24h as fluctate5_0_0_,
        coinhistor0_.fluctate_rate24h as fluctate6_0_0_,
        coinhistor0_.max_price as max_pric7_0_0_,
        coinhistor0_.min_price as min_pric8_0_0_,
        coinhistor0_.opening_price as opening_9_0_0_,
        coinhistor0_.prev_closing_price as prev_cl10_0_0_,
        coinhistor0_.units_traded as units_t11_0_0_,
        coinhistor0_.units_traded24h as units_t12_0_0_ 
    from
        coin_history coinhistor0_ 
    where
        coinhistor0_.created_time=? 
        and coinhistor0_.name=?
Hibernate: 
    insert 
    into
        coin_history
        (acc_trade_value, acc_trade_value24h, fluctate24h, fluctate_rate24h, max_price, min_price, opening_price, prev_closing_price, units_traded, units_traded24h, created_time, name) 
    values
        (?, ?, ?, ?, ?, ?, ?, ?, ?, ?, ?, ?)
name = ANV
coinMap: {opening_price=682.7, closing_price=695.9, min_price=675, max_price=698, units_traded=189813.40510247, acc_trade_value=130562210.1308, prev_closing_price=675.7, units_traded_24H=200521.32305093, acc_trade_value_24H=137852038.4266, fluctate_24H=13.3, fluctate_rate_24H=1.95}
coinHistory = CoinHistory(createdTime=2022-01-29, name=ANV, openingPrice=682.7, minPrice=675.0, maxPrice=698.0, unitsTraded=189813.40510247, accTradeValue=1.305622101308E8, prevClosingPrice=675.7, unitsTraded24H=200521.32305093, accTradeValue24H=1.378520384266E8, fluctate24H=13.3, fluctateRate24H=1.95)
Hibernate: 
    select
        coinhistor0_.created_time as created_1_0_0_,
        coinhistor0_.name as name2_0_0_,
        coinhistor0_.acc_trade_value as acc_trad3_0_0_,
        coinhistor0_.acc_trade_value24h as acc_trad4_0_0_,
        coinhistor0_.fluctate24h as fluctate5_0_0_,
        coinhistor0_.fluctate_rate24h as fluctate6_0_0_,
        coinhistor0_.max_price as max_pric7_0_0_,
        coinhistor0_.min_price as min_pric8_0_0_,
        coinhistor0_.opening_price as opening_9_0_0_,
        coinhistor0_.prev_closing_price as prev_cl10_0_0_,
        coinhistor0_.units_traded as units_t11_0_0_,
        coinhistor0_.units_traded24h as units_t12_0_0_ 
    from
        coin_history coinhistor0_ 
    where
        coinhistor0_.created_time=? 
        and coinhistor0_.name=?
Hibernate: 
    insert 
    into
        coin_history
        (acc_trade_value, acc_trade_value24h, fluctate24h, fluctate_rate24h, max_price, min_price, opening_price, prev_closing_price, units_traded, units_traded24h, created_time, name) 
    values
        (?, ?, ?, ?, ?, ?, ?, ?, ?, ?, ?, ?)
name = GRT
coinMap: {opening_price=494.8, closing_price=519.8, min_price=494.8, max_price=522, units_traded=409775.02440835, acc_trade_value=210091643.0846, prev_closing_price=497.6, units_traded_24H=435333.11980835, acc_trade_value_24H=222873377.6311, fluctate_24H=17.9, fluctate_rate_24H=3.57}
coinHistory = CoinHistory(createdTime=2022-01-29, name=GRT, openingPrice=494.8, minPrice=494.8, maxPrice=522.0, unitsTraded=409775.02440835, accTradeValue=2.100916430846E8, prevClosingPrice=497.6, unitsTraded24H=435333.11980835, accTradeValue24H=2.228733776311E8, fluctate24H=17.9, fluctateRate24H=3.57)
Hibernate: 
    select
        coinhistor0_.created_time as created_1_0_0_,
        coinhistor0_.name as name2_0_0_,
        coinhistor0_.acc_trade_value as acc_trad3_0_0_,
        coinhistor0_.acc_trade_value24h as acc_trad4_0_0_,
        coinhistor0_.fluctate24h as fluctate5_0_0_,
        coinhistor0_.fluctate_rate24h as fluctate6_0_0_,
        coinhistor0_.max_price as max_pric7_0_0_,
        coinhistor0_.min_price as min_pric8_0_0_,
        coinhistor0_.opening_price as opening_9_0_0_,
        coinhistor0_.prev_closing_price as prev_cl10_0_0_,
        coinhistor0_.units_traded as units_t11_0_0_,
        coinhistor0_.units_traded24h as units_t12_0_0_ 
    from
        coin_history coinhistor0_ 
    where
        coinhistor0_.created_time=? 
        and coinhistor0_.name=?
Hibernate: 
    insert 
    into
        coin_history
        (acc_trade_value, acc_trade_value24h, fluctate24h, fluctate_rate24h, max_price, min_price, opening_price, prev_closing_price, units_traded, units_traded24h, created_time, name) 
    values
        (?, ?, ?, ?, ?, ?, ?, ?, ?, ?, ?, ?)
name = MM
coinMap: {opening_price=520.7, closing_price=543, min_price=507.8, max_price=544.5, units_traded=548128.29161399, acc_trade_value=290746546.2086, prev_closing_price=520.7, units_traded_24H=553330.16287092, acc_trade_value_24H=293433585.941, fluctate_24H=22.4, fluctate_rate_24H=4.30}
coinHistory = CoinHistory(createdTime=2022-01-29, name=MM, openingPrice=520.7, minPrice=507.8, maxPrice=544.5, unitsTraded=548128.29161399, accTradeValue=2.907465462086E8, prevClosingPrice=520.7, unitsTraded24H=553330.16287092, accTradeValue24H=2.93433585941E8, fluctate24H=22.4, fluctateRate24H=4.3)
Hibernate: 
    select
        coinhistor0_.created_time as created_1_0_0_,
        coinhistor0_.name as name2_0_0_,
        coinhistor0_.acc_trade_value as acc_trad3_0_0_,
        coinhistor0_.acc_trade_value24h as acc_trad4_0_0_,
        coinhistor0_.fluctate24h as fluctate5_0_0_,
        coinhistor0_.fluctate_rate24h as fluctate6_0_0_,
        coinhistor0_.max_price as max_pric7_0_0_,
        coinhistor0_.min_price as min_pric8_0_0_,
        coinhistor0_.opening_price as opening_9_0_0_,
        coinhistor0_.prev_closing_price as prev_cl10_0_0_,
        coinhistor0_.units_traded as units_t11_0_0_,
        coinhistor0_.units_traded24h as units_t12_0_0_ 
    from
        coin_history coinhistor0_ 
    where
        coinhistor0_.created_time=? 
        and coinhistor0_.name=?
Hibernate: 
    insert 
    into
        coin_history
        (acc_trade_value, acc_trade_value24h, fluctate24h, fluctate_rate24h, max_price, min_price, opening_price, prev_closing_price, units_traded, units_traded24h, created_time, name) 
    values
        (?, ?, ?, ?, ?, ?, ?, ?, ?, ?, ?, ?)
name = BIOT
coinMap: {opening_price=40.88, closing_price=42.64, min_price=40.2, max_price=43.98, units_traded=107239107.01693204, acc_trade_value=4501078411.1349, prev_closing_price=40.91, units_traded_24H=141795651.2356643, acc_trade_value_24H=5911863965.8234, fluctate_24H=1.73, fluctate_rate_24H=4.23}
coinHistory = CoinHistory(createdTime=2022-01-29, name=BIOT, openingPrice=40.88, minPrice=40.2, maxPrice=43.98, unitsTraded=1.0723910701693204E8, accTradeValue=4.5010784111349E9, prevClosingPrice=40.91, unitsTraded24H=1.417956512356643E8, accTradeValue24H=5.9118639658234E9, fluctate24H=1.73, fluctateRate24H=4.23)
Hibernate: 
    select
        coinhistor0_.created_time as created_1_0_0_,
        coinhistor0_.name as name2_0_0_,
        coinhistor0_.acc_trade_value as acc_trad3_0_0_,
        coinhistor0_.acc_trade_value24h as acc_trad4_0_0_,
        coinhistor0_.fluctate24h as fluctate5_0_0_,
        coinhistor0_.fluctate_rate24h as fluctate6_0_0_,
        coinhistor0_.max_price as max_pric7_0_0_,
        coinhistor0_.min_price as min_pric8_0_0_,
        coinhistor0_.opening_price as opening_9_0_0_,
        coinhistor0_.prev_closing_price as prev_cl10_0_0_,
        coinhistor0_.units_traded as units_t11_0_0_,
        coinhistor0_.units_traded24h as units_t12_0_0_ 
    from
        coin_history coinhistor0_ 
    where
        coinhistor0_.created_time=? 
        and coinhistor0_.name=?
Hibernate: 
    insert 
    into
        coin_history
        (acc_trade_value, acc_trade_value24h, fluctate24h, fluctate_rate24h, max_price, min_price, opening_price, prev_closing_price, units_traded, units_traded24h, created_time, name) 
    values
        (?, ?, ?, ?, ?, ?, ?, ?, ?, ?, ?, ?)
name = XNO
coinMap: {opening_price=80.03, closing_price=83.62, min_price=78.4, max_price=84.9, units_traded=382477224.04112577, acc_trade_value=31601011393.3671, prev_closing_price=80.48, units_traded_24H=390813836.64295439, acc_trade_value_24H=32271816056.5671, fluctate_24H=4.22, fluctate_rate_24H=5.31}
coinHistory = CoinHistory(createdTime=2022-01-29, name=XNO, openingPrice=80.03, minPrice=78.4, maxPrice=84.9, unitsTraded=3.824772240411258E8, accTradeValue=3.16010113933671E10, prevClosingPrice=80.48, unitsTraded24H=3.908138366429544E8, accTradeValue24H=3.22718160565671E10, fluctate24H=4.22, fluctateRate24H=5.31)
Hibernate: 
    select
        coinhistor0_.created_time as created_1_0_0_,
        coinhistor0_.name as name2_0_0_,
        coinhistor0_.acc_trade_value as acc_trad3_0_0_,
        coinhistor0_.acc_trade_value24h as acc_trad4_0_0_,
        coinhistor0_.fluctate24h as fluctate5_0_0_,
        coinhistor0_.fluctate_rate24h as fluctate6_0_0_,
        coinhistor0_.max_price as max_pric7_0_0_,
        coinhistor0_.min_price as min_pric8_0_0_,
        coinhistor0_.opening_price as opening_9_0_0_,
        coinhistor0_.prev_closing_price as prev_cl10_0_0_,
        coinhistor0_.units_traded as units_t11_0_0_,
        coinhistor0_.units_traded24h as units_t12_0_0_ 
    from
        coin_history coinhistor0_ 
    where
        coinhistor0_.created_time=? 
        and coinhistor0_.name=?
Hibernate: 
    insert 
    into
        coin_history
        (acc_trade_value, acc_trade_value24h, fluctate24h, fluctate_rate24h, max_price, min_price, opening_price, prev_closing_price, units_traded, units_traded24h, created_time, name) 
    values
        (?, ?, ?, ?, ?, ?, ?, ?, ?, ?, ?, ?)
name = SNX
coinMap: {opening_price=5615, closing_price=6125, min_price=5530, max_price=6165, units_traded=90195.19470242, acc_trade_value=531925009.8694, prev_closing_price=5615, units_traded_24H=92513.49703881, acc_trade_value_24H=544924419.9974, fluctate_24H=475, fluctate_rate_24H=8.41}
coinHistory = CoinHistory(createdTime=2022-01-29, name=SNX, openingPrice=5615.0, minPrice=5530.0, maxPrice=6165.0, unitsTraded=90195.19470242, accTradeValue=5.319250098694E8, prevClosingPrice=5615.0, unitsTraded24H=92513.49703881, accTradeValue24H=5.449244199974E8, fluctate24H=475.0, fluctateRate24H=8.41)
Hibernate: 
    select
        coinhistor0_.created_time as created_1_0_0_,
        coinhistor0_.name as name2_0_0_,
        coinhistor0_.acc_trade_value as acc_trad3_0_0_,
        coinhistor0_.acc_trade_value24h as acc_trad4_0_0_,
        coinhistor0_.fluctate24h as fluctate5_0_0_,
        coinhistor0_.fluctate_rate24h as fluctate6_0_0_,
        coinhistor0_.max_price as max_pric7_0_0_,
        coinhistor0_.min_price as min_pric8_0_0_,
        coinhistor0_.opening_price as opening_9_0_0_,
        coinhistor0_.prev_closing_price as prev_cl10_0_0_,
        coinhistor0_.units_traded as units_t11_0_0_,
        coinhistor0_.units_traded24h as units_t12_0_0_ 
    from
        coin_history coinhistor0_ 
    where
        coinhistor0_.created_time=? 
        and coinhistor0_.name=?
Hibernate: 
    insert 
    into
        coin_history
        (acc_trade_value, acc_trade_value24h, fluctate24h, fluctate_rate24h, max_price, min_price, opening_price, prev_closing_price, units_traded, units_traded24h, created_time, name) 
    values
        (?, ?, ?, ?, ?, ?, ?, ?, ?, ?, ?, ?)
name = SOFI
coinMap: {opening_price=292.2, closing_price=308, min_price=287.2, max_price=310, units_traded=864255.51981684, acc_trade_value=259889977.5274, prev_closing_price=292.3, units_traded_24H=874682.50171684, acc_trade_value_24H=262944768.8909, fluctate_24H=18.3, fluctate_rate_24H=6.32}
coinHistory = CoinHistory(createdTime=2022-01-29, name=SOFI, openingPrice=292.2, minPrice=287.2, maxPrice=310.0, unitsTraded=864255.51981684, accTradeValue=2.598899775274E8, prevClosingPrice=292.3, unitsTraded24H=874682.50171684, accTradeValue24H=2.629447688909E8, fluctate24H=18.3, fluctateRate24H=6.32)
Hibernate: 
    select
        coinhistor0_.created_time as created_1_0_0_,
        coinhistor0_.name as name2_0_0_,
        coinhistor0_.acc_trade_value as acc_trad3_0_0_,
        coinhistor0_.acc_trade_value24h as acc_trad4_0_0_,
        coinhistor0_.fluctate24h as fluctate5_0_0_,
        coinhistor0_.fluctate_rate24h as fluctate6_0_0_,
        coinhistor0_.max_price as max_pric7_0_0_,
        coinhistor0_.min_price as min_pric8_0_0_,
        coinhistor0_.opening_price as opening_9_0_0_,
        coinhistor0_.prev_closing_price as prev_cl10_0_0_,
        coinhistor0_.units_traded as units_t11_0_0_,
        coinhistor0_.units_traded24h as units_t12_0_0_ 
    from
        coin_history coinhistor0_ 
    where
        coinhistor0_.created_time=? 
        and coinhistor0_.name=?
Hibernate: 
    insert 
    into
        coin_history
        (acc_trade_value, acc_trade_value24h, fluctate24h, fluctate_rate24h, max_price, min_price, opening_price, prev_closing_price, units_traded, units_traded24h, created_time, name) 
    values
        (?, ?, ?, ?, ?, ?, ?, ?, ?, ?, ?, ?)
name = COLA
coinMap: {opening_price=178.5, closing_price=182.7, min_price=172.1, max_price=200, units_traded=3006502.96215119, acc_trade_value=556288982.3416, prev_closing_price=178.5, units_traded_24H=3040114.05201173, acc_trade_value_24H=562206233.121, fluctate_24H=8.6, fluctate_rate_24H=4.94}
coinHistory = CoinHistory(createdTime=2022-01-29, name=COLA, openingPrice=178.5, minPrice=172.1, maxPrice=200.0, unitsTraded=3006502.96215119, accTradeValue=5.562889823416E8, prevClosingPrice=178.5, unitsTraded24H=3040114.05201173, accTradeValue24H=5.62206233121E8, fluctate24H=8.6, fluctateRate24H=4.94)
Hibernate: 
    select
        coinhistor0_.created_time as created_1_0_0_,
        coinhistor0_.name as name2_0_0_,
        coinhistor0_.acc_trade_value as acc_trad3_0_0_,
        coinhistor0_.acc_trade_value24h as acc_trad4_0_0_,
        coinhistor0_.fluctate24h as fluctate5_0_0_,
        coinhistor0_.fluctate_rate24h as fluctate6_0_0_,
        coinhistor0_.max_price as max_pric7_0_0_,
        coinhistor0_.min_price as min_pric8_0_0_,
        coinhistor0_.opening_price as opening_9_0_0_,
        coinhistor0_.prev_closing_price as prev_cl10_0_0_,
        coinhistor0_.units_traded as units_t11_0_0_,
        coinhistor0_.units_traded24h as units_t12_0_0_ 
    from
        coin_history coinhistor0_ 
    where
        coinhistor0_.created_time=? 
        and coinhistor0_.name=?
Hibernate: 
    insert 
    into
        coin_history
        (acc_trade_value, acc_trade_value24h, fluctate24h, fluctate_rate24h, max_price, min_price, opening_price, prev_closing_price, units_traded, units_traded24h, created_time, name) 
    values
        (?, ?, ?, ?, ?, ?, ?, ?, ?, ?, ?, ?)
name = NU
coinMap: {opening_price=577.6, closing_price=638, min_price=572.1, max_price=745.6, units_traded=10394308.07905249, acc_trade_value=6761806542.3444, prev_closing_price=577.2, units_traded_24H=10502288.25755249, acc_trade_value_24H=6824379019.2056, fluctate_24H=52.8, fluctate_rate_24H=9.02}
coinHistory = CoinHistory(createdTime=2022-01-29, name=NU, openingPrice=577.6, minPrice=572.1, maxPrice=745.6, unitsTraded=1.039430807905249E7, accTradeValue=6.7618065423444E9, prevClosingPrice=577.2, unitsTraded24H=1.050228825755249E7, accTradeValue24H=6.8243790192056E9, fluctate24H=52.8, fluctateRate24H=9.02)
Hibernate: 
    select
        coinhistor0_.created_time as created_1_0_0_,
        coinhistor0_.name as name2_0_0_,
        coinhistor0_.acc_trade_value as acc_trad3_0_0_,
        coinhistor0_.acc_trade_value24h as acc_trad4_0_0_,
        coinhistor0_.fluctate24h as fluctate5_0_0_,
        coinhistor0_.fluctate_rate24h as fluctate6_0_0_,
        coinhistor0_.max_price as max_pric7_0_0_,
        coinhistor0_.min_price as min_pric8_0_0_,
        coinhistor0_.opening_price as opening_9_0_0_,
        coinhistor0_.prev_closing_price as prev_cl10_0_0_,
        coinhistor0_.units_traded as units_t11_0_0_,
        coinhistor0_.units_traded24h as units_t12_0_0_ 
    from
        coin_history coinhistor0_ 
    where
        coinhistor0_.created_time=? 
        and coinhistor0_.name=?
Hibernate: 
    insert 
    into
        coin_history
        (acc_trade_value, acc_trade_value24h, fluctate24h, fluctate_rate24h, max_price, min_price, opening_price, prev_closing_price, units_traded, units_traded24h, created_time, name) 
    values
        (?, ?, ?, ?, ?, ?, ?, ?, ?, ?, ?, ?)
name = OXT
coinMap: {opening_price=292.9, closing_price=306.9, min_price=289.3, max_price=314.4, units_traded=813666.8247942, acc_trade_value=246798885.0917, prev_closing_price=290.5, units_traded_24H=842233.7808942, acc_trade_value_24H=255198811.8668, fluctate_24H=11.7, fluctate_rate_24H=3.96}
coinHistory = CoinHistory(createdTime=2022-01-29, name=OXT, openingPrice=292.9, minPrice=289.3, maxPrice=314.4, unitsTraded=813666.8247942, accTradeValue=2.467988850917E8, prevClosingPrice=290.5, unitsTraded24H=842233.7808942, accTradeValue24H=2.551988118668E8, fluctate24H=11.7, fluctateRate24H=3.96)
Hibernate: 
    select
        coinhistor0_.created_time as created_1_0_0_,
        coinhistor0_.name as name2_0_0_,
        coinhistor0_.acc_trade_value as acc_trad3_0_0_,
        coinhistor0_.acc_trade_value24h as acc_trad4_0_0_,
        coinhistor0_.fluctate24h as fluctate5_0_0_,
        coinhistor0_.fluctate_rate24h as fluctate6_0_0_,
        coinhistor0_.max_price as max_pric7_0_0_,
        coinhistor0_.min_price as min_pric8_0_0_,
        coinhistor0_.opening_price as opening_9_0_0_,
        coinhistor0_.prev_closing_price as prev_cl10_0_0_,
        coinhistor0_.units_traded as units_t11_0_0_,
        coinhistor0_.units_traded24h as units_t12_0_0_ 
    from
        coin_history coinhistor0_ 
    where
        coinhistor0_.created_time=? 
        and coinhistor0_.name=?
Hibernate: 
    insert 
    into
        coin_history
        (acc_trade_value, acc_trade_value24h, fluctate24h, fluctate_rate24h, max_price, min_price, opening_price, prev_closing_price, units_traded, units_traded24h, created_time, name) 
    values
        (?, ?, ?, ?, ?, ?, ?, ?, ?, ?, ?, ?)
name = LINA
coinMap: {opening_price=28.25, closing_price=31.15, min_price=28, max_price=36.35, units_traded=114202683.88875864, acc_trade_value=3627277346.6684, prev_closing_price=28.19, units_traded_24H=114297858.29635864, acc_trade_value_24H=3629953769.6395, fluctate_24H=2.96, fluctate_rate_24H=10.50}
coinHistory = CoinHistory(createdTime=2022-01-29, name=LINA, openingPrice=28.25, minPrice=28.0, maxPrice=36.35, unitsTraded=1.1420268388875864E8, accTradeValue=3.6272773466684E9, prevClosingPrice=28.19, unitsTraded24H=1.1429785829635864E8, accTradeValue24H=3.6299537696395E9, fluctate24H=2.96, fluctateRate24H=10.5)
Hibernate: 
    select
        coinhistor0_.created_time as created_1_0_0_,
        coinhistor0_.name as name2_0_0_,
        coinhistor0_.acc_trade_value as acc_trad3_0_0_,
        coinhistor0_.acc_trade_value24h as acc_trad4_0_0_,
        coinhistor0_.fluctate24h as fluctate5_0_0_,
        coinhistor0_.fluctate_rate24h as fluctate6_0_0_,
        coinhistor0_.max_price as max_pric7_0_0_,
        coinhistor0_.min_price as min_pric8_0_0_,
        coinhistor0_.opening_price as opening_9_0_0_,
        coinhistor0_.prev_closing_price as prev_cl10_0_0_,
        coinhistor0_.units_traded as units_t11_0_0_,
        coinhistor0_.units_traded24h as units_t12_0_0_ 
    from
        coin_history coinhistor0_ 
    where
        coinhistor0_.created_time=? 
        and coinhistor0_.name=?
Hibernate: 
    insert 
    into
        coin_history
        (acc_trade_value, acc_trade_value24h, fluctate24h, fluctate_rate24h, max_price, min_price, opening_price, prev_closing_price, units_traded, units_traded24h, created_time, name) 
    values
        (?, ?, ?, ?, ?, ?, ?, ?, ?, ?, ?, ?)
name = MAP
coinMap: {opening_price=24.54, closing_price=25.75, min_price=24.12, max_price=26.62, units_traded=8465490.44498341, acc_trade_value=214053783.0113, prev_closing_price=24.68, units_traded_24H=8517568.7346375, acc_trade_value_24H=215343503.3985, fluctate_24H=0.91, fluctate_rate_24H=3.66}
coinHistory = CoinHistory(createdTime=2022-01-29, name=MAP, openingPrice=24.54, minPrice=24.12, maxPrice=26.62, unitsTraded=8465490.44498341, accTradeValue=2.140537830113E8, prevClosingPrice=24.68, unitsTraded24H=8517568.7346375, accTradeValue24H=2.153435033985E8, fluctate24H=0.91, fluctateRate24H=3.66)
Hibernate: 
    select
        coinhistor0_.created_time as created_1_0_0_,
        coinhistor0_.name as name2_0_0_,
        coinhistor0_.acc_trade_value as acc_trad3_0_0_,
        coinhistor0_.acc_trade_value24h as acc_trad4_0_0_,
        coinhistor0_.fluctate24h as fluctate5_0_0_,
        coinhistor0_.fluctate_rate24h as fluctate6_0_0_,
        coinhistor0_.max_price as max_pric7_0_0_,
        coinhistor0_.min_price as min_pric8_0_0_,
        coinhistor0_.opening_price as opening_9_0_0_,
        coinhistor0_.prev_closing_price as prev_cl10_0_0_,
        coinhistor0_.units_traded as units_t11_0_0_,
        coinhistor0_.units_traded24h as units_t12_0_0_ 
    from
        coin_history coinhistor0_ 
    where
        coinhistor0_.created_time=? 
        and coinhistor0_.name=?
Hibernate: 
    insert 
    into
        coin_history
        (acc_trade_value, acc_trade_value24h, fluctate24h, fluctate_rate24h, max_price, min_price, opening_price, prev_closing_price, units_traded, units_traded24h, created_time, name) 
    values
        (?, ?, ?, ?, ?, ?, ?, ?, ?, ?, ?, ?)
name = AQT
coinMap: {opening_price=3041, closing_price=3212, min_price=3038, max_price=3295, units_traded=42548.11470906, acc_trade_value=134534123.5882, prev_closing_price=3041, units_traded_24H=44080.57520906, acc_trade_value_24H=139207726.0331, fluctate_24H=164, fluctate_rate_24H=5.38}
coinHistory = CoinHistory(createdTime=2022-01-29, name=AQT, openingPrice=3041.0, minPrice=3038.0, maxPrice=3295.0, unitsTraded=42548.11470906, accTradeValue=1.345341235882E8, prevClosingPrice=3041.0, unitsTraded24H=44080.57520906, accTradeValue24H=1.392077260331E8, fluctate24H=164.0, fluctateRate24H=5.38)
Hibernate: 
    select
        coinhistor0_.created_time as created_1_0_0_,
        coinhistor0_.name as name2_0_0_,
        coinhistor0_.acc_trade_value as acc_trad3_0_0_,
        coinhistor0_.acc_trade_value24h as acc_trad4_0_0_,
        coinhistor0_.fluctate24h as fluctate5_0_0_,
        coinhistor0_.fluctate_rate24h as fluctate6_0_0_,
        coinhistor0_.max_price as max_pric7_0_0_,
        coinhistor0_.min_price as min_pric8_0_0_,
        coinhistor0_.opening_price as opening_9_0_0_,
        coinhistor0_.prev_closing_price as prev_cl10_0_0_,
        coinhistor0_.units_traded as units_t11_0_0_,
        coinhistor0_.units_traded24h as units_t12_0_0_ 
    from
        coin_history coinhistor0_ 
    where
        coinhistor0_.created_time=? 
        and coinhistor0_.name=?
Hibernate: 
    insert 
    into
        coin_history
        (acc_trade_value, acc_trade_value24h, fluctate24h, fluctate_rate24h, max_price, min_price, opening_price, prev_closing_price, units_traded, units_traded24h, created_time, name) 
    values
        (?, ?, ?, ?, ?, ?, ?, ?, ?, ?, ?, ?)
name = WIKEN
coinMap: {opening_price=15.1, closing_price=15.52, min_price=14.77, max_price=16.45, units_traded=13842713.49521778, acc_trade_value=213911516.5588, prev_closing_price=15.1, units_traded_24H=14702490.98428799, acc_trade_value_24H=226812236.2832, fluctate_24H=0.6, fluctate_rate_24H=4.02}
coinHistory = CoinHistory(createdTime=2022-01-29, name=WIKEN, openingPrice=15.1, minPrice=14.77, maxPrice=16.45, unitsTraded=1.384271349521778E7, accTradeValue=2.139115165588E8, prevClosingPrice=15.1, unitsTraded24H=1.470249098428799E7, accTradeValue24H=2.268122362832E8, fluctate24H=0.6, fluctateRate24H=4.02)
Hibernate: 
    select
        coinhistor0_.created_time as created_1_0_0_,
        coinhistor0_.name as name2_0_0_,
        coinhistor0_.acc_trade_value as acc_trad3_0_0_,
        coinhistor0_.acc_trade_value24h as acc_trad4_0_0_,
        coinhistor0_.fluctate24h as fluctate5_0_0_,
        coinhistor0_.fluctate_rate24h as fluctate6_0_0_,
        coinhistor0_.max_price as max_pric7_0_0_,
        coinhistor0_.min_price as min_pric8_0_0_,
        coinhistor0_.opening_price as opening_9_0_0_,
        coinhistor0_.prev_closing_price as prev_cl10_0_0_,
        coinhistor0_.units_traded as units_t11_0_0_,
        coinhistor0_.units_traded24h as units_t12_0_0_ 
    from
        coin_history coinhistor0_ 
    where
        coinhistor0_.created_time=? 
        and coinhistor0_.name=?
Hibernate: 
    insert 
    into
        coin_history
        (acc_trade_value, acc_trade_value24h, fluctate24h, fluctate_rate24h, max_price, min_price, opening_price, prev_closing_price, units_traded, units_traded24h, created_time, name) 
    values
        (?, ?, ?, ?, ?, ?, ?, ?, ?, ?, ?, ?)
name = CTSI
coinMap: {opening_price=542.6, closing_price=574.7, min_price=539.9, max_price=575.3, units_traded=401172.90918718, acc_trade_value=224850592.1746, prev_closing_price=544.7, units_traded_24H=436588.93328718, acc_trade_value_24H=244145334.3843, fluctate_24H=29.5, fluctate_rate_24H=5.41}
coinHistory = CoinHistory(createdTime=2022-01-29, name=CTSI, openingPrice=542.6, minPrice=539.9, maxPrice=575.3, unitsTraded=401172.90918718, accTradeValue=2.248505921746E8, prevClosingPrice=544.7, unitsTraded24H=436588.93328718, accTradeValue24H=2.441453343843E8, fluctate24H=29.5, fluctateRate24H=5.41)
Hibernate: 
    select
        coinhistor0_.created_time as created_1_0_0_,
        coinhistor0_.name as name2_0_0_,
        coinhistor0_.acc_trade_value as acc_trad3_0_0_,
        coinhistor0_.acc_trade_value24h as acc_trad4_0_0_,
        coinhistor0_.fluctate24h as fluctate5_0_0_,
        coinhistor0_.fluctate_rate24h as fluctate6_0_0_,
        coinhistor0_.max_price as max_pric7_0_0_,
        coinhistor0_.min_price as min_pric8_0_0_,
        coinhistor0_.opening_price as opening_9_0_0_,
        coinhistor0_.prev_closing_price as prev_cl10_0_0_,
        coinhistor0_.units_traded as units_t11_0_0_,
        coinhistor0_.units_traded24h as units_t12_0_0_ 
    from
        coin_history coinhistor0_ 
    where
        coinhistor0_.created_time=? 
        and coinhistor0_.name=?
Hibernate: 
    insert 
    into
        coin_history
        (acc_trade_value, acc_trade_value24h, fluctate24h, fluctate_rate24h, max_price, min_price, opening_price, prev_closing_price, units_traded, units_traded24h, created_time, name) 
    values
        (?, ?, ?, ?, ?, ?, ?, ?, ?, ?, ?, ?)
name = MANA
coinMap: {opening_price=2740, closing_price=2942, min_price=2730, max_price=2993, units_traded=1907379.90740017, acc_trade_value=5501284314.6459, prev_closing_price=2735, units_traded_24H=1974833.87198291, acc_trade_value_24H=5686603878.6262, fluctate_24H=171, fluctate_rate_24H=6.17}
coinHistory = CoinHistory(createdTime=2022-01-29, name=MANA, openingPrice=2740.0, minPrice=2730.0, maxPrice=2993.0, unitsTraded=1907379.90740017, accTradeValue=5.5012843146459E9, prevClosingPrice=2735.0, unitsTraded24H=1974833.87198291, accTradeValue24H=5.6866038786262E9, fluctate24H=171.0, fluctateRate24H=6.17)
Hibernate: 
    select
        coinhistor0_.created_time as created_1_0_0_,
        coinhistor0_.name as name2_0_0_,
        coinhistor0_.acc_trade_value as acc_trad3_0_0_,
        coinhistor0_.acc_trade_value24h as acc_trad4_0_0_,
        coinhistor0_.fluctate24h as fluctate5_0_0_,
        coinhistor0_.fluctate_rate24h as fluctate6_0_0_,
        coinhistor0_.max_price as max_pric7_0_0_,
        coinhistor0_.min_price as min_pric8_0_0_,
        coinhistor0_.opening_price as opening_9_0_0_,
        coinhistor0_.prev_closing_price as prev_cl10_0_0_,
        coinhistor0_.units_traded as units_t11_0_0_,
        coinhistor0_.units_traded24h as units_t12_0_0_ 
    from
        coin_history coinhistor0_ 
    where
        coinhistor0_.created_time=? 
        and coinhistor0_.name=?
Hibernate: 
    insert 
    into
        coin_history
        (acc_trade_value, acc_trade_value24h, fluctate24h, fluctate_rate24h, max_price, min_price, opening_price, prev_closing_price, units_traded, units_traded24h, created_time, name) 
    values
        (?, ?, ?, ?, ?, ?, ?, ?, ?, ?, ?, ?)
name = LPT
coinMap: {opening_price=30730, closing_price=33410, min_price=30550, max_price=33560, units_traded=11438.96464161, acc_trade_value=370504440.7959, prev_closing_price=30700, units_traded_24H=11689.09784735, acc_trade_value_24H=378205577.0259, fluctate_24H=2820, fluctate_rate_24H=9.22}
coinHistory = CoinHistory(createdTime=2022-01-29, name=LPT, openingPrice=30730.0, minPrice=30550.0, maxPrice=33560.0, unitsTraded=11438.96464161, accTradeValue=3.705044407959E8, prevClosingPrice=30700.0, unitsTraded24H=11689.09784735, accTradeValue24H=3.782055770259E8, fluctate24H=2820.0, fluctateRate24H=9.22)
Hibernate: 
    select
        coinhistor0_.created_time as created_1_0_0_,
        coinhistor0_.name as name2_0_0_,
        coinhistor0_.acc_trade_value as acc_trad3_0_0_,
        coinhistor0_.acc_trade_value24h as acc_trad4_0_0_,
        coinhistor0_.fluctate24h as fluctate5_0_0_,
        coinhistor0_.fluctate_rate24h as fluctate6_0_0_,
        coinhistor0_.max_price as max_pric7_0_0_,
        coinhistor0_.min_price as min_pric8_0_0_,
        coinhistor0_.opening_price as opening_9_0_0_,
        coinhistor0_.prev_closing_price as prev_cl10_0_0_,
        coinhistor0_.units_traded as units_t11_0_0_,
        coinhistor0_.units_traded24h as units_t12_0_0_ 
    from
        coin_history coinhistor0_ 
    where
        coinhistor0_.created_time=? 
        and coinhistor0_.name=?
Hibernate: 
    insert 
    into
        coin_history
        (acc_trade_value, acc_trade_value24h, fluctate24h, fluctate_rate24h, max_price, min_price, opening_price, prev_closing_price, units_traded, units_traded24h, created_time, name) 
    values
        (?, ?, ?, ?, ?, ?, ?, ?, ?, ?, ?, ?)
name = MKR
coinMap: {opening_price=2217000, closing_price=2378000, min_price=2059000, max_price=2378000, units_traded=58.48500566, acc_trade_value=133933449.2851, prev_closing_price=2215000, units_traded_24H=67.15950566, acc_trade_value_24H=153296585.2851, fluctate_24H=127000, fluctate_rate_24H=5.64}
coinHistory = CoinHistory(createdTime=2022-01-29, name=MKR, openingPrice=2217000.0, minPrice=2059000.0, maxPrice=2378000.0, unitsTraded=58.48500566, accTradeValue=1.339334492851E8, prevClosingPrice=2215000.0, unitsTraded24H=67.15950566, accTradeValue24H=1.532965852851E8, fluctate24H=127000.0, fluctateRate24H=5.64)
Hibernate: 
    select
        coinhistor0_.created_time as created_1_0_0_,
        coinhistor0_.name as name2_0_0_,
        coinhistor0_.acc_trade_value as acc_trad3_0_0_,
        coinhistor0_.acc_trade_value24h as acc_trad4_0_0_,
        coinhistor0_.fluctate24h as fluctate5_0_0_,
        coinhistor0_.fluctate_rate24h as fluctate6_0_0_,
        coinhistor0_.max_price as max_pric7_0_0_,
        coinhistor0_.min_price as min_pric8_0_0_,
        coinhistor0_.opening_price as opening_9_0_0_,
        coinhistor0_.prev_closing_price as prev_cl10_0_0_,
        coinhistor0_.units_traded as units_t11_0_0_,
        coinhistor0_.units_traded24h as units_t12_0_0_ 
    from
        coin_history coinhistor0_ 
    where
        coinhistor0_.created_time=? 
        and coinhistor0_.name=?
Hibernate: 
    insert 
    into
        coin_history
        (acc_trade_value, acc_trade_value24h, fluctate24h, fluctate_rate24h, max_price, min_price, opening_price, prev_closing_price, units_traded, units_traded24h, created_time, name) 
    values
        (?, ?, ?, ?, ?, ?, ?, ?, ?, ?, ?, ?)
name = SUSHI
coinMap: {opening_price=5055, closing_price=5290, min_price=5015, max_price=5310, units_traded=36461.54411772, acc_trade_value=187713466.3513, prev_closing_price=4991, units_traded_24H=41529.58711772, acc_trade_value_24H=213171863.7255, fluctate_24H=240, fluctate_rate_24H=4.75}
coinHistory = CoinHistory(createdTime=2022-01-29, name=SUSHI, openingPrice=5055.0, minPrice=5015.0, maxPrice=5310.0, unitsTraded=36461.54411772, accTradeValue=1.877134663513E8, prevClosingPrice=4991.0, unitsTraded24H=41529.58711772, accTradeValue24H=2.131718637255E8, fluctate24H=240.0, fluctateRate24H=4.75)
Hibernate: 
    select
        coinhistor0_.created_time as created_1_0_0_,
        coinhistor0_.name as name2_0_0_,
        coinhistor0_.acc_trade_value as acc_trad3_0_0_,
        coinhistor0_.acc_trade_value24h as acc_trad4_0_0_,
        coinhistor0_.fluctate24h as fluctate5_0_0_,
        coinhistor0_.fluctate_rate24h as fluctate6_0_0_,
        coinhistor0_.max_price as max_pric7_0_0_,
        coinhistor0_.min_price as min_pric8_0_0_,
        coinhistor0_.opening_price as opening_9_0_0_,
        coinhistor0_.prev_closing_price as prev_cl10_0_0_,
        coinhistor0_.units_traded as units_t11_0_0_,
        coinhistor0_.units_traded24h as units_t12_0_0_ 
    from
        coin_history coinhistor0_ 
    where
        coinhistor0_.created_time=? 
        and coinhistor0_.name=?
Hibernate: 
    insert 
    into
        coin_history
        (acc_trade_value, acc_trade_value24h, fluctate24h, fluctate_rate24h, max_price, min_price, opening_price, prev_closing_price, units_traded, units_traded24h, created_time, name) 
    values
        (?, ?, ?, ?, ?, ?, ?, ?, ?, ?, ?, ?)
name = ASM
coinMap: {opening_price=63.96, closing_price=67.51, min_price=62.71, max_price=67.93, units_traded=15765136.54989961, acc_trade_value=1032766038.9415, prev_closing_price=63.96, units_traded_24H=16379407.46067567, acc_trade_value_24H=1072170558.0204, fluctate_24H=3.08, fluctate_rate_24H=4.78}
coinHistory = CoinHistory(createdTime=2022-01-29, name=ASM, openingPrice=63.96, minPrice=62.71, maxPrice=67.93, unitsTraded=1.576513654989961E7, accTradeValue=1.0327660389415E9, prevClosingPrice=63.96, unitsTraded24H=1.637940746067567E7, accTradeValue24H=1.0721705580204E9, fluctate24H=3.08, fluctateRate24H=4.78)
Hibernate: 
    select
        coinhistor0_.created_time as created_1_0_0_,
        coinhistor0_.name as name2_0_0_,
        coinhistor0_.acc_trade_value as acc_trad3_0_0_,
        coinhistor0_.acc_trade_value24h as acc_trad4_0_0_,
        coinhistor0_.fluctate24h as fluctate5_0_0_,
        coinhistor0_.fluctate_rate24h as fluctate6_0_0_,
        coinhistor0_.max_price as max_pric7_0_0_,
        coinhistor0_.min_price as min_pric8_0_0_,
        coinhistor0_.opening_price as opening_9_0_0_,
        coinhistor0_.prev_closing_price as prev_cl10_0_0_,
        coinhistor0_.units_traded as units_t11_0_0_,
        coinhistor0_.units_traded24h as units_t12_0_0_ 
    from
        coin_history coinhistor0_ 
    where
        coinhistor0_.created_time=? 
        and coinhistor0_.name=?
Hibernate: 
    insert 
    into
        coin_history
        (acc_trade_value, acc_trade_value24h, fluctate24h, fluctate_rate24h, max_price, min_price, opening_price, prev_closing_price, units_traded, units_traded24h, created_time, name) 
    values
        (?, ?, ?, ?, ?, ?, ?, ?, ?, ?, ?, ?)
name = PUNDIX
coinMap: {opening_price=902.5, closing_price=969.7, min_price=900.2, max_price=1020, units_traded=1215570.10273092, acc_trade_value=1193967778.1837, prev_closing_price=900, units_traded_24H=1226577.85125547, acc_trade_value_24H=1203891448.0265, fluctate_24H=68.7, fluctate_rate_24H=7.62}
coinHistory = CoinHistory(createdTime=2022-01-29, name=PUNDIX, openingPrice=902.5, minPrice=900.2, maxPrice=1020.0, unitsTraded=1215570.10273092, accTradeValue=1.1939677781837E9, prevClosingPrice=900.0, unitsTraded24H=1226577.85125547, accTradeValue24H=1.2038914480265E9, fluctate24H=68.7, fluctateRate24H=7.62)
Hibernate: 
    select
        coinhistor0_.created_time as created_1_0_0_,
        coinhistor0_.name as name2_0_0_,
        coinhistor0_.acc_trade_value as acc_trad3_0_0_,
        coinhistor0_.acc_trade_value24h as acc_trad4_0_0_,
        coinhistor0_.fluctate24h as fluctate5_0_0_,
        coinhistor0_.fluctate_rate24h as fluctate6_0_0_,
        coinhistor0_.max_price as max_pric7_0_0_,
        coinhistor0_.min_price as min_pric8_0_0_,
        coinhistor0_.opening_price as opening_9_0_0_,
        coinhistor0_.prev_closing_price as prev_cl10_0_0_,
        coinhistor0_.units_traded as units_t11_0_0_,
        coinhistor0_.units_traded24h as units_t12_0_0_ 
    from
        coin_history coinhistor0_ 
    where
        coinhistor0_.created_time=? 
        and coinhistor0_.name=?
Hibernate: 
    insert 
    into
        coin_history
        (acc_trade_value, acc_trade_value24h, fluctate24h, fluctate_rate24h, max_price, min_price, opening_price, prev_closing_price, units_traded, units_traded24h, created_time, name) 
    values
        (?, ?, ?, ?, ?, ?, ?, ?, ?, ?, ?, ?)
name = CELR
coinMap: {opening_price=59.9, closing_price=63.9, min_price=59.68, max_price=64, units_traded=5261045.94073637, acc_trade_value=327106979.434, prev_closing_price=61.2, units_traded_24H=5463687.50037969, acc_trade_value_24H=339382533.0348, fluctate_24H=4.03, fluctate_rate_24H=6.73}
coinHistory = CoinHistory(createdTime=2022-01-29, name=CELR, openingPrice=59.9, minPrice=59.68, maxPrice=64.0, unitsTraded=5261045.94073637, accTradeValue=3.27106979434E8, prevClosingPrice=61.2, unitsTraded24H=5463687.50037969, accTradeValue24H=3.393825330348E8, fluctate24H=4.03, fluctateRate24H=6.73)
Hibernate: 
    select
        coinhistor0_.created_time as created_1_0_0_,
        coinhistor0_.name as name2_0_0_,
        coinhistor0_.acc_trade_value as acc_trad3_0_0_,
        coinhistor0_.acc_trade_value24h as acc_trad4_0_0_,
        coinhistor0_.fluctate24h as fluctate5_0_0_,
        coinhistor0_.fluctate_rate24h as fluctate6_0_0_,
        coinhistor0_.max_price as max_pric7_0_0_,
        coinhistor0_.min_price as min_pric8_0_0_,
        coinhistor0_.opening_price as opening_9_0_0_,
        coinhistor0_.prev_closing_price as prev_cl10_0_0_,
        coinhistor0_.units_traded as units_t11_0_0_,
        coinhistor0_.units_traded24h as units_t12_0_0_ 
    from
        coin_history coinhistor0_ 
    where
        coinhistor0_.created_time=? 
        and coinhistor0_.name=?
Hibernate: 
    insert 
    into
        coin_history
        (acc_trade_value, acc_trade_value24h, fluctate24h, fluctate_rate24h, max_price, min_price, opening_price, prev_closing_price, units_traded, units_traded24h, created_time, name) 
    values
        (?, ?, ?, ?, ?, ?, ?, ?, ?, ?, ?, ?)
name = LF
coinMap: {opening_price=274.7, closing_price=288.1, min_price=272.8, max_price=292, units_traded=48867427.43552143, acc_trade_value=13875058164.2344, prev_closing_price=274.7, units_traded_24H=49309740.95082143, acc_trade_value_24H=13996598716.13, fluctate_24H=14.6, fluctate_rate_24H=5.34}
coinHistory = CoinHistory(createdTime=2022-01-29, name=LF, openingPrice=274.7, minPrice=272.8, maxPrice=292.0, unitsTraded=4.886742743552143E7, accTradeValue=1.38750581642344E10, prevClosingPrice=274.7, unitsTraded24H=4.930974095082143E7, accTradeValue24H=1.399659871613E10, fluctate24H=14.6, fluctateRate24H=5.34)
Hibernate: 
    select
        coinhistor0_.created_time as created_1_0_0_,
        coinhistor0_.name as name2_0_0_,
        coinhistor0_.acc_trade_value as acc_trad3_0_0_,
        coinhistor0_.acc_trade_value24h as acc_trad4_0_0_,
        coinhistor0_.fluctate24h as fluctate5_0_0_,
        coinhistor0_.fluctate_rate24h as fluctate6_0_0_,
        coinhistor0_.max_price as max_pric7_0_0_,
        coinhistor0_.min_price as min_pric8_0_0_,
        coinhistor0_.opening_price as opening_9_0_0_,
        coinhistor0_.prev_closing_price as prev_cl10_0_0_,
        coinhistor0_.units_traded as units_t11_0_0_,
        coinhistor0_.units_traded24h as units_t12_0_0_ 
    from
        coin_history coinhistor0_ 
    where
        coinhistor0_.created_time=? 
        and coinhistor0_.name=?
Hibernate: 
    insert 
    into
        coin_history
        (acc_trade_value, acc_trade_value24h, fluctate24h, fluctate_rate24h, max_price, min_price, opening_price, prev_closing_price, units_traded, units_traded24h, created_time, name) 
    values
        (?, ?, ?, ?, ?, ?, ?, ?, ?, ?, ?, ?)
name = ARW
coinMap: {opening_price=2155, closing_price=2218, min_price=2108, max_price=2252, units_traded=111196.14103915, acc_trade_value=243722453.1487, prev_closing_price=2155, units_traded_24H=119882.62693915, acc_trade_value_24H=262338891.7496, fluctate_24H=60, fluctate_rate_24H=2.78}
coinHistory = CoinHistory(createdTime=2022-01-29, name=ARW, openingPrice=2155.0, minPrice=2108.0, maxPrice=2252.0, unitsTraded=111196.14103915, accTradeValue=2.437224531487E8, prevClosingPrice=2155.0, unitsTraded24H=119882.62693915, accTradeValue24H=2.623388917496E8, fluctate24H=60.0, fluctateRate24H=2.78)
Hibernate: 
    select
        coinhistor0_.created_time as created_1_0_0_,
        coinhistor0_.name as name2_0_0_,
        coinhistor0_.acc_trade_value as acc_trad3_0_0_,
        coinhistor0_.acc_trade_value24h as acc_trad4_0_0_,
        coinhistor0_.fluctate24h as fluctate5_0_0_,
        coinhistor0_.fluctate_rate24h as fluctate6_0_0_,
        coinhistor0_.max_price as max_pric7_0_0_,
        coinhistor0_.min_price as min_pric8_0_0_,
        coinhistor0_.opening_price as opening_9_0_0_,
        coinhistor0_.prev_closing_price as prev_cl10_0_0_,
        coinhistor0_.units_traded as units_t11_0_0_,
        coinhistor0_.units_traded24h as units_t12_0_0_ 
    from
        coin_history coinhistor0_ 
    where
        coinhistor0_.created_time=? 
        and coinhistor0_.name=?
Hibernate: 
    insert 
    into
        coin_history
        (acc_trade_value, acc_trade_value24h, fluctate24h, fluctate_rate24h, max_price, min_price, opening_price, prev_closing_price, units_traded, units_traded24h, created_time, name) 
    values
        (?, ?, ?, ?, ?, ?, ?, ?, ?, ?, ?, ?)
name = FRONT
coinMap: {opening_price=635.1, closing_price=643, min_price=611, max_price=678.6, units_traded=42305971.13779977, acc_trade_value=26753278873.5613, prev_closing_price=635.1, units_traded_24H=42504810.586942, acc_trade_value_24H=26877567965.2614, fluctate_24H=13, fluctate_rate_24H=2.06}
coinHistory = CoinHistory(createdTime=2022-01-29, name=FRONT, openingPrice=635.1, minPrice=611.0, maxPrice=678.6, unitsTraded=4.230597113779977E7, accTradeValue=2.67532788735613E10, prevClosingPrice=635.1, unitsTraded24H=4.2504810586942E7, accTradeValue24H=2.68775679652614E10, fluctate24H=13.0, fluctateRate24H=2.06)
Hibernate: 
    select
        coinhistor0_.created_time as created_1_0_0_,
        coinhistor0_.name as name2_0_0_,
        coinhistor0_.acc_trade_value as acc_trad3_0_0_,
        coinhistor0_.acc_trade_value24h as acc_trad4_0_0_,
        coinhistor0_.fluctate24h as fluctate5_0_0_,
        coinhistor0_.fluctate_rate24h as fluctate6_0_0_,
        coinhistor0_.max_price as max_pric7_0_0_,
        coinhistor0_.min_price as min_pric8_0_0_,
        coinhistor0_.opening_price as opening_9_0_0_,
        coinhistor0_.prev_closing_price as prev_cl10_0_0_,
        coinhistor0_.units_traded as units_t11_0_0_,
        coinhistor0_.units_traded24h as units_t12_0_0_ 
    from
        coin_history coinhistor0_ 
    where
        coinhistor0_.created_time=? 
        and coinhistor0_.name=?
Hibernate: 
    insert 
    into
        coin_history
        (acc_trade_value, acc_trade_value24h, fluctate24h, fluctate_rate24h, max_price, min_price, opening_price, prev_closing_price, units_traded, units_traded24h, created_time, name) 
    values
        (?, ?, ?, ?, ?, ?, ?, ?, ?, ?, ?, ?)
name = MSB
coinMap: {opening_price=159, closing_price=173.3, min_price=157.3, max_price=174.9, units_traded=82615616.72290086, acc_trade_value=13707765826.6443, prev_closing_price=159.1, units_traded_24H=83456177.53430086, acc_trade_value_24H=13842107473.7627, fluctate_24H=13.6, fluctate_rate_24H=8.52}
coinHistory = CoinHistory(createdTime=2022-01-29, name=MSB, openingPrice=159.0, minPrice=157.3, maxPrice=174.9, unitsTraded=8.261561672290085E7, accTradeValue=1.37077658266443E10, prevClosingPrice=159.1, unitsTraded24H=8.345617753430086E7, accTradeValue24H=1.38421074737627E10, fluctate24H=13.6, fluctateRate24H=8.52)
Hibernate: 
    select
        coinhistor0_.created_time as created_1_0_0_,
        coinhistor0_.name as name2_0_0_,
        coinhistor0_.acc_trade_value as acc_trad3_0_0_,
        coinhistor0_.acc_trade_value24h as acc_trad4_0_0_,
        coinhistor0_.fluctate24h as fluctate5_0_0_,
        coinhistor0_.fluctate_rate24h as fluctate6_0_0_,
        coinhistor0_.max_price as max_pric7_0_0_,
        coinhistor0_.min_price as min_pric8_0_0_,
        coinhistor0_.opening_price as opening_9_0_0_,
        coinhistor0_.prev_closing_price as prev_cl10_0_0_,
        coinhistor0_.units_traded as units_t11_0_0_,
        coinhistor0_.units_traded24h as units_t12_0_0_ 
    from
        coin_history coinhistor0_ 
    where
        coinhistor0_.created_time=? 
        and coinhistor0_.name=?
Hibernate: 
    insert 
    into
        coin_history
        (acc_trade_value, acc_trade_value24h, fluctate24h, fluctate_rate24h, max_price, min_price, opening_price, prev_closing_price, units_traded, units_traded24h, created_time, name) 
    values
        (?, ?, ?, ?, ?, ?, ?, ?, ?, ?, ?, ?)
name = RLY
coinMap: {opening_price=267.5, closing_price=277.7, min_price=265.7, max_price=277.8, units_traded=233653.97887383, acc_trade_value=63795912.439, prev_closing_price=265.6, units_traded_24H=253936.42649288, acc_trade_value_24H=69234434.0223, fluctate_24H=8.8, fluctate_rate_24H=3.27}
coinHistory = CoinHistory(createdTime=2022-01-29, name=RLY, openingPrice=267.5, minPrice=265.7, maxPrice=277.8, unitsTraded=233653.97887383, accTradeValue=6.3795912439E7, prevClosingPrice=265.6, unitsTraded24H=253936.42649288, accTradeValue24H=6.92344340223E7, fluctate24H=8.8, fluctateRate24H=3.27)
Hibernate: 
    select
        coinhistor0_.created_time as created_1_0_0_,
        coinhistor0_.name as name2_0_0_,
        coinhistor0_.acc_trade_value as acc_trad3_0_0_,
        coinhistor0_.acc_trade_value24h as acc_trad4_0_0_,
        coinhistor0_.fluctate24h as fluctate5_0_0_,
        coinhistor0_.fluctate_rate24h as fluctate6_0_0_,
        coinhistor0_.max_price as max_pric7_0_0_,
        coinhistor0_.min_price as min_pric8_0_0_,
        coinhistor0_.opening_price as opening_9_0_0_,
        coinhistor0_.prev_closing_price as prev_cl10_0_0_,
        coinhistor0_.units_traded as units_t11_0_0_,
        coinhistor0_.units_traded24h as units_t12_0_0_ 
    from
        coin_history coinhistor0_ 
    where
        coinhistor0_.created_time=? 
        and coinhistor0_.name=?
Hibernate: 
    insert 
    into
        coin_history
        (acc_trade_value, acc_trade_value24h, fluctate24h, fluctate_rate24h, max_price, min_price, opening_price, prev_closing_price, units_traded, units_traded24h, created_time, name) 
    values
        (?, ?, ?, ?, ?, ?, ?, ?, ?, ?, ?, ?)
name = OCEAN
coinMap: {opening_price=702.8, closing_price=736.3, min_price=696.4, max_price=742.5, units_traded=1127765.87072273, acc_trade_value=811844652.3504, prev_closing_price=704.7, units_traded_24H=1214954.00706052, acc_trade_value_24H=873609270.031, fluctate_24H=20.5, fluctate_rate_24H=2.86}
coinHistory = CoinHistory(createdTime=2022-01-29, name=OCEAN, openingPrice=702.8, minPrice=696.4, maxPrice=742.5, unitsTraded=1127765.87072273, accTradeValue=8.118446523504E8, prevClosingPrice=704.7, unitsTraded24H=1214954.00706052, accTradeValue24H=8.73609270031E8, fluctate24H=20.5, fluctateRate24H=2.86)
Hibernate: 
    select
        coinhistor0_.created_time as created_1_0_0_,
        coinhistor0_.name as name2_0_0_,
        coinhistor0_.acc_trade_value as acc_trad3_0_0_,
        coinhistor0_.acc_trade_value24h as acc_trad4_0_0_,
        coinhistor0_.fluctate24h as fluctate5_0_0_,
        coinhistor0_.fluctate_rate24h as fluctate6_0_0_,
        coinhistor0_.max_price as max_pric7_0_0_,
        coinhistor0_.min_price as min_pric8_0_0_,
        coinhistor0_.opening_price as opening_9_0_0_,
        coinhistor0_.prev_closing_price as prev_cl10_0_0_,
        coinhistor0_.units_traded as units_t11_0_0_,
        coinhistor0_.units_traded24h as units_t12_0_0_ 
    from
        coin_history coinhistor0_ 
    where
        coinhistor0_.created_time=? 
        and coinhistor0_.name=?
Hibernate: 
    insert 
    into
        coin_history
        (acc_trade_value, acc_trade_value24h, fluctate24h, fluctate_rate24h, max_price, min_price, opening_price, prev_closing_price, units_traded, units_traded24h, created_time, name) 
    values
        (?, ?, ?, ?, ?, ?, ?, ?, ?, ?, ?, ?)
name = BFC
coinMap: {opening_price=217.1, closing_price=233.1, min_price=216.8, max_price=239.9, units_traded=4776337.31115897, acc_trade_value=1095827548.7138, prev_closing_price=216.8, units_traded_24H=4845356.33445897, acc_trade_value_24H=1110930307.5869, fluctate_24H=13.2, fluctate_rate_24H=6.00}
coinHistory = CoinHistory(createdTime=2022-01-29, name=BFC, openingPrice=217.1, minPrice=216.8, maxPrice=239.9, unitsTraded=4776337.31115897, accTradeValue=1.0958275487138E9, prevClosingPrice=216.8, unitsTraded24H=4845356.33445897, accTradeValue24H=1.1109303075869E9, fluctate24H=13.2, fluctateRate24H=6.0)
Hibernate: 
    select
        coinhistor0_.created_time as created_1_0_0_,
        coinhistor0_.name as name2_0_0_,
        coinhistor0_.acc_trade_value as acc_trad3_0_0_,
        coinhistor0_.acc_trade_value24h as acc_trad4_0_0_,
        coinhistor0_.fluctate24h as fluctate5_0_0_,
        coinhistor0_.fluctate_rate24h as fluctate6_0_0_,
        coinhistor0_.max_price as max_pric7_0_0_,
        coinhistor0_.min_price as min_pric8_0_0_,
        coinhistor0_.opening_price as opening_9_0_0_,
        coinhistor0_.prev_closing_price as prev_cl10_0_0_,
        coinhistor0_.units_traded as units_t11_0_0_,
        coinhistor0_.units_traded24h as units_t12_0_0_ 
    from
        coin_history coinhistor0_ 
    where
        coinhistor0_.created_time=? 
        and coinhistor0_.name=?
Hibernate: 
    insert 
    into
        coin_history
        (acc_trade_value, acc_trade_value24h, fluctate24h, fluctate_rate24h, max_price, min_price, opening_price, prev_closing_price, units_traded, units_traded24h, created_time, name) 
    values
        (?, ?, ?, ?, ?, ?, ?, ?, ?, ?, ?, ?)
name = ALICE
coinMap: {opening_price=8060, closing_price=8570, min_price=8060, max_price=8575, units_traded=57093.7087323, acc_trade_value=479570662.8249, prev_closing_price=8080, units_traded_24H=58720.27931004, acc_trade_value_24H=492703857.3688, fluctate_24H=425, fluctate_rate_24H=5.22}
coinHistory = CoinHistory(createdTime=2022-01-29, name=ALICE, openingPrice=8060.0, minPrice=8060.0, maxPrice=8575.0, unitsTraded=57093.7087323, accTradeValue=4.795706628249E8, prevClosingPrice=8080.0, unitsTraded24H=58720.27931004, accTradeValue24H=4.927038573688E8, fluctate24H=425.0, fluctateRate24H=5.22)
Hibernate: 
    select
        coinhistor0_.created_time as created_1_0_0_,
        coinhistor0_.name as name2_0_0_,
        coinhistor0_.acc_trade_value as acc_trad3_0_0_,
        coinhistor0_.acc_trade_value24h as acc_trad4_0_0_,
        coinhistor0_.fluctate24h as fluctate5_0_0_,
        coinhistor0_.fluctate_rate24h as fluctate6_0_0_,
        coinhistor0_.max_price as max_pric7_0_0_,
        coinhistor0_.min_price as min_pric8_0_0_,
        coinhistor0_.opening_price as opening_9_0_0_,
        coinhistor0_.prev_closing_price as prev_cl10_0_0_,
        coinhistor0_.units_traded as units_t11_0_0_,
        coinhistor0_.units_traded24h as units_t12_0_0_ 
    from
        coin_history coinhistor0_ 
    where
        coinhistor0_.created_time=? 
        and coinhistor0_.name=?
Hibernate: 
    insert 
    into
        coin_history
        (acc_trade_value, acc_trade_value24h, fluctate24h, fluctate_rate24h, max_price, min_price, opening_price, prev_closing_price, units_traded, units_traded24h, created_time, name) 
    values
        (?, ?, ?, ?, ?, ?, ?, ?, ?, ?, ?, ?)
name = COTI
coinMap: {opening_price=359.3, closing_price=386.7, min_price=356.3, max_price=397.4, units_traded=1323884.32196978, acc_trade_value=509562922.0285, prev_closing_price=358.5, units_traded_24H=1326522.78676978, acc_trade_value_24H=510513002.8226, fluctate_24H=26.3, fluctate_rate_24H=7.3}
coinHistory = CoinHistory(createdTime=2022-01-29, name=COTI, openingPrice=359.3, minPrice=356.3, maxPrice=397.4, unitsTraded=1323884.32196978, accTradeValue=5.095629220285E8, prevClosingPrice=358.5, unitsTraded24H=1326522.78676978, accTradeValue24H=5.105130028226E8, fluctate24H=26.3, fluctateRate24H=7.3)
Hibernate: 
    select
        coinhistor0_.created_time as created_1_0_0_,
        coinhistor0_.name as name2_0_0_,
        coinhistor0_.acc_trade_value as acc_trad3_0_0_,
        coinhistor0_.acc_trade_value24h as acc_trad4_0_0_,
        coinhistor0_.fluctate24h as fluctate5_0_0_,
        coinhistor0_.fluctate_rate24h as fluctate6_0_0_,
        coinhistor0_.max_price as max_pric7_0_0_,
        coinhistor0_.min_price as min_pric8_0_0_,
        coinhistor0_.opening_price as opening_9_0_0_,
        coinhistor0_.prev_closing_price as prev_cl10_0_0_,
        coinhistor0_.units_traded as units_t11_0_0_,
        coinhistor0_.units_traded24h as units_t12_0_0_ 
    from
        coin_history coinhistor0_ 
    where
        coinhistor0_.created_time=? 
        and coinhistor0_.name=?
Hibernate: 
    insert 
    into
        coin_history
        (acc_trade_value, acc_trade_value24h, fluctate24h, fluctate_rate24h, max_price, min_price, opening_price, prev_closing_price, units_traded, units_traded24h, created_time, name) 
    values
        (?, ?, ?, ?, ?, ?, ?, ?, ?, ?, ?, ?)
name = CAKE
coinMap: {opening_price=8655, closing_price=9110, min_price=8590, max_price=9465, units_traded=44334.29326896, acc_trade_value=395494438.9888, prev_closing_price=8645, units_traded_24H=46021.68188938, acc_trade_value_24H=410140470.3203, fluctate_24H=340, fluctate_rate_24H=3.88}
coinHistory = CoinHistory(createdTime=2022-01-29, name=CAKE, openingPrice=8655.0, minPrice=8590.0, maxPrice=9465.0, unitsTraded=44334.29326896, accTradeValue=3.954944389888E8, prevClosingPrice=8645.0, unitsTraded24H=46021.68188938, accTradeValue24H=4.101404703203E8, fluctate24H=340.0, fluctateRate24H=3.88)
Hibernate: 
    select
        coinhistor0_.created_time as created_1_0_0_,
        coinhistor0_.name as name2_0_0_,
        coinhistor0_.acc_trade_value as acc_trad3_0_0_,
        coinhistor0_.acc_trade_value24h as acc_trad4_0_0_,
        coinhistor0_.fluctate24h as fluctate5_0_0_,
        coinhistor0_.fluctate_rate24h as fluctate6_0_0_,
        coinhistor0_.max_price as max_pric7_0_0_,
        coinhistor0_.min_price as min_pric8_0_0_,
        coinhistor0_.opening_price as opening_9_0_0_,
        coinhistor0_.prev_closing_price as prev_cl10_0_0_,
        coinhistor0_.units_traded as units_t11_0_0_,
        coinhistor0_.units_traded24h as units_t12_0_0_ 
    from
        coin_history coinhistor0_ 
    where
        coinhistor0_.created_time=? 
        and coinhistor0_.name=?
Hibernate: 
    insert 
    into
        coin_history
        (acc_trade_value, acc_trade_value24h, fluctate24h, fluctate_rate24h, max_price, min_price, opening_price, prev_closing_price, units_traded, units_traded24h, created_time, name) 
    values
        (?, ?, ?, ?, ?, ?, ?, ?, ?, ?, ?, ?)
name = BNT
coinMap: {opening_price=2812, closing_price=3012, min_price=2812, max_price=3025, units_traded=85145.39152004, acc_trade_value=251146464.6432, prev_closing_price=2849, units_traded_24H=89317.66487281, acc_trade_value_24H=263022933.1474, fluctate_24H=150, fluctate_rate_24H=5.24}
coinHistory = CoinHistory(createdTime=2022-01-29, name=BNT, openingPrice=2812.0, minPrice=2812.0, maxPrice=3025.0, unitsTraded=85145.39152004, accTradeValue=2.511464646432E8, prevClosingPrice=2849.0, unitsTraded24H=89317.66487281, accTradeValue24H=2.630229331474E8, fluctate24H=150.0, fluctateRate24H=5.24)
Hibernate: 
    select
        coinhistor0_.created_time as created_1_0_0_,
        coinhistor0_.name as name2_0_0_,
        coinhistor0_.acc_trade_value as acc_trad3_0_0_,
        coinhistor0_.acc_trade_value24h as acc_trad4_0_0_,
        coinhistor0_.fluctate24h as fluctate5_0_0_,
        coinhistor0_.fluctate_rate24h as fluctate6_0_0_,
        coinhistor0_.max_price as max_pric7_0_0_,
        coinhistor0_.min_price as min_pric8_0_0_,
        coinhistor0_.opening_price as opening_9_0_0_,
        coinhistor0_.prev_closing_price as prev_cl10_0_0_,
        coinhistor0_.units_traded as units_t11_0_0_,
        coinhistor0_.units_traded24h as units_t12_0_0_ 
    from
        coin_history coinhistor0_ 
    where
        coinhistor0_.created_time=? 
        and coinhistor0_.name=?
Hibernate: 
    insert 
    into
        coin_history
        (acc_trade_value, acc_trade_value24h, fluctate24h, fluctate_rate24h, max_price, min_price, opening_price, prev_closing_price, units_traded, units_traded24h, created_time, name) 
    values
        (?, ?, ?, ?, ?, ?, ?, ?, ?, ?, ?, ?)
name = XVS
coinMap: {opening_price=10240, closing_price=10560, min_price=10170, max_price=10680, units_traded=43506.34445553, acc_trade_value=453815856.9987, prev_closing_price=10250, units_traded_24H=47209.15052781, acc_trade_value_24H=492053571.1707, fluctate_24H=170, fluctate_rate_24H=1.64}
coinHistory = CoinHistory(createdTime=2022-01-29, name=XVS, openingPrice=10240.0, minPrice=10170.0, maxPrice=10680.0, unitsTraded=43506.34445553, accTradeValue=4.538158569987E8, prevClosingPrice=10250.0, unitsTraded24H=47209.15052781, accTradeValue24H=4.920535711707E8, fluctate24H=170.0, fluctateRate24H=1.64)
Hibernate: 
    select
        coinhistor0_.created_time as created_1_0_0_,
        coinhistor0_.name as name2_0_0_,
        coinhistor0_.acc_trade_value as acc_trad3_0_0_,
        coinhistor0_.acc_trade_value24h as acc_trad4_0_0_,
        coinhistor0_.fluctate24h as fluctate5_0_0_,
        coinhistor0_.fluctate_rate24h as fluctate6_0_0_,
        coinhistor0_.max_price as max_pric7_0_0_,
        coinhistor0_.min_price as min_pric8_0_0_,
        coinhistor0_.opening_price as opening_9_0_0_,
        coinhistor0_.prev_closing_price as prev_cl10_0_0_,
        coinhistor0_.units_traded as units_t11_0_0_,
        coinhistor0_.units_traded24h as units_t12_0_0_ 
    from
        coin_history coinhistor0_ 
    where
        coinhistor0_.created_time=? 
        and coinhistor0_.name=?
Hibernate: 
    insert 
    into
        coin_history
        (acc_trade_value, acc_trade_value24h, fluctate24h, fluctate_rate24h, max_price, min_price, opening_price, prev_closing_price, units_traded, units_traded24h, created_time, name) 
    values
        (?, ?, ?, ?, ?, ?, ?, ?, ?, ?, ?, ?)
name = CHZ
coinMap: {opening_price=216.5, closing_price=229.5, min_price=216.3, max_price=230.1, units_traded=3565083.33278785, acc_trade_value=788497593.3457, prev_closing_price=216.8, units_traded_24H=3616019.78698785, acc_trade_value_24H=799526199.8332, fluctate_24H=11.4, fluctate_rate_24H=5.23}
coinHistory = CoinHistory(createdTime=2022-01-29, name=CHZ, openingPrice=216.5, minPrice=216.3, maxPrice=230.1, unitsTraded=3565083.33278785, accTradeValue=7.884975933457E8, prevClosingPrice=216.8, unitsTraded24H=3616019.78698785, accTradeValue24H=7.995261998332E8, fluctate24H=11.4, fluctateRate24H=5.23)
Hibernate: 
    select
        coinhistor0_.created_time as created_1_0_0_,
        coinhistor0_.name as name2_0_0_,
        coinhistor0_.acc_trade_value as acc_trad3_0_0_,
        coinhistor0_.acc_trade_value24h as acc_trad4_0_0_,
        coinhistor0_.fluctate24h as fluctate5_0_0_,
        coinhistor0_.fluctate_rate24h as fluctate6_0_0_,
        coinhistor0_.max_price as max_pric7_0_0_,
        coinhistor0_.min_price as min_pric8_0_0_,
        coinhistor0_.opening_price as opening_9_0_0_,
        coinhistor0_.prev_closing_price as prev_cl10_0_0_,
        coinhistor0_.units_traded as units_t11_0_0_,
        coinhistor0_.units_traded24h as units_t12_0_0_ 
    from
        coin_history coinhistor0_ 
    where
        coinhistor0_.created_time=? 
        and coinhistor0_.name=?
Hibernate: 
    insert 
    into
        coin_history
        (acc_trade_value, acc_trade_value24h, fluctate24h, fluctate_rate24h, max_price, min_price, opening_price, prev_closing_price, units_traded, units_traded24h, created_time, name) 
    values
        (?, ?, ?, ?, ?, ?, ?, ?, ?, ?, ?, ?)
name = AXS
coinMap: {opening_price=57000, closing_price=61300, min_price=55750, max_price=64850, units_traded=46656.39844109, acc_trade_value=2795801214.0611, prev_closing_price=57000, units_traded_24H=47527.14484109, acc_trade_value_24H=2845489062.6011, fluctate_24H=3750, fluctate_rate_24H=6.52}
coinHistory = CoinHistory(createdTime=2022-01-29, name=AXS, openingPrice=57000.0, minPrice=55750.0, maxPrice=64850.0, unitsTraded=46656.39844109, accTradeValue=2.7958012140611E9, prevClosingPrice=57000.0, unitsTraded24H=47527.14484109, accTradeValue24H=2.8454890626011E9, fluctate24H=3750.0, fluctateRate24H=6.52)
Hibernate: 
    select
        coinhistor0_.created_time as created_1_0_0_,
        coinhistor0_.name as name2_0_0_,
        coinhistor0_.acc_trade_value as acc_trad3_0_0_,
        coinhistor0_.acc_trade_value24h as acc_trad4_0_0_,
        coinhistor0_.fluctate24h as fluctate5_0_0_,
        coinhistor0_.fluctate_rate24h as fluctate6_0_0_,
        coinhistor0_.max_price as max_pric7_0_0_,
        coinhistor0_.min_price as min_pric8_0_0_,
        coinhistor0_.opening_price as opening_9_0_0_,
        coinhistor0_.prev_closing_price as prev_cl10_0_0_,
        coinhistor0_.units_traded as units_t11_0_0_,
        coinhistor0_.units_traded24h as units_t12_0_0_ 
    from
        coin_history coinhistor0_ 
    where
        coinhistor0_.created_time=? 
        and coinhistor0_.name=?
Hibernate: 
    insert 
    into
        coin_history
        (acc_trade_value, acc_trade_value24h, fluctate24h, fluctate_rate24h, max_price, min_price, opening_price, prev_closing_price, units_traded, units_traded24h, created_time, name) 
    values
        (?, ?, ?, ?, ?, ?, ?, ?, ?, ?, ?, ?)
name = DAO
coinMap: {opening_price=3104, closing_price=3162, min_price=3077, max_price=3384, units_traded=146366.66112726, acc_trade_value=462291073.9983, prev_closing_price=3103, units_traded_24H=148280.99812726, acc_trade_value_24H=468246036.9309, fluctate_24H=7, fluctate_rate_24H=0.22}
coinHistory = CoinHistory(createdTime=2022-01-29, name=DAO, openingPrice=3104.0, minPrice=3077.0, maxPrice=3384.0, unitsTraded=146366.66112726, accTradeValue=4.622910739983E8, prevClosingPrice=3103.0, unitsTraded24H=148280.99812726, accTradeValue24H=4.682460369309E8, fluctate24H=7.0, fluctateRate24H=0.22)
Hibernate: 
    select
        coinhistor0_.created_time as created_1_0_0_,
        coinhistor0_.name as name2_0_0_,
        coinhistor0_.acc_trade_value as acc_trad3_0_0_,
        coinhistor0_.acc_trade_value24h as acc_trad4_0_0_,
        coinhistor0_.fluctate24h as fluctate5_0_0_,
        coinhistor0_.fluctate_rate24h as fluctate6_0_0_,
        coinhistor0_.max_price as max_pric7_0_0_,
        coinhistor0_.min_price as min_pric8_0_0_,
        coinhistor0_.opening_price as opening_9_0_0_,
        coinhistor0_.prev_closing_price as prev_cl10_0_0_,
        coinhistor0_.units_traded as units_t11_0_0_,
        coinhistor0_.units_traded24h as units_t12_0_0_ 
    from
        coin_history coinhistor0_ 
    where
        coinhistor0_.created_time=? 
        and coinhistor0_.name=?
Hibernate: 
    insert 
    into
        coin_history
        (acc_trade_value, acc_trade_value24h, fluctate24h, fluctate_rate24h, max_price, min_price, opening_price, prev_closing_price, units_traded, units_traded24h, created_time, name) 
    values
        (?, ?, ?, ?, ?, ?, ?, ?, ?, ?, ?, ?)
name = DAI
coinMap: {opening_price=1239, closing_price=1237, min_price=1231, max_price=1243, units_traded=228855.7881293, acc_trade_value=282745305.8977, prev_closing_price=1239, units_traded_24H=229301.47004686, acc_trade_value_24H=283297871.8179, fluctate_24H=-3, fluctate_rate_24H=-0.24}
coinHistory = CoinHistory(createdTime=2022-01-29, name=DAI, openingPrice=1239.0, minPrice=1231.0, maxPrice=1243.0, unitsTraded=228855.7881293, accTradeValue=2.827453058977E8, prevClosingPrice=1239.0, unitsTraded24H=229301.47004686, accTradeValue24H=2.832978718179E8, fluctate24H=-3.0, fluctateRate24H=-0.24)
Hibernate: 
    select
        coinhistor0_.created_time as created_1_0_0_,
        coinhistor0_.name as name2_0_0_,
        coinhistor0_.acc_trade_value as acc_trad3_0_0_,
        coinhistor0_.acc_trade_value24h as acc_trad4_0_0_,
        coinhistor0_.fluctate24h as fluctate5_0_0_,
        coinhistor0_.fluctate_rate24h as fluctate6_0_0_,
        coinhistor0_.max_price as max_pric7_0_0_,
        coinhistor0_.min_price as min_pric8_0_0_,
        coinhistor0_.opening_price as opening_9_0_0_,
        coinhistor0_.prev_closing_price as prev_cl10_0_0_,
        coinhistor0_.units_traded as units_t11_0_0_,
        coinhistor0_.units_traded24h as units_t12_0_0_ 
    from
        coin_history coinhistor0_ 
    where
        coinhistor0_.created_time=? 
        and coinhistor0_.name=?
Hibernate: 
    insert 
    into
        coin_history
        (acc_trade_value, acc_trade_value24h, fluctate24h, fluctate_rate24h, max_price, min_price, opening_price, prev_closing_price, units_traded, units_traded24h, created_time, name) 
    values
        (?, ?, ?, ?, ?, ?, ?, ?, ?, ?, ?, ?)
name = MATIC
coinMap: {opening_price=1982, closing_price=2128, min_price=1976, max_price=2149, units_traded=4109024.64922111, acc_trade_value=8553950383.8707, prev_closing_price=1979, units_traded_24H=4300812.38291105, acc_trade_value_24H=8936678139.8618, fluctate_24H=113, fluctate_rate_24H=5.61}
coinHistory = CoinHistory(createdTime=2022-01-29, name=MATIC, openingPrice=1982.0, minPrice=1976.0, maxPrice=2149.0, unitsTraded=4109024.64922111, accTradeValue=8.5539503838707E9, prevClosingPrice=1979.0, unitsTraded24H=4300812.38291105, accTradeValue24H=8.9366781398618E9, fluctate24H=113.0, fluctateRate24H=5.61)
Hibernate: 
    select
        coinhistor0_.created_time as created_1_0_0_,
        coinhistor0_.name as name2_0_0_,
        coinhistor0_.acc_trade_value as acc_trad3_0_0_,
        coinhistor0_.acc_trade_value24h as acc_trad4_0_0_,
        coinhistor0_.fluctate24h as fluctate5_0_0_,
        coinhistor0_.fluctate_rate24h as fluctate6_0_0_,
        coinhistor0_.max_price as max_pric7_0_0_,
        coinhistor0_.min_price as min_pric8_0_0_,
        coinhistor0_.opening_price as opening_9_0_0_,
        coinhistor0_.prev_closing_price as prev_cl10_0_0_,
        coinhistor0_.units_traded as units_t11_0_0_,
        coinhistor0_.units_traded24h as units_t12_0_0_ 
    from
        coin_history coinhistor0_ 
    where
        coinhistor0_.created_time=? 
        and coinhistor0_.name=?
Hibernate: 
    insert 
    into
        coin_history
        (acc_trade_value, acc_trade_value24h, fluctate24h, fluctate_rate24h, max_price, min_price, opening_price, prev_closing_price, units_traded, units_traded24h, created_time, name) 
    values
        (?, ?, ?, ?, ?, ?, ?, ?, ?, ?, ?, ?)
name = WOO
coinMap: {opening_price=684.2, closing_price=729, min_price=683, max_price=864.5, units_traded=1938402.56275899, acc_trade_value=1446301869.3358, prev_closing_price=684.2, units_traded_24H=1946152.02034776, acc_trade_value_24H=1451651213.3302, fluctate_24H=24.5, fluctate_rate_24H=3.48}
coinHistory = CoinHistory(createdTime=2022-01-29, name=WOO, openingPrice=684.2, minPrice=683.0, maxPrice=864.5, unitsTraded=1938402.56275899, accTradeValue=1.4463018693358E9, prevClosingPrice=684.2, unitsTraded24H=1946152.02034776, accTradeValue24H=1.4516512133302E9, fluctate24H=24.5, fluctateRate24H=3.48)
Hibernate: 
    select
        coinhistor0_.created_time as created_1_0_0_,
        coinhistor0_.name as name2_0_0_,
        coinhistor0_.acc_trade_value as acc_trad3_0_0_,
        coinhistor0_.acc_trade_value24h as acc_trad4_0_0_,
        coinhistor0_.fluctate24h as fluctate5_0_0_,
        coinhistor0_.fluctate_rate24h as fluctate6_0_0_,
        coinhistor0_.max_price as max_pric7_0_0_,
        coinhistor0_.min_price as min_pric8_0_0_,
        coinhistor0_.opening_price as opening_9_0_0_,
        coinhistor0_.prev_closing_price as prev_cl10_0_0_,
        coinhistor0_.units_traded as units_t11_0_0_,
        coinhistor0_.units_traded24h as units_t12_0_0_ 
    from
        coin_history coinhistor0_ 
    where
        coinhistor0_.created_time=? 
        and coinhistor0_.name=?
Hibernate: 
    insert 
    into
        coin_history
        (acc_trade_value, acc_trade_value24h, fluctate24h, fluctate_rate24h, max_price, min_price, opening_price, prev_closing_price, units_traded, units_traded24h, created_time, name) 
    values
        (?, ?, ?, ?, ?, ?, ?, ?, ?, ?, ?, ?)
name = BAKE
coinMap: {opening_price=735.9, closing_price=781.8, min_price=735.9, max_price=782.9, units_traded=150746.29218799, acc_trade_value=113905790.6178, prev_closing_price=743.9, units_traded_24H=185037.37148799, acc_trade_value_24H=139491277.2538, fluctate_24H=32.2, fluctate_rate_24H=4.3}
coinHistory = CoinHistory(createdTime=2022-01-29, name=BAKE, openingPrice=735.9, minPrice=735.9, maxPrice=782.9, unitsTraded=150746.29218799, accTradeValue=1.139057906178E8, prevClosingPrice=743.9, unitsTraded24H=185037.37148799, accTradeValue24H=1.394912772538E8, fluctate24H=32.2, fluctateRate24H=4.3)
Hibernate: 
    select
        coinhistor0_.created_time as created_1_0_0_,
        coinhistor0_.name as name2_0_0_,
        coinhistor0_.acc_trade_value as acc_trad3_0_0_,
        coinhistor0_.acc_trade_value24h as acc_trad4_0_0_,
        coinhistor0_.fluctate24h as fluctate5_0_0_,
        coinhistor0_.fluctate_rate24h as fluctate6_0_0_,
        coinhistor0_.max_price as max_pric7_0_0_,
        coinhistor0_.min_price as min_pric8_0_0_,
        coinhistor0_.opening_price as opening_9_0_0_,
        coinhistor0_.prev_closing_price as prev_cl10_0_0_,
        coinhistor0_.units_traded as units_t11_0_0_,
        coinhistor0_.units_traded24h as units_t12_0_0_ 
    from
        coin_history coinhistor0_ 
    where
        coinhistor0_.created_time=? 
        and coinhistor0_.name=?
Hibernate: 
    insert 
    into
        coin_history
        (acc_trade_value, acc_trade_value24h, fluctate24h, fluctate_rate24h, max_price, min_price, opening_price, prev_closing_price, units_traded, units_traded24h, created_time, name) 
    values
        (?, ?, ?, ?, ?, ?, ?, ?, ?, ?, ?, ?)
name = VELO
coinMap: {opening_price=102.3, closing_price=104, min_price=100.4, max_price=107, units_traded=4288762.94545086, acc_trade_value=441029999.9017, prev_closing_price=103.1, units_traded_24H=4341816.17308966, acc_trade_value_24H=446475987.6606, fluctate_24H=0.9, fluctate_rate_24H=0.87}
coinHistory = CoinHistory(createdTime=2022-01-29, name=VELO, openingPrice=102.3, minPrice=100.4, maxPrice=107.0, unitsTraded=4288762.94545086, accTradeValue=4.410299999017E8, prevClosingPrice=103.1, unitsTraded24H=4341816.17308966, accTradeValue24H=4.464759876606E8, fluctate24H=0.9, fluctateRate24H=0.87)
Hibernate: 
    select
        coinhistor0_.created_time as created_1_0_0_,
        coinhistor0_.name as name2_0_0_,
        coinhistor0_.acc_trade_value as acc_trad3_0_0_,
        coinhistor0_.acc_trade_value24h as acc_trad4_0_0_,
        coinhistor0_.fluctate24h as fluctate5_0_0_,
        coinhistor0_.fluctate_rate24h as fluctate6_0_0_,
        coinhistor0_.max_price as max_pric7_0_0_,
        coinhistor0_.min_price as min_pric8_0_0_,
        coinhistor0_.opening_price as opening_9_0_0_,
        coinhistor0_.prev_closing_price as prev_cl10_0_0_,
        coinhistor0_.units_traded as units_t11_0_0_,
        coinhistor0_.units_traded24h as units_t12_0_0_ 
    from
        coin_history coinhistor0_ 
    where
        coinhistor0_.created_time=? 
        and coinhistor0_.name=?
Hibernate: 
    insert 
    into
        coin_history
        (acc_trade_value, acc_trade_value24h, fluctate24h, fluctate_rate24h, max_price, min_price, opening_price, prev_closing_price, units_traded, units_traded24h, created_time, name) 
    values
        (?, ?, ?, ?, ?, ?, ?, ?, ?, ?, ?, ?)
name = BCD
coinMap: {opening_price=1082, closing_price=1126, min_price=1071, max_price=1389, units_traded=649761.20808815, acc_trade_value=760992063.1965, prev_closing_price=1082, units_traded_24H=649781.56228815, acc_trade_value_24H=761014086.4409, fluctate_24H=44, fluctate_rate_24H=4.07}
coinHistory = CoinHistory(createdTime=2022-01-29, name=BCD, openingPrice=1082.0, minPrice=1071.0, maxPrice=1389.0, unitsTraded=649761.20808815, accTradeValue=7.609920631965E8, prevClosingPrice=1082.0, unitsTraded24H=649781.56228815, accTradeValue24H=7.610140864409E8, fluctate24H=44.0, fluctateRate24H=4.07)
Hibernate: 
    select
        coinhistor0_.created_time as created_1_0_0_,
        coinhistor0_.name as name2_0_0_,
        coinhistor0_.acc_trade_value as acc_trad3_0_0_,
        coinhistor0_.acc_trade_value24h as acc_trad4_0_0_,
        coinhistor0_.fluctate24h as fluctate5_0_0_,
        coinhistor0_.fluctate_rate24h as fluctate6_0_0_,
        coinhistor0_.max_price as max_pric7_0_0_,
        coinhistor0_.min_price as min_pric8_0_0_,
        coinhistor0_.opening_price as opening_9_0_0_,
        coinhistor0_.prev_closing_price as prev_cl10_0_0_,
        coinhistor0_.units_traded as units_t11_0_0_,
        coinhistor0_.units_traded24h as units_t12_0_0_ 
    from
        coin_history coinhistor0_ 
    where
        coinhistor0_.created_time=? 
        and coinhistor0_.name=?
Hibernate: 
    insert 
    into
        coin_history
        (acc_trade_value, acc_trade_value24h, fluctate24h, fluctate_rate24h, max_price, min_price, opening_price, prev_closing_price, units_traded, units_traded24h, created_time, name) 
    values
        (?, ?, ?, ?, ?, ?, ?, ?, ?, ?, ?, ?)
name = XLM
coinMap: {opening_price=241, closing_price=251.9, min_price=239.8, max_price=252.5, units_traded=5264308.12992813, acc_trade_value=1298620854.16, prev_closing_price=240.6, units_traded_24H=5558799.93560172, acc_trade_value_24H=1369626071.8569, fluctate_24H=9.7, fluctate_rate_24H=4.00}
coinHistory = CoinHistory(createdTime=2022-01-29, name=XLM, openingPrice=241.0, minPrice=239.8, maxPrice=252.5, unitsTraded=5264308.12992813, accTradeValue=1.29862085416E9, prevClosingPrice=240.6, unitsTraded24H=5558799.93560172, accTradeValue24H=1.3696260718569E9, fluctate24H=9.7, fluctateRate24H=4.0)
Hibernate: 
    select
        coinhistor0_.created_time as created_1_0_0_,
        coinhistor0_.name as name2_0_0_,
        coinhistor0_.acc_trade_value as acc_trad3_0_0_,
        coinhistor0_.acc_trade_value24h as acc_trad4_0_0_,
        coinhistor0_.fluctate24h as fluctate5_0_0_,
        coinhistor0_.fluctate_rate24h as fluctate6_0_0_,
        coinhistor0_.max_price as max_pric7_0_0_,
        coinhistor0_.min_price as min_pric8_0_0_,
        coinhistor0_.opening_price as opening_9_0_0_,
        coinhistor0_.prev_closing_price as prev_cl10_0_0_,
        coinhistor0_.units_traded as units_t11_0_0_,
        coinhistor0_.units_traded24h as units_t12_0_0_ 
    from
        coin_history coinhistor0_ 
    where
        coinhistor0_.created_time=? 
        and coinhistor0_.name=?
Hibernate: 
    insert 
    into
        coin_history
        (acc_trade_value, acc_trade_value24h, fluctate24h, fluctate_rate24h, max_price, min_price, opening_price, prev_closing_price, units_traded, units_traded24h, created_time, name) 
    values
        (?, ?, ?, ?, ?, ?, ?, ?, ?, ?, ?, ?)
name = GXC
coinMap: {opening_price=1849, closing_price=1905, min_price=1819, max_price=1946, units_traded=2397359.28629653, acc_trade_value=4492642508.4071, prev_closing_price=1854, units_traded_24H=2499040.1089176, acc_trade_value_24H=4681591490.0656, fluctate_24H=30, fluctate_rate_24H=1.60}
coinHistory = CoinHistory(createdTime=2022-01-29, name=GXC, openingPrice=1849.0, minPrice=1819.0, maxPrice=1946.0, unitsTraded=2397359.28629653, accTradeValue=4.4926425084071E9, prevClosingPrice=1854.0, unitsTraded24H=2499040.1089176, accTradeValue24H=4.6815914900656E9, fluctate24H=30.0, fluctateRate24H=1.6)
Hibernate: 
    select
        coinhistor0_.created_time as created_1_0_0_,
        coinhistor0_.name as name2_0_0_,
        coinhistor0_.acc_trade_value as acc_trad3_0_0_,
        coinhistor0_.acc_trade_value24h as acc_trad4_0_0_,
        coinhistor0_.fluctate24h as fluctate5_0_0_,
        coinhistor0_.fluctate_rate24h as fluctate6_0_0_,
        coinhistor0_.max_price as max_pric7_0_0_,
        coinhistor0_.min_price as min_pric8_0_0_,
        coinhistor0_.opening_price as opening_9_0_0_,
        coinhistor0_.prev_closing_price as prev_cl10_0_0_,
        coinhistor0_.units_traded as units_t11_0_0_,
        coinhistor0_.units_traded24h as units_t12_0_0_ 
    from
        coin_history coinhistor0_ 
    where
        coinhistor0_.created_time=? 
        and coinhistor0_.name=?
Hibernate: 
    insert 
    into
        coin_history
        (acc_trade_value, acc_trade_value24h, fluctate24h, fluctate_rate24h, max_price, min_price, opening_price, prev_closing_price, units_traded, units_traded24h, created_time, name) 
    values
        (?, ?, ?, ?, ?, ?, ?, ?, ?, ?, ?, ?)
name = VSYS
coinMap: {opening_price=15.36, closing_price=16.18, min_price=15.2, max_price=17.07, units_traded=8033046.54517307, acc_trade_value=127679600.5381, prev_closing_price=15.36, units_traded_24H=8374733.60187307, acc_trade_value_24H=132923347.0694, fluctate_24H=0.83, fluctate_rate_24H=5.41}
coinHistory = CoinHistory(createdTime=2022-01-29, name=VSYS, openingPrice=15.36, minPrice=15.2, maxPrice=17.07, unitsTraded=8033046.54517307, accTradeValue=1.276796005381E8, prevClosingPrice=15.36, unitsTraded24H=8374733.60187307, accTradeValue24H=1.329233470694E8, fluctate24H=0.83, fluctateRate24H=5.41)
Hibernate: 
    select
        coinhistor0_.created_time as created_1_0_0_,
        coinhistor0_.name as name2_0_0_,
        coinhistor0_.acc_trade_value as acc_trad3_0_0_,
        coinhistor0_.acc_trade_value24h as acc_trad4_0_0_,
        coinhistor0_.fluctate24h as fluctate5_0_0_,
        coinhistor0_.fluctate_rate24h as fluctate6_0_0_,
        coinhistor0_.max_price as max_pric7_0_0_,
        coinhistor0_.min_price as min_pric8_0_0_,
        coinhistor0_.opening_price as opening_9_0_0_,
        coinhistor0_.prev_closing_price as prev_cl10_0_0_,
        coinhistor0_.units_traded as units_t11_0_0_,
        coinhistor0_.units_traded24h as units_t12_0_0_ 
    from
        coin_history coinhistor0_ 
    where
        coinhistor0_.created_time=? 
        and coinhistor0_.name=?
Hibernate: 
    insert 
    into
        coin_history
        (acc_trade_value, acc_trade_value24h, fluctate24h, fluctate_rate24h, max_price, min_price, opening_price, prev_closing_price, units_traded, units_traded24h, created_time, name) 
    values
        (?, ?, ?, ?, ?, ?, ?, ?, ?, ?, ?, ?)
name = IPX
coinMap: {opening_price=54.12, closing_price=57.12, min_price=53.65, max_price=57.22, units_traded=4340508.39945623, acc_trade_value=241347057.3868, prev_closing_price=54, units_traded_24H=4540024.80285623, acc_trade_value_24H=252130871.2488, fluctate_24H=2.64, fluctate_rate_24H=4.85}
coinHistory = CoinHistory(createdTime=2022-01-29, name=IPX, openingPrice=54.12, minPrice=53.65, maxPrice=57.22, unitsTraded=4340508.39945623, accTradeValue=2.413470573868E8, prevClosingPrice=54.0, unitsTraded24H=4540024.80285623, accTradeValue24H=2.521308712488E8, fluctate24H=2.64, fluctateRate24H=4.85)
Hibernate: 
    select
        coinhistor0_.created_time as created_1_0_0_,
        coinhistor0_.name as name2_0_0_,
        coinhistor0_.acc_trade_value as acc_trad3_0_0_,
        coinhistor0_.acc_trade_value24h as acc_trad4_0_0_,
        coinhistor0_.fluctate24h as fluctate5_0_0_,
        coinhistor0_.fluctate_rate24h as fluctate6_0_0_,
        coinhistor0_.max_price as max_pric7_0_0_,
        coinhistor0_.min_price as min_pric8_0_0_,
        coinhistor0_.opening_price as opening_9_0_0_,
        coinhistor0_.prev_closing_price as prev_cl10_0_0_,
        coinhistor0_.units_traded as units_t11_0_0_,
        coinhistor0_.units_traded24h as units_t12_0_0_ 
    from
        coin_history coinhistor0_ 
    where
        coinhistor0_.created_time=? 
        and coinhistor0_.name=?
Hibernate: 
    insert 
    into
        coin_history
        (acc_trade_value, acc_trade_value24h, fluctate24h, fluctate_rate24h, max_price, min_price, opening_price, prev_closing_price, units_traded, units_traded24h, created_time, name) 
    values
        (?, ?, ?, ?, ?, ?, ?, ?, ?, ?, ?, ?)
name = WICC
coinMap: {opening_price=165.9, closing_price=172.5, min_price=161.2, max_price=173.9, units_traded=3926971.50694395, acc_trade_value=659806551.0936, prev_closing_price=164.9, units_traded_24H=4041161.24264395, acc_trade_value_24H=678838125.3639, fluctate_24H=3.6, fluctate_rate_24H=2.13}
coinHistory = CoinHistory(createdTime=2022-01-29, name=WICC, openingPrice=165.9, minPrice=161.2, maxPrice=173.9, unitsTraded=3926971.50694395, accTradeValue=6.598065510936E8, prevClosingPrice=164.9, unitsTraded24H=4041161.24264395, accTradeValue24H=6.788381253639E8, fluctate24H=3.6, fluctateRate24H=2.13)
Hibernate: 
    select
        coinhistor0_.created_time as created_1_0_0_,
        coinhistor0_.name as name2_0_0_,
        coinhistor0_.acc_trade_value as acc_trad3_0_0_,
        coinhistor0_.acc_trade_value24h as acc_trad4_0_0_,
        coinhistor0_.fluctate24h as fluctate5_0_0_,
        coinhistor0_.fluctate_rate24h as fluctate6_0_0_,
        coinhistor0_.max_price as max_pric7_0_0_,
        coinhistor0_.min_price as min_pric8_0_0_,
        coinhistor0_.opening_price as opening_9_0_0_,
        coinhistor0_.prev_closing_price as prev_cl10_0_0_,
        coinhistor0_.units_traded as units_t11_0_0_,
        coinhistor0_.units_traded24h as units_t12_0_0_ 
    from
        coin_history coinhistor0_ 
    where
        coinhistor0_.created_time=? 
        and coinhistor0_.name=?
Hibernate: 
    insert 
    into
        coin_history
        (acc_trade_value, acc_trade_value24h, fluctate24h, fluctate_rate24h, max_price, min_price, opening_price, prev_closing_price, units_traded, units_traded24h, created_time, name) 
    values
        (?, ?, ?, ?, ?, ?, ?, ?, ?, ?, ?, ?)
name = ONT
coinMap: {opening_price=574.6, closing_price=597.7, min_price=568.4, max_price=599.4, units_traded=332660.71171301, acc_trade_value=195552490.5887, prev_closing_price=565.7, units_traded_24H=336890.67931301, acc_trade_value_24H=197956828.1891, fluctate_24H=26.9, fluctate_rate_24H=4.71}
coinHistory = CoinHistory(createdTime=2022-01-29, name=ONT, openingPrice=574.6, minPrice=568.4, maxPrice=599.4, unitsTraded=332660.71171301, accTradeValue=1.955524905887E8, prevClosingPrice=565.7, unitsTraded24H=336890.67931301, accTradeValue24H=1.979568281891E8, fluctate24H=26.9, fluctateRate24H=4.71)
Hibernate: 
    select
        coinhistor0_.created_time as created_1_0_0_,
        coinhistor0_.name as name2_0_0_,
        coinhistor0_.acc_trade_value as acc_trad3_0_0_,
        coinhistor0_.acc_trade_value24h as acc_trad4_0_0_,
        coinhistor0_.fluctate24h as fluctate5_0_0_,
        coinhistor0_.fluctate_rate24h as fluctate6_0_0_,
        coinhistor0_.max_price as max_pric7_0_0_,
        coinhistor0_.min_price as min_pric8_0_0_,
        coinhistor0_.opening_price as opening_9_0_0_,
        coinhistor0_.prev_closing_price as prev_cl10_0_0_,
        coinhistor0_.units_traded as units_t11_0_0_,
        coinhistor0_.units_traded24h as units_t12_0_0_ 
    from
        coin_history coinhistor0_ 
    where
        coinhistor0_.created_time=? 
        and coinhistor0_.name=?
Hibernate: 
    insert 
    into
        coin_history
        (acc_trade_value, acc_trade_value24h, fluctate24h, fluctate_rate24h, max_price, min_price, opening_price, prev_closing_price, units_traded, units_traded24h, created_time, name) 
    values
        (?, ?, ?, ?, ?, ?, ?, ?, ?, ?, ?, ?)
name = LUNA
coinMap: {opening_price=60350, closing_price=65500, min_price=59150, max_price=66150, units_traded=494943.77117981, acc_trade_value=31162749643.4347, prev_closing_price=60350, units_traded_24H=521828.25445582, acc_trade_value_24H=32786062769.0036, fluctate_24H=4400, fluctate_rate_24H=7.20}
coinHistory = CoinHistory(createdTime=2022-01-29, name=LUNA, openingPrice=60350.0, minPrice=59150.0, maxPrice=66150.0, unitsTraded=494943.77117981, accTradeValue=3.11627496434347E10, prevClosingPrice=60350.0, unitsTraded24H=521828.25445582, accTradeValue24H=3.27860627690036E10, fluctate24H=4400.0, fluctateRate24H=7.2)
Hibernate: 
    select
        coinhistor0_.created_time as created_1_0_0_,
        coinhistor0_.name as name2_0_0_,
        coinhistor0_.acc_trade_value as acc_trad3_0_0_,
        coinhistor0_.acc_trade_value24h as acc_trad4_0_0_,
        coinhistor0_.fluctate24h as fluctate5_0_0_,
        coinhistor0_.fluctate_rate24h as fluctate6_0_0_,
        coinhistor0_.max_price as max_pric7_0_0_,
        coinhistor0_.min_price as min_pric8_0_0_,
        coinhistor0_.opening_price as opening_9_0_0_,
        coinhistor0_.prev_closing_price as prev_cl10_0_0_,
        coinhistor0_.units_traded as units_t11_0_0_,
        coinhistor0_.units_traded24h as units_t12_0_0_ 
    from
        coin_history coinhistor0_ 
    where
        coinhistor0_.created_time=? 
        and coinhistor0_.name=?
Hibernate: 
    insert 
    into
        coin_history
        (acc_trade_value, acc_trade_value24h, fluctate24h, fluctate_rate24h, max_price, min_price, opening_price, prev_closing_price, units_traded, units_traded24h, created_time, name) 
    values
        (?, ?, ?, ?, ?, ?, ?, ?, ?, ?, ?, ?)
name = AION
coinMap: {opening_price=110.3, closing_price=113, min_price=104.9, max_price=115, units_traded=2216136.74825276, acc_trade_value=241777762.1222, prev_closing_price=110.8, units_traded_24H=2628463.30139232, acc_trade_value_24H=287167775.7324, fluctate_24H=5.7, fluctate_rate_24H=5.31}
coinHistory = CoinHistory(createdTime=2022-01-29, name=AION, openingPrice=110.3, minPrice=104.9, maxPrice=115.0, unitsTraded=2216136.74825276, accTradeValue=2.417777621222E8, prevClosingPrice=110.8, unitsTraded24H=2628463.30139232, accTradeValue24H=2.871677757324E8, fluctate24H=5.7, fluctateRate24H=5.31)
Hibernate: 
    select
        coinhistor0_.created_time as created_1_0_0_,
        coinhistor0_.name as name2_0_0_,
        coinhistor0_.acc_trade_value as acc_trad3_0_0_,
        coinhistor0_.acc_trade_value24h as acc_trad4_0_0_,
        coinhistor0_.fluctate24h as fluctate5_0_0_,
        coinhistor0_.fluctate_rate24h as fluctate6_0_0_,
        coinhistor0_.max_price as max_pric7_0_0_,
        coinhistor0_.min_price as min_pric8_0_0_,
        coinhistor0_.opening_price as opening_9_0_0_,
        coinhistor0_.prev_closing_price as prev_cl10_0_0_,
        coinhistor0_.units_traded as units_t11_0_0_,
        coinhistor0_.units_traded24h as units_t12_0_0_ 
    from
        coin_history coinhistor0_ 
    where
        coinhistor0_.created_time=? 
        and coinhistor0_.name=?
Hibernate: 
    insert 
    into
        coin_history
        (acc_trade_value, acc_trade_value24h, fluctate24h, fluctate_rate24h, max_price, min_price, opening_price, prev_closing_price, units_traded, units_traded24h, created_time, name) 
    values
        (?, ?, ?, ?, ?, ?, ?, ?, ?, ?, ?, ?)
name = META
coinMap: {opening_price=84.74, closing_price=86.98, min_price=83.75, max_price=87.08, units_traded=2290918.10080603, acc_trade_value=196336641.7114, prev_closing_price=84.84, units_traded_24H=2778246.27367248, acc_trade_value_24H=237687265.759, fluctate_24H=4.33, fluctate_rate_24H=5.24}
coinHistory = CoinHistory(createdTime=2022-01-29, name=META, openingPrice=84.74, minPrice=83.75, maxPrice=87.08, unitsTraded=2290918.10080603, accTradeValue=1.963366417114E8, prevClosingPrice=84.84, unitsTraded24H=2778246.27367248, accTradeValue24H=2.37687265759E8, fluctate24H=4.33, fluctateRate24H=5.24)
Hibernate: 
    select
        coinhistor0_.created_time as created_1_0_0_,
        coinhistor0_.name as name2_0_0_,
        coinhistor0_.acc_trade_value as acc_trad3_0_0_,
        coinhistor0_.acc_trade_value24h as acc_trad4_0_0_,
        coinhistor0_.fluctate24h as fluctate5_0_0_,
        coinhistor0_.fluctate_rate24h as fluctate6_0_0_,
        coinhistor0_.max_price as max_pric7_0_0_,
        coinhistor0_.min_price as min_pric8_0_0_,
        coinhistor0_.opening_price as opening_9_0_0_,
        coinhistor0_.prev_closing_price as prev_cl10_0_0_,
        coinhistor0_.units_traded as units_t11_0_0_,
        coinhistor0_.units_traded24h as units_t12_0_0_ 
    from
        coin_history coinhistor0_ 
    where
        coinhistor0_.created_time=? 
        and coinhistor0_.name=?
Hibernate: 
    insert 
    into
        coin_history
        (acc_trade_value, acc_trade_value24h, fluctate24h, fluctate_rate24h, max_price, min_price, opening_price, prev_closing_price, units_traded, units_traded24h, created_time, name) 
    values
        (?, ?, ?, ?, ?, ?, ?, ?, ?, ?, ?, ?)
name = KLAY
coinMap: {opening_price=1464, closing_price=1506, min_price=1455, max_price=1511, units_traded=6782303.50432665, acc_trade_value=10096450376.7149, prev_closing_price=1464, units_traded_24H=7319784.15463616, acc_trade_value_24H=10887680043.4602, fluctate_24H=33, fluctate_rate_24H=2.24}
coinHistory = CoinHistory(createdTime=2022-01-29, name=KLAY, openingPrice=1464.0, minPrice=1455.0, maxPrice=1511.0, unitsTraded=6782303.50432665, accTradeValue=1.00964503767149E10, prevClosingPrice=1464.0, unitsTraded24H=7319784.15463616, accTradeValue24H=1.08876800434602E10, fluctate24H=33.0, fluctateRate24H=2.24)
Hibernate: 
    select
        coinhistor0_.created_time as created_1_0_0_,
        coinhistor0_.name as name2_0_0_,
        coinhistor0_.acc_trade_value as acc_trad3_0_0_,
        coinhistor0_.acc_trade_value24h as acc_trad4_0_0_,
        coinhistor0_.fluctate24h as fluctate5_0_0_,
        coinhistor0_.fluctate_rate24h as fluctate6_0_0_,
        coinhistor0_.max_price as max_pric7_0_0_,
        coinhistor0_.min_price as min_pric8_0_0_,
        coinhistor0_.opening_price as opening_9_0_0_,
        coinhistor0_.prev_closing_price as prev_cl10_0_0_,
        coinhistor0_.units_traded as units_t11_0_0_,
        coinhistor0_.units_traded24h as units_t12_0_0_ 
    from
        coin_history coinhistor0_ 
    where
        coinhistor0_.created_time=? 
        and coinhistor0_.name=?
Hibernate: 
    insert 
    into
        coin_history
        (acc_trade_value, acc_trade_value24h, fluctate24h, fluctate_rate24h, max_price, min_price, opening_price, prev_closing_price, units_traded, units_traded24h, created_time, name) 
    values
        (?, ?, ?, ?, ?, ?, ?, ?, ?, ?, ?, ?)
name = ONG
coinMap: {opening_price=729.1, closing_price=761.1, min_price=728.8, max_price=768, units_traded=400522.70281218, acc_trade_value=300268295.3099, prev_closing_price=732.2, units_traded_24H=403762.81455337, acc_trade_value_24H=302641858.0643, fluctate_24H=26.4, fluctate_rate_24H=3.59}
coinHistory = CoinHistory(createdTime=2022-01-29, name=ONG, openingPrice=729.1, minPrice=728.8, maxPrice=768.0, unitsTraded=400522.70281218, accTradeValue=3.002682953099E8, prevClosingPrice=732.2, unitsTraded24H=403762.81455337, accTradeValue24H=3.026418580643E8, fluctate24H=26.4, fluctateRate24H=3.59)
Hibernate: 
    select
        coinhistor0_.created_time as created_1_0_0_,
        coinhistor0_.name as name2_0_0_,
        coinhistor0_.acc_trade_value as acc_trad3_0_0_,
        coinhistor0_.acc_trade_value24h as acc_trad4_0_0_,
        coinhistor0_.fluctate24h as fluctate5_0_0_,
        coinhistor0_.fluctate_rate24h as fluctate6_0_0_,
        coinhistor0_.max_price as max_pric7_0_0_,
        coinhistor0_.min_price as min_pric8_0_0_,
        coinhistor0_.opening_price as opening_9_0_0_,
        coinhistor0_.prev_closing_price as prev_cl10_0_0_,
        coinhistor0_.units_traded as units_t11_0_0_,
        coinhistor0_.units_traded24h as units_t12_0_0_ 
    from
        coin_history coinhistor0_ 
    where
        coinhistor0_.created_time=? 
        and coinhistor0_.name=?
Hibernate: 
    insert 
    into
        coin_history
        (acc_trade_value, acc_trade_value24h, fluctate24h, fluctate_rate24h, max_price, min_price, opening_price, prev_closing_price, units_traded, units_traded24h, created_time, name) 
    values
        (?, ?, ?, ?, ?, ?, ?, ?, ?, ?, ?, ?)
name = ALGO
coinMap: {opening_price=1169, closing_price=1236, min_price=1162, max_price=1241, units_traded=841177.426494, acc_trade_value=1010133940.6921, prev_closing_price=1172, units_traded_24H=871769.293998, acc_trade_value_24H=1046149382.8939, fluctate_24H=57, fluctate_rate_24H=4.83}
coinHistory = CoinHistory(createdTime=2022-01-29, name=ALGO, openingPrice=1169.0, minPrice=1162.0, maxPrice=1241.0, unitsTraded=841177.426494, accTradeValue=1.0101339406921E9, prevClosingPrice=1172.0, unitsTraded24H=871769.293998, accTradeValue24H=1.0461493828939E9, fluctate24H=57.0, fluctateRate24H=4.83)
Hibernate: 
    select
        coinhistor0_.created_time as created_1_0_0_,
        coinhistor0_.name as name2_0_0_,
        coinhistor0_.acc_trade_value as acc_trad3_0_0_,
        coinhistor0_.acc_trade_value24h as acc_trad4_0_0_,
        coinhistor0_.fluctate24h as fluctate5_0_0_,
        coinhistor0_.fluctate_rate24h as fluctate6_0_0_,
        coinhistor0_.max_price as max_pric7_0_0_,
        coinhistor0_.min_price as min_pric8_0_0_,
        coinhistor0_.opening_price as opening_9_0_0_,
        coinhistor0_.prev_closing_price as prev_cl10_0_0_,
        coinhistor0_.units_traded as units_t11_0_0_,
        coinhistor0_.units_traded24h as units_t12_0_0_ 
    from
        coin_history coinhistor0_ 
    where
        coinhistor0_.created_time=? 
        and coinhistor0_.name=?
Hibernate: 
    insert 
    into
        coin_history
        (acc_trade_value, acc_trade_value24h, fluctate24h, fluctate_rate24h, max_price, min_price, opening_price, prev_closing_price, units_traded, units_traded24h, created_time, name) 
    values
        (?, ?, ?, ?, ?, ?, ?, ?, ?, ?, ?, ?)
name = JST
coinMap: {opening_price=50.96, closing_price=52.85, min_price=50.4, max_price=52.85, units_traded=860272.8721511, acc_trade_value=44423211.8488, prev_closing_price=50.6, units_traded_24H=965052.9650511, acc_trade_value_24H=49741240.0393, fluctate_24H=1.96, fluctate_rate_24H=3.85}
coinHistory = CoinHistory(createdTime=2022-01-29, name=JST, openingPrice=50.96, minPrice=50.4, maxPrice=52.85, unitsTraded=860272.8721511, accTradeValue=4.44232118488E7, prevClosingPrice=50.6, unitsTraded24H=965052.9650511, accTradeValue24H=4.97412400393E7, fluctate24H=1.96, fluctateRate24H=3.85)
Hibernate: 
    select
        coinhistor0_.created_time as created_1_0_0_,
        coinhistor0_.name as name2_0_0_,
        coinhistor0_.acc_trade_value as acc_trad3_0_0_,
        coinhistor0_.acc_trade_value24h as acc_trad4_0_0_,
        coinhistor0_.fluctate24h as fluctate5_0_0_,
        coinhistor0_.fluctate_rate24h as fluctate6_0_0_,
        coinhistor0_.max_price as max_pric7_0_0_,
        coinhistor0_.min_price as min_pric8_0_0_,
        coinhistor0_.opening_price as opening_9_0_0_,
        coinhistor0_.prev_closing_price as prev_cl10_0_0_,
        coinhistor0_.units_traded as units_t11_0_0_,
        coinhistor0_.units_traded24h as units_t12_0_0_ 
    from
        coin_history coinhistor0_ 
    where
        coinhistor0_.created_time=? 
        and coinhistor0_.name=?
Hibernate: 
    insert 
    into
        coin_history
        (acc_trade_value, acc_trade_value24h, fluctate24h, fluctate_rate24h, max_price, min_price, opening_price, prev_closing_price, units_traded, units_traded24h, created_time, name) 
    values
        (?, ?, ?, ?, ?, ?, ?, ?, ?, ?, ?, ?)
name = XTZ
coinMap: {opening_price=3585, closing_price=3854, min_price=3584, max_price=3866, units_traded=191737.711015, acc_trade_value=724381146.4512, prev_closing_price=3597, units_traded_24H=192896.937652, acc_trade_value_24H=728542253.9204, fluctate_24H=238, fluctate_rate_24H=6.58}
coinHistory = CoinHistory(createdTime=2022-01-29, name=XTZ, openingPrice=3585.0, minPrice=3584.0, maxPrice=3866.0, unitsTraded=191737.711015, accTradeValue=7.243811464512E8, prevClosingPrice=3597.0, unitsTraded24H=192896.937652, accTradeValue24H=7.285422539204E8, fluctate24H=238.0, fluctateRate24H=6.58)
Hibernate: 
    select
        coinhistor0_.created_time as created_1_0_0_,
        coinhistor0_.name as name2_0_0_,
        coinhistor0_.acc_trade_value as acc_trad3_0_0_,
        coinhistor0_.acc_trade_value24h as acc_trad4_0_0_,
        coinhistor0_.fluctate24h as fluctate5_0_0_,
        coinhistor0_.fluctate_rate24h as fluctate6_0_0_,
        coinhistor0_.max_price as max_pric7_0_0_,
        coinhistor0_.min_price as min_pric8_0_0_,
        coinhistor0_.opening_price as opening_9_0_0_,
        coinhistor0_.prev_closing_price as prev_cl10_0_0_,
        coinhistor0_.units_traded as units_t11_0_0_,
        coinhistor0_.units_traded24h as units_t12_0_0_ 
    from
        coin_history coinhistor0_ 
    where
        coinhistor0_.created_time=? 
        and coinhistor0_.name=?
Hibernate: 
    insert 
    into
        coin_history
        (acc_trade_value, acc_trade_value24h, fluctate24h, fluctate_rate24h, max_price, min_price, opening_price, prev_closing_price, units_traded, units_traded24h, created_time, name) 
    values
        (?, ?, ?, ?, ?, ?, ?, ?, ?, ?, ?, ?)
name = MLK
coinMap: {opening_price=979.4, closing_price=1051, min_price=975, max_price=1100, units_traded=1769552.0990695, acc_trade_value=1851869270.5452, prev_closing_price=983, units_traded_24H=1867543.8476695, acc_trade_value_24H=1948053653.7171, fluctate_24H=79.9, fluctate_rate_24H=8.23}
coinHistory = CoinHistory(createdTime=2022-01-29, name=MLK, openingPrice=979.4, minPrice=975.0, maxPrice=1100.0, unitsTraded=1769552.0990695, accTradeValue=1.8518692705452E9, prevClosingPrice=983.0, unitsTraded24H=1867543.8476695, accTradeValue24H=1.9480536537171E9, fluctate24H=79.9, fluctateRate24H=8.23)
Hibernate: 
    select
        coinhistor0_.created_time as created_1_0_0_,
        coinhistor0_.name as name2_0_0_,
        coinhistor0_.acc_trade_value as acc_trad3_0_0_,
        coinhistor0_.acc_trade_value24h as acc_trad4_0_0_,
        coinhistor0_.fluctate24h as fluctate5_0_0_,
        coinhistor0_.fluctate_rate24h as fluctate6_0_0_,
        coinhistor0_.max_price as max_pric7_0_0_,
        coinhistor0_.min_price as min_pric8_0_0_,
        coinhistor0_.opening_price as opening_9_0_0_,
        coinhistor0_.prev_closing_price as prev_cl10_0_0_,
        coinhistor0_.units_traded as units_t11_0_0_,
        coinhistor0_.units_traded24h as units_t12_0_0_ 
    from
        coin_history coinhistor0_ 
    where
        coinhistor0_.created_time=? 
        and coinhistor0_.name=?
Hibernate: 
    insert 
    into
        coin_history
        (acc_trade_value, acc_trade_value24h, fluctate24h, fluctate_rate24h, max_price, min_price, opening_price, prev_closing_price, units_traded, units_traded24h, created_time, name) 
    values
        (?, ?, ?, ?, ?, ?, ?, ?, ?, ?, ?, ?)
name = WEMIX
coinMap: {opening_price=7335, closing_price=7980, min_price=7235, max_price=8305, units_traded=8609484.51789372, acc_trade_value=67926762877.7385, prev_closing_price=7335, units_traded_24H=9034784.63346666, acc_trade_value_24H=71031927466.1712, fluctate_24H=570, fluctate_rate_24H=7.69}
coinHistory = CoinHistory(createdTime=2022-01-29, name=WEMIX, openingPrice=7335.0, minPrice=7235.0, maxPrice=8305.0, unitsTraded=8609484.51789372, accTradeValue=6.79267628777385E10, prevClosingPrice=7335.0, unitsTraded24H=9034784.63346666, accTradeValue24H=7.10319274661712E10, fluctate24H=570.0, fluctateRate24H=7.69)
Hibernate: 
    select
        coinhistor0_.created_time as created_1_0_0_,
        coinhistor0_.name as name2_0_0_,
        coinhistor0_.acc_trade_value as acc_trad3_0_0_,
        coinhistor0_.acc_trade_value24h as acc_trad4_0_0_,
        coinhistor0_.fluctate24h as fluctate5_0_0_,
        coinhistor0_.fluctate_rate24h as fluctate6_0_0_,
        coinhistor0_.max_price as max_pric7_0_0_,
        coinhistor0_.min_price as min_pric8_0_0_,
        coinhistor0_.opening_price as opening_9_0_0_,
        coinhistor0_.prev_closing_price as prev_cl10_0_0_,
        coinhistor0_.units_traded as units_t11_0_0_,
        coinhistor0_.units_traded24h as units_t12_0_0_ 
    from
        coin_history coinhistor0_ 
    where
        coinhistor0_.created_time=? 
        and coinhistor0_.name=?
Hibernate: 
    insert 
    into
        coin_history
        (acc_trade_value, acc_trade_value24h, fluctate24h, fluctate_rate24h, max_price, min_price, opening_price, prev_closing_price, units_traded, units_traded24h, created_time, name) 
    values
        (?, ?, ?, ?, ?, ?, ?, ?, ?, ?, ?, ?)
name = DOT
coinMap: {opening_price=21890, closing_price=23250, min_price=21860, max_price=23360, units_traded=102930.20990662, acc_trade_value=2337885451.5508, prev_closing_price=21910, units_traded_24H=104907.18609788, acc_trade_value_24H=2381314958.0178, fluctate_24H=1210, fluctate_rate_24H=5.49}
coinHistory = CoinHistory(createdTime=2022-01-29, name=DOT, openingPrice=21890.0, minPrice=21860.0, maxPrice=23360.0, unitsTraded=102930.20990662, accTradeValue=2.3378854515508E9, prevClosingPrice=21910.0, unitsTraded24H=104907.18609788, accTradeValue24H=2.3813149580178E9, fluctate24H=1210.0, fluctateRate24H=5.49)
Hibernate: 
    select
        coinhistor0_.created_time as created_1_0_0_,
        coinhistor0_.name as name2_0_0_,
        coinhistor0_.acc_trade_value as acc_trad3_0_0_,
        coinhistor0_.acc_trade_value24h as acc_trad4_0_0_,
        coinhistor0_.fluctate24h as fluctate5_0_0_,
        coinhistor0_.fluctate_rate24h as fluctate6_0_0_,
        coinhistor0_.max_price as max_pric7_0_0_,
        coinhistor0_.min_price as min_pric8_0_0_,
        coinhistor0_.opening_price as opening_9_0_0_,
        coinhistor0_.prev_closing_price as prev_cl10_0_0_,
        coinhistor0_.units_traded as units_t11_0_0_,
        coinhistor0_.units_traded24h as units_t12_0_0_ 
    from
        coin_history coinhistor0_ 
    where
        coinhistor0_.created_time=? 
        and coinhistor0_.name=?
Hibernate: 
    insert 
    into
        coin_history
        (acc_trade_value, acc_trade_value24h, fluctate24h, fluctate_rate24h, max_price, min_price, opening_price, prev_closing_price, units_traded, units_traded24h, created_time, name) 
    values
        (?, ?, ?, ?, ?, ?, ?, ?, ?, ?, ?, ?)
name = ATOM
coinMap: {opening_price=35450, closing_price=37040, min_price=34500, max_price=37350, units_traded=270241.94708151, acc_trade_value=9799159809.4101, prev_closing_price=35450, units_traded_24H=281648.03912538, acc_trade_value_24H=10204952049.5473, fluctate_24H=1230, fluctate_rate_24H=3.43}
coinHistory = CoinHistory(createdTime=2022-01-29, name=ATOM, openingPrice=35450.0, minPrice=34500.0, maxPrice=37350.0, unitsTraded=270241.94708151, accTradeValue=9.7991598094101E9, prevClosingPrice=35450.0, unitsTraded24H=281648.03912538, accTradeValue24H=1.02049520495473E10, fluctate24H=1230.0, fluctateRate24H=3.43)
Hibernate: 
    select
        coinhistor0_.created_time as created_1_0_0_,
        coinhistor0_.name as name2_0_0_,
        coinhistor0_.acc_trade_value as acc_trad3_0_0_,
        coinhistor0_.acc_trade_value24h as acc_trad4_0_0_,
        coinhistor0_.fluctate24h as fluctate5_0_0_,
        coinhistor0_.fluctate_rate24h as fluctate6_0_0_,
        coinhistor0_.max_price as max_pric7_0_0_,
        coinhistor0_.min_price as min_pric8_0_0_,
        coinhistor0_.opening_price as opening_9_0_0_,
        coinhistor0_.prev_closing_price as prev_cl10_0_0_,
        coinhistor0_.units_traded as units_t11_0_0_,
        coinhistor0_.units_traded24h as units_t12_0_0_ 
    from
        coin_history coinhistor0_ 
    where
        coinhistor0_.created_time=? 
        and coinhistor0_.name=?
Hibernate: 
    insert 
    into
        coin_history
        (acc_trade_value, acc_trade_value24h, fluctate24h, fluctate_rate24h, max_price, min_price, opening_price, prev_closing_price, units_traded, units_traded24h, created_time, name) 
    values
        (?, ?, ?, ?, ?, ?, ?, ?, ?, ?, ?, ?)
name = SSX
coinMap: {opening_price=50.46, closing_price=52.2, min_price=49.78, max_price=52.81, units_traded=5200439.58720997, acc_trade_value=267754411.6305, prev_closing_price=50.3, units_traded_24H=7151118.57006396, acc_trade_value_24H=366625132.0797, fluctate_24H=2.16, fluctate_rate_24H=4.32}
coinHistory = CoinHistory(createdTime=2022-01-29, name=SSX, openingPrice=50.46, minPrice=49.78, maxPrice=52.81, unitsTraded=5200439.58720997, accTradeValue=2.677544116305E8, prevClosingPrice=50.3, unitsTraded24H=7151118.57006396, accTradeValue24H=3.666251320797E8, fluctate24H=2.16, fluctateRate24H=4.32)
Hibernate: 
    select
        coinhistor0_.created_time as created_1_0_0_,
        coinhistor0_.name as name2_0_0_,
        coinhistor0_.acc_trade_value as acc_trad3_0_0_,
        coinhistor0_.acc_trade_value24h as acc_trad4_0_0_,
        coinhistor0_.fluctate24h as fluctate5_0_0_,
        coinhistor0_.fluctate_rate24h as fluctate6_0_0_,
        coinhistor0_.max_price as max_pric7_0_0_,
        coinhistor0_.min_price as min_pric8_0_0_,
        coinhistor0_.opening_price as opening_9_0_0_,
        coinhistor0_.prev_closing_price as prev_cl10_0_0_,
        coinhistor0_.units_traded as units_t11_0_0_,
        coinhistor0_.units_traded24h as units_t12_0_0_ 
    from
        coin_history coinhistor0_ 
    where
        coinhistor0_.created_time=? 
        and coinhistor0_.name=?
Hibernate: 
    insert 
    into
        coin_history
        (acc_trade_value, acc_trade_value24h, fluctate24h, fluctate_rate24h, max_price, min_price, opening_price, prev_closing_price, units_traded, units_traded24h, created_time, name) 
    values
        (?, ?, ?, ?, ?, ?, ?, ?, ?, ?, ?, ?)
name = TEMCO
coinMap: {opening_price=6.541, closing_price=6.7, min_price=6.42, max_price=6.887, units_traded=46747633.41517356, acc_trade_value=309731048.0092, prev_closing_price=6.532, units_traded_24H=48534597.43312601, acc_trade_value_24H=321324850.334, fluctate_24H=0.193, fluctate_rate_24H=2.97}
coinHistory = CoinHistory(createdTime=2022-01-29, name=TEMCO, openingPrice=6.541, minPrice=6.42, maxPrice=6.887, unitsTraded=4.674763341517356E7, accTradeValue=3.097310480092E8, prevClosingPrice=6.532, unitsTraded24H=4.853459743312601E7, accTradeValue24H=3.21324850334E8, fluctate24H=0.193, fluctateRate24H=2.97)
Hibernate: 
    select
        coinhistor0_.created_time as created_1_0_0_,
        coinhistor0_.name as name2_0_0_,
        coinhistor0_.acc_trade_value as acc_trad3_0_0_,
        coinhistor0_.acc_trade_value24h as acc_trad4_0_0_,
        coinhistor0_.fluctate24h as fluctate5_0_0_,
        coinhistor0_.fluctate_rate24h as fluctate6_0_0_,
        coinhistor0_.max_price as max_pric7_0_0_,
        coinhistor0_.min_price as min_pric8_0_0_,
        coinhistor0_.opening_price as opening_9_0_0_,
        coinhistor0_.prev_closing_price as prev_cl10_0_0_,
        coinhistor0_.units_traded as units_t11_0_0_,
        coinhistor0_.units_traded24h as units_t12_0_0_ 
    from
        coin_history coinhistor0_ 
    where
        coinhistor0_.created_time=? 
        and coinhistor0_.name=?
Hibernate: 
    insert 
    into
        coin_history
        (acc_trade_value, acc_trade_value24h, fluctate24h, fluctate_rate24h, max_price, min_price, opening_price, prev_closing_price, units_traded, units_traded24h, created_time, name) 
    values
        (?, ?, ?, ?, ?, ?, ?, ?, ?, ?, ?, ?)
name = HIBS
coinMap: {opening_price=3.318, closing_price=3.392, min_price=3.28, max_price=3.403, units_traded=92384982.3771058, acc_trade_value=309966098.2859, prev_closing_price=3.315, units_traded_24H=94463827.0046058, acc_trade_value_24H=316898936.3692, fluctate_24H=0.025, fluctate_rate_24H=0.74}
coinHistory = CoinHistory(createdTime=2022-01-29, name=HIBS, openingPrice=3.318, minPrice=3.28, maxPrice=3.403, unitsTraded=9.23849823771058E7, accTradeValue=3.099660982859E8, prevClosingPrice=3.315, unitsTraded24H=9.44638270046058E7, accTradeValue24H=3.168989363692E8, fluctate24H=0.025, fluctateRate24H=0.74)
Hibernate: 
    select
        coinhistor0_.created_time as created_1_0_0_,
        coinhistor0_.name as name2_0_0_,
        coinhistor0_.acc_trade_value as acc_trad3_0_0_,
        coinhistor0_.acc_trade_value24h as acc_trad4_0_0_,
        coinhistor0_.fluctate24h as fluctate5_0_0_,
        coinhistor0_.fluctate_rate24h as fluctate6_0_0_,
        coinhistor0_.max_price as max_pric7_0_0_,
        coinhistor0_.min_price as min_pric8_0_0_,
        coinhistor0_.opening_price as opening_9_0_0_,
        coinhistor0_.prev_closing_price as prev_cl10_0_0_,
        coinhistor0_.units_traded as units_t11_0_0_,
        coinhistor0_.units_traded24h as units_t12_0_0_ 
    from
        coin_history coinhistor0_ 
    where
        coinhistor0_.created_time=? 
        and coinhistor0_.name=?
Hibernate: 
    insert 
    into
        coin_history
        (acc_trade_value, acc_trade_value24h, fluctate24h, fluctate_rate24h, max_price, min_price, opening_price, prev_closing_price, units_traded, units_traded24h, created_time, name) 
    values
        (?, ?, ?, ?, ?, ?, ?, ?, ?, ?, ?, ?)
name = BURGER
coinMap: {opening_price=1988, closing_price=2108, min_price=1965, max_price=2152, units_traded=115306.95909576, acc_trade_value=238147516.4075, prev_closing_price=1988, units_traded_24H=116384.27699576, acc_trade_value_24H=240264844.7102, fluctate_24H=120, fluctate_rate_24H=6.04}
coinHistory = CoinHistory(createdTime=2022-01-29, name=BURGER, openingPrice=1988.0, minPrice=1965.0, maxPrice=2152.0, unitsTraded=115306.95909576, accTradeValue=2.381475164075E8, prevClosingPrice=1988.0, unitsTraded24H=116384.27699576, accTradeValue24H=2.402648447102E8, fluctate24H=120.0, fluctateRate24H=6.04)
Hibernate: 
    select
        coinhistor0_.created_time as created_1_0_0_,
        coinhistor0_.name as name2_0_0_,
        coinhistor0_.acc_trade_value as acc_trad3_0_0_,
        coinhistor0_.acc_trade_value24h as acc_trad4_0_0_,
        coinhistor0_.fluctate24h as fluctate5_0_0_,
        coinhistor0_.fluctate_rate24h as fluctate6_0_0_,
        coinhistor0_.max_price as max_pric7_0_0_,
        coinhistor0_.min_price as min_pric8_0_0_,
        coinhistor0_.opening_price as opening_9_0_0_,
        coinhistor0_.prev_closing_price as prev_cl10_0_0_,
        coinhistor0_.units_traded as units_t11_0_0_,
        coinhistor0_.units_traded24h as units_t12_0_0_ 
    from
        coin_history coinhistor0_ 
    where
        coinhistor0_.created_time=? 
        and coinhistor0_.name=?
Hibernate: 
    insert 
    into
        coin_history
        (acc_trade_value, acc_trade_value24h, fluctate24h, fluctate_rate24h, max_price, min_price, opening_price, prev_closing_price, units_traded, units_traded24h, created_time, name) 
    values
        (?, ?, ?, ?, ?, ?, ?, ?, ?, ?, ?, ?)
name = DOGE
coinMap: {opening_price=172.6, closing_price=177.4, min_price=171.8, max_price=177.7, units_traded=37873634.73627234, acc_trade_value=6636225703.8452, prev_closing_price=172.4, units_traded_24H=38732116.550319, acc_trade_value_24H=6784483906.9082, fluctate_24H=4.4, fluctate_rate_24H=2.54}
coinHistory = CoinHistory(createdTime=2022-01-29, name=DOGE, openingPrice=172.6, minPrice=171.8, maxPrice=177.7, unitsTraded=3.787363473627234E7, accTradeValue=6.6362257038452E9, prevClosingPrice=172.4, unitsTraded24H=3.8732116550319E7, accTradeValue24H=6.7844839069082E9, fluctate24H=4.4, fluctateRate24H=2.54)
Hibernate: 
    select
        coinhistor0_.created_time as created_1_0_0_,
        coinhistor0_.name as name2_0_0_,
        coinhistor0_.acc_trade_value as acc_trad3_0_0_,
        coinhistor0_.acc_trade_value24h as acc_trad4_0_0_,
        coinhistor0_.fluctate24h as fluctate5_0_0_,
        coinhistor0_.fluctate_rate24h as fluctate6_0_0_,
        coinhistor0_.max_price as max_pric7_0_0_,
        coinhistor0_.min_price as min_pric8_0_0_,
        coinhistor0_.opening_price as opening_9_0_0_,
        coinhistor0_.prev_closing_price as prev_cl10_0_0_,
        coinhistor0_.units_traded as units_t11_0_0_,
        coinhistor0_.units_traded24h as units_t12_0_0_ 
    from
        coin_history coinhistor0_ 
    where
        coinhistor0_.created_time=? 
        and coinhistor0_.name=?
Hibernate: 
    insert 
    into
        coin_history
        (acc_trade_value, acc_trade_value24h, fluctate24h, fluctate_rate24h, max_price, min_price, opening_price, prev_closing_price, units_traded, units_traded24h, created_time, name) 
    values
        (?, ?, ?, ?, ?, ?, ?, ?, ?, ?, ?, ?)
name = KSM
coinMap: {opening_price=203400, closing_price=213700, min_price=201600, max_price=215000, units_traded=909.71309201, acc_trade_value=191256805.2099, prev_closing_price=201600, units_traded_24H=938.31239201, acc_trade_value_24H=197015287.3299, fluctate_24H=10500, fluctate_rate_24H=5.17}
coinHistory = CoinHistory(createdTime=2022-01-29, name=KSM, openingPrice=203400.0, minPrice=201600.0, maxPrice=215000.0, unitsTraded=909.71309201, accTradeValue=1.912568052099E8, prevClosingPrice=201600.0, unitsTraded24H=938.31239201, accTradeValue24H=1.970152873299E8, fluctate24H=10500.0, fluctateRate24H=5.17)
Hibernate: 
    select
        coinhistor0_.created_time as created_1_0_0_,
        coinhistor0_.name as name2_0_0_,
        coinhistor0_.acc_trade_value as acc_trad3_0_0_,
        coinhistor0_.acc_trade_value24h as acc_trad4_0_0_,
        coinhistor0_.fluctate24h as fluctate5_0_0_,
        coinhistor0_.fluctate_rate24h as fluctate6_0_0_,
        coinhistor0_.max_price as max_pric7_0_0_,
        coinhistor0_.min_price as min_pric8_0_0_,
        coinhistor0_.opening_price as opening_9_0_0_,
        coinhistor0_.prev_closing_price as prev_cl10_0_0_,
        coinhistor0_.units_traded as units_t11_0_0_,
        coinhistor0_.units_traded24h as units_t12_0_0_ 
    from
        coin_history coinhistor0_ 
    where
        coinhistor0_.created_time=? 
        and coinhistor0_.name=?
Hibernate: 
    insert 
    into
        coin_history
        (acc_trade_value, acc_trade_value24h, fluctate24h, fluctate_rate24h, max_price, min_price, opening_price, prev_closing_price, units_traded, units_traded24h, created_time, name) 
    values
        (?, ?, ?, ?, ?, ?, ?, ?, ?, ?, ?, ?)
name = CTK
coinMap: {opening_price=1747, closing_price=1752, min_price=1691, max_price=1820, units_traded=513399.89056576, acc_trade_value=909072670.1721, prev_closing_price=1747, units_traded_24H=524659.88166576, acc_trade_value_24H=928512623.1557, fluctate_24H=22, fluctate_rate_24H=1.27}
coinHistory = CoinHistory(createdTime=2022-01-29, name=CTK, openingPrice=1747.0, minPrice=1691.0, maxPrice=1820.0, unitsTraded=513399.89056576, accTradeValue=9.090726701721E8, prevClosingPrice=1747.0, unitsTraded24H=524659.88166576, accTradeValue24H=9.285126231557E8, fluctate24H=22.0, fluctateRate24H=1.27)
Hibernate: 
    select
        coinhistor0_.created_time as created_1_0_0_,
        coinhistor0_.name as name2_0_0_,
        coinhistor0_.acc_trade_value as acc_trad3_0_0_,
        coinhistor0_.acc_trade_value24h as acc_trad4_0_0_,
        coinhistor0_.fluctate24h as fluctate5_0_0_,
        coinhistor0_.fluctate_rate24h as fluctate6_0_0_,
        coinhistor0_.max_price as max_pric7_0_0_,
        coinhistor0_.min_price as min_pric8_0_0_,
        coinhistor0_.opening_price as opening_9_0_0_,
        coinhistor0_.prev_closing_price as prev_cl10_0_0_,
        coinhistor0_.units_traded as units_t11_0_0_,
        coinhistor0_.units_traded24h as units_t12_0_0_ 
    from
        coin_history coinhistor0_ 
    where
        coinhistor0_.created_time=? 
        and coinhistor0_.name=?
Hibernate: 
    insert 
    into
        coin_history
        (acc_trade_value, acc_trade_value24h, fluctate24h, fluctate_rate24h, max_price, min_price, opening_price, prev_closing_price, units_traded, units_traded24h, created_time, name) 
    values
        (?, ?, ?, ?, ?, ?, ?, ?, ?, ?, ?, ?)
name = XYM
coinMap: {opening_price=206.4, closing_price=221.8, min_price=197.3, max_price=221.8, units_traded=1544390.80931505, acc_trade_value=328427569.1763, prev_closing_price=208.1, units_traded_24H=3163058.45978402, acc_trade_value_24H=675664157.4522, fluctate_24H=25.2, fluctate_rate_24H=12.82}
coinHistory = CoinHistory(createdTime=2022-01-29, name=XYM, openingPrice=206.4, minPrice=197.3, maxPrice=221.8, unitsTraded=1544390.80931505, accTradeValue=3.284275691763E8, prevClosingPrice=208.1, unitsTraded24H=3163058.45978402, accTradeValue24H=6.756641574522E8, fluctate24H=25.2, fluctateRate24H=12.82)
Hibernate: 
    select
        coinhistor0_.created_time as created_1_0_0_,
        coinhistor0_.name as name2_0_0_,
        coinhistor0_.acc_trade_value as acc_trad3_0_0_,
        coinhistor0_.acc_trade_value24h as acc_trad4_0_0_,
        coinhistor0_.fluctate24h as fluctate5_0_0_,
        coinhistor0_.fluctate_rate24h as fluctate6_0_0_,
        coinhistor0_.max_price as max_pric7_0_0_,
        coinhistor0_.min_price as min_pric8_0_0_,
        coinhistor0_.opening_price as opening_9_0_0_,
        coinhistor0_.prev_closing_price as prev_cl10_0_0_,
        coinhistor0_.units_traded as units_t11_0_0_,
        coinhistor0_.units_traded24h as units_t12_0_0_ 
    from
        coin_history coinhistor0_ 
    where
        coinhistor0_.created_time=? 
        and coinhistor0_.name=?
Hibernate: 
    insert 
    into
        coin_history
        (acc_trade_value, acc_trade_value24h, fluctate24h, fluctate_rate24h, max_price, min_price, opening_price, prev_closing_price, units_traded, units_traded24h, created_time, name) 
    values
        (?, ?, ?, ?, ?, ?, ?, ?, ?, ?, ?, ?)
name = BNB
coinMap: {opening_price=471200, closing_price=486700, min_price=468400, max_price=487000, units_traded=656.92366452, acc_trade_value=313481474.7499, prev_closing_price=471100, units_traded_24H=677.02036452, acc_trade_value_24H=322980647.2199, fluctate_24H=14100, fluctate_rate_24H=2.98}
coinHistory = CoinHistory(createdTime=2022-01-29, name=BNB, openingPrice=471200.0, minPrice=468400.0, maxPrice=487000.0, unitsTraded=656.92366452, accTradeValue=3.134814747499E8, prevClosingPrice=471100.0, unitsTraded24H=677.02036452, accTradeValue24H=3.229806472199E8, fluctate24H=14100.0, fluctateRate24H=2.98)
Hibernate: 
    select
        coinhistor0_.created_time as created_1_0_0_,
        coinhistor0_.name as name2_0_0_,
        coinhistor0_.acc_trade_value as acc_trad3_0_0_,
        coinhistor0_.acc_trade_value24h as acc_trad4_0_0_,
        coinhistor0_.fluctate24h as fluctate5_0_0_,
        coinhistor0_.fluctate_rate24h as fluctate6_0_0_,
        coinhistor0_.max_price as max_pric7_0_0_,
        coinhistor0_.min_price as min_pric8_0_0_,
        coinhistor0_.opening_price as opening_9_0_0_,
        coinhistor0_.prev_closing_price as prev_cl10_0_0_,
        coinhistor0_.units_traded as units_t11_0_0_,
        coinhistor0_.units_traded24h as units_t12_0_0_ 
    from
        coin_history coinhistor0_ 
    where
        coinhistor0_.created_time=? 
        and coinhistor0_.name=?
Hibernate: 
    insert 
    into
        coin_history
        (acc_trade_value, acc_trade_value24h, fluctate24h, fluctate_rate24h, max_price, min_price, opening_price, prev_closing_price, units_traded, units_traded24h, created_time, name) 
    values
        (?, ?, ?, ?, ?, ?, ?, ?, ?, ?, ?, ?)
name = NFT
coinMap: {opening_price=0.0025, closing_price=0.0026, min_price=0.0024, max_price=0.0026, units_traded=142679695401.28153058, acc_trade_value=355597348.4005, prev_closing_price=0.0025, units_traded_24H=148848613068.82233058, acc_trade_value_24H=370847336.8989, fluctate_24H=0.0001, fluctate_rate_24H=4.00}
coinHistory = CoinHistory(createdTime=2022-01-29, name=NFT, openingPrice=0.0025, minPrice=0.0024, maxPrice=0.0026, unitsTraded=1.4267969540128152E11, accTradeValue=3.555973484005E8, prevClosingPrice=0.0025, unitsTraded24H=1.4884861306882233E11, accTradeValue24H=3.708473368989E8, fluctate24H=1.0E-4, fluctateRate24H=4.0)
Hibernate: 
    select
        coinhistor0_.created_time as created_1_0_0_,
        coinhistor0_.name as name2_0_0_,
        coinhistor0_.acc_trade_value as acc_trad3_0_0_,
        coinhistor0_.acc_trade_value24h as acc_trad4_0_0_,
        coinhistor0_.fluctate24h as fluctate5_0_0_,
        coinhistor0_.fluctate_rate24h as fluctate6_0_0_,
        coinhistor0_.max_price as max_pric7_0_0_,
        coinhistor0_.min_price as min_pric8_0_0_,
        coinhistor0_.opening_price as opening_9_0_0_,
        coinhistor0_.prev_closing_price as prev_cl10_0_0_,
        coinhistor0_.units_traded as units_t11_0_0_,
        coinhistor0_.units_traded24h as units_t12_0_0_ 
    from
        coin_history coinhistor0_ 
    where
        coinhistor0_.created_time=? 
        and coinhistor0_.name=?
Hibernate: 
    insert 
    into
        coin_history
        (acc_trade_value, acc_trade_value24h, fluctate24h, fluctate_rate24h, max_price, min_price, opening_price, prev_closing_price, units_traded, units_traded24h, created_time, name) 
    values
        (?, ?, ?, ?, ?, ?, ?, ?, ?, ?, ?, ?)
name = SUN
coinMap: {opening_price=17.1, closing_price=17.93, min_price=17.07, max_price=17.94, units_traded=14354481.90565684, acc_trade_value=251736402.0051, prev_closing_price=17.11, units_traded_24H=15977468.61025684, acc_trade_value_24H=279515025.157, fluctate_24H=0.76, fluctate_rate_24H=4.43}
coinHistory = CoinHistory(createdTime=2022-01-29, name=SUN, openingPrice=17.1, minPrice=17.07, maxPrice=17.94, unitsTraded=1.435448190565684E7, accTradeValue=2.517364020051E8, prevClosingPrice=17.11, unitsTraded24H=1.597746861025684E7, accTradeValue24H=2.79515025157E8, fluctate24H=0.76, fluctateRate24H=4.43)
Hibernate: 
    select
        coinhistor0_.created_time as created_1_0_0_,
        coinhistor0_.name as name2_0_0_,
        coinhistor0_.acc_trade_value as acc_trad3_0_0_,
        coinhistor0_.acc_trade_value24h as acc_trad4_0_0_,
        coinhistor0_.fluctate24h as fluctate5_0_0_,
        coinhistor0_.fluctate_rate24h as fluctate6_0_0_,
        coinhistor0_.max_price as max_pric7_0_0_,
        coinhistor0_.min_price as min_pric8_0_0_,
        coinhistor0_.opening_price as opening_9_0_0_,
        coinhistor0_.prev_closing_price as prev_cl10_0_0_,
        coinhistor0_.units_traded as units_t11_0_0_,
        coinhistor0_.units_traded24h as units_t12_0_0_ 
    from
        coin_history coinhistor0_ 
    where
        coinhistor0_.created_time=? 
        and coinhistor0_.name=?
Hibernate: 
    insert 
    into
        coin_history
        (acc_trade_value, acc_trade_value24h, fluctate24h, fluctate_rate24h, max_price, min_price, opening_price, prev_closing_price, units_traded, units_traded24h, created_time, name) 
    values
        (?, ?, ?, ?, ?, ?, ?, ?, ?, ?, ?, ?)
name = XEC
coinMap: {opening_price=0.0879, closing_price=0.0942, min_price=0.0877, max_price=0.098, units_traded=34110400369.18406848, acc_trade_value=3184454886.603, prev_closing_price=0.088, units_traded_24H=34295594403.89166848, acc_trade_value_24H=3200785050.9476, fluctate_24H=0.0058, fluctate_rate_24H=6.56}
coinHistory = CoinHistory(createdTime=2022-01-29, name=XEC, openingPrice=0.0879, minPrice=0.0877, maxPrice=0.098, unitsTraded=3.4110400369184067E10, accTradeValue=3.184454886603E9, prevClosingPrice=0.088, unitsTraded24H=3.429559440389167E10, accTradeValue24H=3.2007850509476E9, fluctate24H=0.0058, fluctateRate24H=6.56)
Hibernate: 
    select
        coinhistor0_.created_time as created_1_0_0_,
        coinhistor0_.name as name2_0_0_,
        coinhistor0_.acc_trade_value as acc_trad3_0_0_,
        coinhistor0_.acc_trade_value24h as acc_trad4_0_0_,
        coinhistor0_.fluctate24h as fluctate5_0_0_,
        coinhistor0_.fluctate_rate24h as fluctate6_0_0_,
        coinhistor0_.max_price as max_pric7_0_0_,
        coinhistor0_.min_price as min_pric8_0_0_,
        coinhistor0_.opening_price as opening_9_0_0_,
        coinhistor0_.prev_closing_price as prev_cl10_0_0_,
        coinhistor0_.units_traded as units_t11_0_0_,
        coinhistor0_.units_traded24h as units_t12_0_0_ 
    from
        coin_history coinhistor0_ 
    where
        coinhistor0_.created_time=? 
        and coinhistor0_.name=?
Hibernate: 
    insert 
    into
        coin_history
        (acc_trade_value, acc_trade_value24h, fluctate24h, fluctate_rate24h, max_price, min_price, opening_price, prev_closing_price, units_traded, units_traded24h, created_time, name) 
    values
        (?, ?, ?, ?, ?, ?, ?, ?, ?, ?, ?, ?)
name = PCI
coinMap: {opening_price=875, closing_price=918.3, min_price=871.4, max_price=924.7, units_traded=1465388.07496487, acc_trade_value=1332926873.6185, prev_closing_price=875, units_traded_24H=1518679.83202358, acc_trade_value_24H=1379547564.7407, fluctate_24H=44.2, fluctate_rate_24H=5.06}
coinHistory = CoinHistory(createdTime=2022-01-29, name=PCI, openingPrice=875.0, minPrice=871.4, maxPrice=924.7, unitsTraded=1465388.07496487, accTradeValue=1.3329268736185E9, prevClosingPrice=875.0, unitsTraded24H=1518679.83202358, accTradeValue24H=1.3795475647407E9, fluctate24H=44.2, fluctateRate24H=5.06)
Hibernate: 
    select
        coinhistor0_.created_time as created_1_0_0_,
        coinhistor0_.name as name2_0_0_,
        coinhistor0_.acc_trade_value as acc_trad3_0_0_,
        coinhistor0_.acc_trade_value24h as acc_trad4_0_0_,
        coinhistor0_.fluctate24h as fluctate5_0_0_,
        coinhistor0_.fluctate_rate24h as fluctate6_0_0_,
        coinhistor0_.max_price as max_pric7_0_0_,
        coinhistor0_.min_price as min_pric8_0_0_,
        coinhistor0_.opening_price as opening_9_0_0_,
        coinhistor0_.prev_closing_price as prev_cl10_0_0_,
        coinhistor0_.units_traded as units_t11_0_0_,
        coinhistor0_.units_traded24h as units_t12_0_0_ 
    from
        coin_history coinhistor0_ 
    where
        coinhistor0_.created_time=? 
        and coinhistor0_.name=?
Hibernate: 
    insert 
    into
        coin_history
        (acc_trade_value, acc_trade_value24h, fluctate24h, fluctate_rate24h, max_price, min_price, opening_price, prev_closing_price, units_traded, units_traded24h, created_time, name) 
    values
        (?, ?, ?, ?, ?, ?, ?, ?, ?, ?, ?, ?)
name = SOL
coinMap: {opening_price=110300, closing_price=120600, min_price=110100, max_price=122000, units_traded=80900.77805799, acc_trade_value=9385347232.0106, prev_closing_price=110300, units_traded_24H=83474.35602982, acc_trade_value_24H=9669674364.0001, fluctate_24H=9300, fluctate_rate_24H=8.36}
coinHistory = CoinHistory(createdTime=2022-01-29, name=SOL, openingPrice=110300.0, minPrice=110100.0, maxPrice=122000.0, unitsTraded=80900.77805799, accTradeValue=9.3853472320106E9, prevClosingPrice=110300.0, unitsTraded24H=83474.35602982, accTradeValue24H=9.6696743640001E9, fluctate24H=9300.0, fluctateRate24H=8.36)
Hibernate: 
    select
        coinhistor0_.created_time as created_1_0_0_,
        coinhistor0_.name as name2_0_0_,
        coinhistor0_.acc_trade_value as acc_trad3_0_0_,
        coinhistor0_.acc_trade_value24h as acc_trad4_0_0_,
        coinhistor0_.fluctate24h as fluctate5_0_0_,
        coinhistor0_.fluctate_rate24h as fluctate6_0_0_,
        coinhistor0_.max_price as max_pric7_0_0_,
        coinhistor0_.min_price as min_pric8_0_0_,
        coinhistor0_.opening_price as opening_9_0_0_,
        coinhistor0_.prev_closing_price as prev_cl10_0_0_,
        coinhistor0_.units_traded as units_t11_0_0_,
        coinhistor0_.units_traded24h as units_t12_0_0_ 
    from
        coin_history coinhistor0_ 
    where
        coinhistor0_.created_time=? 
        and coinhistor0_.name=?
Hibernate: 
    insert 
    into
        coin_history
        (acc_trade_value, acc_trade_value24h, fluctate24h, fluctate_rate24h, max_price, min_price, opening_price, prev_closing_price, units_traded, units_traded24h, created_time, name) 
    values
        (?, ?, ?, ?, ?, ?, ?, ?, ?, ?, ?, ?)
name = C98
coinMap: {opening_price=1919, closing_price=2033, min_price=1898, max_price=2045, units_traded=392124.00619871, acc_trade_value=776607068.7036, prev_closing_price=1940, units_traded_24H=416177.64015904, acc_trade_value_24H=823370194.8881, fluctate_24H=108, fluctate_rate_24H=5.61}
coinHistory = CoinHistory(createdTime=2022-01-29, name=C98, openingPrice=1919.0, minPrice=1898.0, maxPrice=2045.0, unitsTraded=392124.00619871, accTradeValue=7.766070687036E8, prevClosingPrice=1940.0, unitsTraded24H=416177.64015904, accTradeValue24H=8.233701948881E8, fluctate24H=108.0, fluctateRate24H=5.61)
Hibernate: 
    select
        coinhistor0_.created_time as created_1_0_0_,
        coinhistor0_.name as name2_0_0_,
        coinhistor0_.acc_trade_value as acc_trad3_0_0_,
        coinhistor0_.acc_trade_value24h as acc_trad4_0_0_,
        coinhistor0_.fluctate24h as fluctate5_0_0_,
        coinhistor0_.fluctate_rate24h as fluctate6_0_0_,
        coinhistor0_.max_price as max_pric7_0_0_,
        coinhistor0_.min_price as min_pric8_0_0_,
        coinhistor0_.opening_price as opening_9_0_0_,
        coinhistor0_.prev_closing_price as prev_cl10_0_0_,
        coinhistor0_.units_traded as units_t11_0_0_,
        coinhistor0_.units_traded24h as units_t12_0_0_ 
    from
        coin_history coinhistor0_ 
    where
        coinhistor0_.created_time=? 
        and coinhistor0_.name=?
Hibernate: 
    insert 
    into
        coin_history
        (acc_trade_value, acc_trade_value24h, fluctate24h, fluctate_rate24h, max_price, min_price, opening_price, prev_closing_price, units_traded, units_traded24h, created_time, name) 
    values
        (?, ?, ?, ?, ?, ?, ?, ?, ?, ?, ?, ?)
name = MED
coinMap: {opening_price=48.48, closing_price=50.09, min_price=48.01, max_price=51.91, units_traded=7843258.85399183, acc_trade_value=390798637.7589, prev_closing_price=48.15, units_traded_24H=8079638.44189183, acc_trade_value_24H=402143468.3387, fluctate_24H=2.13, fluctate_rate_24H=4.44}
coinHistory = CoinHistory(createdTime=2022-01-29, name=MED, openingPrice=48.48, minPrice=48.01, maxPrice=51.91, unitsTraded=7843258.85399183, accTradeValue=3.907986377589E8, prevClosingPrice=48.15, unitsTraded24H=8079638.44189183, accTradeValue24H=4.021434683387E8, fluctate24H=2.13, fluctateRate24H=4.44)
Hibernate: 
    select
        coinhistor0_.created_time as created_1_0_0_,
        coinhistor0_.name as name2_0_0_,
        coinhistor0_.acc_trade_value as acc_trad3_0_0_,
        coinhistor0_.acc_trade_value24h as acc_trad4_0_0_,
        coinhistor0_.fluctate24h as fluctate5_0_0_,
        coinhistor0_.fluctate_rate24h as fluctate6_0_0_,
        coinhistor0_.max_price as max_pric7_0_0_,
        coinhistor0_.min_price as min_pric8_0_0_,
        coinhistor0_.opening_price as opening_9_0_0_,
        coinhistor0_.prev_closing_price as prev_cl10_0_0_,
        coinhistor0_.units_traded as units_t11_0_0_,
        coinhistor0_.units_traded24h as units_t12_0_0_ 
    from
        coin_history coinhistor0_ 
    where
        coinhistor0_.created_time=? 
        and coinhistor0_.name=?
Hibernate: 
    insert 
    into
        coin_history
        (acc_trade_value, acc_trade_value24h, fluctate24h, fluctate_rate24h, max_price, min_price, opening_price, prev_closing_price, units_traded, units_traded24h, created_time, name) 
    values
        (?, ?, ?, ?, ?, ?, ?, ?, ?, ?, ?, ?)
name = 1INCH
coinMap: {opening_price=1977, closing_price=2127, min_price=1969, max_price=2157, units_traded=195634.30838236, acc_trade_value=409559469.7863, prev_closing_price=1966, units_traded_24H=197802.05188236, acc_trade_value_24H=413847985.0949, fluctate_24H=151, fluctate_rate_24H=7.64}
coinHistory = CoinHistory(createdTime=2022-01-29, name=1INCH, openingPrice=1977.0, minPrice=1969.0, maxPrice=2157.0, unitsTraded=195634.30838236, accTradeValue=4.095594697863E8, prevClosingPrice=1966.0, unitsTraded24H=197802.05188236, accTradeValue24H=4.138479850949E8, fluctate24H=151.0, fluctateRate24H=7.64)
Hibernate: 
    select
        coinhistor0_.created_time as created_1_0_0_,
        coinhistor0_.name as name2_0_0_,
        coinhistor0_.acc_trade_value as acc_trad3_0_0_,
        coinhistor0_.acc_trade_value24h as acc_trad4_0_0_,
        coinhistor0_.fluctate24h as fluctate5_0_0_,
        coinhistor0_.fluctate_rate24h as fluctate6_0_0_,
        coinhistor0_.max_price as max_pric7_0_0_,
        coinhistor0_.min_price as min_pric8_0_0_,
        coinhistor0_.opening_price as opening_9_0_0_,
        coinhistor0_.prev_closing_price as prev_cl10_0_0_,
        coinhistor0_.units_traded as units_t11_0_0_,
        coinhistor0_.units_traded24h as units_t12_0_0_ 
    from
        coin_history coinhistor0_ 
    where
        coinhistor0_.created_time=? 
        and coinhistor0_.name=?
Hibernate: 
    insert 
    into
        coin_history
        (acc_trade_value, acc_trade_value24h, fluctate24h, fluctate_rate24h, max_price, min_price, opening_price, prev_closing_price, units_traded, units_traded24h, created_time, name) 
    values
        (?, ?, ?, ?, ?, ?, ?, ?, ?, ?, ?, ?)
name = BOBA
coinMap: {opening_price=1993, closing_price=2108, min_price=1972, max_price=2116, units_traded=106880.90543207, acc_trade_value=220227317.4378, prev_closing_price=1981, units_traded_24H=112070.24083207, acc_trade_value_24H=230562154.9096, fluctate_24H=111, fluctate_rate_24H=5.56}
coinHistory = CoinHistory(createdTime=2022-01-29, name=BOBA, openingPrice=1993.0, minPrice=1972.0, maxPrice=2116.0, unitsTraded=106880.90543207, accTradeValue=2.202273174378E8, prevClosingPrice=1981.0, unitsTraded24H=112070.24083207, accTradeValue24H=2.305621549096E8, fluctate24H=111.0, fluctateRate24H=5.56)
Hibernate: 
    select
        coinhistor0_.created_time as created_1_0_0_,
        coinhistor0_.name as name2_0_0_,
        coinhistor0_.acc_trade_value as acc_trad3_0_0_,
        coinhistor0_.acc_trade_value24h as acc_trad4_0_0_,
        coinhistor0_.fluctate24h as fluctate5_0_0_,
        coinhistor0_.fluctate_rate24h as fluctate6_0_0_,
        coinhistor0_.max_price as max_pric7_0_0_,
        coinhistor0_.min_price as min_pric8_0_0_,
        coinhistor0_.opening_price as opening_9_0_0_,
        coinhistor0_.prev_closing_price as prev_cl10_0_0_,
        coinhistor0_.units_traded as units_t11_0_0_,
        coinhistor0_.units_traded24h as units_t12_0_0_ 
    from
        coin_history coinhistor0_ 
    where
        coinhistor0_.created_time=? 
        and coinhistor0_.name=?
Hibernate: 
    insert 
    into
        coin_history
        (acc_trade_value, acc_trade_value24h, fluctate24h, fluctate_rate24h, max_price, min_price, opening_price, prev_closing_price, units_traded, units_traded24h, created_time, name) 
    values
        (?, ?, ?, ?, ?, ?, ?, ?, ?, ?, ?, ?)
name = GALA
coinMap: {opening_price=230.2, closing_price=244.9, min_price=229, max_price=264.9, units_traded=7930045.2862465, acc_trade_value=1903983467.5633, prev_closing_price=229.2, units_traded_24H=8181293.14833834, acc_trade_value_24H=1961991711.0081, fluctate_24H=11.5, fluctate_rate_24H=4.93}
coinHistory = CoinHistory(createdTime=2022-01-29, name=GALA, openingPrice=230.2, minPrice=229.0, maxPrice=264.9, unitsTraded=7930045.2862465, accTradeValue=1.9039834675633E9, prevClosingPrice=229.2, unitsTraded24H=8181293.14833834, accTradeValue24H=1.9619917110081E9, fluctate24H=11.5, fluctateRate24H=4.93)
Hibernate: 
    select
        coinhistor0_.created_time as created_1_0_0_,
        coinhistor0_.name as name2_0_0_,
        coinhistor0_.acc_trade_value as acc_trad3_0_0_,
        coinhistor0_.acc_trade_value24h as acc_trad4_0_0_,
        coinhistor0_.fluctate24h as fluctate5_0_0_,
        coinhistor0_.fluctate_rate24h as fluctate6_0_0_,
        coinhistor0_.max_price as max_pric7_0_0_,
        coinhistor0_.min_price as min_pric8_0_0_,
        coinhistor0_.opening_price as opening_9_0_0_,
        coinhistor0_.prev_closing_price as prev_cl10_0_0_,
        coinhistor0_.units_traded as units_t11_0_0_,
        coinhistor0_.units_traded24h as units_t12_0_0_ 
    from
        coin_history coinhistor0_ 
    where
        coinhistor0_.created_time=? 
        and coinhistor0_.name=?
Hibernate: 
    insert 
    into
        coin_history
        (acc_trade_value, acc_trade_value24h, fluctate24h, fluctate_rate24h, max_price, min_price, opening_price, prev_closing_price, units_traded, units_traded24h, created_time, name) 
    values
        (?, ?, ?, ?, ?, ?, ?, ?, ?, ?, ?, ?)
name = BTT
coinMap: {opening_price=0.0024, closing_price=0.0027, min_price=0.0024, max_price=0.0027, units_traded=311884620460.41739544, acc_trade_value=801227694.103, prev_closing_price=0.0025, units_traded_24H=335758545964.7873339, acc_trade_value_24H=860793102.3065, fluctate_24H=0.0003, fluctate_rate_24H=12.50}
coinHistory = CoinHistory(createdTime=2022-01-29, name=BTT, openingPrice=0.0024, minPrice=0.0024, maxPrice=0.0027, unitsTraded=3.118846204604174E11, accTradeValue=8.01227694103E8, prevClosingPrice=0.0025, unitsTraded24H=3.3575854596478735E11, accTradeValue24H=8.607931023065E8, fluctate24H=3.0E-4, fluctateRate24H=12.5)
Hibernate: 
    select
        coinhistor0_.created_time as created_1_0_0_,
        coinhistor0_.name as name2_0_0_,
        coinhistor0_.acc_trade_value as acc_trad3_0_0_,
        coinhistor0_.acc_trade_value24h as acc_trad4_0_0_,
        coinhistor0_.fluctate24h as fluctate5_0_0_,
        coinhistor0_.fluctate_rate24h as fluctate6_0_0_,
        coinhistor0_.max_price as max_pric7_0_0_,
        coinhistor0_.min_price as min_pric8_0_0_,
        coinhistor0_.opening_price as opening_9_0_0_,
        coinhistor0_.prev_closing_price as prev_cl10_0_0_,
        coinhistor0_.units_traded as units_t11_0_0_,
        coinhistor0_.units_traded24h as units_t12_0_0_ 
    from
        coin_history coinhistor0_ 
    where
        coinhistor0_.created_time=? 
        and coinhistor0_.name=?
Hibernate: 
    insert 
    into
        coin_history
        (acc_trade_value, acc_trade_value24h, fluctate24h, fluctate_rate24h, max_price, min_price, opening_price, prev_closing_price, units_traded, units_traded24h, created_time, name) 
    values
        (?, ?, ?, ?, ?, ?, ?, ?, ?, ?, ?, ?)
]]></system-out>
  <system-err><![CDATA[]]></system-err>
</testsuite>
